<?xml version="1.0" encoding="UTF-8"?>
<!-- Generated by org.testng.reporters.JUnitReportReporter -->
<testsuite hostname="Nitins-MacBook-Pro.local" failures="0" tests="3" name="testNG_demo.TNG_05_BeforeMethodAfterMethod" time="0.058" errors="0" timestamp="2026-02-20T20:57:07 IST" skipped="0">
  <testcase classname="testNG_demo.TNG_05_BeforeMethodAfterMethod" name="testGoogle" time="0.002"/>
  <testcase classname="testNG_demo.TNG_05_BeforeMethodAfterMethod" name="testFacebook" time="0.055"/>
  <testcase classname="testNG_demo.TNG_05_BeforeMethodAfterMethod" name="testMyntra" time="0.001"/>
</testsuite> <!-- testNG_demo.TNG_05_BeforeMethodAfterMethod -->
