<?xml version="1.0" encoding="UTF-8"?>
<!-- Generated by org.testng.reporters.JUnitReportReporter -->
<testsuite hostname="Nitins-MacBook-Pro.local" failures="0" tests="4" name="testNG_demo.TNG_08_DataProviderDemo" time="55.967" errors="0" timestamp="2026-02-20T22:06:55 IST" skipped="0">
  <testcase classname="testNG_demo.TNG_08_DataProviderDemo" name="loginTestwithData" time="14.841"/>
  <testcase classname="testNG_demo.TNG_08_DataProviderDemo" name="loginTestwithData" time="14.271"/>
  <testcase classname="testNG_demo.TNG_08_DataProviderDemo" name="loginTestwithData" time="13.465"/>
  <testcase classname="testNG_demo.TNG_08_DataProviderDemo" name="loginTestwithData" time="13.390"/>
</testsuite> <!-- testNG_demo.TNG_08_DataProviderDemo -->
