<?xml version="1.0" encoding="UTF-8"?>
<!-- Generated by org.testng.reporters.JUnitReportReporter -->
<testsuite hostname="Nitins-MacBook-Pro.local" failures="0" tests="4" name="testNG_demo.TNG_01_FirstScript" time="0.032" errors="0" timestamp="2026-02-18T22:21:37 IST" skipped="0">
  <testcase classname="testNG_demo.TNG_01_FirstScript" name="testB" time="0.002"/>
  <testcase classname="testNG_demo.TNG_01_FirstScript" name="testC" time="0.005"/>
  <testcase classname="testNG_demo.TNG_01_FirstScript" name="testA" time="0.024"/>
  <testcase classname="testNG_demo.TNG_01_FirstScript" name="testD" time="0.001"/>
</testsuite> <!-- testNG_demo.TNG_01_FirstScript -->
