<?xml version="1.0" encoding="UTF-8"?>
<!-- Generated by org.testng.reporters.JUnitReportReporter -->
<testsuite hostname="Nitins-MacBook-Pro.local" failures="0" tests="4" name="testNG_demo.TNG_10_parallelExecution" time="133.661" errors="0" timestamp="2026-02-23T22:07:32 IST" skipped="0">
  <testcase classname="testNG_demo.TNG_10_parallelExecution" name="test3" time="16.094"/>
  <testcase classname="testNG_demo.TNG_10_parallelExecution" name="test1" time="39.673"/>
  <testcase classname="testNG_demo.TNG_10_parallelExecution" name="test4" time="39.360"/>
  <testcase classname="testNG_demo.TNG_10_parallelExecution" name="test2" time="38.534"/>
</testsuite> <!-- testNG_demo.TNG_10_parallelExecution -->
