<?xml version="1.0" encoding="UTF-8"?>
<!-- Generated by org.testng.reporters.JUnitReportReporter -->
<testsuite hostname="Nitins-MacBook-Pro.local" failures="0" tests="2" name="testNG_demo.TNG_06_LoginScenario" time="4.819" errors="0" timestamp="2026-02-23T21:47:23 IST" skipped="0">
  <testcase classname="testNG_demo.TNG_06_LoginScenario" name="loginTestwithData" time="3.963"/>
  <testcase classname="testNG_demo.TNG_06_LoginScenario" name="loginTestwithvalidData" time="0.856"/>
</testsuite> <!-- testNG_demo.TNG_06_LoginScenario -->
