<?xml version="1.0" encoding="UTF-8"?>
<!-- Generated by org.testng.reporters.JUnitReportReporter -->
<testsuite hostname="Nitins-MacBook-Pro.local" failures="0" tests="4" name="testNG_demo.TNG_07_TestDataProviders" time="0.034" errors="0" timestamp="2026-02-20T21:58:32 IST" skipped="0">
  <testcase classname="testNG_demo.TNG_07_TestDataProviders" name="getData" time="0.003"/>
  <testcase classname="testNG_demo.TNG_07_TestDataProviders" name="getData" time="0.026"/>
  <testcase classname="testNG_demo.TNG_07_TestDataProviders" name="getData" time="0.004"/>
  <testcase classname="testNG_demo.TNG_07_TestDataProviders" name="getData" time="0.001"/>
</testsuite> <!-- testNG_demo.TNG_07_TestDataProviders -->
