<?xml version="1.0" encoding="UTF-8"?>
<!-- Generated by org.testng.reporters.JUnitReportReporter -->
<testsuite hostname="Nitins-MacBook-Pro.local" failures="0" tests="3" name="testNG_demo.TNG_03_MobileBuyScenario" time="0.026" errors="0" timestamp="2026-02-20T20:32:04 IST" skipped="3">
  <testcase classname="testNG_demo.TNG_03_MobileBuyScenario" name="searchMobile" time="0.025">
    <skipped/>
  </testcase> <!-- searchMobile -->
  <testcase classname="testNG_demo.TNG_03_MobileBuyScenario" name="selectPhoneAddToCart" time="0.000">
    <skipped/>
  </testcase> <!-- selectPhoneAddToCart -->
  <testcase classname="testNG_demo.TNG_03_MobileBuyScenario" name="CheckoutProduct" time="0.001">
    <skipped/>
  </testcase> <!-- CheckoutProduct -->
</testsuite> <!-- testNG_demo.TNG_03_MobileBuyScenario -->
