<?xml version="1.0" encoding="UTF-8"?>
<!-- Generated by org.testng.reporters.JUnitReportReporter -->
<testsuite hostname="Nitins-MacBook-Pro.local" failures="0" tests="3" name="testNG_demo.TNG_04_UnderBeforeAfter_Test" time="0.023" errors="0" timestamp="2026-02-20T20:51:19 IST" skipped="0">
  <testcase classname="testNG_demo.TNG_04_UnderBeforeAfter_Test" name="openFacebook" time="0.016"/>
  <testcase classname="testNG_demo.TNG_04_UnderBeforeAfter_Test" name="openGoogle" time="0.004"/>
  <testcase classname="testNG_demo.TNG_04_UnderBeforeAfter_Test" name="openMyntra" time="0.003"/>
</testsuite> <!-- testNG_demo.TNG_04_UnderBeforeAfter_Test -->
