<?xml version="1.0" encoding="UTF-8"?>
<!-- Generated by org.testng.reporters.JUnitReportReporter -->
<testsuite hostname="Nitins-MacBook-Pro.local" failures="0" tests="2" name="webdriver_demo.SA33_Pagefactory_InSelenium" time="67.901" errors="1" timestamp="2026-03-06T21:12:27 IST" skipped="0">
  <testcase classname="webdriver_demo.SA33_Pagefactory_InSelenium" name="loginTest" time="67.891"/>
  <testcase classname="webdriver_demo.SA33_Pagefactory_InSelenium" name="quitBrowser" time="0.010">
    <error type="java.lang.StackOverflowError">
      <![CDATA[java.lang.StackOverflowError
at webdriver_demo.SA33_Pagefactory_InSelenium.quitBrowser(SA33_Pagefactory_InSelenium.java:44)
at webdriver_demo.SA33_Pagefactory_InSelenium.quitBrowser(SA33_Pagefactory_InSelenium.java:44)
at webdriver_demo.SA33_Pagefactory_InSelenium.quitBrowser(SA33_Pagefactory_InSelenium.java:44)
at webdriver_demo.SA33_Pagefactory_InSelenium.quitBrowser(SA33_Pagefactory_InSelenium.java:44)
at webdriver_demo.SA33_Pagefactory_InSelenium.quitBrowser(SA33_Pagefactory_InSelenium.java:44)
at webdriver_demo.SA33_Pagefactory_InSelenium.quitBrowser(SA33_Pagefactory_InSelenium.java:44)
at webdriver_demo.SA33_Pagefactory_InSelenium.quitBrowser(SA33_Pagefactory_InSelenium.java:44)
at webdriver_demo.SA33_Pagefactory_InSelenium.quitBrowser(SA33_Pagefactory_InSelenium.java:44)
at webdriver_demo.SA33_Pagefactory_InSelenium.quitBrowser(SA33_Pagefactory_InSelenium.java:44)
at webdriver_demo.SA33_Pagefactory_InSelenium.quitBrowser(SA33_Pagefactory_InSelenium.java:44)
at webdriver_demo.SA33_Pagefactory_InSelenium.quitBrowser(SA33_Pagefactory_InSelenium.java:44)
at webdriver_demo.SA33_Pagefactory_InSelenium.quitBrowser(SA33_Pagefactory_InSelenium.java:44)
at webdriver_demo.SA33_Pagefactory_InSelenium.quitBrowser(SA33_Pagefactory_InSelenium.java:44)
at webdriver_demo.SA33_Pagefactory_InSelenium.quitBrowser(SA33_Pagefactory_InSelenium.java:44)
at webdriver_demo.SA33_Pagefactory_InSelenium.quitBrowser(SA33_Pagefactory_InSelenium.java:44)
at webdriver_demo.SA33_Pagefactory_InSelenium.quitBrowser(SA33_Pagefactory_InSelenium.java:44)
at webdriver_demo.SA33_Pagefactory_InSelenium.quitBrowser(SA33_Pagefactory_InSelenium.java:44)
at webdriver_demo.SA33_Pagefactory_InSelenium.quitBrowser(SA33_Pagefactory_InSelenium.java:44)
at webdriver_demo.SA33_Pagefactory_InSelenium.quitBrowser(SA33_Pagefactory_InSelenium.java:44)
at webdriver_demo.SA33_Pagefactory_InSelenium.quitBrowser(SA33_Pagefactory_InSelenium.java:44)
at webdriver_demo.SA33_Pagefactory_InSelenium.quitBrowser(SA33_Pagefactory_InSelenium.java:44)
at webdriver_demo.SA33_Pagefactory_InSelenium.quitBrowser(SA33_Pagefactory_InSelenium.java:44)
at webdriver_demo.SA33_Pagefactory_InSelenium.quitBrowser(SA33_Pagefactory_InSelenium.java:44)
at webdriver_demo.SA33_Pagefactory_InSelenium.quitBrowser(SA33_Pagefactory_InSelenium.java:44)
at webdriver_demo.SA33_Pagefactory_InSelenium.quitBrowser(SA33_Pagefactory_InSelenium.java:44)
at webdriver_demo.SA33_Pagefactory_InSelenium.quitBrowser(SA33_Pagefactory_InSelenium.java:44)
at webdriver_demo.SA33_Pagefactory_InSelenium.quitBrowser(SA33_Pagefactory_InSelenium.java:44)
at webdriver_demo.SA33_Pagefactory_InSelenium.quitBrowser(SA33_Pagefactory_InSelenium.java:44)
at webdriver_demo.SA33_Pagefactory_InSelenium.quitBrowser(SA33_Pagefactory_InSelenium.java:44)
at webdriver_demo.SA33_Pagefactory_InSelenium.quitBrowser(SA33_Pagefactory_InSelenium.java:44)
at webdriver_demo.SA33_Pagefactory_InSelenium.quitBrowser(SA33_Pagefactory_InSelenium.java:44)
at webdriver_demo.SA33_Pagefactory_InSelenium.quitBrowser(SA33_Pagefactory_InSelenium.java:44)
at webdriver_demo.SA33_Pagefactory_InSelenium.quitBrowser(SA33_Pagefactory_InSelenium.java:44)
at webdriver_demo.SA33_Pagefactory_InSelenium.quitBrowser(SA33_Pagefactory_InSelenium.java:44)
at webdriver_demo.SA33_Pagefactory_InSelenium.quitBrowser(SA33_Pagefactory_InSelenium.java:44)
at webdriver_demo.SA33_Pagefactory_InSelenium.quitBrowser(SA33_Pagefactory_InSelenium.java:44)
at webdriver_demo.SA33_Pagefactory_InSelenium.quitBrowser(SA33_Pagefactory_InSelenium.java:44)
at webdriver_demo.SA33_Pagefactory_InSelenium.quitBrowser(SA33_Pagefactory_InSelenium.java:44)
at webdriver_demo.SA33_Pagefactory_InSelenium.quitBrowser(SA33_Pagefactory_InSelenium.java:44)
at webdriver_demo.SA33_Pagefactory_InSelenium.quitBrowser(SA33_Pagefactory_InSelenium.java:44)
at webdriver_demo.SA33_Pagefactory_InSelenium.quitBrowser(SA33_Pagefactory_InSelenium.java:44)
at webdriver_demo.SA33_Pagefactory_InSelenium.quitBrowser(SA33_Pagefactory_InSelenium.java:44)
at webdriver_demo.SA33_Pagefactory_InSelenium.quitBrowser(SA33_Pagefactory_InSelenium.java:44)
at webdriver_demo.SA33_Pagefactory_InSelenium.quitBrowser(SA33_Pagefactory_InSelenium.java:44)
at webdriver_demo.SA33_Pagefactory_InSelenium.quitBrowser(SA33_Pagefactory_InSelenium.java:44)
at webdriver_demo.SA33_Pagefactory_InSelenium.quitBrowser(SA33_Pagefactory_InSelenium.java:44)
at webdriver_demo.SA33_Pagefactory_InSelenium.quitBrowser(SA33_Pagefactory_InSelenium.java:44)
at webdriver_demo.SA33_Pagefactory_InSelenium.quitBrowser(SA33_Pagefactory_InSelenium.java:44)
at webdriver_demo.SA33_Pagefactory_InSelenium.quitBrowser(SA33_Pagefactory_InSelenium.java:44)
at webdriver_demo.SA33_Pagefactory_InSelenium.quitBrowser(SA33_Pagefactory_InSelenium.java:44)
at webdriver_demo.SA33_Pagefactory_InSelenium.quitBrowser(SA33_Pagefactory_InSelenium.java:44)
at webdriver_demo.SA33_Pagefactory_InSelenium.quitBrowser(SA33_Pagefactory_InSelenium.java:44)
at webdriver_demo.SA33_Pagefactory_InSelenium.quitBrowser(SA33_Pagefactory_InSelenium.java:44)
at webdriver_demo.SA33_Pagefactory_InSelenium.quitBrowser(SA33_Pagefactory_InSelenium.java:44)
at webdriver_demo.SA33_Pagefactory_InSelenium.quitBrowser(SA33_Pagefactory_InSelenium.java:44)
at webdriver_demo.SA33_Pagefactory_InSelenium.quitBrowser(SA33_Pagefactory_InSelenium.java:44)
at webdriver_demo.SA33_Pagefactory_InSelenium.quitBrowser(SA33_Pagefactory_InSelenium.java:44)
at webdriver_demo.SA33_Pagefactory_InSelenium.quitBrowser(SA33_Pagefactory_InSelenium.java:44)
at webdriver_demo.SA33_Pagefactory_InSelenium.quitBrowser(SA33_Pagefactory_InSelenium.java:44)
at webdriver_demo.SA33_Pagefactory_InSelenium.quitBrowser(SA33_Pagefactory_InSelenium.java:44)
at webdriver_demo.SA33_Pagefactory_InSelenium.quitBrowser(SA33_Pagefactory_InSelenium.java:44)
at webdriver_demo.SA33_Pagefactory_InSelenium.quitBrowser(SA33_Pagefactory_InSelenium.java:44)
at webdriver_demo.SA33_Pagefactory_InSelenium.quitBrowser(SA33_Pagefactory_InSelenium.java:44)
at webdriver_demo.SA33_Pagefactory_InSelenium.quitBrowser(SA33_Pagefactory_InSelenium.java:44)
at webdriver_demo.SA33_Pagefactory_InSelenium.quitBrowser(SA33_Pagefactory_InSelenium.java:44)
at webdriver_demo.SA33_Pagefactory_InSelenium.quitBrowser(SA33_Pagefactory_InSelenium.java:44)
at webdriver_demo.SA33_Pagefactory_InSelenium.quitBrowser(SA33_Pagefactory_InSelenium.java:44)
at webdriver_demo.SA33_Pagefactory_InSelenium.quitBrowser(SA33_Pagefactory_InSelenium.java:44)
at webdriver_demo.SA33_Pagefactory_InSelenium.quitBrowser(SA33_Pagefactory_InSelenium.java:44)
at webdriver_demo.SA33_Pagefactory_InSelenium.quitBrowser(SA33_Pagefactory_InSelenium.java:44)
at webdriver_demo.SA33_Pagefactory_InSelenium.quitBrowser(SA33_Pagefactory_InSelenium.java:44)
at webdriver_demo.SA33_Pagefactory_InSelenium.quitBrowser(SA33_Pagefactory_InSelenium.java:44)
at webdriver_demo.SA33_Pagefactory_InSelenium.quitBrowser(SA33_Pagefactory_InSelenium.java:44)
at webdriver_demo.SA33_Pagefactory_InSelenium.quitBrowser(SA33_Pagefactory_InSelenium.java:44)
at webdriver_demo.SA33_Pagefactory_InSelenium.quitBrowser(SA33_Pagefactory_InSelenium.java:44)
at webdriver_demo.SA33_Pagefactory_InSelenium.quitBrowser(SA33_Pagefactory_InSelenium.java:44)
at webdriver_demo.SA33_Pagefactory_InSelenium.quitBrowser(SA33_Pagefactory_InSelenium.java:44)
at webdriver_demo.SA33_Pagefactory_InSelenium.quitBrowser(SA33_Pagefactory_InSelenium.java:44)
at webdriver_demo.SA33_Pagefactory_InSelenium.quitBrowser(SA33_Pagefactory_InSelenium.java:44)
at webdriver_demo.SA33_Pagefactory_InSelenium.quitBrowser(SA33_Pagefactory_InSelenium.java:44)
at webdriver_demo.SA33_Pagefactory_InSelenium.quitBrowser(SA33_Pagefactory_InSelenium.java:44)
at webdriver_demo.SA33_Pagefactory_InSelenium.quitBrowser(SA33_Pagefactory_InSelenium.java:44)
at webdriver_demo.SA33_Pagefactory_InSelenium.quitBrowser(SA33_Pagefactory_InSelenium.java:44)
at webdriver_demo.SA33_Pagefactory_InSelenium.quitBrowser(SA33_Pagefactory_InSelenium.java:44)
at webdriver_demo.SA33_Pagefactory_InSelenium.quitBrowser(SA33_Pagefactory_InSelenium.java:44)
at webdriver_demo.SA33_Pagefactory_InSelenium.quitBrowser(SA33_Pagefactory_InSelenium.java:44)
at webdriver_demo.SA33_Pagefactory_InSelenium.quitBrowser(SA33_Pagefactory_InSelenium.java:44)
at webdriver_demo.SA33_Pagefactory_InSelenium.quitBrowser(SA33_Pagefactory_InSelenium.java:44)
at webdriver_demo.SA33_Pagefactory_InSelenium.quitBrowser(SA33_Pagefactory_InSelenium.java:44)
at webdriver_demo.SA33_Pagefactory_InSelenium.quitBrowser(SA33_Pagefactory_InSelenium.java:44)
at webdriver_demo.SA33_Pagefactory_InSelenium.quitBrowser(SA33_Pagefactory_InSelenium.java:44)
at webdriver_demo.SA33_Pagefactory_InSelenium.quitBrowser(SA33_Pagefactory_InSelenium.java:44)
at webdriver_demo.SA33_Pagefactory_InSelenium.quitBrowser(SA33_Pagefactory_InSelenium.java:44)
at webdriver_demo.SA33_Pagefactory_InSelenium.quitBrowser(SA33_Pagefactory_InSelenium.java:44)
at webdriver_demo.SA33_Pagefactory_InSelenium.quitBrowser(SA33_Pagefactory_InSelenium.java:44)
at webdriver_demo.SA33_Pagefactory_InSelenium.quitBrowser(SA33_Pagefactory_InSelenium.java:44)
at webdriver_demo.SA33_Pagefactory_InSelenium.quitBrowser(SA33_Pagefactory_InSelenium.java:44)
at webdriver_demo.SA33_Pagefactory_InSelenium.quitBrowser(SA33_Pagefactory_InSelenium.java:44)
at webdriver_demo.SA33_Pagefactory_InSelenium.quitBrowser(SA33_Pagefactory_InSelenium.java:44)
at webdriver_demo.SA33_Pagefactory_InSelenium.quitBrowser(SA33_Pagefactory_InSelenium.java:44)
at webdriver_demo.SA33_Pagefactory_InSelenium.quitBrowser(SA33_Pagefactory_InSelenium.java:44)
at webdriver_demo.SA33_Pagefactory_InSelenium.quitBrowser(SA33_Pagefactory_InSelenium.java:44)
at webdriver_demo.SA33_Pagefactory_InSelenium.quitBrowser(SA33_Pagefactory_InSelenium.java:44)
at webdriver_demo.SA33_Pagefactory_InSelenium.quitBrowser(SA33_Pagefactory_InSelenium.java:44)
at webdriver_demo.SA33_Pagefactory_InSelenium.quitBrowser(SA33_Pagefactory_InSelenium.java:44)
at webdriver_demo.SA33_Pagefactory_InSelenium.quitBrowser(SA33_Pagefactory_InSelenium.java:44)
at webdriver_demo.SA33_Pagefactory_InSelenium.quitBrowser(SA33_Pagefactory_InSelenium.java:44)
at webdriver_demo.SA33_Pagefactory_InSelenium.quitBrowser(SA33_Pagefactory_InSelenium.java:44)
at webdriver_demo.SA33_Pagefactory_InSelenium.quitBrowser(SA33_Pagefactory_InSelenium.java:44)
at webdriver_demo.SA33_Pagefactory_InSelenium.quitBrowser(SA33_Pagefactory_InSelenium.java:44)
at webdriver_demo.SA33_Pagefactory_InSelenium.quitBrowser(SA33_Pagefactory_InSelenium.java:44)
at webdriver_demo.SA33_Pagefactory_InSelenium.quitBrowser(SA33_Pagefactory_InSelenium.java:44)
at webdriver_demo.SA33_Pagefactory_InSelenium.quitBrowser(SA33_Pagefactory_InSelenium.java:44)
at webdriver_demo.SA33_Pagefactory_InSelenium.quitBrowser(SA33_Pagefactory_InSelenium.java:44)
at webdriver_demo.SA33_Pagefactory_InSelenium.quitBrowser(SA33_Pagefactory_InSelenium.java:44)
at webdriver_demo.SA33_Pagefactory_InSelenium.quitBrowser(SA33_Pagefactory_InSelenium.java:44)
at webdriver_demo.SA33_Pagefactory_InSelenium.quitBrowser(SA33_Pagefactory_InSelenium.java:44)
at webdriver_demo.SA33_Pagefactory_InSelenium.quitBrowser(SA33_Pagefactory_InSelenium.java:44)
at webdriver_demo.SA33_Pagefactory_InSelenium.quitBrowser(SA33_Pagefactory_InSelenium.java:44)
at webdriver_demo.SA33_Pagefactory_InSelenium.quitBrowser(SA33_Pagefactory_InSelenium.java:44)
at webdriver_demo.SA33_Pagefactory_InSelenium.quitBrowser(SA33_Pagefactory_InSelenium.java:44)
at webdriver_demo.SA33_Pagefactory_InSelenium.quitBrowser(SA33_Pagefactory_InSelenium.java:44)
at webdriver_demo.SA33_Pagefactory_InSelenium.quitBrowser(SA33_Pagefactory_InSelenium.java:44)
at webdriver_demo.SA33_Pagefactory_InSelenium.quitBrowser(SA33_Pagefactory_InSelenium.java:44)
at webdriver_demo.SA33_Pagefactory_InSelenium.quitBrowser(SA33_Pagefactory_InSelenium.java:44)
at webdriver_demo.SA33_Pagefactory_InSelenium.quitBrowser(SA33_Pagefactory_InSelenium.java:44)
at webdriver_demo.SA33_Pagefactory_InSelenium.quitBrowser(SA33_Pagefactory_InSelenium.java:44)
at webdriver_demo.SA33_Pagefactory_InSelenium.quitBrowser(SA33_Pagefactory_InSelenium.java:44)
at webdriver_demo.SA33_Pagefactory_InSelenium.quitBrowser(SA33_Pagefactory_InSelenium.java:44)
at webdriver_demo.SA33_Pagefactory_InSelenium.quitBrowser(SA33_Pagefactory_InSelenium.java:44)
at webdriver_demo.SA33_Pagefactory_InSelenium.quitBrowser(SA33_Pagefactory_InSelenium.java:44)
at webdriver_demo.SA33_Pagefactory_InSelenium.quitBrowser(SA33_Pagefactory_InSelenium.java:44)
at webdriver_demo.SA33_Pagefactory_InSelenium.quitBrowser(SA33_Pagefactory_InSelenium.java:44)
at webdriver_demo.SA33_Pagefactory_InSelenium.quitBrowser(SA33_Pagefactory_InSelenium.java:44)
at webdriver_demo.SA33_Pagefactory_InSelenium.quitBrowser(SA33_Pagefactory_InSelenium.java:44)
at webdriver_demo.SA33_Pagefactory_InSelenium.quitBrowser(SA33_Pagefactory_InSelenium.java:44)
at webdriver_demo.SA33_Pagefactory_InSelenium.quitBrowser(SA33_Pagefactory_InSelenium.java:44)
at webdriver_demo.SA33_Pagefactory_InSelenium.quitBrowser(SA33_Pagefactory_InSelenium.java:44)
at webdriver_demo.SA33_Pagefactory_InSelenium.quitBrowser(SA33_Pagefactory_InSelenium.java:44)
at webdriver_demo.SA33_Pagefactory_InSelenium.quitBrowser(SA33_Pagefactory_InSelenium.java:44)
at webdriver_demo.SA33_Pagefactory_InSelenium.quitBrowser(SA33_Pagefactory_InSelenium.java:44)
at webdriver_demo.SA33_Pagefactory_InSelenium.quitBrowser(SA33_Pagefactory_InSelenium.java:44)
at webdriver_demo.SA33_Pagefactory_InSelenium.quitBrowser(SA33_Pagefactory_InSelenium.java:44)
at webdriver_demo.SA33_Pagefactory_InSelenium.quitBrowser(SA33_Pagefactory_InSelenium.java:44)
at webdriver_demo.SA33_Pagefactory_InSelenium.quitBrowser(SA33_Pagefactory_InSelenium.java:44)
at webdriver_demo.SA33_Pagefactory_InSelenium.quitBrowser(SA33_Pagefactory_InSelenium.java:44)
at webdriver_demo.SA33_Pagefactory_InSelenium.quitBrowser(SA33_Pagefactory_InSelenium.java:44)
at webdriver_demo.SA33_Pagefactory_InSelenium.quitBrowser(SA33_Pagefactory_InSelenium.java:44)
at webdriver_demo.SA33_Pagefactory_InSelenium.quitBrowser(SA33_Pagefactory_InSelenium.java:44)
at webdriver_demo.SA33_Pagefactory_InSelenium.quitBrowser(SA33_Pagefactory_InSelenium.java:44)
at webdriver_demo.SA33_Pagefactory_InSelenium.quitBrowser(SA33_Pagefactory_InSelenium.java:44)
at webdriver_demo.SA33_Pagefactory_InSelenium.quitBrowser(SA33_Pagefactory_InSelenium.java:44)
at webdriver_demo.SA33_Pagefactory_InSelenium.quitBrowser(SA33_Pagefactory_InSelenium.java:44)
at webdriver_demo.SA33_Pagefactory_InSelenium.quitBrowser(SA33_Pagefactory_InSelenium.java:44)
at webdriver_demo.SA33_Pagefactory_InSelenium.quitBrowser(SA33_Pagefactory_InSelenium.java:44)
at webdriver_demo.SA33_Pagefactory_InSelenium.quitBrowser(SA33_Pagefactory_InSelenium.java:44)
at webdriver_demo.SA33_Pagefactory_InSelenium.quitBrowser(SA33_Pagefactory_InSelenium.java:44)
at webdriver_demo.SA33_Pagefactory_InSelenium.quitBrowser(SA33_Pagefactory_InSelenium.java:44)
at webdriver_demo.SA33_Pagefactory_InSelenium.quitBrowser(SA33_Pagefactory_InSelenium.java:44)
at webdriver_demo.SA33_Pagefactory_InSelenium.quitBrowser(SA33_Pagefactory_InSelenium.java:44)
at webdriver_demo.SA33_Pagefactory_InSelenium.quitBrowser(SA33_Pagefactory_InSelenium.java:44)
at webdriver_demo.SA33_Pagefactory_InSelenium.quitBrowser(SA33_Pagefactory_InSelenium.java:44)
at webdriver_demo.SA33_Pagefactory_InSelenium.quitBrowser(SA33_Pagefactory_InSelenium.java:44)
at webdriver_demo.SA33_Pagefactory_InSelenium.quitBrowser(SA33_Pagefactory_InSelenium.java:44)
at webdriver_demo.SA33_Pagefactory_InSelenium.quitBrowser(SA33_Pagefactory_InSelenium.java:44)
at webdriver_demo.SA33_Pagefactory_InSelenium.quitBrowser(SA33_Pagefactory_InSelenium.java:44)
at webdriver_demo.SA33_Pagefactory_InSelenium.quitBrowser(SA33_Pagefactory_InSelenium.java:44)
at webdriver_demo.SA33_Pagefactory_InSelenium.quitBrowser(SA33_Pagefactory_InSelenium.java:44)
at webdriver_demo.SA33_Pagefactory_InSelenium.quitBrowser(SA33_Pagefactory_InSelenium.java:44)
at webdriver_demo.SA33_Pagefactory_InSelenium.quitBrowser(SA33_Pagefactory_InSelenium.java:44)
at webdriver_demo.SA33_Pagefactory_InSelenium.quitBrowser(SA33_Pagefactory_InSelenium.java:44)
at webdriver_demo.SA33_Pagefactory_InSelenium.quitBrowser(SA33_Pagefactory_InSelenium.java:44)
at webdriver_demo.SA33_Pagefactory_InSelenium.quitBrowser(SA33_Pagefactory_InSelenium.java:44)
at webdriver_demo.SA33_Pagefactory_InSelenium.quitBrowser(SA33_Pagefactory_InSelenium.java:44)
at webdriver_demo.SA33_Pagefactory_InSelenium.quitBrowser(SA33_Pagefactory_InSelenium.java:44)
at webdriver_demo.SA33_Pagefactory_InSelenium.quitBrowser(SA33_Pagefactory_InSelenium.java:44)
at webdriver_demo.SA33_Pagefactory_InSelenium.quitBrowser(SA33_Pagefactory_InSelenium.java:44)
at webdriver_demo.SA33_Pagefactory_InSelenium.quitBrowser(SA33_Pagefactory_InSelenium.java:44)
at webdriver_demo.SA33_Pagefactory_InSelenium.quitBrowser(SA33_Pagefactory_InSelenium.java:44)
at webdriver_demo.SA33_Pagefactory_InSelenium.quitBrowser(SA33_Pagefactory_InSelenium.java:44)
at webdriver_demo.SA33_Pagefactory_InSelenium.quitBrowser(SA33_Pagefactory_InSelenium.java:44)
at webdriver_demo.SA33_Pagefactory_InSelenium.quitBrowser(SA33_Pagefactory_InSelenium.java:44)
at webdriver_demo.SA33_Pagefactory_InSelenium.quitBrowser(SA33_Pagefactory_InSelenium.java:44)
at webdriver_demo.SA33_Pagefactory_InSelenium.quitBrowser(SA33_Pagefactory_InSelenium.java:44)
at webdriver_demo.SA33_Pagefactory_InSelenium.quitBrowser(SA33_Pagefactory_InSelenium.java:44)
at webdriver_demo.SA33_Pagefactory_InSelenium.quitBrowser(SA33_Pagefactory_InSelenium.java:44)
at webdriver_demo.SA33_Pagefactory_InSelenium.quitBrowser(SA33_Pagefactory_InSelenium.java:44)
at webdriver_demo.SA33_Pagefactory_InSelenium.quitBrowser(SA33_Pagefactory_InSelenium.java:44)
at webdriver_demo.SA33_Pagefactory_InSelenium.quitBrowser(SA33_Pagefactory_InSelenium.java:44)
at webdriver_demo.SA33_Pagefactory_InSelenium.quitBrowser(SA33_Pagefactory_InSelenium.java:44)
at webdriver_demo.SA33_Pagefactory_InSelenium.quitBrowser(SA33_Pagefactory_InSelenium.java:44)
at webdriver_demo.SA33_Pagefactory_InSelenium.quitBrowser(SA33_Pagefactory_InSelenium.java:44)
at webdriver_demo.SA33_Pagefactory_InSelenium.quitBrowser(SA33_Pagefactory_InSelenium.java:44)
at webdriver_demo.SA33_Pagefactory_InSelenium.quitBrowser(SA33_Pagefactory_InSelenium.java:44)
at webdriver_demo.SA33_Pagefactory_InSelenium.quitBrowser(SA33_Pagefactory_InSelenium.java:44)
at webdriver_demo.SA33_Pagefactory_InSelenium.quitBrowser(SA33_Pagefactory_InSelenium.java:44)
at webdriver_demo.SA33_Pagefactory_InSelenium.quitBrowser(SA33_Pagefactory_InSelenium.java:44)
at webdriver_demo.SA33_Pagefactory_InSelenium.quitBrowser(SA33_Pagefactory_InSelenium.java:44)
at webdriver_demo.SA33_Pagefactory_InSelenium.quitBrowser(SA33_Pagefactory_InSelenium.java:44)
at webdriver_demo.SA33_Pagefactory_InSelenium.quitBrowser(SA33_Pagefactory_InSelenium.java:44)
at webdriver_demo.SA33_Pagefactory_InSelenium.quitBrowser(SA33_Pagefactory_InSelenium.java:44)
at webdriver_demo.SA33_Pagefactory_InSelenium.quitBrowser(SA33_Pagefactory_InSelenium.java:44)
at webdriver_demo.SA33_Pagefactory_InSelenium.quitBrowser(SA33_Pagefactory_InSelenium.java:44)
at webdriver_demo.SA33_Pagefactory_InSelenium.quitBrowser(SA33_Pagefactory_InSelenium.java:44)
at webdriver_demo.SA33_Pagefactory_InSelenium.quitBrowser(SA33_Pagefactory_InSelenium.java:44)
at webdriver_demo.SA33_Pagefactory_InSelenium.quitBrowser(SA33_Pagefactory_InSelenium.java:44)
at webdriver_demo.SA33_Pagefactory_InSelenium.quitBrowser(SA33_Pagefactory_InSelenium.java:44)
at webdriver_demo.SA33_Pagefactory_InSelenium.quitBrowser(SA33_Pagefactory_InSelenium.java:44)
at webdriver_demo.SA33_Pagefactory_InSelenium.quitBrowser(SA33_Pagefactory_InSelenium.java:44)
at webdriver_demo.SA33_Pagefactory_InSelenium.quitBrowser(SA33_Pagefactory_InSelenium.java:44)
at webdriver_demo.SA33_Pagefactory_InSelenium.quitBrowser(SA33_Pagefactory_InSelenium.java:44)
at webdriver_demo.SA33_Pagefactory_InSelenium.quitBrowser(SA33_Pagefactory_InSelenium.java:44)
at webdriver_demo.SA33_Pagefactory_InSelenium.quitBrowser(SA33_Pagefactory_InSelenium.java:44)
at webdriver_demo.SA33_Pagefactory_InSelenium.quitBrowser(SA33_Pagefactory_InSelenium.java:44)
at webdriver_demo.SA33_Pagefactory_InSelenium.quitBrowser(SA33_Pagefactory_InSelenium.java:44)
at webdriver_demo.SA33_Pagefactory_InSelenium.quitBrowser(SA33_Pagefactory_InSelenium.java:44)
at webdriver_demo.SA33_Pagefactory_InSelenium.quitBrowser(SA33_Pagefactory_InSelenium.java:44)
at webdriver_demo.SA33_Pagefactory_InSelenium.quitBrowser(SA33_Pagefactory_InSelenium.java:44)
at webdriver_demo.SA33_Pagefactory_InSelenium.quitBrowser(SA33_Pagefactory_InSelenium.java:44)
at webdriver_demo.SA33_Pagefactory_InSelenium.quitBrowser(SA33_Pagefactory_InSelenium.java:44)
at webdriver_demo.SA33_Pagefactory_InSelenium.quitBrowser(SA33_Pagefactory_InSelenium.java:44)
at webdriver_demo.SA33_Pagefactory_InSelenium.quitBrowser(SA33_Pagefactory_InSelenium.java:44)
at webdriver_demo.SA33_Pagefactory_InSelenium.quitBrowser(SA33_Pagefactory_InSelenium.java:44)
at webdriver_demo.SA33_Pagefactory_InSelenium.quitBrowser(SA33_Pagefactory_InSelenium.java:44)
at webdriver_demo.SA33_Pagefactory_InSelenium.quitBrowser(SA33_Pagefactory_InSelenium.java:44)
at webdriver_demo.SA33_Pagefactory_InSelenium.quitBrowser(SA33_Pagefactory_InSelenium.java:44)
at webdriver_demo.SA33_Pagefactory_InSelenium.quitBrowser(SA33_Pagefactory_InSelenium.java:44)
at webdriver_demo.SA33_Pagefactory_InSelenium.quitBrowser(SA33_Pagefactory_InSelenium.java:44)
at webdriver_demo.SA33_Pagefactory_InSelenium.quitBrowser(SA33_Pagefactory_InSelenium.java:44)
at webdriver_demo.SA33_Pagefactory_InSelenium.quitBrowser(SA33_Pagefactory_InSelenium.java:44)
at webdriver_demo.SA33_Pagefactory_InSelenium.quitBrowser(SA33_Pagefactory_InSelenium.java:44)
at webdriver_demo.SA33_Pagefactory_InSelenium.quitBrowser(SA33_Pagefactory_InSelenium.java:44)
at webdriver_demo.SA33_Pagefactory_InSelenium.quitBrowser(SA33_Pagefactory_InSelenium.java:44)
at webdriver_demo.SA33_Pagefactory_InSelenium.quitBrowser(SA33_Pagefactory_InSelenium.java:44)
at webdriver_demo.SA33_Pagefactory_InSelenium.quitBrowser(SA33_Pagefactory_InSelenium.java:44)
at webdriver_demo.SA33_Pagefactory_InSelenium.quitBrowser(SA33_Pagefactory_InSelenium.java:44)
at webdriver_demo.SA33_Pagefactory_InSelenium.quitBrowser(SA33_Pagefactory_InSelenium.java:44)
at webdriver_demo.SA33_Pagefactory_InSelenium.quitBrowser(SA33_Pagefactory_InSelenium.java:44)
at webdriver_demo.SA33_Pagefactory_InSelenium.quitBrowser(SA33_Pagefactory_InSelenium.java:44)
at webdriver_demo.SA33_Pagefactory_InSelenium.quitBrowser(SA33_Pagefactory_InSelenium.java:44)
at webdriver_demo.SA33_Pagefactory_InSelenium.quitBrowser(SA33_Pagefactory_InSelenium.java:44)
at webdriver_demo.SA33_Pagefactory_InSelenium.quitBrowser(SA33_Pagefactory_InSelenium.java:44)
at webdriver_demo.SA33_Pagefactory_InSelenium.quitBrowser(SA33_Pagefactory_InSelenium.java:44)
at webdriver_demo.SA33_Pagefactory_InSelenium.quitBrowser(SA33_Pagefactory_InSelenium.java:44)
at webdriver_demo.SA33_Pagefactory_InSelenium.quitBrowser(SA33_Pagefactory_InSelenium.java:44)
at webdriver_demo.SA33_Pagefactory_InSelenium.quitBrowser(SA33_Pagefactory_InSelenium.java:44)
at webdriver_demo.SA33_Pagefactory_InSelenium.quitBrowser(SA33_Pagefactory_InSelenium.java:44)
at webdriver_demo.SA33_Pagefactory_InSelenium.quitBrowser(SA33_Pagefactory_InSelenium.java:44)
at webdriver_demo.SA33_Pagefactory_InSelenium.quitBrowser(SA33_Pagefactory_InSelenium.java:44)
at webdriver_demo.SA33_Pagefactory_InSelenium.quitBrowser(SA33_Pagefactory_InSelenium.java:44)
at webdriver_demo.SA33_Pagefactory_InSelenium.quitBrowser(SA33_Pagefactory_InSelenium.java:44)
at webdriver_demo.SA33_Pagefactory_InSelenium.quitBrowser(SA33_Pagefactory_InSelenium.java:44)
at webdriver_demo.SA33_Pagefactory_InSelenium.quitBrowser(SA33_Pagefactory_InSelenium.java:44)
at webdriver_demo.SA33_Pagefactory_InSelenium.quitBrowser(SA33_Pagefactory_InSelenium.java:44)
at webdriver_demo.SA33_Pagefactory_InSelenium.quitBrowser(SA33_Pagefactory_InSelenium.java:44)
at webdriver_demo.SA33_Pagefactory_InSelenium.quitBrowser(SA33_Pagefactory_InSelenium.java:44)
at webdriver_demo.SA33_Pagefactory_InSelenium.quitBrowser(SA33_Pagefactory_InSelenium.java:44)
at webdriver_demo.SA33_Pagefactory_InSelenium.quitBrowser(SA33_Pagefactory_InSelenium.java:44)
at webdriver_demo.SA33_Pagefactory_InSelenium.quitBrowser(SA33_Pagefactory_InSelenium.java:44)
at webdriver_demo.SA33_Pagefactory_InSelenium.quitBrowser(SA33_Pagefactory_InSelenium.java:44)
at webdriver_demo.SA33_Pagefactory_InSelenium.quitBrowser(SA33_Pagefactory_InSelenium.java:44)
at webdriver_demo.SA33_Pagefactory_InSelenium.quitBrowser(SA33_Pagefactory_InSelenium.java:44)
at webdriver_demo.SA33_Pagefactory_InSelenium.quitBrowser(SA33_Pagefactory_InSelenium.java:44)
at webdriver_demo.SA33_Pagefactory_InSelenium.quitBrowser(SA33_Pagefactory_InSelenium.java:44)
at webdriver_demo.SA33_Pagefactory_InSelenium.quitBrowser(SA33_Pagefactory_InSelenium.java:44)
at webdriver_demo.SA33_Pagefactory_InSelenium.quitBrowser(SA33_Pagefactory_InSelenium.java:44)
at webdriver_demo.SA33_Pagefactory_InSelenium.quitBrowser(SA33_Pagefactory_InSelenium.java:44)
at webdriver_demo.SA33_Pagefactory_InSelenium.quitBrowser(SA33_Pagefactory_InSelenium.java:44)
at webdriver_demo.SA33_Pagefactory_InSelenium.quitBrowser(SA33_Pagefactory_InSelenium.java:44)
at webdriver_demo.SA33_Pagefactory_InSelenium.quitBrowser(SA33_Pagefactory_InSelenium.java:44)
at webdriver_demo.SA33_Pagefactory_InSelenium.quitBrowser(SA33_Pagefactory_InSelenium.java:44)
at webdriver_demo.SA33_Pagefactory_InSelenium.quitBrowser(SA33_Pagefactory_InSelenium.java:44)
at webdriver_demo.SA33_Pagefactory_InSelenium.quitBrowser(SA33_Pagefactory_InSelenium.java:44)
at webdriver_demo.SA33_Pagefactory_InSelenium.quitBrowser(SA33_Pagefactory_InSelenium.java:44)
at webdriver_demo.SA33_Pagefactory_InSelenium.quitBrowser(SA33_Pagefactory_InSelenium.java:44)
at webdriver_demo.SA33_Pagefactory_InSelenium.quitBrowser(SA33_Pagefactory_InSelenium.java:44)
at webdriver_demo.SA33_Pagefactory_InSelenium.quitBrowser(SA33_Pagefactory_InSelenium.java:44)
at webdriver_demo.SA33_Pagefactory_InSelenium.quitBrowser(SA33_Pagefactory_InSelenium.java:44)
at webdriver_demo.SA33_Pagefactory_InSelenium.quitBrowser(SA33_Pagefactory_InSelenium.java:44)
at webdriver_demo.SA33_Pagefactory_InSelenium.quitBrowser(SA33_Pagefactory_InSelenium.java:44)
at webdriver_demo.SA33_Pagefactory_InSelenium.quitBrowser(SA33_Pagefactory_InSelenium.java:44)
at webdriver_demo.SA33_Pagefactory_InSelenium.quitBrowser(SA33_Pagefactory_InSelenium.java:44)
at webdriver_demo.SA33_Pagefactory_InSelenium.quitBrowser(SA33_Pagefactory_InSelenium.java:44)
at webdriver_demo.SA33_Pagefactory_InSelenium.quitBrowser(SA33_Pagefactory_InSelenium.java:44)
at webdriver_demo.SA33_Pagefactory_InSelenium.quitBrowser(SA33_Pagefactory_InSelenium.java:44)
at webdriver_demo.SA33_Pagefactory_InSelenium.quitBrowser(SA33_Pagefactory_InSelenium.java:44)
at webdriver_demo.SA33_Pagefactory_InSelenium.quitBrowser(SA33_Pagefactory_InSelenium.java:44)
at webdriver_demo.SA33_Pagefactory_InSelenium.quitBrowser(SA33_Pagefactory_InSelenium.java:44)
at webdriver_demo.SA33_Pagefactory_InSelenium.quitBrowser(SA33_Pagefactory_InSelenium.java:44)
at webdriver_demo.SA33_Pagefactory_InSelenium.quitBrowser(SA33_Pagefactory_InSelenium.java:44)
at webdriver_demo.SA33_Pagefactory_InSelenium.quitBrowser(SA33_Pagefactory_InSelenium.java:44)
at webdriver_demo.SA33_Pagefactory_InSelenium.quitBrowser(SA33_Pagefactory_InSelenium.java:44)
at webdriver_demo.SA33_Pagefactory_InSelenium.quitBrowser(SA33_Pagefactory_InSelenium.java:44)
at webdriver_demo.SA33_Pagefactory_InSelenium.quitBrowser(SA33_Pagefactory_InSelenium.java:44)
at webdriver_demo.SA33_Pagefactory_InSelenium.quitBrowser(SA33_Pagefactory_InSelenium.java:44)
at webdriver_demo.SA33_Pagefactory_InSelenium.quitBrowser(SA33_Pagefactory_InSelenium.java:44)
at webdriver_demo.SA33_Pagefactory_InSelenium.quitBrowser(SA33_Pagefactory_InSelenium.java:44)
at webdriver_demo.SA33_Pagefactory_InSelenium.quitBrowser(SA33_Pagefactory_InSelenium.java:44)
at webdriver_demo.SA33_Pagefactory_InSelenium.quitBrowser(SA33_Pagefactory_InSelenium.java:44)
at webdriver_demo.SA33_Pagefactory_InSelenium.quitBrowser(SA33_Pagefactory_InSelenium.java:44)
at webdriver_demo.SA33_Pagefactory_InSelenium.quitBrowser(SA33_Pagefactory_InSelenium.java:44)
at webdriver_demo.SA33_Pagefactory_InSelenium.quitBrowser(SA33_Pagefactory_InSelenium.java:44)
at webdriver_demo.SA33_Pagefactory_InSelenium.quitBrowser(SA33_Pagefactory_InSelenium.java:44)
at webdriver_demo.SA33_Pagefactory_InSelenium.quitBrowser(SA33_Pagefactory_InSelenium.java:44)
at webdriver_demo.SA33_Pagefactory_InSelenium.quitBrowser(SA33_Pagefactory_InSelenium.java:44)
at webdriver_demo.SA33_Pagefactory_InSelenium.quitBrowser(SA33_Pagefactory_InSelenium.java:44)
at webdriver_demo.SA33_Pagefactory_InSelenium.quitBrowser(SA33_Pagefactory_InSelenium.java:44)
at webdriver_demo.SA33_Pagefactory_InSelenium.quitBrowser(SA33_Pagefactory_InSelenium.java:44)
at webdriver_demo.SA33_Pagefactory_InSelenium.quitBrowser(SA33_Pagefactory_InSelenium.java:44)
at webdriver_demo.SA33_Pagefactory_InSelenium.quitBrowser(SA33_Pagefactory_InSelenium.java:44)
at webdriver_demo.SA33_Pagefactory_InSelenium.quitBrowser(SA33_Pagefactory_InSelenium.java:44)
at webdriver_demo.SA33_Pagefactory_InSelenium.quitBrowser(SA33_Pagefactory_InSelenium.java:44)
at webdriver_demo.SA33_Pagefactory_InSelenium.quitBrowser(SA33_Pagefactory_InSelenium.java:44)
at webdriver_demo.SA33_Pagefactory_InSelenium.quitBrowser(SA33_Pagefactory_InSelenium.java:44)
at webdriver_demo.SA33_Pagefactory_InSelenium.quitBrowser(SA33_Pagefactory_InSelenium.java:44)
at webdriver_demo.SA33_Pagefactory_InSelenium.quitBrowser(SA33_Pagefactory_InSelenium.java:44)
at webdriver_demo.SA33_Pagefactory_InSelenium.quitBrowser(SA33_Pagefactory_InSelenium.java:44)
at webdriver_demo.SA33_Pagefactory_InSelenium.quitBrowser(SA33_Pagefactory_InSelenium.java:44)
at webdriver_demo.SA33_Pagefactory_InSelenium.quitBrowser(SA33_Pagefactory_InSelenium.java:44)
at webdriver_demo.SA33_Pagefactory_InSelenium.quitBrowser(SA33_Pagefactory_InSelenium.java:44)
at webdriver_demo.SA33_Pagefactory_InSelenium.quitBrowser(SA33_Pagefactory_InSelenium.java:44)
at webdriver_demo.SA33_Pagefactory_InSelenium.quitBrowser(SA33_Pagefactory_InSelenium.java:44)
at webdriver_demo.SA33_Pagefactory_InSelenium.quitBrowser(SA33_Pagefactory_InSelenium.java:44)
at webdriver_demo.SA33_Pagefactory_InSelenium.quitBrowser(SA33_Pagefactory_InSelenium.java:44)
at webdriver_demo.SA33_Pagefactory_InSelenium.quitBrowser(SA33_Pagefactory_InSelenium.java:44)
at webdriver_demo.SA33_Pagefactory_InSelenium.quitBrowser(SA33_Pagefactory_InSelenium.java:44)
at webdriver_demo.SA33_Pagefactory_InSelenium.quitBrowser(SA33_Pagefactory_InSelenium.java:44)
at webdriver_demo.SA33_Pagefactory_InSelenium.quitBrowser(SA33_Pagefactory_InSelenium.java:44)
at webdriver_demo.SA33_Pagefactory_InSelenium.quitBrowser(SA33_Pagefactory_InSelenium.java:44)
at webdriver_demo.SA33_Pagefactory_InSelenium.quitBrowser(SA33_Pagefactory_InSelenium.java:44)
at webdriver_demo.SA33_Pagefactory_InSelenium.quitBrowser(SA33_Pagefactory_InSelenium.java:44)
at webdriver_demo.SA33_Pagefactory_InSelenium.quitBrowser(SA33_Pagefactory_InSelenium.java:44)
at webdriver_demo.SA33_Pagefactory_InSelenium.quitBrowser(SA33_Pagefactory_InSelenium.java:44)
at webdriver_demo.SA33_Pagefactory_InSelenium.quitBrowser(SA33_Pagefactory_InSelenium.java:44)
at webdriver_demo.SA33_Pagefactory_InSelenium.quitBrowser(SA33_Pagefactory_InSelenium.java:44)
at webdriver_demo.SA33_Pagefactory_InSelenium.quitBrowser(SA33_Pagefactory_InSelenium.java:44)
at webdriver_demo.SA33_Pagefactory_InSelenium.quitBrowser(SA33_Pagefactory_InSelenium.java:44)
at webdriver_demo.SA33_Pagefactory_InSelenium.quitBrowser(SA33_Pagefactory_InSelenium.java:44)
at webdriver_demo.SA33_Pagefactory_InSelenium.quitBrowser(SA33_Pagefactory_InSelenium.java:44)
at webdriver_demo.SA33_Pagefactory_InSelenium.quitBrowser(SA33_Pagefactory_InSelenium.java:44)
at webdriver_demo.SA33_Pagefactory_InSelenium.quitBrowser(SA33_Pagefactory_InSelenium.java:44)
at webdriver_demo.SA33_Pagefactory_InSelenium.quitBrowser(SA33_Pagefactory_InSelenium.java:44)
at webdriver_demo.SA33_Pagefactory_InSelenium.quitBrowser(SA33_Pagefactory_InSelenium.java:44)
at webdriver_demo.SA33_Pagefactory_InSelenium.quitBrowser(SA33_Pagefactory_InSelenium.java:44)
at webdriver_demo.SA33_Pagefactory_InSelenium.quitBrowser(SA33_Pagefactory_InSelenium.java:44)
at webdriver_demo.SA33_Pagefactory_InSelenium.quitBrowser(SA33_Pagefactory_InSelenium.java:44)
at webdriver_demo.SA33_Pagefactory_InSelenium.quitBrowser(SA33_Pagefactory_InSelenium.java:44)
at webdriver_demo.SA33_Pagefactory_InSelenium.quitBrowser(SA33_Pagefactory_InSelenium.java:44)
at webdriver_demo.SA33_Pagefactory_InSelenium.quitBrowser(SA33_Pagefactory_InSelenium.java:44)
at webdriver_demo.SA33_Pagefactory_InSelenium.quitBrowser(SA33_Pagefactory_InSelenium.java:44)
at webdriver_demo.SA33_Pagefactory_InSelenium.quitBrowser(SA33_Pagefactory_InSelenium.java:44)
at webdriver_demo.SA33_Pagefactory_InSelenium.quitBrowser(SA33_Pagefactory_InSelenium.java:44)
at webdriver_demo.SA33_Pagefactory_InSelenium.quitBrowser(SA33_Pagefactory_InSelenium.java:44)
at webdriver_demo.SA33_Pagefactory_InSelenium.quitBrowser(SA33_Pagefactory_InSelenium.java:44)
at webdriver_demo.SA33_Pagefactory_InSelenium.quitBrowser(SA33_Pagefactory_InSelenium.java:44)
at webdriver_demo.SA33_Pagefactory_InSelenium.quitBrowser(SA33_Pagefactory_InSelenium.java:44)
at webdriver_demo.SA33_Pagefactory_InSelenium.quitBrowser(SA33_Pagefactory_InSelenium.java:44)
at webdriver_demo.SA33_Pagefactory_InSelenium.quitBrowser(SA33_Pagefactory_InSelenium.java:44)
at webdriver_demo.SA33_Pagefactory_InSelenium.quitBrowser(SA33_Pagefactory_InSelenium.java:44)
at webdriver_demo.SA33_Pagefactory_InSelenium.quitBrowser(SA33_Pagefactory_InSelenium.java:44)
at webdriver_demo.SA33_Pagefactory_InSelenium.quitBrowser(SA33_Pagefactory_InSelenium.java:44)
at webdriver_demo.SA33_Pagefactory_InSelenium.quitBrowser(SA33_Pagefactory_InSelenium.java:44)
at webdriver_demo.SA33_Pagefactory_InSelenium.quitBrowser(SA33_Pagefactory_InSelenium.java:44)
at webdriver_demo.SA33_Pagefactory_InSelenium.quitBrowser(SA33_Pagefactory_InSelenium.java:44)
at webdriver_demo.SA33_Pagefactory_InSelenium.quitBrowser(SA33_Pagefactory_InSelenium.java:44)
at webdriver_demo.SA33_Pagefactory_InSelenium.quitBrowser(SA33_Pagefactory_InSelenium.java:44)
at webdriver_demo.SA33_Pagefactory_InSelenium.quitBrowser(SA33_Pagefactory_InSelenium.java:44)
at webdriver_demo.SA33_Pagefactory_InSelenium.quitBrowser(SA33_Pagefactory_InSelenium.java:44)
at webdriver_demo.SA33_Pagefactory_InSelenium.quitBrowser(SA33_Pagefactory_InSelenium.java:44)
at webdriver_demo.SA33_Pagefactory_InSelenium.quitBrowser(SA33_Pagefactory_InSelenium.java:44)
at webdriver_demo.SA33_Pagefactory_InSelenium.quitBrowser(SA33_Pagefactory_InSelenium.java:44)
at webdriver_demo.SA33_Pagefactory_InSelenium.quitBrowser(SA33_Pagefactory_InSelenium.java:44)
at webdriver_demo.SA33_Pagefactory_InSelenium.quitBrowser(SA33_Pagefactory_InSelenium.java:44)
at webdriver_demo.SA33_Pagefactory_InSelenium.quitBrowser(SA33_Pagefactory_InSelenium.java:44)
at webdriver_demo.SA33_Pagefactory_InSelenium.quitBrowser(SA33_Pagefactory_InSelenium.java:44)
at webdriver_demo.SA33_Pagefactory_InSelenium.quitBrowser(SA33_Pagefactory_InSelenium.java:44)
at webdriver_demo.SA33_Pagefactory_InSelenium.quitBrowser(SA33_Pagefactory_InSelenium.java:44)
at webdriver_demo.SA33_Pagefactory_InSelenium.quitBrowser(SA33_Pagefactory_InSelenium.java:44)
at webdriver_demo.SA33_Pagefactory_InSelenium.quitBrowser(SA33_Pagefactory_InSelenium.java:44)
at webdriver_demo.SA33_Pagefactory_InSelenium.quitBrowser(SA33_Pagefactory_InSelenium.java:44)
at webdriver_demo.SA33_Pagefactory_InSelenium.quitBrowser(SA33_Pagefactory_InSelenium.java:44)
at webdriver_demo.SA33_Pagefactory_InSelenium.quitBrowser(SA33_Pagefactory_InSelenium.java:44)
at webdriver_demo.SA33_Pagefactory_InSelenium.quitBrowser(SA33_Pagefactory_InSelenium.java:44)
at webdriver_demo.SA33_Pagefactory_InSelenium.quitBrowser(SA33_Pagefactory_InSelenium.java:44)
at webdriver_demo.SA33_Pagefactory_InSelenium.quitBrowser(SA33_Pagefactory_InSelenium.java:44)
at webdriver_demo.SA33_Pagefactory_InSelenium.quitBrowser(SA33_Pagefactory_InSelenium.java:44)
at webdriver_demo.SA33_Pagefactory_InSelenium.quitBrowser(SA33_Pagefactory_InSelenium.java:44)
at webdriver_demo.SA33_Pagefactory_InSelenium.quitBrowser(SA33_Pagefactory_InSelenium.java:44)
at webdriver_demo.SA33_Pagefactory_InSelenium.quitBrowser(SA33_Pagefactory_InSelenium.java:44)
at webdriver_demo.SA33_Pagefactory_InSelenium.quitBrowser(SA33_Pagefactory_InSelenium.java:44)
at webdriver_demo.SA33_Pagefactory_InSelenium.quitBrowser(SA33_Pagefactory_InSelenium.java:44)
at webdriver_demo.SA33_Pagefactory_InSelenium.quitBrowser(SA33_Pagefactory_InSelenium.java:44)
at webdriver_demo.SA33_Pagefactory_InSelenium.quitBrowser(SA33_Pagefactory_InSelenium.java:44)
at webdriver_demo.SA33_Pagefactory_InSelenium.quitBrowser(SA33_Pagefactory_InSelenium.java:44)
at webdriver_demo.SA33_Pagefactory_InSelenium.quitBrowser(SA33_Pagefactory_InSelenium.java:44)
at webdriver_demo.SA33_Pagefactory_InSelenium.quitBrowser(SA33_Pagefactory_InSelenium.java:44)
at webdriver_demo.SA33_Pagefactory_InSelenium.quitBrowser(SA33_Pagefactory_InSelenium.java:44)
at webdriver_demo.SA33_Pagefactory_InSelenium.quitBrowser(SA33_Pagefactory_InSelenium.java:44)
at webdriver_demo.SA33_Pagefactory_InSelenium.quitBrowser(SA33_Pagefactory_InSelenium.java:44)
at webdriver_demo.SA33_Pagefactory_InSelenium.quitBrowser(SA33_Pagefactory_InSelenium.java:44)
at webdriver_demo.SA33_Pagefactory_InSelenium.quitBrowser(SA33_Pagefactory_InSelenium.java:44)
at webdriver_demo.SA33_Pagefactory_InSelenium.quitBrowser(SA33_Pagefactory_InSelenium.java:44)
at webdriver_demo.SA33_Pagefactory_InSelenium.quitBrowser(SA33_Pagefactory_InSelenium.java:44)
at webdriver_demo.SA33_Pagefactory_InSelenium.quitBrowser(SA33_Pagefactory_InSelenium.java:44)
at webdriver_demo.SA33_Pagefactory_InSelenium.quitBrowser(SA33_Pagefactory_InSelenium.java:44)
at webdriver_demo.SA33_Pagefactory_InSelenium.quitBrowser(SA33_Pagefactory_InSelenium.java:44)
at webdriver_demo.SA33_Pagefactory_InSelenium.quitBrowser(SA33_Pagefactory_InSelenium.java:44)
at webdriver_demo.SA33_Pagefactory_InSelenium.quitBrowser(SA33_Pagefactory_InSelenium.java:44)
at webdriver_demo.SA33_Pagefactory_InSelenium.quitBrowser(SA33_Pagefactory_InSelenium.java:44)
at webdriver_demo.SA33_Pagefactory_InSelenium.quitBrowser(SA33_Pagefactory_InSelenium.java:44)
at webdriver_demo.SA33_Pagefactory_InSelenium.quitBrowser(SA33_Pagefactory_InSelenium.java:44)
at webdriver_demo.SA33_Pagefactory_InSelenium.quitBrowser(SA33_Pagefactory_InSelenium.java:44)
at webdriver_demo.SA33_Pagefactory_InSelenium.quitBrowser(SA33_Pagefactory_InSelenium.java:44)
at webdriver_demo.SA33_Pagefactory_InSelenium.quitBrowser(SA33_Pagefactory_InSelenium.java:44)
at webdriver_demo.SA33_Pagefactory_InSelenium.quitBrowser(SA33_Pagefactory_InSelenium.java:44)
at webdriver_demo.SA33_Pagefactory_InSelenium.quitBrowser(SA33_Pagefactory_InSelenium.java:44)
at webdriver_demo.SA33_Pagefactory_InSelenium.quitBrowser(SA33_Pagefactory_InSelenium.java:44)
at webdriver_demo.SA33_Pagefactory_InSelenium.quitBrowser(SA33_Pagefactory_InSelenium.java:44)
at webdriver_demo.SA33_Pagefactory_InSelenium.quitBrowser(SA33_Pagefactory_InSelenium.java:44)
at webdriver_demo.SA33_Pagefactory_InSelenium.quitBrowser(SA33_Pagefactory_InSelenium.java:44)
at webdriver_demo.SA33_Pagefactory_InSelenium.quitBrowser(SA33_Pagefactory_InSelenium.java:44)
at webdriver_demo.SA33_Pagefactory_InSelenium.quitBrowser(SA33_Pagefactory_InSelenium.java:44)
at webdriver_demo.SA33_Pagefactory_InSelenium.quitBrowser(SA33_Pagefactory_InSelenium.java:44)
at webdriver_demo.SA33_Pagefactory_InSelenium.quitBrowser(SA33_Pagefactory_InSelenium.java:44)
at webdriver_demo.SA33_Pagefactory_InSelenium.quitBrowser(SA33_Pagefactory_InSelenium.java:44)
at webdriver_demo.SA33_Pagefactory_InSelenium.quitBrowser(SA33_Pagefactory_InSelenium.java:44)
at webdriver_demo.SA33_Pagefactory_InSelenium.quitBrowser(SA33_Pagefactory_InSelenium.java:44)
at webdriver_demo.SA33_Pagefactory_InSelenium.quitBrowser(SA33_Pagefactory_InSelenium.java:44)
at webdriver_demo.SA33_Pagefactory_InSelenium.quitBrowser(SA33_Pagefactory_InSelenium.java:44)
at webdriver_demo.SA33_Pagefactory_InSelenium.quitBrowser(SA33_Pagefactory_InSelenium.java:44)
at webdriver_demo.SA33_Pagefactory_InSelenium.quitBrowser(SA33_Pagefactory_InSelenium.java:44)
at webdriver_demo.SA33_Pagefactory_InSelenium.quitBrowser(SA33_Pagefactory_InSelenium.java:44)
at webdriver_demo.SA33_Pagefactory_InSelenium.quitBrowser(SA33_Pagefactory_InSelenium.java:44)
at webdriver_demo.SA33_Pagefactory_InSelenium.quitBrowser(SA33_Pagefactory_InSelenium.java:44)
at webdriver_demo.SA33_Pagefactory_InSelenium.quitBrowser(SA33_Pagefactory_InSelenium.java:44)
at webdriver_demo.SA33_Pagefactory_InSelenium.quitBrowser(SA33_Pagefactory_InSelenium.java:44)
at webdriver_demo.SA33_Pagefactory_InSelenium.quitBrowser(SA33_Pagefactory_InSelenium.java:44)
at webdriver_demo.SA33_Pagefactory_InSelenium.quitBrowser(SA33_Pagefactory_InSelenium.java:44)
at webdriver_demo.SA33_Pagefactory_InSelenium.quitBrowser(SA33_Pagefactory_InSelenium.java:44)
at webdriver_demo.SA33_Pagefactory_InSelenium.quitBrowser(SA33_Pagefactory_InSelenium.java:44)
at webdriver_demo.SA33_Pagefactory_InSelenium.quitBrowser(SA33_Pagefactory_InSelenium.java:44)
at webdriver_demo.SA33_Pagefactory_InSelenium.quitBrowser(SA33_Pagefactory_InSelenium.java:44)
at webdriver_demo.SA33_Pagefactory_InSelenium.quitBrowser(SA33_Pagefactory_InSelenium.java:44)
at webdriver_demo.SA33_Pagefactory_InSelenium.quitBrowser(SA33_Pagefactory_InSelenium.java:44)
at webdriver_demo.SA33_Pagefactory_InSelenium.quitBrowser(SA33_Pagefactory_InSelenium.java:44)
at webdriver_demo.SA33_Pagefactory_InSelenium.quitBrowser(SA33_Pagefactory_InSelenium.java:44)
at webdriver_demo.SA33_Pagefactory_InSelenium.quitBrowser(SA33_Pagefactory_InSelenium.java:44)
at webdriver_demo.SA33_Pagefactory_InSelenium.quitBrowser(SA33_Pagefactory_InSelenium.java:44)
at webdriver_demo.SA33_Pagefactory_InSelenium.quitBrowser(SA33_Pagefactory_InSelenium.java:44)
at webdriver_demo.SA33_Pagefactory_InSelenium.quitBrowser(SA33_Pagefactory_InSelenium.java:44)
at webdriver_demo.SA33_Pagefactory_InSelenium.quitBrowser(SA33_Pagefactory_InSelenium.java:44)
at webdriver_demo.SA33_Pagefactory_InSelenium.quitBrowser(SA33_Pagefactory_InSelenium.java:44)
at webdriver_demo.SA33_Pagefactory_InSelenium.quitBrowser(SA33_Pagefactory_InSelenium.java:44)
at webdriver_demo.SA33_Pagefactory_InSelenium.quitBrowser(SA33_Pagefactory_InSelenium.java:44)
at webdriver_demo.SA33_Pagefactory_InSelenium.quitBrowser(SA33_Pagefactory_InSelenium.java:44)
at webdriver_demo.SA33_Pagefactory_InSelenium.quitBrowser(SA33_Pagefactory_InSelenium.java:44)
at webdriver_demo.SA33_Pagefactory_InSelenium.quitBrowser(SA33_Pagefactory_InSelenium.java:44)
at webdriver_demo.SA33_Pagefactory_InSelenium.quitBrowser(SA33_Pagefactory_InSelenium.java:44)
at webdriver_demo.SA33_Pagefactory_InSelenium.quitBrowser(SA33_Pagefactory_InSelenium.java:44)
at webdriver_demo.SA33_Pagefactory_InSelenium.quitBrowser(SA33_Pagefactory_InSelenium.java:44)
at webdriver_demo.SA33_Pagefactory_InSelenium.quitBrowser(SA33_Pagefactory_InSelenium.java:44)
at webdriver_demo.SA33_Pagefactory_InSelenium.quitBrowser(SA33_Pagefactory_InSelenium.java:44)
at webdriver_demo.SA33_Pagefactory_InSelenium.quitBrowser(SA33_Pagefactory_InSelenium.java:44)
at webdriver_demo.SA33_Pagefactory_InSelenium.quitBrowser(SA33_Pagefactory_InSelenium.java:44)
at webdriver_demo.SA33_Pagefactory_InSelenium.quitBrowser(SA33_Pagefactory_InSelenium.java:44)
at webdriver_demo.SA33_Pagefactory_InSelenium.quitBrowser(SA33_Pagefactory_InSelenium.java:44)
at webdriver_demo.SA33_Pagefactory_InSelenium.quitBrowser(SA33_Pagefactory_InSelenium.java:44)
at webdriver_demo.SA33_Pagefactory_InSelenium.quitBrowser(SA33_Pagefactory_InSelenium.java:44)
at webdriver_demo.SA33_Pagefactory_InSelenium.quitBrowser(SA33_Pagefactory_InSelenium.java:44)
at webdriver_demo.SA33_Pagefactory_InSelenium.quitBrowser(SA33_Pagefactory_InSelenium.java:44)
at webdriver_demo.SA33_Pagefactory_InSelenium.quitBrowser(SA33_Pagefactory_InSelenium.java:44)
at webdriver_demo.SA33_Pagefactory_InSelenium.quitBrowser(SA33_Pagefactory_InSelenium.java:44)
at webdriver_demo.SA33_Pagefactory_InSelenium.quitBrowser(SA33_Pagefactory_InSelenium.java:44)
at webdriver_demo.SA33_Pagefactory_InSelenium.quitBrowser(SA33_Pagefactory_InSelenium.java:44)
at webdriver_demo.SA33_Pagefactory_InSelenium.quitBrowser(SA33_Pagefactory_InSelenium.java:44)
at webdriver_demo.SA33_Pagefactory_InSelenium.quitBrowser(SA33_Pagefactory_InSelenium.java:44)
at webdriver_demo.SA33_Pagefactory_InSelenium.quitBrowser(SA33_Pagefactory_InSelenium.java:44)
at webdriver_demo.SA33_Pagefactory_InSelenium.quitBrowser(SA33_Pagefactory_InSelenium.java:44)
at webdriver_demo.SA33_Pagefactory_InSelenium.quitBrowser(SA33_Pagefactory_InSelenium.java:44)
at webdriver_demo.SA33_Pagefactory_InSelenium.quitBrowser(SA33_Pagefactory_InSelenium.java:44)
at webdriver_demo.SA33_Pagefactory_InSelenium.quitBrowser(SA33_Pagefactory_InSelenium.java:44)
at webdriver_demo.SA33_Pagefactory_InSelenium.quitBrowser(SA33_Pagefactory_InSelenium.java:44)
at webdriver_demo.SA33_Pagefactory_InSelenium.quitBrowser(SA33_Pagefactory_InSelenium.java:44)
at webdriver_demo.SA33_Pagefactory_InSelenium.quitBrowser(SA33_Pagefactory_InSelenium.java:44)
at webdriver_demo.SA33_Pagefactory_InSelenium.quitBrowser(SA33_Pagefactory_InSelenium.java:44)
at webdriver_demo.SA33_Pagefactory_InSelenium.quitBrowser(SA33_Pagefactory_InSelenium.java:44)
at webdriver_demo.SA33_Pagefactory_InSelenium.quitBrowser(SA33_Pagefactory_InSelenium.java:44)
at webdriver_demo.SA33_Pagefactory_InSelenium.quitBrowser(SA33_Pagefactory_InSelenium.java:44)
at webdriver_demo.SA33_Pagefactory_InSelenium.quitBrowser(SA33_Pagefactory_InSelenium.java:44)
at webdriver_demo.SA33_Pagefactory_InSelenium.quitBrowser(SA33_Pagefactory_InSelenium.java:44)
at webdriver_demo.SA33_Pagefactory_InSelenium.quitBrowser(SA33_Pagefactory_InSelenium.java:44)
at webdriver_demo.SA33_Pagefactory_InSelenium.quitBrowser(SA33_Pagefactory_InSelenium.java:44)
at webdriver_demo.SA33_Pagefactory_InSelenium.quitBrowser(SA33_Pagefactory_InSelenium.java:44)
at webdriver_demo.SA33_Pagefactory_InSelenium.quitBrowser(SA33_Pagefactory_InSelenium.java:44)
at webdriver_demo.SA33_Pagefactory_InSelenium.quitBrowser(SA33_Pagefactory_InSelenium.java:44)
at webdriver_demo.SA33_Pagefactory_InSelenium.quitBrowser(SA33_Pagefactory_InSelenium.java:44)
at webdriver_demo.SA33_Pagefactory_InSelenium.quitBrowser(SA33_Pagefactory_InSelenium.java:44)
at webdriver_demo.SA33_Pagefactory_InSelenium.quitBrowser(SA33_Pagefactory_InSelenium.java:44)
at webdriver_demo.SA33_Pagefactory_InSelenium.quitBrowser(SA33_Pagefactory_InSelenium.java:44)
at webdriver_demo.SA33_Pagefactory_InSelenium.quitBrowser(SA33_Pagefactory_InSelenium.java:44)
at webdriver_demo.SA33_Pagefactory_InSelenium.quitBrowser(SA33_Pagefactory_InSelenium.java:44)
at webdriver_demo.SA33_Pagefactory_InSelenium.quitBrowser(SA33_Pagefactory_InSelenium.java:44)
at webdriver_demo.SA33_Pagefactory_InSelenium.quitBrowser(SA33_Pagefactory_InSelenium.java:44)
at webdriver_demo.SA33_Pagefactory_InSelenium.quitBrowser(SA33_Pagefactory_InSelenium.java:44)
at webdriver_demo.SA33_Pagefactory_InSelenium.quitBrowser(SA33_Pagefactory_InSelenium.java:44)
at webdriver_demo.SA33_Pagefactory_InSelenium.quitBrowser(SA33_Pagefactory_InSelenium.java:44)
at webdriver_demo.SA33_Pagefactory_InSelenium.quitBrowser(SA33_Pagefactory_InSelenium.java:44)
at webdriver_demo.SA33_Pagefactory_InSelenium.quitBrowser(SA33_Pagefactory_InSelenium.java:44)
at webdriver_demo.SA33_Pagefactory_InSelenium.quitBrowser(SA33_Pagefactory_InSelenium.java:44)
at webdriver_demo.SA33_Pagefactory_InSelenium.quitBrowser(SA33_Pagefactory_InSelenium.java:44)
at webdriver_demo.SA33_Pagefactory_InSelenium.quitBrowser(SA33_Pagefactory_InSelenium.java:44)
at webdriver_demo.SA33_Pagefactory_InSelenium.quitBrowser(SA33_Pagefactory_InSelenium.java:44)
at webdriver_demo.SA33_Pagefactory_InSelenium.quitBrowser(SA33_Pagefactory_InSelenium.java:44)
at webdriver_demo.SA33_Pagefactory_InSelenium.quitBrowser(SA33_Pagefactory_InSelenium.java:44)
at webdriver_demo.SA33_Pagefactory_InSelenium.quitBrowser(SA33_Pagefactory_InSelenium.java:44)
at webdriver_demo.SA33_Pagefactory_InSelenium.quitBrowser(SA33_Pagefactory_InSelenium.java:44)
at webdriver_demo.SA33_Pagefactory_InSelenium.quitBrowser(SA33_Pagefactory_InSelenium.java:44)
at webdriver_demo.SA33_Pagefactory_InSelenium.quitBrowser(SA33_Pagefactory_InSelenium.java:44)
at webdriver_demo.SA33_Pagefactory_InSelenium.quitBrowser(SA33_Pagefactory_InSelenium.java:44)
at webdriver_demo.SA33_Pagefactory_InSelenium.quitBrowser(SA33_Pagefactory_InSelenium.java:44)
at webdriver_demo.SA33_Pagefactory_InSelenium.quitBrowser(SA33_Pagefactory_InSelenium.java:44)
at webdriver_demo.SA33_Pagefactory_InSelenium.quitBrowser(SA33_Pagefactory_InSelenium.java:44)
at webdriver_demo.SA33_Pagefactory_InSelenium.quitBrowser(SA33_Pagefactory_InSelenium.java:44)
at webdriver_demo.SA33_Pagefactory_InSelenium.quitBrowser(SA33_Pagefactory_InSelenium.java:44)
at webdriver_demo.SA33_Pagefactory_InSelenium.quitBrowser(SA33_Pagefactory_InSelenium.java:44)
at webdriver_demo.SA33_Pagefactory_InSelenium.quitBrowser(SA33_Pagefactory_InSelenium.java:44)
at webdriver_demo.SA33_Pagefactory_InSelenium.quitBrowser(SA33_Pagefactory_InSelenium.java:44)
at webdriver_demo.SA33_Pagefactory_InSelenium.quitBrowser(SA33_Pagefactory_InSelenium.java:44)
at webdriver_demo.SA33_Pagefactory_InSelenium.quitBrowser(SA33_Pagefactory_InSelenium.java:44)
at webdriver_demo.SA33_Pagefactory_InSelenium.quitBrowser(SA33_Pagefactory_InSelenium.java:44)
at webdriver_demo.SA33_Pagefactory_InSelenium.quitBrowser(SA33_Pagefactory_InSelenium.java:44)
at webdriver_demo.SA33_Pagefactory_InSelenium.quitBrowser(SA33_Pagefactory_InSelenium.java:44)
at webdriver_demo.SA33_Pagefactory_InSelenium.quitBrowser(SA33_Pagefactory_InSelenium.java:44)
at webdriver_demo.SA33_Pagefactory_InSelenium.quitBrowser(SA33_Pagefactory_InSelenium.java:44)
at webdriver_demo.SA33_Pagefactory_InSelenium.quitBrowser(SA33_Pagefactory_InSelenium.java:44)
at webdriver_demo.SA33_Pagefactory_InSelenium.quitBrowser(SA33_Pagefactory_InSelenium.java:44)
at webdriver_demo.SA33_Pagefactory_InSelenium.quitBrowser(SA33_Pagefactory_InSelenium.java:44)
at webdriver_demo.SA33_Pagefactory_InSelenium.quitBrowser(SA33_Pagefactory_InSelenium.java:44)
at webdriver_demo.SA33_Pagefactory_InSelenium.quitBrowser(SA33_Pagefactory_InSelenium.java:44)
at webdriver_demo.SA33_Pagefactory_InSelenium.quitBrowser(SA33_Pagefactory_InSelenium.java:44)
at webdriver_demo.SA33_Pagefactory_InSelenium.quitBrowser(SA33_Pagefactory_InSelenium.java:44)
at webdriver_demo.SA33_Pagefactory_InSelenium.quitBrowser(SA33_Pagefactory_InSelenium.java:44)
at webdriver_demo.SA33_Pagefactory_InSelenium.quitBrowser(SA33_Pagefactory_InSelenium.java:44)
at webdriver_demo.SA33_Pagefactory_InSelenium.quitBrowser(SA33_Pagefactory_InSelenium.java:44)
at webdriver_demo.SA33_Pagefactory_InSelenium.quitBrowser(SA33_Pagefactory_InSelenium.java:44)
at webdriver_demo.SA33_Pagefactory_InSelenium.quitBrowser(SA33_Pagefactory_InSelenium.java:44)
at webdriver_demo.SA33_Pagefactory_InSelenium.quitBrowser(SA33_Pagefactory_InSelenium.java:44)
at webdriver_demo.SA33_Pagefactory_InSelenium.quitBrowser(SA33_Pagefactory_InSelenium.java:44)
at webdriver_demo.SA33_Pagefactory_InSelenium.quitBrowser(SA33_Pagefactory_InSelenium.java:44)
at webdriver_demo.SA33_Pagefactory_InSelenium.quitBrowser(SA33_Pagefactory_InSelenium.java:44)
at webdriver_demo.SA33_Pagefactory_InSelenium.quitBrowser(SA33_Pagefactory_InSelenium.java:44)
at webdriver_demo.SA33_Pagefactory_InSelenium.quitBrowser(SA33_Pagefactory_InSelenium.java:44)
at webdriver_demo.SA33_Pagefactory_InSelenium.quitBrowser(SA33_Pagefactory_InSelenium.java:44)
at webdriver_demo.SA33_Pagefactory_InSelenium.quitBrowser(SA33_Pagefactory_InSelenium.java:44)
at webdriver_demo.SA33_Pagefactory_InSelenium.quitBrowser(SA33_Pagefactory_InSelenium.java:44)
at webdriver_demo.SA33_Pagefactory_InSelenium.quitBrowser(SA33_Pagefactory_InSelenium.java:44)
at webdriver_demo.SA33_Pagefactory_InSelenium.quitBrowser(SA33_Pagefactory_InSelenium.java:44)
at webdriver_demo.SA33_Pagefactory_InSelenium.quitBrowser(SA33_Pagefactory_InSelenium.java:44)
at webdriver_demo.SA33_Pagefactory_InSelenium.quitBrowser(SA33_Pagefactory_InSelenium.java:44)
at webdriver_demo.SA33_Pagefactory_InSelenium.quitBrowser(SA33_Pagefactory_InSelenium.java:44)
at webdriver_demo.SA33_Pagefactory_InSelenium.quitBrowser(SA33_Pagefactory_InSelenium.java:44)
at webdriver_demo.SA33_Pagefactory_InSelenium.quitBrowser(SA33_Pagefactory_InSelenium.java:44)
at webdriver_demo.SA33_Pagefactory_InSelenium.quitBrowser(SA33_Pagefactory_InSelenium.java:44)
at webdriver_demo.SA33_Pagefactory_InSelenium.quitBrowser(SA33_Pagefactory_InSelenium.java:44)
at webdriver_demo.SA33_Pagefactory_InSelenium.quitBrowser(SA33_Pagefactory_InSelenium.java:44)
at webdriver_demo.SA33_Pagefactory_InSelenium.quitBrowser(SA33_Pagefactory_InSelenium.java:44)
at webdriver_demo.SA33_Pagefactory_InSelenium.quitBrowser(SA33_Pagefactory_InSelenium.java:44)
at webdriver_demo.SA33_Pagefactory_InSelenium.quitBrowser(SA33_Pagefactory_InSelenium.java:44)
at webdriver_demo.SA33_Pagefactory_InSelenium.quitBrowser(SA33_Pagefactory_InSelenium.java:44)
at webdriver_demo.SA33_Pagefactory_InSelenium.quitBrowser(SA33_Pagefactory_InSelenium.java:44)
at webdriver_demo.SA33_Pagefactory_InSelenium.quitBrowser(SA33_Pagefactory_InSelenium.java:44)
at webdriver_demo.SA33_Pagefactory_InSelenium.quitBrowser(SA33_Pagefactory_InSelenium.java:44)
at webdriver_demo.SA33_Pagefactory_InSelenium.quitBrowser(SA33_Pagefactory_InSelenium.java:44)
at webdriver_demo.SA33_Pagefactory_InSelenium.quitBrowser(SA33_Pagefactory_InSelenium.java:44)
at webdriver_demo.SA33_Pagefactory_InSelenium.quitBrowser(SA33_Pagefactory_InSelenium.java:44)
at webdriver_demo.SA33_Pagefactory_InSelenium.quitBrowser(SA33_Pagefactory_InSelenium.java:44)
at webdriver_demo.SA33_Pagefactory_InSelenium.quitBrowser(SA33_Pagefactory_InSelenium.java:44)
at webdriver_demo.SA33_Pagefactory_InSelenium.quitBrowser(SA33_Pagefactory_InSelenium.java:44)
at webdriver_demo.SA33_Pagefactory_InSelenium.quitBrowser(SA33_Pagefactory_InSelenium.java:44)
at webdriver_demo.SA33_Pagefactory_InSelenium.quitBrowser(SA33_Pagefactory_InSelenium.java:44)
at webdriver_demo.SA33_Pagefactory_InSelenium.quitBrowser(SA33_Pagefactory_InSelenium.java:44)
at webdriver_demo.SA33_Pagefactory_InSelenium.quitBrowser(SA33_Pagefactory_InSelenium.java:44)
at webdriver_demo.SA33_Pagefactory_InSelenium.quitBrowser(SA33_Pagefactory_InSelenium.java:44)
at webdriver_demo.SA33_Pagefactory_InSelenium.quitBrowser(SA33_Pagefactory_InSelenium.java:44)
at webdriver_demo.SA33_Pagefactory_InSelenium.quitBrowser(SA33_Pagefactory_InSelenium.java:44)
at webdriver_demo.SA33_Pagefactory_InSelenium.quitBrowser(SA33_Pagefactory_InSelenium.java:44)
at webdriver_demo.SA33_Pagefactory_InSelenium.quitBrowser(SA33_Pagefactory_InSelenium.java:44)
at webdriver_demo.SA33_Pagefactory_InSelenium.quitBrowser(SA33_Pagefactory_InSelenium.java:44)
at webdriver_demo.SA33_Pagefactory_InSelenium.quitBrowser(SA33_Pagefactory_InSelenium.java:44)
at webdriver_demo.SA33_Pagefactory_InSelenium.quitBrowser(SA33_Pagefactory_InSelenium.java:44)
at webdriver_demo.SA33_Pagefactory_InSelenium.quitBrowser(SA33_Pagefactory_InSelenium.java:44)
at webdriver_demo.SA33_Pagefactory_InSelenium.quitBrowser(SA33_Pagefactory_InSelenium.java:44)
at webdriver_demo.SA33_Pagefactory_InSelenium.quitBrowser(SA33_Pagefactory_InSelenium.java:44)
at webdriver_demo.SA33_Pagefactory_InSelenium.quitBrowser(SA33_Pagefactory_InSelenium.java:44)
at webdriver_demo.SA33_Pagefactory_InSelenium.quitBrowser(SA33_Pagefactory_InSelenium.java:44)
at webdriver_demo.SA33_Pagefactory_InSelenium.quitBrowser(SA33_Pagefactory_InSelenium.java:44)
at webdriver_demo.SA33_Pagefactory_InSelenium.quitBrowser(SA33_Pagefactory_InSelenium.java:44)
at webdriver_demo.SA33_Pagefactory_InSelenium.quitBrowser(SA33_Pagefactory_InSelenium.java:44)
at webdriver_demo.SA33_Pagefactory_InSelenium.quitBrowser(SA33_Pagefactory_InSelenium.java:44)
at webdriver_demo.SA33_Pagefactory_InSelenium.quitBrowser(SA33_Pagefactory_InSelenium.java:44)
at webdriver_demo.SA33_Pagefactory_InSelenium.quitBrowser(SA33_Pagefactory_InSelenium.java:44)
at webdriver_demo.SA33_Pagefactory_InSelenium.quitBrowser(SA33_Pagefactory_InSelenium.java:44)
at webdriver_demo.SA33_Pagefactory_InSelenium.quitBrowser(SA33_Pagefactory_InSelenium.java:44)
at webdriver_demo.SA33_Pagefactory_InSelenium.quitBrowser(SA33_Pagefactory_InSelenium.java:44)
at webdriver_demo.SA33_Pagefactory_InSelenium.quitBrowser(SA33_Pagefactory_InSelenium.java:44)
at webdriver_demo.SA33_Pagefactory_InSelenium.quitBrowser(SA33_Pagefactory_InSelenium.java:44)
at webdriver_demo.SA33_Pagefactory_InSelenium.quitBrowser(SA33_Pagefactory_InSelenium.java:44)
at webdriver_demo.SA33_Pagefactory_InSelenium.quitBrowser(SA33_Pagefactory_InSelenium.java:44)
at webdriver_demo.SA33_Pagefactory_InSelenium.quitBrowser(SA33_Pagefactory_InSelenium.java:44)
at webdriver_demo.SA33_Pagefactory_InSelenium.quitBrowser(SA33_Pagefactory_InSelenium.java:44)
at webdriver_demo.SA33_Pagefactory_InSelenium.quitBrowser(SA33_Pagefactory_InSelenium.java:44)
at webdriver_demo.SA33_Pagefactory_InSelenium.quitBrowser(SA33_Pagefactory_InSelenium.java:44)
at webdriver_demo.SA33_Pagefactory_InSelenium.quitBrowser(SA33_Pagefactory_InSelenium.java:44)
at webdriver_demo.SA33_Pagefactory_InSelenium.quitBrowser(SA33_Pagefactory_InSelenium.java:44)
at webdriver_demo.SA33_Pagefactory_InSelenium.quitBrowser(SA33_Pagefactory_InSelenium.java:44)
at webdriver_demo.SA33_Pagefactory_InSelenium.quitBrowser(SA33_Pagefactory_InSelenium.java:44)
at webdriver_demo.SA33_Pagefactory_InSelenium.quitBrowser(SA33_Pagefactory_InSelenium.java:44)
at webdriver_demo.SA33_Pagefactory_InSelenium.quitBrowser(SA33_Pagefactory_InSelenium.java:44)
at webdriver_demo.SA33_Pagefactory_InSelenium.quitBrowser(SA33_Pagefactory_InSelenium.java:44)
at webdriver_demo.SA33_Pagefactory_InSelenium.quitBrowser(SA33_Pagefactory_InSelenium.java:44)
at webdriver_demo.SA33_Pagefactory_InSelenium.quitBrowser(SA33_Pagefactory_InSelenium.java:44)
at webdriver_demo.SA33_Pagefactory_InSelenium.quitBrowser(SA33_Pagefactory_InSelenium.java:44)
at webdriver_demo.SA33_Pagefactory_InSelenium.quitBrowser(SA33_Pagefactory_InSelenium.java:44)
at webdriver_demo.SA33_Pagefactory_InSelenium.quitBrowser(SA33_Pagefactory_InSelenium.java:44)
at webdriver_demo.SA33_Pagefactory_InSelenium.quitBrowser(SA33_Pagefactory_InSelenium.java:44)
at webdriver_demo.SA33_Pagefactory_InSelenium.quitBrowser(SA33_Pagefactory_InSelenium.java:44)
at webdriver_demo.SA33_Pagefactory_InSelenium.quitBrowser(SA33_Pagefactory_InSelenium.java:44)
at webdriver_demo.SA33_Pagefactory_InSelenium.quitBrowser(SA33_Pagefactory_InSelenium.java:44)
at webdriver_demo.SA33_Pagefactory_InSelenium.quitBrowser(SA33_Pagefactory_InSelenium.java:44)
at webdriver_demo.SA33_Pagefactory_InSelenium.quitBrowser(SA33_Pagefactory_InSelenium.java:44)
at webdriver_demo.SA33_Pagefactory_InSelenium.quitBrowser(SA33_Pagefactory_InSelenium.java:44)
at webdriver_demo.SA33_Pagefactory_InSelenium.quitBrowser(SA33_Pagefactory_InSelenium.java:44)
at webdriver_demo.SA33_Pagefactory_InSelenium.quitBrowser(SA33_Pagefactory_InSelenium.java:44)
at webdriver_demo.SA33_Pagefactory_InSelenium.quitBrowser(SA33_Pagefactory_InSelenium.java:44)
at webdriver_demo.SA33_Pagefactory_InSelenium.quitBrowser(SA33_Pagefactory_InSelenium.java:44)
at webdriver_demo.SA33_Pagefactory_InSelenium.quitBrowser(SA33_Pagefactory_InSelenium.java:44)
at webdriver_demo.SA33_Pagefactory_InSelenium.quitBrowser(SA33_Pagefactory_InSelenium.java:44)
at webdriver_demo.SA33_Pagefactory_InSelenium.quitBrowser(SA33_Pagefactory_InSelenium.java:44)
at webdriver_demo.SA33_Pagefactory_InSelenium.quitBrowser(SA33_Pagefactory_InSelenium.java:44)
at webdriver_demo.SA33_Pagefactory_InSelenium.quitBrowser(SA33_Pagefactory_InSelenium.java:44)
at webdriver_demo.SA33_Pagefactory_InSelenium.quitBrowser(SA33_Pagefactory_InSelenium.java:44)
at webdriver_demo.SA33_Pagefactory_InSelenium.quitBrowser(SA33_Pagefactory_InSelenium.java:44)
at webdriver_demo.SA33_Pagefactory_InSelenium.quitBrowser(SA33_Pagefactory_InSelenium.java:44)
at webdriver_demo.SA33_Pagefactory_InSelenium.quitBrowser(SA33_Pagefactory_InSelenium.java:44)
at webdriver_demo.SA33_Pagefactory_InSelenium.quitBrowser(SA33_Pagefactory_InSelenium.java:44)
at webdriver_demo.SA33_Pagefactory_InSelenium.quitBrowser(SA33_Pagefactory_InSelenium.java:44)
at webdriver_demo.SA33_Pagefactory_InSelenium.quitBrowser(SA33_Pagefactory_InSelenium.java:44)
at webdriver_demo.SA33_Pagefactory_InSelenium.quitBrowser(SA33_Pagefactory_InSelenium.java:44)
at webdriver_demo.SA33_Pagefactory_InSelenium.quitBrowser(SA33_Pagefactory_InSelenium.java:44)
at webdriver_demo.SA33_Pagefactory_InSelenium.quitBrowser(SA33_Pagefactory_InSelenium.java:44)
at webdriver_demo.SA33_Pagefactory_InSelenium.quitBrowser(SA33_Pagefactory_InSelenium.java:44)
at webdriver_demo.SA33_Pagefactory_InSelenium.quitBrowser(SA33_Pagefactory_InSelenium.java:44)
at webdriver_demo.SA33_Pagefactory_InSelenium.quitBrowser(SA33_Pagefactory_InSelenium.java:44)
at webdriver_demo.SA33_Pagefactory_InSelenium.quitBrowser(SA33_Pagefactory_InSelenium.java:44)
at webdriver_demo.SA33_Pagefactory_InSelenium.quitBrowser(SA33_Pagefactory_InSelenium.java:44)
at webdriver_demo.SA33_Pagefactory_InSelenium.quitBrowser(SA33_Pagefactory_InSelenium.java:44)
at webdriver_demo.SA33_Pagefactory_InSelenium.quitBrowser(SA33_Pagefactory_InSelenium.java:44)
at webdriver_demo.SA33_Pagefactory_InSelenium.quitBrowser(SA33_Pagefactory_InSelenium.java:44)
at webdriver_demo.SA33_Pagefactory_InSelenium.quitBrowser(SA33_Pagefactory_InSelenium.java:44)
at webdriver_demo.SA33_Pagefactory_InSelenium.quitBrowser(SA33_Pagefactory_InSelenium.java:44)
at webdriver_demo.SA33_Pagefactory_InSelenium.quitBrowser(SA33_Pagefactory_InSelenium.java:44)
at webdriver_demo.SA33_Pagefactory_InSelenium.quitBrowser(SA33_Pagefactory_InSelenium.java:44)
at webdriver_demo.SA33_Pagefactory_InSelenium.quitBrowser(SA33_Pagefactory_InSelenium.java:44)
at webdriver_demo.SA33_Pagefactory_InSelenium.quitBrowser(SA33_Pagefactory_InSelenium.java:44)
at webdriver_demo.SA33_Pagefactory_InSelenium.quitBrowser(SA33_Pagefactory_InSelenium.java:44)
at webdriver_demo.SA33_Pagefactory_InSelenium.quitBrowser(SA33_Pagefactory_InSelenium.java:44)
at webdriver_demo.SA33_Pagefactory_InSelenium.quitBrowser(SA33_Pagefactory_InSelenium.java:44)
at webdriver_demo.SA33_Pagefactory_InSelenium.quitBrowser(SA33_Pagefactory_InSelenium.java:44)
at webdriver_demo.SA33_Pagefactory_InSelenium.quitBrowser(SA33_Pagefactory_InSelenium.java:44)
at webdriver_demo.SA33_Pagefactory_InSelenium.quitBrowser(SA33_Pagefactory_InSelenium.java:44)
at webdriver_demo.SA33_Pagefactory_InSelenium.quitBrowser(SA33_Pagefactory_InSelenium.java:44)
at webdriver_demo.SA33_Pagefactory_InSelenium.quitBrowser(SA33_Pagefactory_InSelenium.java:44)
at webdriver_demo.SA33_Pagefactory_InSelenium.quitBrowser(SA33_Pagefactory_InSelenium.java:44)
at webdriver_demo.SA33_Pagefactory_InSelenium.quitBrowser(SA33_Pagefactory_InSelenium.java:44)
at webdriver_demo.SA33_Pagefactory_InSelenium.quitBrowser(SA33_Pagefactory_InSelenium.java:44)
at webdriver_demo.SA33_Pagefactory_InSelenium.quitBrowser(SA33_Pagefactory_InSelenium.java:44)
at webdriver_demo.SA33_Pagefactory_InSelenium.quitBrowser(SA33_Pagefactory_InSelenium.java:44)
at webdriver_demo.SA33_Pagefactory_InSelenium.quitBrowser(SA33_Pagefactory_InSelenium.java:44)
at webdriver_demo.SA33_Pagefactory_InSelenium.quitBrowser(SA33_Pagefactory_InSelenium.java:44)
at webdriver_demo.SA33_Pagefactory_InSelenium.quitBrowser(SA33_Pagefactory_InSelenium.java:44)
at webdriver_demo.SA33_Pagefactory_InSelenium.quitBrowser(SA33_Pagefactory_InSelenium.java:44)
at webdriver_demo.SA33_Pagefactory_InSelenium.quitBrowser(SA33_Pagefactory_InSelenium.java:44)
at webdriver_demo.SA33_Pagefactory_InSelenium.quitBrowser(SA33_Pagefactory_InSelenium.java:44)
at webdriver_demo.SA33_Pagefactory_InSelenium.quitBrowser(SA33_Pagefactory_InSelenium.java:44)
at webdriver_demo.SA33_Pagefactory_InSelenium.quitBrowser(SA33_Pagefactory_InSelenium.java:44)
at webdriver_demo.SA33_Pagefactory_InSelenium.quitBrowser(SA33_Pagefactory_InSelenium.java:44)
at webdriver_demo.SA33_Pagefactory_InSelenium.quitBrowser(SA33_Pagefactory_InSelenium.java:44)
at webdriver_demo.SA33_Pagefactory_InSelenium.quitBrowser(SA33_Pagefactory_InSelenium.java:44)
at webdriver_demo.SA33_Pagefactory_InSelenium.quitBrowser(SA33_Pagefactory_InSelenium.java:44)
at webdriver_demo.SA33_Pagefactory_InSelenium.quitBrowser(SA33_Pagefactory_InSelenium.java:44)
at webdriver_demo.SA33_Pagefactory_InSelenium.quitBrowser(SA33_Pagefactory_InSelenium.java:44)
at webdriver_demo.SA33_Pagefactory_InSelenium.quitBrowser(SA33_Pagefactory_InSelenium.java:44)
at webdriver_demo.SA33_Pagefactory_InSelenium.quitBrowser(SA33_Pagefactory_InSelenium.java:44)
at webdriver_demo.SA33_Pagefactory_InSelenium.quitBrowser(SA33_Pagefactory_InSelenium.java:44)
at webdriver_demo.SA33_Pagefactory_InSelenium.quitBrowser(SA33_Pagefactory_InSelenium.java:44)
at webdriver_demo.SA33_Pagefactory_InSelenium.quitBrowser(SA33_Pagefactory_InSelenium.java:44)
at webdriver_demo.SA33_Pagefactory_InSelenium.quitBrowser(SA33_Pagefactory_InSelenium.java:44)
at webdriver_demo.SA33_Pagefactory_InSelenium.quitBrowser(SA33_Pagefactory_InSelenium.java:44)
at webdriver_demo.SA33_Pagefactory_InSelenium.quitBrowser(SA33_Pagefactory_InSelenium.java:44)
at webdriver_demo.SA33_Pagefactory_InSelenium.quitBrowser(SA33_Pagefactory_InSelenium.java:44)
at webdriver_demo.SA33_Pagefactory_InSelenium.quitBrowser(SA33_Pagefactory_InSelenium.java:44)
at webdriver_demo.SA33_Pagefactory_InSelenium.quitBrowser(SA33_Pagefactory_InSelenium.java:44)
at webdriver_demo.SA33_Pagefactory_InSelenium.quitBrowser(SA33_Pagefactory_InSelenium.java:44)
at webdriver_demo.SA33_Pagefactory_InSelenium.quitBrowser(SA33_Pagefactory_InSelenium.java:44)
at webdriver_demo.SA33_Pagefactory_InSelenium.quitBrowser(SA33_Pagefactory_InSelenium.java:44)
at webdriver_demo.SA33_Pagefactory_InSelenium.quitBrowser(SA33_Pagefactory_InSelenium.java:44)
at webdriver_demo.SA33_Pagefactory_InSelenium.quitBrowser(SA33_Pagefactory_InSelenium.java:44)
at webdriver_demo.SA33_Pagefactory_InSelenium.quitBrowser(SA33_Pagefactory_InSelenium.java:44)
at webdriver_demo.SA33_Pagefactory_InSelenium.quitBrowser(SA33_Pagefactory_InSelenium.java:44)
at webdriver_demo.SA33_Pagefactory_InSelenium.quitBrowser(SA33_Pagefactory_InSelenium.java:44)
at webdriver_demo.SA33_Pagefactory_InSelenium.quitBrowser(SA33_Pagefactory_InSelenium.java:44)
at webdriver_demo.SA33_Pagefactory_InSelenium.quitBrowser(SA33_Pagefactory_InSelenium.java:44)
at webdriver_demo.SA33_Pagefactory_InSelenium.quitBrowser(SA33_Pagefactory_InSelenium.java:44)
at webdriver_demo.SA33_Pagefactory_InSelenium.quitBrowser(SA33_Pagefactory_InSelenium.java:44)
at webdriver_demo.SA33_Pagefactory_InSelenium.quitBrowser(SA33_Pagefactory_InSelenium.java:44)
at webdriver_demo.SA33_Pagefactory_InSelenium.quitBrowser(SA33_Pagefactory_InSelenium.java:44)
at webdriver_demo.SA33_Pagefactory_InSelenium.quitBrowser(SA33_Pagefactory_InSelenium.java:44)
at webdriver_demo.SA33_Pagefactory_InSelenium.quitBrowser(SA33_Pagefactory_InSelenium.java:44)
at webdriver_demo.SA33_Pagefactory_InSelenium.quitBrowser(SA33_Pagefactory_InSelenium.java:44)
at webdriver_demo.SA33_Pagefactory_InSelenium.quitBrowser(SA33_Pagefactory_InSelenium.java:44)
at webdriver_demo.SA33_Pagefactory_InSelenium.quitBrowser(SA33_Pagefactory_InSelenium.java:44)
at webdriver_demo.SA33_Pagefactory_InSelenium.quitBrowser(SA33_Pagefactory_InSelenium.java:44)
at webdriver_demo.SA33_Pagefactory_InSelenium.quitBrowser(SA33_Pagefactory_InSelenium.java:44)
at webdriver_demo.SA33_Pagefactory_InSelenium.quitBrowser(SA33_Pagefactory_InSelenium.java:44)
at webdriver_demo.SA33_Pagefactory_InSelenium.quitBrowser(SA33_Pagefactory_InSelenium.java:44)
at webdriver_demo.SA33_Pagefactory_InSelenium.quitBrowser(SA33_Pagefactory_InSelenium.java:44)
at webdriver_demo.SA33_Pagefactory_InSelenium.quitBrowser(SA33_Pagefactory_InSelenium.java:44)
at webdriver_demo.SA33_Pagefactory_InSelenium.quitBrowser(SA33_Pagefactory_InSelenium.java:44)
at webdriver_demo.SA33_Pagefactory_InSelenium.quitBrowser(SA33_Pagefactory_InSelenium.java:44)
at webdriver_demo.SA33_Pagefactory_InSelenium.quitBrowser(SA33_Pagefactory_InSelenium.java:44)
at webdriver_demo.SA33_Pagefactory_InSelenium.quitBrowser(SA33_Pagefactory_InSelenium.java:44)
at webdriver_demo.SA33_Pagefactory_InSelenium.quitBrowser(SA33_Pagefactory_InSelenium.java:44)
at webdriver_demo.SA33_Pagefactory_InSelenium.quitBrowser(SA33_Pagefactory_InSelenium.java:44)
at webdriver_demo.SA33_Pagefactory_InSelenium.quitBrowser(SA33_Pagefactory_InSelenium.java:44)
at webdriver_demo.SA33_Pagefactory_InSelenium.quitBrowser(SA33_Pagefactory_InSelenium.java:44)
at webdriver_demo.SA33_Pagefactory_InSelenium.quitBrowser(SA33_Pagefactory_InSelenium.java:44)
at webdriver_demo.SA33_Pagefactory_InSelenium.quitBrowser(SA33_Pagefactory_InSelenium.java:44)
at webdriver_demo.SA33_Pagefactory_InSelenium.quitBrowser(SA33_Pagefactory_InSelenium.java:44)
at webdriver_demo.SA33_Pagefactory_InSelenium.quitBrowser(SA33_Pagefactory_InSelenium.java:44)
at webdriver_demo.SA33_Pagefactory_InSelenium.quitBrowser(SA33_Pagefactory_InSelenium.java:44)
at webdriver_demo.SA33_Pagefactory_InSelenium.quitBrowser(SA33_Pagefactory_InSelenium.java:44)
at webdriver_demo.SA33_Pagefactory_InSelenium.quitBrowser(SA33_Pagefactory_InSelenium.java:44)
at webdriver_demo.SA33_Pagefactory_InSelenium.quitBrowser(SA33_Pagefactory_InSelenium.java:44)
at webdriver_demo.SA33_Pagefactory_InSelenium.quitBrowser(SA33_Pagefactory_InSelenium.java:44)
at webdriver_demo.SA33_Pagefactory_InSelenium.quitBrowser(SA33_Pagefactory_InSelenium.java:44)
at webdriver_demo.SA33_Pagefactory_InSelenium.quitBrowser(SA33_Pagefactory_InSelenium.java:44)
at webdriver_demo.SA33_Pagefactory_InSelenium.quitBrowser(SA33_Pagefactory_InSelenium.java:44)
at webdriver_demo.SA33_Pagefactory_InSelenium.quitBrowser(SA33_Pagefactory_InSelenium.java:44)
at webdriver_demo.SA33_Pagefactory_InSelenium.quitBrowser(SA33_Pagefactory_InSelenium.java:44)
at webdriver_demo.SA33_Pagefactory_InSelenium.quitBrowser(SA33_Pagefactory_InSelenium.java:44)
at webdriver_demo.SA33_Pagefactory_InSelenium.quitBrowser(SA33_Pagefactory_InSelenium.java:44)
at webdriver_demo.SA33_Pagefactory_InSelenium.quitBrowser(SA33_Pagefactory_InSelenium.java:44)
at webdriver_demo.SA33_Pagefactory_InSelenium.quitBrowser(SA33_Pagefactory_InSelenium.java:44)
at webdriver_demo.SA33_Pagefactory_InSelenium.quitBrowser(SA33_Pagefactory_InSelenium.java:44)
at webdriver_demo.SA33_Pagefactory_InSelenium.quitBrowser(SA33_Pagefactory_InSelenium.java:44)
at webdriver_demo.SA33_Pagefactory_InSelenium.quitBrowser(SA33_Pagefactory_InSelenium.java:44)
at webdriver_demo.SA33_Pagefactory_InSelenium.quitBrowser(SA33_Pagefactory_InSelenium.java:44)
at webdriver_demo.SA33_Pagefactory_InSelenium.quitBrowser(SA33_Pagefactory_InSelenium.java:44)
at webdriver_demo.SA33_Pagefactory_InSelenium.quitBrowser(SA33_Pagefactory_InSelenium.java:44)
at webdriver_demo.SA33_Pagefactory_InSelenium.quitBrowser(SA33_Pagefactory_InSelenium.java:44)
at webdriver_demo.SA33_Pagefactory_InSelenium.quitBrowser(SA33_Pagefactory_InSelenium.java:44)
at webdriver_demo.SA33_Pagefactory_InSelenium.quitBrowser(SA33_Pagefactory_InSelenium.java:44)
at webdriver_demo.SA33_Pagefactory_InSelenium.quitBrowser(SA33_Pagefactory_InSelenium.java:44)
at webdriver_demo.SA33_Pagefactory_InSelenium.quitBrowser(SA33_Pagefactory_InSelenium.java:44)
at webdriver_demo.SA33_Pagefactory_InSelenium.quitBrowser(SA33_Pagefactory_InSelenium.java:44)
at webdriver_demo.SA33_Pagefactory_InSelenium.quitBrowser(SA33_Pagefactory_InSelenium.java:44)
at webdriver_demo.SA33_Pagefactory_InSelenium.quitBrowser(SA33_Pagefactory_InSelenium.java:44)
at webdriver_demo.SA33_Pagefactory_InSelenium.quitBrowser(SA33_Pagefactory_InSelenium.java:44)
at webdriver_demo.SA33_Pagefactory_InSelenium.quitBrowser(SA33_Pagefactory_InSelenium.java:44)
at webdriver_demo.SA33_Pagefactory_InSelenium.quitBrowser(SA33_Pagefactory_InSelenium.java:44)
at webdriver_demo.SA33_Pagefactory_InSelenium.quitBrowser(SA33_Pagefactory_InSelenium.java:44)
at webdriver_demo.SA33_Pagefactory_InSelenium.quitBrowser(SA33_Pagefactory_InSelenium.java:44)
at webdriver_demo.SA33_Pagefactory_InSelenium.quitBrowser(SA33_Pagefactory_InSelenium.java:44)
at webdriver_demo.SA33_Pagefactory_InSelenium.quitBrowser(SA33_Pagefactory_InSelenium.java:44)
at webdriver_demo.SA33_Pagefactory_InSelenium.quitBrowser(SA33_Pagefactory_InSelenium.java:44)
at webdriver_demo.SA33_Pagefactory_InSelenium.quitBrowser(SA33_Pagefactory_InSelenium.java:44)
at webdriver_demo.SA33_Pagefactory_InSelenium.quitBrowser(SA33_Pagefactory_InSelenium.java:44)
at webdriver_demo.SA33_Pagefactory_InSelenium.quitBrowser(SA33_Pagefactory_InSelenium.java:44)
at webdriver_demo.SA33_Pagefactory_InSelenium.quitBrowser(SA33_Pagefactory_InSelenium.java:44)
at webdriver_demo.SA33_Pagefactory_InSelenium.quitBrowser(SA33_Pagefactory_InSelenium.java:44)
at webdriver_demo.SA33_Pagefactory_InSelenium.quitBrowser(SA33_Pagefactory_InSelenium.java:44)
at webdriver_demo.SA33_Pagefactory_InSelenium.quitBrowser(SA33_Pagefactory_InSelenium.java:44)
at webdriver_demo.SA33_Pagefactory_InSelenium.quitBrowser(SA33_Pagefactory_InSelenium.java:44)
at webdriver_demo.SA33_Pagefactory_InSelenium.quitBrowser(SA33_Pagefactory_InSelenium.java:44)
at webdriver_demo.SA33_Pagefactory_InSelenium.quitBrowser(SA33_Pagefactory_InSelenium.java:44)
at webdriver_demo.SA33_Pagefactory_InSelenium.quitBrowser(SA33_Pagefactory_InSelenium.java:44)
at webdriver_demo.SA33_Pagefactory_InSelenium.quitBrowser(SA33_Pagefactory_InSelenium.java:44)
at webdriver_demo.SA33_Pagefactory_InSelenium.quitBrowser(SA33_Pagefactory_InSelenium.java:44)
at webdriver_demo.SA33_Pagefactory_InSelenium.quitBrowser(SA33_Pagefactory_InSelenium.java:44)
at webdriver_demo.SA33_Pagefactory_InSelenium.quitBrowser(SA33_Pagefactory_InSelenium.java:44)
at webdriver_demo.SA33_Pagefactory_InSelenium.quitBrowser(SA33_Pagefactory_InSelenium.java:44)
at webdriver_demo.SA33_Pagefactory_InSelenium.quitBrowser(SA33_Pagefactory_InSelenium.java:44)
at webdriver_demo.SA33_Pagefactory_InSelenium.quitBrowser(SA33_Pagefactory_InSelenium.java:44)
at webdriver_demo.SA33_Pagefactory_InSelenium.quitBrowser(SA33_Pagefactory_InSelenium.java:44)
at webdriver_demo.SA33_Pagefactory_InSelenium.quitBrowser(SA33_Pagefactory_InSelenium.java:44)
at webdriver_demo.SA33_Pagefactory_InSelenium.quitBrowser(SA33_Pagefactory_InSelenium.java:44)
at webdriver_demo.SA33_Pagefactory_InSelenium.quitBrowser(SA33_Pagefactory_InSelenium.java:44)
at webdriver_demo.SA33_Pagefactory_InSelenium.quitBrowser(SA33_Pagefactory_InSelenium.java:44)
at webdriver_demo.SA33_Pagefactory_InSelenium.quitBrowser(SA33_Pagefactory_InSelenium.java:44)
at webdriver_demo.SA33_Pagefactory_InSelenium.quitBrowser(SA33_Pagefactory_InSelenium.java:44)
at webdriver_demo.SA33_Pagefactory_InSelenium.quitBrowser(SA33_Pagefactory_InSelenium.java:44)
at webdriver_demo.SA33_Pagefactory_InSelenium.quitBrowser(SA33_Pagefactory_InSelenium.java:44)
at webdriver_demo.SA33_Pagefactory_InSelenium.quitBrowser(SA33_Pagefactory_InSelenium.java:44)
at webdriver_demo.SA33_Pagefactory_InSelenium.quitBrowser(SA33_Pagefactory_InSelenium.java:44)
at webdriver_demo.SA33_Pagefactory_InSelenium.quitBrowser(SA33_Pagefactory_InSelenium.java:44)
at webdriver_demo.SA33_Pagefactory_InSelenium.quitBrowser(SA33_Pagefactory_InSelenium.java:44)
at webdriver_demo.SA33_Pagefactory_InSelenium.quitBrowser(SA33_Pagefactory_InSelenium.java:44)
at webdriver_demo.SA33_Pagefactory_InSelenium.quitBrowser(SA33_Pagefactory_InSelenium.java:44)
at webdriver_demo.SA33_Pagefactory_InSelenium.quitBrowser(SA33_Pagefactory_InSelenium.java:44)
at webdriver_demo.SA33_Pagefactory_InSelenium.quitBrowser(SA33_Pagefactory_InSelenium.java:44)
at webdriver_demo.SA33_Pagefactory_InSelenium.quitBrowser(SA33_Pagefactory_InSelenium.java:44)
at webdriver_demo.SA33_Pagefactory_InSelenium.quitBrowser(SA33_Pagefactory_InSelenium.java:44)
at webdriver_demo.SA33_Pagefactory_InSelenium.quitBrowser(SA33_Pagefactory_InSelenium.java:44)
at webdriver_demo.SA33_Pagefactory_InSelenium.quitBrowser(SA33_Pagefactory_InSelenium.java:44)
at webdriver_demo.SA33_Pagefactory_InSelenium.quitBrowser(SA33_Pagefactory_InSelenium.java:44)
at webdriver_demo.SA33_Pagefactory_InSelenium.quitBrowser(SA33_Pagefactory_InSelenium.java:44)
at webdriver_demo.SA33_Pagefactory_InSelenium.quitBrowser(SA33_Pagefactory_InSelenium.java:44)
at webdriver_demo.SA33_Pagefactory_InSelenium.quitBrowser(SA33_Pagefactory_InSelenium.java:44)
at webdriver_demo.SA33_Pagefactory_InSelenium.quitBrowser(SA33_Pagefactory_InSelenium.java:44)
at webdriver_demo.SA33_Pagefactory_InSelenium.quitBrowser(SA33_Pagefactory_InSelenium.java:44)
at webdriver_demo.SA33_Pagefactory_InSelenium.quitBrowser(SA33_Pagefactory_InSelenium.java:44)
at webdriver_demo.SA33_Pagefactory_InSelenium.quitBrowser(SA33_Pagefactory_InSelenium.java:44)
at webdriver_demo.SA33_Pagefactory_InSelenium.quitBrowser(SA33_Pagefactory_InSelenium.java:44)
at webdriver_demo.SA33_Pagefactory_InSelenium.quitBrowser(SA33_Pagefactory_InSelenium.java:44)
at webdriver_demo.SA33_Pagefactory_InSelenium.quitBrowser(SA33_Pagefactory_InSelenium.java:44)
at webdriver_demo.SA33_Pagefactory_InSelenium.quitBrowser(SA33_Pagefactory_InSelenium.java:44)
at webdriver_demo.SA33_Pagefactory_InSelenium.quitBrowser(SA33_Pagefactory_InSelenium.java:44)
at webdriver_demo.SA33_Pagefactory_InSelenium.quitBrowser(SA33_Pagefactory_InSelenium.java:44)
at webdriver_demo.SA33_Pagefactory_InSelenium.quitBrowser(SA33_Pagefactory_InSelenium.java:44)
at webdriver_demo.SA33_Pagefactory_InSelenium.quitBrowser(SA33_Pagefactory_InSelenium.java:44)
at webdriver_demo.SA33_Pagefactory_InSelenium.quitBrowser(SA33_Pagefactory_InSelenium.java:44)
at webdriver_demo.SA33_Pagefactory_InSelenium.quitBrowser(SA33_Pagefactory_InSelenium.java:44)
at webdriver_demo.SA33_Pagefactory_InSelenium.quitBrowser(SA33_Pagefactory_InSelenium.java:44)
at webdriver_demo.SA33_Pagefactory_InSelenium.quitBrowser(SA33_Pagefactory_InSelenium.java:44)
at webdriver_demo.SA33_Pagefactory_InSelenium.quitBrowser(SA33_Pagefactory_InSelenium.java:44)
at webdriver_demo.SA33_Pagefactory_InSelenium.quitBrowser(SA33_Pagefactory_InSelenium.java:44)
at webdriver_demo.SA33_Pagefactory_InSelenium.quitBrowser(SA33_Pagefactory_InSelenium.java:44)
at webdriver_demo.SA33_Pagefactory_InSelenium.quitBrowser(SA33_Pagefactory_InSelenium.java:44)
at webdriver_demo.SA33_Pagefactory_InSelenium.quitBrowser(SA33_Pagefactory_InSelenium.java:44)
at webdriver_demo.SA33_Pagefactory_InSelenium.quitBrowser(SA33_Pagefactory_InSelenium.java:44)
at webdriver_demo.SA33_Pagefactory_InSelenium.quitBrowser(SA33_Pagefactory_InSelenium.java:44)
at webdriver_demo.SA33_Pagefactory_InSelenium.quitBrowser(SA33_Pagefactory_InSelenium.java:44)
at webdriver_demo.SA33_Pagefactory_InSelenium.quitBrowser(SA33_Pagefactory_InSelenium.java:44)
at webdriver_demo.SA33_Pagefactory_InSelenium.quitBrowser(SA33_Pagefactory_InSelenium.java:44)
at webdriver_demo.SA33_Pagefactory_InSelenium.quitBrowser(SA33_Pagefactory_InSelenium.java:44)
at webdriver_demo.SA33_Pagefactory_InSelenium.quitBrowser(SA33_Pagefactory_InSelenium.java:44)
at webdriver_demo.SA33_Pagefactory_InSelenium.quitBrowser(SA33_Pagefactory_InSelenium.java:44)
at webdriver_demo.SA33_Pagefactory_InSelenium.quitBrowser(SA33_Pagefactory_InSelenium.java:44)
at webdriver_demo.SA33_Pagefactory_InSelenium.quitBrowser(SA33_Pagefactory_InSelenium.java:44)
at webdriver_demo.SA33_Pagefactory_InSelenium.quitBrowser(SA33_Pagefactory_InSelenium.java:44)
at webdriver_demo.SA33_Pagefactory_InSelenium.quitBrowser(SA33_Pagefactory_InSelenium.java:44)
at webdriver_demo.SA33_Pagefactory_InSelenium.quitBrowser(SA33_Pagefactory_InSelenium.java:44)
at webdriver_demo.SA33_Pagefactory_InSelenium.quitBrowser(SA33_Pagefactory_InSelenium.java:44)
at webdriver_demo.SA33_Pagefactory_InSelenium.quitBrowser(SA33_Pagefactory_InSelenium.java:44)
at webdriver_demo.SA33_Pagefactory_InSelenium.quitBrowser(SA33_Pagefactory_InSelenium.java:44)
at webdriver_demo.SA33_Pagefactory_InSelenium.quitBrowser(SA33_Pagefactory_InSelenium.java:44)
at webdriver_demo.SA33_Pagefactory_InSelenium.quitBrowser(SA33_Pagefactory_InSelenium.java:44)
at webdriver_demo.SA33_Pagefactory_InSelenium.quitBrowser(SA33_Pagefactory_InSelenium.java:44)
at webdriver_demo.SA33_Pagefactory_InSelenium.quitBrowser(SA33_Pagefactory_InSelenium.java:44)
at webdriver_demo.SA33_Pagefactory_InSelenium.quitBrowser(SA33_Pagefactory_InSelenium.java:44)
at webdriver_demo.SA33_Pagefactory_InSelenium.quitBrowser(SA33_Pagefactory_InSelenium.java:44)
at webdriver_demo.SA33_Pagefactory_InSelenium.quitBrowser(SA33_Pagefactory_InSelenium.java:44)
at webdriver_demo.SA33_Pagefactory_InSelenium.quitBrowser(SA33_Pagefactory_InSelenium.java:44)
at webdriver_demo.SA33_Pagefactory_InSelenium.quitBrowser(SA33_Pagefactory_InSelenium.java:44)
at webdriver_demo.SA33_Pagefactory_InSelenium.quitBrowser(SA33_Pagefactory_InSelenium.java:44)
at webdriver_demo.SA33_Pagefactory_InSelenium.quitBrowser(SA33_Pagefactory_InSelenium.java:44)
at webdriver_demo.SA33_Pagefactory_InSelenium.quitBrowser(SA33_Pagefactory_InSelenium.java:44)
at webdriver_demo.SA33_Pagefactory_InSelenium.quitBrowser(SA33_Pagefactory_InSelenium.java:44)
at webdriver_demo.SA33_Pagefactory_InSelenium.quitBrowser(SA33_Pagefactory_InSelenium.java:44)
at webdriver_demo.SA33_Pagefactory_InSelenium.quitBrowser(SA33_Pagefactory_InSelenium.java:44)
at webdriver_demo.SA33_Pagefactory_InSelenium.quitBrowser(SA33_Pagefactory_InSelenium.java:44)
at webdriver_demo.SA33_Pagefactory_InSelenium.quitBrowser(SA33_Pagefactory_InSelenium.java:44)
at webdriver_demo.SA33_Pagefactory_InSelenium.quitBrowser(SA33_Pagefactory_InSelenium.java:44)
at webdriver_demo.SA33_Pagefactory_InSelenium.quitBrowser(SA33_Pagefactory_InSelenium.java:44)
at webdriver_demo.SA33_Pagefactory_InSelenium.quitBrowser(SA33_Pagefactory_InSelenium.java:44)
at webdriver_demo.SA33_Pagefactory_InSelenium.quitBrowser(SA33_Pagefactory_InSelenium.java:44)
at webdriver_demo.SA33_Pagefactory_InSelenium.quitBrowser(SA33_Pagefactory_InSelenium.java:44)
at webdriver_demo.SA33_Pagefactory_InSelenium.quitBrowser(SA33_Pagefactory_InSelenium.java:44)
at webdriver_demo.SA33_Pagefactory_InSelenium.quitBrowser(SA33_Pagefactory_InSelenium.java:44)
at webdriver_demo.SA33_Pagefactory_InSelenium.quitBrowser(SA33_Pagefactory_InSelenium.java:44)
at webdriver_demo.SA33_Pagefactory_InSelenium.quitBrowser(SA33_Pagefactory_InSelenium.java:44)
at webdriver_demo.SA33_Pagefactory_InSelenium.quitBrowser(SA33_Pagefactory_InSelenium.java:44)
at webdriver_demo.SA33_Pagefactory_InSelenium.quitBrowser(SA33_Pagefactory_InSelenium.java:44)
at webdriver_demo.SA33_Pagefactory_InSelenium.quitBrowser(SA33_Pagefactory_InSelenium.java:44)
at webdriver_demo.SA33_Pagefactory_InSelenium.quitBrowser(SA33_Pagefactory_InSelenium.java:44)
at webdriver_demo.SA33_Pagefactory_InSelenium.quitBrowser(SA33_Pagefactory_InSelenium.java:44)
at webdriver_demo.SA33_Pagefactory_InSelenium.quitBrowser(SA33_Pagefactory_InSelenium.java:44)
at webdriver_demo.SA33_Pagefactory_InSelenium.quitBrowser(SA33_Pagefactory_InSelenium.java:44)
at webdriver_demo.SA33_Pagefactory_InSelenium.quitBrowser(SA33_Pagefactory_InSelenium.java:44)
at webdriver_demo.SA33_Pagefactory_InSelenium.quitBrowser(SA33_Pagefactory_InSelenium.java:44)
at webdriver_demo.SA33_Pagefactory_InSelenium.quitBrowser(SA33_Pagefactory_InSelenium.java:44)
at webdriver_demo.SA33_Pagefactory_InSelenium.quitBrowser(SA33_Pagefactory_InSelenium.java:44)
at webdriver_demo.SA33_Pagefactory_InSelenium.quitBrowser(SA33_Pagefactory_InSelenium.java:44)
at webdriver_demo.SA33_Pagefactory_InSelenium.quitBrowser(SA33_Pagefactory_InSelenium.java:44)
at webdriver_demo.SA33_Pagefactory_InSelenium.quitBrowser(SA33_Pagefactory_InSelenium.java:44)
at webdriver_demo.SA33_Pagefactory_InSelenium.quitBrowser(SA33_Pagefactory_InSelenium.java:44)
at webdriver_demo.SA33_Pagefactory_InSelenium.quitBrowser(SA33_Pagefactory_InSelenium.java:44)
at webdriver_demo.SA33_Pagefactory_InSelenium.quitBrowser(SA33_Pagefactory_InSelenium.java:44)
at webdriver_demo.SA33_Pagefactory_InSelenium.quitBrowser(SA33_Pagefactory_InSelenium.java:44)
at webdriver_demo.SA33_Pagefactory_InSelenium.quitBrowser(SA33_Pagefactory_InSelenium.java:44)
at webdriver_demo.SA33_Pagefactory_InSelenium.quitBrowser(SA33_Pagefactory_InSelenium.java:44)
at webdriver_demo.SA33_Pagefactory_InSelenium.quitBrowser(SA33_Pagefactory_InSelenium.java:44)
at webdriver_demo.SA33_Pagefactory_InSelenium.quitBrowser(SA33_Pagefactory_InSelenium.java:44)
at webdriver_demo.SA33_Pagefactory_InSelenium.quitBrowser(SA33_Pagefactory_InSelenium.java:44)
at webdriver_demo.SA33_Pagefactory_InSelenium.quitBrowser(SA33_Pagefactory_InSelenium.java:44)
at webdriver_demo.SA33_Pagefactory_InSelenium.quitBrowser(SA33_Pagefactory_InSelenium.java:44)
at webdriver_demo.SA33_Pagefactory_InSelenium.quitBrowser(SA33_Pagefactory_InSelenium.java:44)
at webdriver_demo.SA33_Pagefactory_InSelenium.quitBrowser(SA33_Pagefactory_InSelenium.java:44)
at webdriver_demo.SA33_Pagefactory_InSelenium.quitBrowser(SA33_Pagefactory_InSelenium.java:44)
at webdriver_demo.SA33_Pagefactory_InSelenium.quitBrowser(SA33_Pagefactory_InSelenium.java:44)
at webdriver_demo.SA33_Pagefactory_InSelenium.quitBrowser(SA33_Pagefactory_InSelenium.java:44)
at webdriver_demo.SA33_Pagefactory_InSelenium.quitBrowser(SA33_Pagefactory_InSelenium.java:44)
at webdriver_demo.SA33_Pagefactory_InSelenium.quitBrowser(SA33_Pagefactory_InSelenium.java:44)
at webdriver_demo.SA33_Pagefactory_InSelenium.quitBrowser(SA33_Pagefactory_InSelenium.java:44)
at webdriver_demo.SA33_Pagefactory_InSelenium.quitBrowser(SA33_Pagefactory_InSelenium.java:44)
at webdriver_demo.SA33_Pagefactory_InSelenium.quitBrowser(SA33_Pagefactory_InSelenium.java:44)
at webdriver_demo.SA33_Pagefactory_InSelenium.quitBrowser(SA33_Pagefactory_InSelenium.java:44)
at webdriver_demo.SA33_Pagefactory_InSelenium.quitBrowser(SA33_Pagefactory_InSelenium.java:44)
at webdriver_demo.SA33_Pagefactory_InSelenium.quitBrowser(SA33_Pagefactory_InSelenium.java:44)
at webdriver_demo.SA33_Pagefactory_InSelenium.quitBrowser(SA33_Pagefactory_InSelenium.java:44)
at webdriver_demo.SA33_Pagefactory_InSelenium.quitBrowser(SA33_Pagefactory_InSelenium.java:44)
at webdriver_demo.SA33_Pagefactory_InSelenium.quitBrowser(SA33_Pagefactory_InSelenium.java:44)
at webdriver_demo.SA33_Pagefactory_InSelenium.quitBrowser(SA33_Pagefactory_InSelenium.java:44)
at webdriver_demo.SA33_Pagefactory_InSelenium.quitBrowser(SA33_Pagefactory_InSelenium.java:44)
at webdriver_demo.SA33_Pagefactory_InSelenium.quitBrowser(SA33_Pagefactory_InSelenium.java:44)
at webdriver_demo.SA33_Pagefactory_InSelenium.quitBrowser(SA33_Pagefactory_InSelenium.java:44)
at webdriver_demo.SA33_Pagefactory_InSelenium.quitBrowser(SA33_Pagefactory_InSelenium.java:44)
at webdriver_demo.SA33_Pagefactory_InSelenium.quitBrowser(SA33_Pagefactory_InSelenium.java:44)
at webdriver_demo.SA33_Pagefactory_InSelenium.quitBrowser(SA33_Pagefactory_InSelenium.java:44)
at webdriver_demo.SA33_Pagefactory_InSelenium.quitBrowser(SA33_Pagefactory_InSelenium.java:44)
at webdriver_demo.SA33_Pagefactory_InSelenium.quitBrowser(SA33_Pagefactory_InSelenium.java:44)
at webdriver_demo.SA33_Pagefactory_InSelenium.quitBrowser(SA33_Pagefactory_InSelenium.java:44)
at webdriver_demo.SA33_Pagefactory_InSelenium.quitBrowser(SA33_Pagefactory_InSelenium.java:44)
at webdriver_demo.SA33_Pagefactory_InSelenium.quitBrowser(SA33_Pagefactory_InSelenium.java:44)
at webdriver_demo.SA33_Pagefactory_InSelenium.quitBrowser(SA33_Pagefactory_InSelenium.java:44)
at webdriver_demo.SA33_Pagefactory_InSelenium.quitBrowser(SA33_Pagefactory_InSelenium.java:44)
at webdriver_demo.SA33_Pagefactory_InSelenium.quitBrowser(SA33_Pagefactory_InSelenium.java:44)
at webdriver_demo.SA33_Pagefactory_InSelenium.quitBrowser(SA33_Pagefactory_InSelenium.java:44)
at webdriver_demo.SA33_Pagefactory_InSelenium.quitBrowser(SA33_Pagefactory_InSelenium.java:44)
at webdriver_demo.SA33_Pagefactory_InSelenium.quitBrowser(SA33_Pagefactory_InSelenium.java:44)
at webdriver_demo.SA33_Pagefactory_InSelenium.quitBrowser(SA33_Pagefactory_InSelenium.java:44)
at webdriver_demo.SA33_Pagefactory_InSelenium.quitBrowser(SA33_Pagefactory_InSelenium.java:44)
at webdriver_demo.SA33_Pagefactory_InSelenium.quitBrowser(SA33_Pagefactory_InSelenium.java:44)
at webdriver_demo.SA33_Pagefactory_InSelenium.quitBrowser(SA33_Pagefactory_InSelenium.java:44)
at webdriver_demo.SA33_Pagefactory_InSelenium.quitBrowser(SA33_Pagefactory_InSelenium.java:44)
at webdriver_demo.SA33_Pagefactory_InSelenium.quitBrowser(SA33_Pagefactory_InSelenium.java:44)
at webdriver_demo.SA33_Pagefactory_InSelenium.quitBrowser(SA33_Pagefactory_InSelenium.java:44)
at webdriver_demo.SA33_Pagefactory_InSelenium.quitBrowser(SA33_Pagefactory_InSelenium.java:44)
at webdriver_demo.SA33_Pagefactory_InSelenium.quitBrowser(SA33_Pagefactory_InSelenium.java:44)
at webdriver_demo.SA33_Pagefactory_InSelenium.quitBrowser(SA33_Pagefactory_InSelenium.java:44)
at webdriver_demo.SA33_Pagefactory_InSelenium.quitBrowser(SA33_Pagefactory_InSelenium.java:44)
at webdriver_demo.SA33_Pagefactory_InSelenium.quitBrowser(SA33_Pagefactory_InSelenium.java:44)
at webdriver_demo.SA33_Pagefactory_InSelenium.quitBrowser(SA33_Pagefactory_InSelenium.java:44)
at webdriver_demo.SA33_Pagefactory_InSelenium.quitBrowser(SA33_Pagefactory_InSelenium.java:44)
at webdriver_demo.SA33_Pagefactory_InSelenium.quitBrowser(SA33_Pagefactory_InSelenium.java:44)
at webdriver_demo.SA33_Pagefactory_InSelenium.quitBrowser(SA33_Pagefactory_InSelenium.java:44)
at webdriver_demo.SA33_Pagefactory_InSelenium.quitBrowser(SA33_Pagefactory_InSelenium.java:44)
at webdriver_demo.SA33_Pagefactory_InSelenium.quitBrowser(SA33_Pagefactory_InSelenium.java:44)
at webdriver_demo.SA33_Pagefactory_InSelenium.quitBrowser(SA33_Pagefactory_InSelenium.java:44)
at webdriver_demo.SA33_Pagefactory_InSelenium.quitBrowser(SA33_Pagefactory_InSelenium.java:44)
at webdriver_demo.SA33_Pagefactory_InSelenium.quitBrowser(SA33_Pagefactory_InSelenium.java:44)
at webdriver_demo.SA33_Pagefactory_InSelenium.quitBrowser(SA33_Pagefactory_InSelenium.java:44)
at webdriver_demo.SA33_Pagefactory_InSelenium.quitBrowser(SA33_Pagefactory_InSelenium.java:44)
at webdriver_demo.SA33_Pagefactory_InSelenium.quitBrowser(SA33_Pagefactory_InSelenium.java:44)
at webdriver_demo.SA33_Pagefactory_InSelenium.quitBrowser(SA33_Pagefactory_InSelenium.java:44)
at webdriver_demo.SA33_Pagefactory_InSelenium.quitBrowser(SA33_Pagefactory_InSelenium.java:44)
at webdriver_demo.SA33_Pagefactory_InSelenium.quitBrowser(SA33_Pagefactory_InSelenium.java:44)
at webdriver_demo.SA33_Pagefactory_InSelenium.quitBrowser(SA33_Pagefactory_InSelenium.java:44)
at webdriver_demo.SA33_Pagefactory_InSelenium.quitBrowser(SA33_Pagefactory_InSelenium.java:44)
at webdriver_demo.SA33_Pagefactory_InSelenium.quitBrowser(SA33_Pagefactory_InSelenium.java:44)
at webdriver_demo.SA33_Pagefactory_InSelenium.quitBrowser(SA33_Pagefactory_InSelenium.java:44)
at webdriver_demo.SA33_Pagefactory_InSelenium.quitBrowser(SA33_Pagefactory_InSelenium.java:44)
at webdriver_demo.SA33_Pagefactory_InSelenium.quitBrowser(SA33_Pagefactory_InSelenium.java:44)
at webdriver_demo.SA33_Pagefactory_InSelenium.quitBrowser(SA33_Pagefactory_InSelenium.java:44)
at webdriver_demo.SA33_Pagefactory_InSelenium.quitBrowser(SA33_Pagefactory_InSelenium.java:44)
at webdriver_demo.SA33_Pagefactory_InSelenium.quitBrowser(SA33_Pagefactory_InSelenium.java:44)
at webdriver_demo.SA33_Pagefactory_InSelenium.quitBrowser(SA33_Pagefactory_InSelenium.java:44)
at webdriver_demo.SA33_Pagefactory_InSelenium.quitBrowser(SA33_Pagefactory_InSelenium.java:44)
at webdriver_demo.SA33_Pagefactory_InSelenium.quitBrowser(SA33_Pagefactory_InSelenium.java:44)
at webdriver_demo.SA33_Pagefactory_InSelenium.quitBrowser(SA33_Pagefactory_InSelenium.java:44)
at webdriver_demo.SA33_Pagefactory_InSelenium.quitBrowser(SA33_Pagefactory_InSelenium.java:44)
at webdriver_demo.SA33_Pagefactory_InSelenium.quitBrowser(SA33_Pagefactory_InSelenium.java:44)
at webdriver_demo.SA33_Pagefactory_InSelenium.quitBrowser(SA33_Pagefactory_InSelenium.java:44)
at webdriver_demo.SA33_Pagefactory_InSelenium.quitBrowser(SA33_Pagefactory_InSelenium.java:44)
at webdriver_demo.SA33_Pagefactory_InSelenium.quitBrowser(SA33_Pagefactory_InSelenium.java:44)
at webdriver_demo.SA33_Pagefactory_InSelenium.quitBrowser(SA33_Pagefactory_InSelenium.java:44)
at webdriver_demo.SA33_Pagefactory_InSelenium.quitBrowser(SA33_Pagefactory_InSelenium.java:44)
at webdriver_demo.SA33_Pagefactory_InSelenium.quitBrowser(SA33_Pagefactory_InSelenium.java:44)
at webdriver_demo.SA33_Pagefactory_InSelenium.quitBrowser(SA33_Pagefactory_InSelenium.java:44)
at webdriver_demo.SA33_Pagefactory_InSelenium.quitBrowser(SA33_Pagefactory_InSelenium.java:44)
at webdriver_demo.SA33_Pagefactory_InSelenium.quitBrowser(SA33_Pagefactory_InSelenium.java:44)
at webdriver_demo.SA33_Pagefactory_InSelenium.quitBrowser(SA33_Pagefactory_InSelenium.java:44)
at webdriver_demo.SA33_Pagefactory_InSelenium.quitBrowser(SA33_Pagefactory_InSelenium.java:44)
at webdriver_demo.SA33_Pagefactory_InSelenium.quitBrowser(SA33_Pagefactory_InSelenium.java:44)
at webdriver_demo.SA33_Pagefactory_InSelenium.quitBrowser(SA33_Pagefactory_InSelenium.java:44)
at webdriver_demo.SA33_Pagefactory_InSelenium.quitBrowser(SA33_Pagefactory_InSelenium.java:44)
at webdriver_demo.SA33_Pagefactory_InSelenium.quitBrowser(SA33_Pagefactory_InSelenium.java:44)
at webdriver_demo.SA33_Pagefactory_InSelenium.quitBrowser(SA33_Pagefactory_InSelenium.java:44)
at webdriver_demo.SA33_Pagefactory_InSelenium.quitBrowser(SA33_Pagefactory_InSelenium.java:44)
at webdriver_demo.SA33_Pagefactory_InSelenium.quitBrowser(SA33_Pagefactory_InSelenium.java:44)
at webdriver_demo.SA33_Pagefactory_InSelenium.quitBrowser(SA33_Pagefactory_InSelenium.java:44)
at webdriver_demo.SA33_Pagefactory_InSelenium.quitBrowser(SA33_Pagefactory_InSelenium.java:44)
at webdriver_demo.SA33_Pagefactory_InSelenium.quitBrowser(SA33_Pagefactory_InSelenium.java:44)
at webdriver_demo.SA33_Pagefactory_InSelenium.quitBrowser(SA33_Pagefactory_InSelenium.java:44)
at webdriver_demo.SA33_Pagefactory_InSelenium.quitBrowser(SA33_Pagefactory_InSelenium.java:44)
at webdriver_demo.SA33_Pagefactory_InSelenium.quitBrowser(SA33_Pagefactory_InSelenium.java:44)
at webdriver_demo.SA33_Pagefactory_InSelenium.quitBrowser(SA33_Pagefactory_InSelenium.java:44)
at webdriver_demo.SA33_Pagefactory_InSelenium.quitBrowser(SA33_Pagefactory_InSelenium.java:44)
at webdriver_demo.SA33_Pagefactory_InSelenium.quitBrowser(SA33_Pagefactory_InSelenium.java:44)
at webdriver_demo.SA33_Pagefactory_InSelenium.quitBrowser(SA33_Pagefactory_InSelenium.java:44)
at webdriver_demo.SA33_Pagefactory_InSelenium.quitBrowser(SA33_Pagefactory_InSelenium.java:44)
at webdriver_demo.SA33_Pagefactory_InSelenium.quitBrowser(SA33_Pagefactory_InSelenium.java:44)
at webdriver_demo.SA33_Pagefactory_InSelenium.quitBrowser(SA33_Pagefactory_InSelenium.java:44)
at webdriver_demo.SA33_Pagefactory_InSelenium.quitBrowser(SA33_Pagefactory_InSelenium.java:44)
at webdriver_demo.SA33_Pagefactory_InSelenium.quitBrowser(SA33_Pagefactory_InSelenium.java:44)
at webdriver_demo.SA33_Pagefactory_InSelenium.quitBrowser(SA33_Pagefactory_InSelenium.java:44)
at webdriver_demo.SA33_Pagefactory_InSelenium.quitBrowser(SA33_Pagefactory_InSelenium.java:44)
at webdriver_demo.SA33_Pagefactory_InSelenium.quitBrowser(SA33_Pagefactory_InSelenium.java:44)
at webdriver_demo.SA33_Pagefactory_InSelenium.quitBrowser(SA33_Pagefactory_InSelenium.java:44)
at webdriver_demo.SA33_Pagefactory_InSelenium.quitBrowser(SA33_Pagefactory_InSelenium.java:44)
at webdriver_demo.SA33_Pagefactory_InSelenium.quitBrowser(SA33_Pagefactory_InSelenium.java:44)
at webdriver_demo.SA33_Pagefactory_InSelenium.quitBrowser(SA33_Pagefactory_InSelenium.java:44)
at webdriver_demo.SA33_Pagefactory_InSelenium.quitBrowser(SA33_Pagefactory_InSelenium.java:44)
at webdriver_demo.SA33_Pagefactory_InSelenium.quitBrowser(SA33_Pagefactory_InSelenium.java:44)
]]>
    </error>
  </testcase> <!-- quitBrowser -->
</testsuite> <!-- webdriver_demo.SA33_Pagefactory_InSelenium -->
