<?xml version="1.0" encoding="UTF-8"?>
<!-- Generated by org.testng.reporters.JUnitReportReporter -->
<testsuite hostname="Nitins-MacBook-Pro.local" failures="0" tests="3" name="telecome_restAssured.telecom_project" time="89.732" errors="0" timestamp="2026-04-28T22:34:09 IST" skipped="0">
  <testcase classname="telecome_restAssured.telecom_project" name="AddNewUser" time="52.550"/>
  <system-out/>
  <testcase classname="telecome_restAssured.telecom_project" name="getProfile" time="2.223"/>
  <system-out/>
  <testcase classname="telecome_restAssured.telecom_project" name="updateProfile" time="34.959"/>
  <system-out/>
</testsuite> <!-- telecome_restAssured.telecom_project -->
