<?xml version="1.0" encoding="UTF-8"?>
<!-- Generated by org.testng.reporters.JUnitXMLReporter -->
<testsuite ignored="0" hostname="Nitins-MacBook-Pro.local" failures="0" tests="1" name="Default test" time="68.027" errors="0" timestamp="2026-03-06T21:12:27 IST">
  <testcase classname="webdriver_demo.SA33_Pagefactory_InSelenium" name="@AfterMethod quitBrowser" time="0.01">
    <failure type="java.lang.StackOverflowError">
      <![CDATA[java.lang.StackOverflowError
at webdriver_demo.SA33_Pagefactory_InSelenium.quitBrowser(SA33_Pagefactory_InSelenium.java:44)
at webdriver_demo.SA33_Pagefactory_InSelenium.quitBrowser(SA33_Pagefactory_InSelenium.java:44)
at webdriver_demo.SA33_Pagefactory_InSelenium.quitBrowser(SA33_Pagefactory_InSelenium.java:44)
at webdriver_demo.SA33_Pagefactory_InSelenium.quitBrowser(SA33_Pagefactory_InSelenium.java:44)
at webdriver_demo.SA33_Pagefactory_InSelenium.quitBrowser(SA33_Pagefactory_InSelenium.java:44)
at webdriver_demo.SA33_Pagefactory_InSelenium.quitBrowser(SA33_Pagefactory_InSelenium.java:44)
at webdriver_demo.SA33_Pagefactory_InSelenium.quitBrowser(SA33_Pagefactory_InSelenium.java:44)
at webdriver_demo.SA33_Pagefactory_InSelenium.quitBrowser(SA33_Pagefactory_InSelenium.java:44)
at webdriver_demo.SA33_Pagefactory_InSelenium.quitBrowser(SA33_Pagefactory_InSelenium.java:44)
at webdriver_demo.SA33_Pagefactory_InSelenium.quitBrowser(SA33_Pagefactory_InSelenium.java:44)
at webdriver_demo.SA33_Pagefactory_InSelenium.quitBrowser(SA33_Pagefactory_InSelenium.java:44)
at webdriver_demo.SA33_Pagefactory_InSelenium.quitBrowser(SA33_Pagefactory_InSelenium.java:44)
at webdriver_demo.SA33_Pagefactory_InSelenium.quitBrowser(SA33_Pagefactory_InSelenium.java:44)
at webdriver_demo.SA33_Pagefactory_InSelenium.quitBrowser(SA33_Pagefactory_InSelenium.java:44)
at webdriver_demo.SA33_Pagefactory_InSelenium.quitBrowser(SA33_Pagefactory_InSelenium.java:44)
at webdriver_demo.SA33_Pagefactory_InSelenium.quitBrowser(SA33_Pagefactory_InSelenium.java:44)
at webdriver_demo.SA33_Pagefactory_InSelenium.quitBrowser(SA33_Pagefactory_InSelenium.java:44)
at webdriver_demo.SA33_Pagefactory_InSelenium.quitBrowser(SA33_Pagefactory_InSelenium.java:44)
at webdriver_demo.SA33_Pagefactory_InSelenium.quitBrowser(SA33_Pagefactory_InSelenium.java:44)
at webdriver_demo.SA33_Pagefactory_InSelenium.quitBrowser(SA33_Pagefactory_InSelenium.java:44)
at webdriver_demo.SA33_Pagefactory_InSelenium.quitBrowser(SA33_Pagefactory_InSelenium.java:44)
at webdriver_demo.SA33_Pagefactory_InSelenium.quitBrowser(SA33_Pagefactory_InSelenium.java:44)
at webdriver_demo.SA33_Pagefactory_InSelenium.quitBrowser(SA33_Pagefactory_InSelenium.java:44)
at webdriver_demo.SA33_Pagefactory_InSelenium.quitBrowser(SA33_Pagefactory_InSelenium.java:44)
at webdriver_demo.SA33_Pagefactory_InSelenium.quitBrowser(SA33_Pagefactory_InSelenium.java:44)
at webdriver_demo.SA33_Pagefactory_InSelenium.quitBrowser(SA33_Pagefactory_InSelenium.java:44)
at webdriver_demo.SA33_Pagefactory_InSelenium.quitBrowser(SA33_Pagefactory_InSelenium.java:44)
at webdriver_demo.SA33_Pagefactory_InSelenium.quitBrowser(SA33_Pagefactory_InSelenium.java:44)
at webdriver_demo.SA33_Pagefactory_InSelenium.quitBrowser(SA33_Pagefactory_InSelenium.java:44)
at webdriver_demo.SA33_Pagefactory_InSelenium.quitBrowser(SA33_Pagefactory_InSelenium.java:44)
at webdriver_demo.SA33_Pagefactory_InSelenium.quitBrowser(SA33_Pagefactory_InSelenium.java:44)
at webdriver_demo.SA33_Pagefactory_InSelenium.quitBrowser(SA33_Pagefactory_InSelenium.java:44)
at webdriver_demo.SA33_Pagefactory_InSelenium.quitBrowser(SA33_Pagefactory_InSelenium.java:44)
at webdriver_demo.SA33_Pagefactory_InSelenium.quitBrowser(SA33_Pagefactory_InSelenium.java:44)
at webdriver_demo.SA33_Pagefactory_InSelenium.quitBrowser(SA33_Pagefactory_InSelenium.java:44)
at webdriver_demo.SA33_Pagefactory_InSelenium.quitBrowser(SA33_Pagefactory_InSelenium.java:44)
at webdriver_demo.SA33_Pagefactory_InSelenium.quitBrowser(SA33_Pagefactory_InSelenium.java:44)
at webdriver_demo.SA33_Pagefactory_InSelenium.quitBrowser(SA33_Pagefactory_InSelenium.java:44)
at webdriver_demo.SA33_Pagefactory_InSelenium.quitBrowser(SA33_Pagefactory_InSelenium.java:44)
at webdriver_demo.SA33_Pagefactory_InSelenium.quitBrowser(SA33_Pagefactory_InSelenium.java:44)
at webdriver_demo.SA33_Pagefactory_InSelenium.quitBrowser(SA33_Pagefactory_InSelenium.java:44)
at webdriver_demo.SA33_Pagefactory_InSelenium.quitBrowser(SA33_Pagefactory_InSelenium.java:44)
at webdriver_demo.SA33_Pagefactory_InSelenium.quitBrowser(SA33_Pagefactory_InSelenium.java:44)
at webdriver_demo.SA33_Pagefactory_InSelenium.quitBrowser(SA33_Pagefactory_InSelenium.java:44)
at webdriver_demo.SA33_Pagefactory_InSelenium.quitBrowser(SA33_Pagefactory_InSelenium.java:44)
at webdriver_demo.SA33_Pagefactory_InSelenium.quitBrowser(SA33_Pagefactory_InSelenium.java:44)
at webdriver_demo.SA33_Pagefactory_InSelenium.quitBrowser(SA33_Pagefactory_InSelenium.java:44)
at webdriver_demo.SA33_Pagefactory_InSelenium.quitBrowser(SA33_Pagefactory_InSelenium.java:44)
at webdriver_demo.SA33_Pagefactory_InSelenium.quitBrowser(SA33_Pagefactory_InSelenium.java:44)
at webdriver_demo.SA33_Pagefactory_InSelenium.quitBrowser(SA33_Pagefactory_InSelenium.java:44)
at webdriver_demo.SA33_Pagefactory_InSelenium.quitBrowser(SA33_Pagefactory_InSelenium.java:44)
at webdriver_demo.SA33_Pagefactory_InSelenium.quitBrowser(SA33_Pagefactory_InSelenium.java:44)
at webdriver_demo.SA33_Pagefactory_InSelenium.quitBrowser(SA33_Pagefactory_InSelenium.java:44)
at webdriver_demo.SA33_Pagefactory_InSelenium.quitBrowser(SA33_Pagefactory_InSelenium.java:44)
at webdriver_demo.SA33_Pagefactory_InSelenium.quitBrowser(SA33_Pagefactory_InSelenium.java:44)
at webdriver_demo.SA33_Pagefactory_InSelenium.quitBrowser(SA33_Pagefactory_InSelenium.java:44)
at webdriver_demo.SA33_Pagefactory_InSelenium.quitBrowser(SA33_Pagefactory_InSelenium.java:44)
at webdriver_demo.SA33_Pagefactory_InSelenium.quitBrowser(SA33_Pagefactory_InSelenium.java:44)
at webdriver_demo.SA33_Pagefactory_InSelenium.quitBrowser(SA33_Pagefactory_InSelenium.java:44)
at webdriver_demo.SA33_Pagefactory_InSelenium.quitBrowser(SA33_Pagefactory_InSelenium.java:44)
at webdriver_demo.SA33_Pagefactory_InSelenium.quitBrowser(SA33_Pagefactory_InSelenium.java:44)
at webdriver_demo.SA33_Pagefactory_InSelenium.quitBrowser(SA33_Pagefactory_InSelenium.java:44)
at webdriver_demo.SA33_Pagefactory_InSelenium.quitBrowser(SA33_Pagefactory_InSelenium.java:44)
at webdriver_demo.SA33_Pagefactory_InSelenium.quitBrowser(SA33_Pagefactory_InSelenium.java:44)
at webdriver_demo.SA33_Pagefactory_InSelenium.quitBrowser(SA33_Pagefactory_InSelenium.java:44)
at webdriver_demo.SA33_Pagefactory_InSelenium.quitBrowser(SA33_Pagefactory_InSelenium.java:44)
at webdriver_demo.SA33_Pagefactory_InSelenium.quitBrowser(SA33_Pagefactory_InSelenium.java:44)
at webdriver_demo.SA33_Pagefactory_InSelenium.quitBrowser(SA33_Pagefactory_InSelenium.java:44)
at webdriver_demo.SA33_Pagefactory_InSelenium.quitBrowser(SA33_Pagefactory_InSelenium.java:44)
at webdriver_demo.SA33_Pagefactory_InSelenium.quitBrowser(SA33_Pagefactory_InSelenium.java:44)
at webdriver_demo.SA33_Pagefactory_InSelenium.quitBrowser(SA33_Pagefactory_InSelenium.java:44)
at webdriver_demo.SA33_Pagefactory_InSelenium.quitBrowser(SA33_Pagefactory_InSelenium.java:44)
at webdriver_demo.SA33_Pagefactory_InSelenium.quitBrowser(SA33_Pagefactory_InSelenium.java:44)
at webdriver_demo.SA33_Pagefactory_InSelenium.quitBrowser(SA33_Pagefactory_InSelenium.java:44)
at webdriver_demo.SA33_Pagefactory_InSelenium.quitBrowser(SA33_Pagefactory_InSelenium.java:44)
at webdriver_demo.SA33_Pagefactory_InSelenium.quitBrowser(SA33_Pagefactory_InSelenium.java:44)
at webdriver_demo.SA33_Pagefactory_InSelenium.quitBrowser(SA33_Pagefactory_InSelenium.java:44)
at webdriver_demo.SA33_Pagefactory_InSelenium.quitBrowser(SA33_Pagefactory_InSelenium.java:44)
at webdriver_demo.SA33_Pagefactory_InSelenium.quitBrowser(SA33_Pagefactory_InSelenium.java:44)
at webdriver_demo.SA33_Pagefactory_InSelenium.quitBrowser(SA33_Pagefactory_InSelenium.java:44)
at webdriver_demo.SA33_Pagefactory_InSelenium.quitBrowser(SA33_Pagefactory_InSelenium.java:44)
at webdriver_demo.SA33_Pagefactory_InSelenium.quitBrowser(SA33_Pagefactory_InSelenium.java:44)
at webdriver_demo.SA33_Pagefactory_InSelenium.quitBrowser(SA33_Pagefactory_InSelenium.java:44)
at webdriver_demo.SA33_Pagefactory_InSelenium.quitBrowser(SA33_Pagefactory_InSelenium.java:44)
at webdriver_demo.SA33_Pagefactory_InSelenium.quitBrowser(SA33_Pagefactory_InSelenium.java:44)
at webdriver_demo.SA33_Pagefactory_InSelenium.quitBrowser(SA33_Pagefactory_InSelenium.java:44)
at webdriver_demo.SA33_Pagefactory_InSelenium.quitBrowser(SA33_Pagefactory_InSelenium.java:44)
at webdriver_demo.SA33_Pagefactory_InSelenium.quitBrowser(SA33_Pagefactory_InSelenium.java:44)
at webdriver_demo.SA33_Pagefactory_InSelenium.quitBrowser(SA33_Pagefactory_InSelenium.java:44)
at webdriver_demo.SA33_Pagefactory_InSelenium.quitBrowser(SA33_Pagefactory_InSelenium.java:44)
at webdriver_demo.SA33_Pagefactory_InSelenium.quitBrowser(SA33_Pagefactory_InSelenium.java:44)
at webdriver_demo.SA33_Pagefactory_InSelenium.quitBrowser(SA33_Pagefactory_InSelenium.java:44)
at webdriver_demo.SA33_Pagefactory_InSelenium.quitBrowser(SA33_Pagefactory_InSelenium.java:44)
at webdriver_demo.SA33_Pagefactory_InSelenium.quitBrowser(SA33_Pagefactory_InSelenium.java:44)
at webdriver_demo.SA33_Pagefactory_InSelenium.quitBrowser(SA33_Pagefactory_InSelenium.java:44)
at webdriver_demo.SA33_Pagefactory_InSelenium.quitBrowser(SA33_Pagefactory_InSelenium.java:44)
at webdriver_demo.SA33_Pagefactory_InSelenium.quitBrowser(SA33_Pagefactory_InSelenium.java:44)
at webdriver_demo.SA33_Pagefactory_InSelenium.quitBrowser(SA33_Pagefactory_InSelenium.java:44)
at webdriver_demo.SA33_Pagefactory_InSelenium.quitBrowser(SA33_Pagefactory_InSelenium.java:44)
at webdriver_demo.SA33_Pagefactory_InSelenium.quitBrowser(SA33_Pagefactory_InSelenium.java:44)
at webdriver_demo.SA33_Pagefactory_InSelenium.quitBrowser(SA33_Pagefactory_InSelenium.java:44)
at webdriver_demo.SA33_Pagefactory_InSelenium.quitBrowser(SA33_Pagefactory_InSelenium.java:44)
at webdriver_demo.SA33_Pagefactory_InSelenium.quitBrowser(SA33_Pagefactory_InSelenium.java:44)
at webdriver_demo.SA33_Pagefactory_InSelenium.quitBrowser(SA33_Pagefactory_InSelenium.java:44)
at webdriver_demo.SA33_Pagefactory_InSelenium.quitBrowser(SA33_Pagefactory_InSelenium.java:44)
at webdriver_demo.SA33_Pagefactory_InSelenium.quitBrowser(SA33_Pagefactory_InSelenium.java:44)
at webdriver_demo.SA33_Pagefactory_InSelenium.quitBrowser(SA33_Pagefactory_InSelenium.java:44)
at webdriver_demo.SA33_Pagefactory_InSelenium.quitBrowser(SA33_Pagefactory_InSelenium.java:44)
at webdriver_demo.SA33_Pagefactory_InSelenium.quitBrowser(SA33_Pagefactory_InSelenium.java:44)
at webdriver_demo.SA33_Pagefactory_InSelenium.quitBrowser(SA33_Pagefactory_InSelenium.java:44)
at webdriver_demo.SA33_Pagefactory_InSelenium.quitBrowser(SA33_Pagefactory_InSelenium.java:44)
at webdriver_demo.SA33_Pagefactory_InSelenium.quitBrowser(SA33_Pagefactory_InSelenium.java:44)
at webdriver_demo.SA33_Pagefactory_InSelenium.quitBrowser(SA33_Pagefactory_InSelenium.java:44)
at webdriver_demo.SA33_Pagefactory_InSelenium.quitBrowser(SA33_Pagefactory_InSelenium.java:44)
at webdriver_demo.SA33_Pagefactory_InSelenium.quitBrowser(SA33_Pagefactory_InSelenium.java:44)
at webdriver_demo.SA33_Pagefactory_InSelenium.quitBrowser(SA33_Pagefactory_InSelenium.java:44)
at webdriver_demo.SA33_Pagefactory_InSelenium.quitBrowser(SA33_Pagefactory_InSelenium.java:44)
at webdriver_demo.SA33_Pagefactory_InSelenium.quitBrowser(SA33_Pagefactory_InSelenium.java:44)
at webdriver_demo.SA33_Pagefactory_InSelenium.quitBrowser(SA33_Pagefactory_InSelenium.java:44)
at webdriver_demo.SA33_Pagefactory_InSelenium.quitBrowser(SA33_Pagefactory_InSelenium.java:44)
at webdriver_demo.SA33_Pagefactory_InSelenium.quitBrowser(SA33_Pagefactory_InSelenium.java:44)
at webdriver_demo.SA33_Pagefactory_InSelenium.quitBrowser(SA33_Pagefactory_InSelenium.java:44)
at webdriver_demo.SA33_Pagefactory_InSelenium.quitBrowser(SA33_Pagefactory_InSelenium.java:44)
at webdriver_demo.SA33_Pagefactory_InSelenium.quitBrowser(SA33_Pagefactory_InSelenium.java:44)
at webdriver_demo.SA33_Pagefactory_InSelenium.quitBrowser(SA33_Pagefactory_InSelenium.java:44)
at webdriver_demo.SA33_Pagefactory_InSelenium.quitBrowser(SA33_Pagefactory_InSelenium.java:44)
at webdriver_demo.SA33_Pagefactory_InSelenium.quitBrowser(SA33_Pagefactory_InSelenium.java:44)
at webdriver_demo.SA33_Pagefactory_InSelenium.quitBrowser(SA33_Pagefactory_InSelenium.java:44)
at webdriver_demo.SA33_Pagefactory_InSelenium.quitBrowser(SA33_Pagefactory_InSelenium.java:44)
at webdriver_demo.SA33_Pagefactory_InSelenium.quitBrowser(SA33_Pagefactory_InSelenium.java:44)
at webdriver_demo.SA33_Pagefactory_InSelenium.quitBrowser(SA33_Pagefactory_InSelenium.java:44)
at webdriver_demo.SA33_Pagefactory_InSelenium.quitBrowser(SA33_Pagefactory_InSelenium.java:44)
at webdriver_demo.SA33_Pagefactory_InSelenium.quitBrowser(SA33_Pagefactory_InSelenium.java:44)
at webdriver_demo.SA33_Pagefactory_InSelenium.quitBrowser(SA33_Pagefactory_InSelenium.java:44)
at webdriver_demo.SA33_Pagefactory_InSelenium.quitBrowser(SA33_Pagefactory_InSelenium.java:44)
at webdriver_demo.SA33_Pagefactory_InSelenium.quitBrowser(SA33_Pagefactory_InSelenium.java:44)
at webdriver_demo.SA33_Pagefactory_InSelenium.quitBrowser(SA33_Pagefactory_InSelenium.java:44)
at webdriver_demo.SA33_Pagefactory_InSelenium.quitBrowser(SA33_Pagefactory_InSelenium.java:44)
at webdriver_demo.SA33_Pagefactory_InSelenium.quitBrowser(SA33_Pagefactory_InSelenium.java:44)
at webdriver_demo.SA33_Pagefactory_InSelenium.quitBrowser(SA33_Pagefactory_InSelenium.java:44)
at webdriver_demo.SA33_Pagefactory_InSelenium.quitBrowser(SA33_Pagefactory_InSelenium.java:44)
at webdriver_demo.SA33_Pagefactory_InSelenium.quitBrowser(SA33_Pagefactory_InSelenium.java:44)
at webdriver_demo.SA33_Pagefactory_InSelenium.quitBrowser(SA33_Pagefactory_InSelenium.java:44)
at webdriver_demo.SA33_Pagefactory_InSelenium.quitBrowser(SA33_Pagefactory_InSelenium.java:44)
at webdriver_demo.SA33_Pagefactory_InSelenium.quitBrowser(SA33_Pagefactory_InSelenium.java:44)
at webdriver_demo.SA33_Pagefactory_InSelenium.quitBrowser(SA33_Pagefactory_InSelenium.java:44)
at webdriver_demo.SA33_Pagefactory_InSelenium.quitBrowser(SA33_Pagefactory_InSelenium.java:44)
at webdriver_demo.SA33_Pagefactory_InSelenium.quitBrowser(SA33_Pagefactory_InSelenium.java:44)
at webdriver_demo.SA33_Pagefactory_InSelenium.quitBrowser(SA33_Pagefactory_InSelenium.java:44)
at webdriver_demo.SA33_Pagefactory_InSelenium.quitBrowser(SA33_Pagefactory_InSelenium.java:44)
at webdriver_demo.SA33_Pagefactory_InSelenium.quitBrowser(SA33_Pagefactory_InSelenium.java:44)
at webdriver_demo.SA33_Pagefactory_InSelenium.quitBrowser(SA33_Pagefactory_InSelenium.java:44)
at webdriver_demo.SA33_Pagefactory_InSelenium.quitBrowser(SA33_Pagefactory_InSelenium.java:44)
at webdriver_demo.SA33_Pagefactory_InSelenium.quitBrowser(SA33_Pagefactory_InSelenium.java:44)
at webdriver_demo.SA33_Pagefactory_InSelenium.quitBrowser(SA33_Pagefactory_InSelenium.java:44)
at webdriver_demo.SA33_Pagefactory_InSelenium.quitBrowser(SA33_Pagefactory_InSelenium.java:44)
at webdriver_demo.SA33_Pagefactory_InSelenium.quitBrowser(SA33_Pagefactory_InSelenium.java:44)
at webdriver_demo.SA33_Pagefactory_InSelenium.quitBrowser(SA33_Pagefactory_InSelenium.java:44)
at webdriver_demo.SA33_Pagefactory_InSelenium.quitBrowser(SA33_Pagefactory_InSelenium.java:44)
at webdriver_demo.SA33_Pagefactory_InSelenium.quitBrowser(SA33_Pagefactory_InSelenium.java:44)
at webdriver_demo.SA33_Pagefactory_InSelenium.quitBrowser(SA33_Pagefactory_InSelenium.java:44)
at webdriver_demo.SA33_Pagefactory_InSelenium.quitBrowser(SA33_Pagefactory_InSelenium.java:44)
at webdriver_demo.SA33_Pagefactory_InSelenium.quitBrowser(SA33_Pagefactory_InSelenium.java:44)
at webdriver_demo.SA33_Pagefactory_InSelenium.quitBrowser(SA33_Pagefactory_InSelenium.java:44)
at webdriver_demo.SA33_Pagefactory_InSelenium.quitBrowser(SA33_Pagefactory_InSelenium.java:44)
at webdriver_demo.SA33_Pagefactory_InSelenium.quitBrowser(SA33_Pagefactory_InSelenium.java:44)
at webdriver_demo.SA33_Pagefactory_InSelenium.quitBrowser(SA33_Pagefactory_InSelenium.java:44)
at webdriver_demo.SA33_Pagefactory_InSelenium.quitBrowser(SA33_Pagefactory_InSelenium.java:44)
at webdriver_demo.SA33_Pagefactory_InSelenium.quitBrowser(SA33_Pagefactory_InSelenium.java:44)
at webdriver_demo.SA33_Pagefactory_InSelenium.quitBrowser(SA33_Pagefactory_InSelenium.java:44)
at webdriver_demo.SA33_Pagefactory_InSelenium.quitBrowser(SA33_Pagefactory_InSelenium.java:44)
at webdriver_demo.SA33_Pagefactory_InSelenium.quitBrowser(SA33_Pagefactory_InSelenium.java:44)
at webdriver_demo.SA33_Pagefactory_InSelenium.quitBrowser(SA33_Pagefactory_InSelenium.java:44)
at webdriver_demo.SA33_Pagefactory_InSelenium.quitBrowser(SA33_Pagefactory_InSelenium.java:44)
at webdriver_demo.SA33_Pagefactory_InSelenium.quitBrowser(SA33_Pagefactory_InSelenium.java:44)
at webdriver_demo.SA33_Pagefactory_InSelenium.quitBrowser(SA33_Pagefactory_InSelenium.java:44)
at webdriver_demo.SA33_Pagefactory_InSelenium.quitBrowser(SA33_Pagefactory_InSelenium.java:44)
at webdriver_demo.SA33_Pagefactory_InSelenium.quitBrowser(SA33_Pagefactory_InSelenium.java:44)
at webdriver_demo.SA33_Pagefactory_InSelenium.quitBrowser(SA33_Pagefactory_InSelenium.java:44)
at webdriver_demo.SA33_Pagefactory_InSelenium.quitBrowser(SA33_Pagefactory_InSelenium.java:44)
at webdriver_demo.SA33_Pagefactory_InSelenium.quitBrowser(SA33_Pagefactory_InSelenium.java:44)
at webdriver_demo.SA33_Pagefactory_InSelenium.quitBrowser(SA33_Pagefactory_InSelenium.java:44)
at webdriver_demo.SA33_Pagefactory_InSelenium.quitBrowser(SA33_Pagefactory_InSelenium.java:44)
at webdriver_demo.SA33_Pagefactory_InSelenium.quitBrowser(SA33_Pagefactory_InSelenium.java:44)
at webdriver_demo.SA33_Pagefactory_InSelenium.quitBrowser(SA33_Pagefactory_InSelenium.java:44)
at webdriver_demo.SA33_Pagefactory_InSelenium.quitBrowser(SA33_Pagefactory_InSelenium.java:44)
at webdriver_demo.SA33_Pagefactory_InSelenium.quitBrowser(SA33_Pagefactory_InSelenium.java:44)
at webdriver_demo.SA33_Pagefactory_InSelenium.quitBrowser(SA33_Pagefactory_InSelenium.java:44)
at webdriver_demo.SA33_Pagefactory_InSelenium.quitBrowser(SA33_Pagefactory_InSelenium.java:44)
at webdriver_demo.SA33_Pagefactory_InSelenium.quitBrowser(SA33_Pagefactory_InSelenium.java:44)
at webdriver_demo.SA33_Pagefactory_InSelenium.quitBrowser(SA33_Pagefactory_InSelenium.java:44)
at webdriver_demo.SA33_Pagefactory_InSelenium.quitBrowser(SA33_Pagefactory_InSelenium.java:44)
at webdriver_demo.SA33_Pagefactory_InSelenium.quitBrowser(SA33_Pagefactory_InSelenium.java:44)
at webdriver_demo.SA33_Pagefactory_InSelenium.quitBrowser(SA33_Pagefactory_InSelenium.java:44)
at webdriver_demo.SA33_Pagefactory_InSelenium.quitBrowser(SA33_Pagefactory_InSelenium.java:44)
at webdriver_demo.SA33_Pagefactory_InSelenium.quitBrowser(SA33_Pagefactory_InSelenium.java:44)
at webdriver_demo.SA33_Pagefactory_InSelenium.quitBrowser(SA33_Pagefactory_InSelenium.java:44)
at webdriver_demo.SA33_Pagefactory_InSelenium.quitBrowser(SA33_Pagefactory_InSelenium.java:44)
at webdriver_demo.SA33_Pagefactory_InSelenium.quitBrowser(SA33_Pagefactory_InSelenium.java:44)
at webdriver_demo.SA33_Pagefactory_InSelenium.quitBrowser(SA33_Pagefactory_InSelenium.java:44)
at webdriver_demo.SA33_Pagefactory_InSelenium.quitBrowser(SA33_Pagefactory_InSelenium.java:44)
at webdriver_demo.SA33_Pagefactory_InSelenium.quitBrowser(SA33_Pagefactory_InSelenium.java:44)
at webdriver_demo.SA33_Pagefactory_InSelenium.quitBrowser(SA33_Pagefactory_InSelenium.java:44)
at webdriver_demo.SA33_Pagefactory_InSelenium.quitBrowser(SA33_Pagefactory_InSelenium.java:44)
at webdriver_demo.SA33_Pagefactory_InSelenium.quitBrowser(SA33_Pagefactory_InSelenium.java:44)
at webdriver_demo.SA33_Pagefactory_InSelenium.quitBrowser(SA33_Pagefactory_InSelenium.java:44)
at webdriver_demo.SA33_Pagefactory_InSelenium.quitBrowser(SA33_Pagefactory_InSelenium.java:44)
at webdriver_demo.SA33_Pagefactory_InSelenium.quitBrowser(SA33_Pagefactory_InSelenium.java:44)
at webdriver_demo.SA33_Pagefactory_InSelenium.quitBrowser(SA33_Pagefactory_InSelenium.java:44)
at webdriver_demo.SA33_Pagefactory_InSelenium.quitBrowser(SA33_Pagefactory_InSelenium.java:44)
at webdriver_demo.SA33_Pagefactory_InSelenium.quitBrowser(SA33_Pagefactory_InSelenium.java:44)
at webdriver_demo.SA33_Pagefactory_InSelenium.quitBrowser(SA33_Pagefactory_InSelenium.java:44)
at webdriver_demo.SA33_Pagefactory_InSelenium.quitBrowser(SA33_Pagefactory_InSelenium.java:44)
at webdriver_demo.SA33_Pagefactory_InSelenium.quitBrowser(SA33_Pagefactory_InSelenium.java:44)
at webdriver_demo.SA33_Pagefactory_InSelenium.quitBrowser(SA33_Pagefactory_InSelenium.java:44)
at webdriver_demo.SA33_Pagefactory_InSelenium.quitBrowser(SA33_Pagefactory_InSelenium.java:44)
at webdriver_demo.SA33_Pagefactory_InSelenium.quitBrowser(SA33_Pagefactory_InSelenium.java:44)
at webdriver_demo.SA33_Pagefactory_InSelenium.quitBrowser(SA33_Pagefactory_InSelenium.java:44)
at webdriver_demo.SA33_Pagefactory_InSelenium.quitBrowser(SA33_Pagefactory_InSelenium.java:44)
at webdriver_demo.SA33_Pagefactory_InSelenium.quitBrowser(SA33_Pagefactory_InSelenium.java:44)
at webdriver_demo.SA33_Pagefactory_InSelenium.quitBrowser(SA33_Pagefactory_InSelenium.java:44)
at webdriver_demo.SA33_Pagefactory_InSelenium.quitBrowser(SA33_Pagefactory_InSelenium.java:44)
at webdriver_demo.SA33_Pagefactory_InSelenium.quitBrowser(SA33_Pagefactory_InSelenium.java:44)
at webdriver_demo.SA33_Pagefactory_InSelenium.quitBrowser(SA33_Pagefactory_InSelenium.java:44)
at webdriver_demo.SA33_Pagefactory_InSelenium.quitBrowser(SA33_Pagefactory_InSelenium.java:44)
at webdriver_demo.SA33_Pagefactory_InSelenium.quitBrowser(SA33_Pagefactory_InSelenium.java:44)
at webdriver_demo.SA33_Pagefactory_InSelenium.quitBrowser(SA33_Pagefactory_InSelenium.java:44)
at webdriver_demo.SA33_Pagefactory_InSelenium.quitBrowser(SA33_Pagefactory_InSelenium.java:44)
at webdriver_demo.SA33_Pagefactory_InSelenium.quitBrowser(SA33_Pagefactory_InSelenium.java:44)
at webdriver_demo.SA33_Pagefactory_InSelenium.quitBrowser(SA33_Pagefactory_InSelenium.java:44)
at webdriver_demo.SA33_Pagefactory_InSelenium.quitBrowser(SA33_Pagefactory_InSelenium.java:44)
at webdriver_demo.SA33_Pagefactory_InSelenium.quitBrowser(SA33_Pagefactory_InSelenium.java:44)
at webdriver_demo.SA33_Pagefactory_InSelenium.quitBrowser(SA33_Pagefactory_InSelenium.java:44)
at webdriver_demo.SA33_Pagefactory_InSelenium.quitBrowser(SA33_Pagefactory_InSelenium.java:44)
at webdriver_demo.SA33_Pagefactory_InSelenium.quitBrowser(SA33_Pagefactory_InSelenium.java:44)
at webdriver_demo.SA33_Pagefactory_InSelenium.quitBrowser(SA33_Pagefactory_InSelenium.java:44)
at webdriver_demo.SA33_Pagefactory_InSelenium.quitBrowser(SA33_Pagefactory_InSelenium.java:44)
at webdriver_demo.SA33_Pagefactory_InSelenium.quitBrowser(SA33_Pagefactory_InSelenium.java:44)
at webdriver_demo.SA33_Pagefactory_InSelenium.quitBrowser(SA33_Pagefactory_InSelenium.java:44)
at webdriver_demo.SA33_Pagefactory_InSelenium.quitBrowser(SA33_Pagefactory_InSelenium.java:44)
at webdriver_demo.SA33_Pagefactory_InSelenium.quitBrowser(SA33_Pagefactory_InSelenium.java:44)
at webdriver_demo.SA33_Pagefactory_InSelenium.quitBrowser(SA33_Pagefactory_InSelenium.java:44)
at webdriver_demo.SA33_Pagefactory_InSelenium.quitBrowser(SA33_Pagefactory_InSelenium.java:44)
at webdriver_demo.SA33_Pagefactory_InSelenium.quitBrowser(SA33_Pagefactory_InSelenium.java:44)
at webdriver_demo.SA33_Pagefactory_InSelenium.quitBrowser(SA33_Pagefactory_InSelenium.java:44)
at webdriver_demo.SA33_Pagefactory_InSelenium.quitBrowser(SA33_Pagefactory_InSelenium.java:44)
at webdriver_demo.SA33_Pagefactory_InSelenium.quitBrowser(SA33_Pagefactory_InSelenium.java:44)
at webdriver_demo.SA33_Pagefactory_InSelenium.quitBrowser(SA33_Pagefactory_InSelenium.java:44)
at webdriver_demo.SA33_Pagefactory_InSelenium.quitBrowser(SA33_Pagefactory_InSelenium.java:44)
at webdriver_demo.SA33_Pagefactory_InSelenium.quitBrowser(SA33_Pagefactory_InSelenium.java:44)
at webdriver_demo.SA33_Pagefactory_InSelenium.quitBrowser(SA33_Pagefactory_InSelenium.java:44)
at webdriver_demo.SA33_Pagefactory_InSelenium.quitBrowser(SA33_Pagefactory_InSelenium.java:44)
at webdriver_demo.SA33_Pagefactory_InSelenium.quitBrowser(SA33_Pagefactory_InSelenium.java:44)
at webdriver_demo.SA33_Pagefactory_InSelenium.quitBrowser(SA33_Pagefactory_InSelenium.java:44)
at webdriver_demo.SA33_Pagefactory_InSelenium.quitBrowser(SA33_Pagefactory_InSelenium.java:44)
at webdriver_demo.SA33_Pagefactory_InSelenium.quitBrowser(SA33_Pagefactory_InSelenium.java:44)
at webdriver_demo.SA33_Pagefactory_InSelenium.quitBrowser(SA33_Pagefactory_InSelenium.java:44)
at webdriver_demo.SA33_Pagefactory_InSelenium.quitBrowser(SA33_Pagefactory_InSelenium.java:44)
at webdriver_demo.SA33_Pagefactory_InSelenium.quitBrowser(SA33_Pagefactory_InSelenium.java:44)
at webdriver_demo.SA33_Pagefactory_InSelenium.quitBrowser(SA33_Pagefactory_InSelenium.java:44)
at webdriver_demo.SA33_Pagefactory_InSelenium.quitBrowser(SA33_Pagefactory_InSelenium.java:44)
at webdriver_demo.SA33_Pagefactory_InSelenium.quitBrowser(SA33_Pagefactory_InSelenium.java:44)
at webdriver_demo.SA33_Pagefactory_InSelenium.quitBrowser(SA33_Pagefactory_InSelenium.java:44)
at webdriver_demo.SA33_Pagefactory_InSelenium.quitBrowser(SA33_Pagefactory_InSelenium.java:44)
at webdriver_demo.SA33_Pagefactory_InSelenium.quitBrowser(SA33_Pagefactory_InSelenium.java:44)
at webdriver_demo.SA33_Pagefactory_InSelenium.quitBrowser(SA33_Pagefactory_InSelenium.java:44)
at webdriver_demo.SA33_Pagefactory_InSelenium.quitBrowser(SA33_Pagefactory_InSelenium.java:44)
at webdriver_demo.SA33_Pagefactory_InSelenium.quitBrowser(SA33_Pagefactory_InSelenium.java:44)
at webdriver_demo.SA33_Pagefactory_InSelenium.quitBrowser(SA33_Pagefactory_InSelenium.java:44)
at webdriver_demo.SA33_Pagefactory_InSelenium.quitBrowser(SA33_Pagefactory_InSelenium.java:44)
at webdriver_demo.SA33_Pagefactory_InSelenium.quitBrowser(SA33_Pagefactory_InSelenium.java:44)
at webdriver_demo.SA33_Pagefactory_InSelenium.quitBrowser(SA33_Pagefactory_InSelenium.java:44)
at webdriver_demo.SA33_Pagefactory_InSelenium.quitBrowser(SA33_Pagefactory_InSelenium.java:44)
at webdriver_demo.SA33_Pagefactory_InSelenium.quitBrowser(SA33_Pagefactory_InSelenium.java:44)
at webdriver_demo.SA33_Pagefactory_InSelenium.quitBrowser(SA33_Pagefactory_InSelenium.java:44)
at webdriver_demo.SA33_Pagefactory_InSelenium.quitBrowser(SA33_Pagefactory_InSelenium.java:44)
at webdriver_demo.SA33_Pagefactory_InSelenium.quitBrowser(SA33_Pagefactory_InSelenium.java:44)
at webdriver_demo.SA33_Pagefactory_InSelenium.quitBrowser(SA33_Pagefactory_InSelenium.java:44)
at webdriver_demo.SA33_Pagefactory_InSelenium.quitBrowser(SA33_Pagefactory_InSelenium.java:44)
at webdriver_demo.SA33_Pagefactory_InSelenium.quitBrowser(SA33_Pagefactory_InSelenium.java:44)
at webdriver_demo.SA33_Pagefactory_InSelenium.quitBrowser(SA33_Pagefactory_InSelenium.java:44)
at webdriver_demo.SA33_Pagefactory_InSelenium.quitBrowser(SA33_Pagefactory_InSelenium.java:44)
at webdriver_demo.SA33_Pagefactory_InSelenium.quitBrowser(SA33_Pagefactory_InSelenium.java:44)
at webdriver_demo.SA33_Pagefactory_InSelenium.quitBrowser(SA33_Pagefactory_InSelenium.java:44)
at webdriver_demo.SA33_Pagefactory_InSelenium.quitBrowser(SA33_Pagefactory_InSelenium.java:44)
at webdriver_demo.SA33_Pagefactory_InSelenium.quitBrowser(SA33_Pagefactory_InSelenium.java:44)
at webdriver_demo.SA33_Pagefactory_InSelenium.quitBrowser(SA33_Pagefactory_InSelenium.java:44)
at webdriver_demo.SA33_Pagefactory_InSelenium.quitBrowser(SA33_Pagefactory_InSelenium.java:44)
at webdriver_demo.SA33_Pagefactory_InSelenium.quitBrowser(SA33_Pagefactory_InSelenium.java:44)
at webdriver_demo.SA33_Pagefactory_InSelenium.quitBrowser(SA33_Pagefactory_InSelenium.java:44)
at webdriver_demo.SA33_Pagefactory_InSelenium.quitBrowser(SA33_Pagefactory_InSelenium.java:44)
at webdriver_demo.SA33_Pagefactory_InSelenium.quitBrowser(SA33_Pagefactory_InSelenium.java:44)
at webdriver_demo.SA33_Pagefactory_InSelenium.quitBrowser(SA33_Pagefactory_InSelenium.java:44)
at webdriver_demo.SA33_Pagefactory_InSelenium.quitBrowser(SA33_Pagefactory_InSelenium.java:44)
at webdriver_demo.SA33_Pagefactory_InSelenium.quitBrowser(SA33_Pagefactory_InSelenium.java:44)
at webdriver_demo.SA33_Pagefactory_InSelenium.quitBrowser(SA33_Pagefactory_InSelenium.java:44)
at webdriver_demo.SA33_Pagefactory_InSelenium.quitBrowser(SA33_Pagefactory_InSelenium.java:44)
at webdriver_demo.SA33_Pagefactory_InSelenium.quitBrowser(SA33_Pagefactory_InSelenium.java:44)
at webdriver_demo.SA33_Pagefactory_InSelenium.quitBrowser(SA33_Pagefactory_InSelenium.java:44)
at webdriver_demo.SA33_Pagefactory_InSelenium.quitBrowser(SA33_Pagefactory_InSelenium.java:44)
at webdriver_demo.SA33_Pagefactory_InSelenium.quitBrowser(SA33_Pagefactory_InSelenium.java:44)
at webdriver_demo.SA33_Pagefactory_InSelenium.quitBrowser(SA33_Pagefactory_InSelenium.java:44)
at webdriver_demo.SA33_Pagefactory_InSelenium.quitBrowser(SA33_Pagefactory_InSelenium.java:44)
at webdriver_demo.SA33_Pagefactory_InSelenium.quitBrowser(SA33_Pagefactory_InSelenium.java:44)
at webdriver_demo.SA33_Pagefactory_InSelenium.quitBrowser(SA33_Pagefactory_InSelenium.java:44)
at webdriver_demo.SA33_Pagefactory_InSelenium.quitBrowser(SA33_Pagefactory_InSelenium.java:44)
at webdriver_demo.SA33_Pagefactory_InSelenium.quitBrowser(SA33_Pagefactory_InSelenium.java:44)
at webdriver_demo.SA33_Pagefactory_InSelenium.quitBrowser(SA33_Pagefactory_InSelenium.java:44)
at webdriver_demo.SA33_Pagefactory_InSelenium.quitBrowser(SA33_Pagefactory_InSelenium.java:44)
at webdriver_demo.SA33_Pagefactory_InSelenium.quitBrowser(SA33_Pagefactory_InSelenium.java:44)
at webdriver_demo.SA33_Pagefactory_InSelenium.quitBrowser(SA33_Pagefactory_InSelenium.java:44)
at webdriver_demo.SA33_Pagefactory_InSelenium.quitBrowser(SA33_Pagefactory_InSelenium.java:44)
at webdriver_demo.SA33_Pagefactory_InSelenium.quitBrowser(SA33_Pagefactory_InSelenium.java:44)
at webdriver_demo.SA33_Pagefactory_InSelenium.quitBrowser(SA33_Pagefactory_InSelenium.java:44)
at webdriver_demo.SA33_Pagefactory_InSelenium.quitBrowser(SA33_Pagefactory_InSelenium.java:44)
at webdriver_demo.SA33_Pagefactory_InSelenium.quitBrowser(SA33_Pagefactory_InSelenium.java:44)
at webdriver_demo.SA33_Pagefactory_InSelenium.quitBrowser(SA33_Pagefactory_InSelenium.java:44)
at webdriver_demo.SA33_Pagefactory_InSelenium.quitBrowser(SA33_Pagefactory_InSelenium.java:44)
at webdriver_demo.SA33_Pagefactory_InSelenium.quitBrowser(SA33_Pagefactory_InSelenium.java:44)
at webdriver_demo.SA33_Pagefactory_InSelenium.quitBrowser(SA33_Pagefactory_InSelenium.java:44)
at webdriver_demo.SA33_Pagefactory_InSelenium.quitBrowser(SA33_Pagefactory_InSelenium.java:44)
at webdriver_demo.SA33_Pagefactory_InSelenium.quitBrowser(SA33_Pagefactory_InSelenium.java:44)
at webdriver_demo.SA33_Pagefactory_InSelenium.quitBrowser(SA33_Pagefactory_InSelenium.java:44)
at webdriver_demo.SA33_Pagefactory_InSelenium.quitBrowser(SA33_Pagefactory_InSelenium.java:44)
at webdriver_demo.SA33_Pagefactory_InSelenium.quitBrowser(SA33_Pagefactory_InSelenium.java:44)
at webdriver_demo.SA33_Pagefactory_InSelenium.quitBrowser(SA33_Pagefactory_InSelenium.java:44)
at webdriver_demo.SA33_Pagefactory_InSelenium.quitBrowser(SA33_Pagefactory_InSelenium.java:44)
at webdriver_demo.SA33_Pagefactory_InSelenium.quitBrowser(SA33_Pagefactory_InSelenium.java:44)
at webdriver_demo.SA33_Pagefactory_InSelenium.quitBrowser(SA33_Pagefactory_InSelenium.java:44)
at webdriver_demo.SA33_Pagefactory_InSelenium.quitBrowser(SA33_Pagefactory_InSelenium.java:44)
at webdriver_demo.SA33_Pagefactory_InSelenium.quitBrowser(SA33_Pagefactory_InSelenium.java:44)
at webdriver_demo.SA33_Pagefactory_InSelenium.quitBrowser(SA33_Pagefactory_InSelenium.java:44)
at webdriver_demo.SA33_Pagefactory_InSelenium.quitBrowser(SA33_Pagefactory_InSelenium.java:44)
at webdriver_demo.SA33_Pagefactory_InSelenium.quitBrowser(SA33_Pagefactory_InSelenium.java:44)
at webdriver_demo.SA33_Pagefactory_InSelenium.quitBrowser(SA33_Pagefactory_InSelenium.java:44)
at webdriver_demo.SA33_Pagefactory_InSelenium.quitBrowser(SA33_Pagefactory_InSelenium.java:44)
at webdriver_demo.SA33_Pagefactory_InSelenium.quitBrowser(SA33_Pagefactory_InSelenium.java:44)
at webdriver_demo.SA33_Pagefactory_InSelenium.quitBrowser(SA33_Pagefactory_InSelenium.java:44)
at webdriver_demo.SA33_Pagefactory_InSelenium.quitBrowser(SA33_Pagefactory_InSelenium.java:44)
at webdriver_demo.SA33_Pagefactory_InSelenium.quitBrowser(SA33_Pagefactory_InSelenium.java:44)
at webdriver_demo.SA33_Pagefactory_InSelenium.quitBrowser(SA33_Pagefactory_InSelenium.java:44)
at webdriver_demo.SA33_Pagefactory_InSelenium.quitBrowser(SA33_Pagefactory_InSelenium.java:44)
at webdriver_demo.SA33_Pagefactory_InSelenium.quitBrowser(SA33_Pagefactory_InSelenium.java:44)
at webdriver_demo.SA33_Pagefactory_InSelenium.quitBrowser(SA33_Pagefactory_InSelenium.java:44)
at webdriver_demo.SA33_Pagefactory_InSelenium.quitBrowser(SA33_Pagefactory_InSelenium.java:44)
at webdriver_demo.SA33_Pagefactory_InSelenium.quitBrowser(SA33_Pagefactory_InSelenium.java:44)
at webdriver_demo.SA33_Pagefactory_InSelenium.quitBrowser(SA33_Pagefactory_InSelenium.java:44)
at webdriver_demo.SA33_Pagefactory_InSelenium.quitBrowser(SA33_Pagefactory_InSelenium.java:44)
at webdriver_demo.SA33_Pagefactory_InSelenium.quitBrowser(SA33_Pagefactory_InSelenium.java:44)
at webdriver_demo.SA33_Pagefactory_InSelenium.quitBrowser(SA33_Pagefactory_InSelenium.java:44)
at webdriver_demo.SA33_Pagefactory_InSelenium.quitBrowser(SA33_Pagefactory_InSelenium.java:44)
at webdriver_demo.SA33_Pagefactory_InSelenium.quitBrowser(SA33_Pagefactory_InSelenium.java:44)
at webdriver_demo.SA33_Pagefactory_InSelenium.quitBrowser(SA33_Pagefactory_InSelenium.java:44)
at webdriver_demo.SA33_Pagefactory_InSelenium.quitBrowser(SA33_Pagefactory_InSelenium.java:44)
at webdriver_demo.SA33_Pagefactory_InSelenium.quitBrowser(SA33_Pagefactory_InSelenium.java:44)
at webdriver_demo.SA33_Pagefactory_InSelenium.quitBrowser(SA33_Pagefactory_InSelenium.java:44)
at webdriver_demo.SA33_Pagefactory_InSelenium.quitBrowser(SA33_Pagefactory_InSelenium.java:44)
at webdriver_demo.SA33_Pagefactory_InSelenium.quitBrowser(SA33_Pagefactory_InSelenium.java:44)
at webdriver_demo.SA33_Pagefactory_InSelenium.quitBrowser(SA33_Pagefactory_InSelenium.java:44)
at webdriver_demo.SA33_Pagefactory_InSelenium.quitBrowser(SA33_Pagefactory_InSelenium.java:44)
at webdriver_demo.SA33_Pagefactory_InSelenium.quitBrowser(SA33_Pagefactory_InSelenium.java:44)
at webdriver_demo.SA33_Pagefactory_InSelenium.quitBrowser(SA33_Pagefactory_InSelenium.java:44)
at webdriver_demo.SA33_Pagefactory_InSelenium.quitBrowser(SA33_Pagefactory_InSelenium.java:44)
at webdriver_demo.SA33_Pagefactory_InSelenium.quitBrowser(SA33_Pagefactory_InSelenium.java:44)
at webdriver_demo.SA33_Pagefactory_InSelenium.quitBrowser(SA33_Pagefactory_InSelenium.java:44)
at webdriver_demo.SA33_Pagefactory_InSelenium.quitBrowser(SA33_Pagefactory_InSelenium.java:44)
at webdriver_demo.SA33_Pagefactory_InSelenium.quitBrowser(SA33_Pagefactory_InSelenium.java:44)
at webdriver_demo.SA33_Pagefactory_InSelenium.quitBrowser(SA33_Pagefactory_InSelenium.java:44)
at webdriver_demo.SA33_Pagefactory_InSelenium.quitBrowser(SA33_Pagefactory_InSelenium.java:44)
at webdriver_demo.SA33_Pagefactory_InSelenium.quitBrowser(SA33_Pagefactory_InSelenium.java:44)
at webdriver_demo.SA33_Pagefactory_InSelenium.quitBrowser(SA33_Pagefactory_InSelenium.java:44)
at webdriver_demo.SA33_Pagefactory_InSelenium.quitBrowser(SA33_Pagefactory_InSelenium.java:44)
at webdriver_demo.SA33_Pagefactory_InSelenium.quitBrowser(SA33_Pagefactory_InSelenium.java:44)
at webdriver_demo.SA33_Pagefactory_InSelenium.quitBrowser(SA33_Pagefactory_InSelenium.java:44)
at webdriver_demo.SA33_Pagefactory_InSelenium.quitBrowser(SA33_Pagefactory_InSelenium.java:44)
at webdriver_demo.SA33_Pagefactory_InSelenium.quitBrowser(SA33_Pagefactory_InSelenium.java:44)
at webdriver_demo.SA33_Pagefactory_InSelenium.quitBrowser(SA33_Pagefactory_InSelenium.java:44)
at webdriver_demo.SA33_Pagefactory_InSelenium.quitBrowser(SA33_Pagefactory_InSelenium.java:44)
at webdriver_demo.SA33_Pagefactory_InSelenium.quitBrowser(SA33_Pagefactory_InSelenium.java:44)
at webdriver_demo.SA33_Pagefactory_InSelenium.quitBrowser(SA33_Pagefactory_InSelenium.java:44)
at webdriver_demo.SA33_Pagefactory_InSelenium.quitBrowser(SA33_Pagefactory_InSelenium.java:44)
at webdriver_demo.SA33_Pagefactory_InSelenium.quitBrowser(SA33_Pagefactory_InSelenium.java:44)
at webdriver_demo.SA33_Pagefactory_InSelenium.quitBrowser(SA33_Pagefactory_InSelenium.java:44)
at webdriver_demo.SA33_Pagefactory_InSelenium.quitBrowser(SA33_Pagefactory_InSelenium.java:44)
at webdriver_demo.SA33_Pagefactory_InSelenium.quitBrowser(SA33_Pagefactory_InSelenium.java:44)
at webdriver_demo.SA33_Pagefactory_InSelenium.quitBrowser(SA33_Pagefactory_InSelenium.java:44)
at webdriver_demo.SA33_Pagefactory_InSelenium.quitBrowser(SA33_Pagefactory_InSelenium.java:44)
at webdriver_demo.SA33_Pagefactory_InSelenium.quitBrowser(SA33_Pagefactory_InSelenium.java:44)
at webdriver_demo.SA33_Pagefactory_InSelenium.quitBrowser(SA33_Pagefactory_InSelenium.java:44)
at webdriver_demo.SA33_Pagefactory_InSelenium.quitBrowser(SA33_Pagefactory_InSelenium.java:44)
at webdriver_demo.SA33_Pagefactory_InSelenium.quitBrowser(SA33_Pagefactory_InSelenium.java:44)
at webdriver_demo.SA33_Pagefactory_InSelenium.quitBrowser(SA33_Pagefactory_InSelenium.java:44)
at webdriver_demo.SA33_Pagefactory_InSelenium.quitBrowser(SA33_Pagefactory_InSelenium.java:44)
at webdriver_demo.SA33_Pagefactory_InSelenium.quitBrowser(SA33_Pagefactory_InSelenium.java:44)
at webdriver_demo.SA33_Pagefactory_InSelenium.quitBrowser(SA33_Pagefactory_InSelenium.java:44)
at webdriver_demo.SA33_Pagefactory_InSelenium.quitBrowser(SA33_Pagefactory_InSelenium.java:44)
at webdriver_demo.SA33_Pagefactory_InSelenium.quitBrowser(SA33_Pagefactory_InSelenium.java:44)
at webdriver_demo.SA33_Pagefactory_InSelenium.quitBrowser(SA33_Pagefactory_InSelenium.java:44)
at webdriver_demo.SA33_Pagefactory_InSelenium.quitBrowser(SA33_Pagefactory_InSelenium.java:44)
at webdriver_demo.SA33_Pagefactory_InSelenium.quitBrowser(SA33_Pagefactory_InSelenium.java:44)
at webdriver_demo.SA33_Pagefactory_InSelenium.quitBrowser(SA33_Pagefactory_InSelenium.java:44)
at webdriver_demo.SA33_Pagefactory_InSelenium.quitBrowser(SA33_Pagefactory_InSelenium.java:44)
at webdriver_demo.SA33_Pagefactory_InSelenium.quitBrowser(SA33_Pagefactory_InSelenium.java:44)
at webdriver_demo.SA33_Pagefactory_InSelenium.quitBrowser(SA33_Pagefactory_InSelenium.java:44)
at webdriver_demo.SA33_Pagefactory_InSelenium.quitBrowser(SA33_Pagefactory_InSelenium.java:44)
at webdriver_demo.SA33_Pagefactory_InSelenium.quitBrowser(SA33_Pagefactory_InSelenium.java:44)
at webdriver_demo.SA33_Pagefactory_InSelenium.quitBrowser(SA33_Pagefactory_InSelenium.java:44)
at webdriver_demo.SA33_Pagefactory_InSelenium.quitBrowser(SA33_Pagefactory_InSelenium.java:44)
at webdriver_demo.SA33_Pagefactory_InSelenium.quitBrowser(SA33_Pagefactory_InSelenium.java:44)
at webdriver_demo.SA33_Pagefactory_InSelenium.quitBrowser(SA33_Pagefactory_InSelenium.java:44)
at webdriver_demo.SA33_Pagefactory_InSelenium.quitBrowser(SA33_Pagefactory_InSelenium.java:44)
at webdriver_demo.SA33_Pagefactory_InSelenium.quitBrowser(SA33_Pagefactory_InSelenium.java:44)
at webdriver_demo.SA33_Pagefactory_InSelenium.quitBrowser(SA33_Pagefactory_InSelenium.java:44)
at webdriver_demo.SA33_Pagefactory_InSelenium.quitBrowser(SA33_Pagefactory_InSelenium.java:44)
at webdriver_demo.SA33_Pagefactory_InSelenium.quitBrowser(SA33_Pagefactory_InSelenium.java:44)
at webdriver_demo.SA33_Pagefactory_InSelenium.quitBrowser(SA33_Pagefactory_InSelenium.java:44)
at webdriver_demo.SA33_Pagefactory_InSelenium.quitBrowser(SA33_Pagefactory_InSelenium.java:44)
at webdriver_demo.SA33_Pagefactory_InSelenium.quitBrowser(SA33_Pagefactory_InSelenium.java:44)
at webdriver_demo.SA33_Pagefactory_InSelenium.quitBrowser(SA33_Pagefactory_InSelenium.java:44)
at webdriver_demo.SA33_Pagefactory_InSelenium.quitBrowser(SA33_Pagefactory_InSelenium.java:44)
at webdriver_demo.SA33_Pagefactory_InSelenium.quitBrowser(SA33_Pagefactory_InSelenium.java:44)
at webdriver_demo.SA33_Pagefactory_InSelenium.quitBrowser(SA33_Pagefactory_InSelenium.java:44)
at webdriver_demo.SA33_Pagefactory_InSelenium.quitBrowser(SA33_Pagefactory_InSelenium.java:44)
at webdriver_demo.SA33_Pagefactory_InSelenium.quitBrowser(SA33_Pagefactory_InSelenium.java:44)
at webdriver_demo.SA33_Pagefactory_InSelenium.quitBrowser(SA33_Pagefactory_InSelenium.java:44)
at webdriver_demo.SA33_Pagefactory_InSelenium.quitBrowser(SA33_Pagefactory_InSelenium.java:44)
at webdriver_demo.SA33_Pagefactory_InSelenium.quitBrowser(SA33_Pagefactory_InSelenium.java:44)
at webdriver_demo.SA33_Pagefactory_InSelenium.quitBrowser(SA33_Pagefactory_InSelenium.java:44)
at webdriver_demo.SA33_Pagefactory_InSelenium.quitBrowser(SA33_Pagefactory_InSelenium.java:44)
at webdriver_demo.SA33_Pagefactory_InSelenium.quitBrowser(SA33_Pagefactory_InSelenium.java:44)
at webdriver_demo.SA33_Pagefactory_InSelenium.quitBrowser(SA33_Pagefactory_InSelenium.java:44)
at webdriver_demo.SA33_Pagefactory_InSelenium.quitBrowser(SA33_Pagefactory_InSelenium.java:44)
at webdriver_demo.SA33_Pagefactory_InSelenium.quitBrowser(SA33_Pagefactory_InSelenium.java:44)
at webdriver_demo.SA33_Pagefactory_InSelenium.quitBrowser(SA33_Pagefactory_InSelenium.java:44)
at webdriver_demo.SA33_Pagefactory_InSelenium.quitBrowser(SA33_Pagefactory_InSelenium.java:44)
at webdriver_demo.SA33_Pagefactory_InSelenium.quitBrowser(SA33_Pagefactory_InSelenium.java:44)
at webdriver_demo.SA33_Pagefactory_InSelenium.quitBrowser(SA33_Pagefactory_InSelenium.java:44)
at webdriver_demo.SA33_Pagefactory_InSelenium.quitBrowser(SA33_Pagefactory_InSelenium.java:44)
at webdriver_demo.SA33_Pagefactory_InSelenium.quitBrowser(SA33_Pagefactory_InSelenium.java:44)
at webdriver_demo.SA33_Pagefactory_InSelenium.quitBrowser(SA33_Pagefactory_InSelenium.java:44)
at webdriver_demo.SA33_Pagefactory_InSelenium.quitBrowser(SA33_Pagefactory_InSelenium.java:44)
at webdriver_demo.SA33_Pagefactory_InSelenium.quitBrowser(SA33_Pagefactory_InSelenium.java:44)
at webdriver_demo.SA33_Pagefactory_InSelenium.quitBrowser(SA33_Pagefactory_InSelenium.java:44)
at webdriver_demo.SA33_Pagefactory_InSelenium.quitBrowser(SA33_Pagefactory_InSelenium.java:44)
at webdriver_demo.SA33_Pagefactory_InSelenium.quitBrowser(SA33_Pagefactory_InSelenium.java:44)
at webdriver_demo.SA33_Pagefactory_InSelenium.quitBrowser(SA33_Pagefactory_InSelenium.java:44)
at webdriver_demo.SA33_Pagefactory_InSelenium.quitBrowser(SA33_Pagefactory_InSelenium.java:44)
at webdriver_demo.SA33_Pagefactory_InSelenium.quitBrowser(SA33_Pagefactory_InSelenium.java:44)
at webdriver_demo.SA33_Pagefactory_InSelenium.quitBrowser(SA33_Pagefactory_InSelenium.java:44)
at webdriver_demo.SA33_Pagefactory_InSelenium.quitBrowser(SA33_Pagefactory_InSelenium.java:44)
at webdriver_demo.SA33_Pagefactory_InSelenium.quitBrowser(SA33_Pagefactory_InSelenium.java:44)
at webdriver_demo.SA33_Pagefactory_InSelenium.quitBrowser(SA33_Pagefactory_InSelenium.java:44)
at webdriver_demo.SA33_Pagefactory_InSelenium.quitBrowser(SA33_Pagefactory_InSelenium.java:44)
at webdriver_demo.SA33_Pagefactory_InSelenium.quitBrowser(SA33_Pagefactory_InSelenium.java:44)
at webdriver_demo.SA33_Pagefactory_InSelenium.quitBrowser(SA33_Pagefactory_InSelenium.java:44)
at webdriver_demo.SA33_Pagefactory_InSelenium.quitBrowser(SA33_Pagefactory_InSelenium.java:44)
at webdriver_demo.SA33_Pagefactory_InSelenium.quitBrowser(SA33_Pagefactory_InSelenium.java:44)
at webdriver_demo.SA33_Pagefactory_InSelenium.quitBrowser(SA33_Pagefactory_InSelenium.java:44)
at webdriver_demo.SA33_Pagefactory_InSelenium.quitBrowser(SA33_Pagefactory_InSelenium.java:44)
at webdriver_demo.SA33_Pagefactory_InSelenium.quitBrowser(SA33_Pagefactory_InSelenium.java:44)
at webdriver_demo.SA33_Pagefactory_InSelenium.quitBrowser(SA33_Pagefactory_InSelenium.java:44)
at webdriver_demo.SA33_Pagefactory_InSelenium.quitBrowser(SA33_Pagefactory_InSelenium.java:44)
at webdriver_demo.SA33_Pagefactory_InSelenium.quitBrowser(SA33_Pagefactory_InSelenium.java:44)
at webdriver_demo.SA33_Pagefactory_InSelenium.quitBrowser(SA33_Pagefactory_InSelenium.java:44)
at webdriver_demo.SA33_Pagefactory_InSelenium.quitBrowser(SA33_Pagefactory_InSelenium.java:44)
at webdriver_demo.SA33_Pagefactory_InSelenium.quitBrowser(SA33_Pagefactory_InSelenium.java:44)
at webdriver_demo.SA33_Pagefactory_InSelenium.quitBrowser(SA33_Pagefactory_InSelenium.java:44)
at webdriver_demo.SA33_Pagefactory_InSelenium.quitBrowser(SA33_Pagefactory_InSelenium.java:44)
at webdriver_demo.SA33_Pagefactory_InSelenium.quitBrowser(SA33_Pagefactory_InSelenium.java:44)
at webdriver_demo.SA33_Pagefactory_InSelenium.quitBrowser(SA33_Pagefactory_InSelenium.java:44)
at webdriver_demo.SA33_Pagefactory_InSelenium.quitBrowser(SA33_Pagefactory_InSelenium.java:44)
at webdriver_demo.SA33_Pagefactory_InSelenium.quitBrowser(SA33_Pagefactory_InSelenium.java:44)
at webdriver_demo.SA33_Pagefactory_InSelenium.quitBrowser(SA33_Pagefactory_InSelenium.java:44)
at webdriver_demo.SA33_Pagefactory_InSelenium.quitBrowser(SA33_Pagefactory_InSelenium.java:44)
at webdriver_demo.SA33_Pagefactory_InSelenium.quitBrowser(SA33_Pagefactory_InSelenium.java:44)
at webdriver_demo.SA33_Pagefactory_InSelenium.quitBrowser(SA33_Pagefactory_InSelenium.java:44)
at webdriver_demo.SA33_Pagefactory_InSelenium.quitBrowser(SA33_Pagefactory_InSelenium.java:44)
at webdriver_demo.SA33_Pagefactory_InSelenium.quitBrowser(SA33_Pagefactory_InSelenium.java:44)
at webdriver_demo.SA33_Pagefactory_InSelenium.quitBrowser(SA33_Pagefactory_InSelenium.java:44)
at webdriver_demo.SA33_Pagefactory_InSelenium.quitBrowser(SA33_Pagefactory_InSelenium.java:44)
at webdriver_demo.SA33_Pagefactory_InSelenium.quitBrowser(SA33_Pagefactory_InSelenium.java:44)
at webdriver_demo.SA33_Pagefactory_InSelenium.quitBrowser(SA33_Pagefactory_InSelenium.java:44)
at webdriver_demo.SA33_Pagefactory_InSelenium.quitBrowser(SA33_Pagefactory_InSelenium.java:44)
at webdriver_demo.SA33_Pagefactory_InSelenium.quitBrowser(SA33_Pagefactory_InSelenium.java:44)
at webdriver_demo.SA33_Pagefactory_InSelenium.quitBrowser(SA33_Pagefactory_InSelenium.java:44)
at webdriver_demo.SA33_Pagefactory_InSelenium.quitBrowser(SA33_Pagefactory_InSelenium.java:44)
at webdriver_demo.SA33_Pagefactory_InSelenium.quitBrowser(SA33_Pagefactory_InSelenium.java:44)
at webdriver_demo.SA33_Pagefactory_InSelenium.quitBrowser(SA33_Pagefactory_InSelenium.java:44)
at webdriver_demo.SA33_Pagefactory_InSelenium.quitBrowser(SA33_Pagefactory_InSelenium.java:44)
at webdriver_demo.SA33_Pagefactory_InSelenium.quitBrowser(SA33_Pagefactory_InSelenium.java:44)
at webdriver_demo.SA33_Pagefactory_InSelenium.quitBrowser(SA33_Pagefactory_InSelenium.java:44)
at webdriver_demo.SA33_Pagefactory_InSelenium.quitBrowser(SA33_Pagefactory_InSelenium.java:44)
at webdriver_demo.SA33_Pagefactory_InSelenium.quitBrowser(SA33_Pagefactory_InSelenium.java:44)
at webdriver_demo.SA33_Pagefactory_InSelenium.quitBrowser(SA33_Pagefactory_InSelenium.java:44)
at webdriver_demo.SA33_Pagefactory_InSelenium.quitBrowser(SA33_Pagefactory_InSelenium.java:44)
at webdriver_demo.SA33_Pagefactory_InSelenium.quitBrowser(SA33_Pagefactory_InSelenium.java:44)
at webdriver_demo.SA33_Pagefactory_InSelenium.quitBrowser(SA33_Pagefactory_InSelenium.java:44)
at webdriver_demo.SA33_Pagefactory_InSelenium.quitBrowser(SA33_Pagefactory_InSelenium.java:44)
at webdriver_demo.SA33_Pagefactory_InSelenium.quitBrowser(SA33_Pagefactory_InSelenium.java:44)
at webdriver_demo.SA33_Pagefactory_InSelenium.quitBrowser(SA33_Pagefactory_InSelenium.java:44)
at webdriver_demo.SA33_Pagefactory_InSelenium.quitBrowser(SA33_Pagefactory_InSelenium.java:44)
at webdriver_demo.SA33_Pagefactory_InSelenium.quitBrowser(SA33_Pagefactory_InSelenium.java:44)
at webdriver_demo.SA33_Pagefactory_InSelenium.quitBrowser(SA33_Pagefactory_InSelenium.java:44)
at webdriver_demo.SA33_Pagefactory_InSelenium.quitBrowser(SA33_Pagefactory_InSelenium.java:44)
at webdriver_demo.SA33_Pagefactory_InSelenium.quitBrowser(SA33_Pagefactory_InSelenium.java:44)
at webdriver_demo.SA33_Pagefactory_InSelenium.quitBrowser(SA33_Pagefactory_InSelenium.java:44)
at webdriver_demo.SA33_Pagefactory_InSelenium.quitBrowser(SA33_Pagefactory_InSelenium.java:44)
at webdriver_demo.SA33_Pagefactory_InSelenium.quitBrowser(SA33_Pagefactory_InSelenium.java:44)
at webdriver_demo.SA33_Pagefactory_InSelenium.quitBrowser(SA33_Pagefactory_InSelenium.java:44)
at webdriver_demo.SA33_Pagefactory_InSelenium.quitBrowser(SA33_Pagefactory_InSelenium.java:44)
at webdriver_demo.SA33_Pagefactory_InSelenium.quitBrowser(SA33_Pagefactory_InSelenium.java:44)
at webdriver_demo.SA33_Pagefactory_InSelenium.quitBrowser(SA33_Pagefactory_InSelenium.java:44)
at webdriver_demo.SA33_Pagefactory_InSelenium.quitBrowser(SA33_Pagefactory_InSelenium.java:44)
at webdriver_demo.SA33_Pagefactory_InSelenium.quitBrowser(SA33_Pagefactory_InSelenium.java:44)
at webdriver_demo.SA33_Pagefactory_InSelenium.quitBrowser(SA33_Pagefactory_InSelenium.java:44)
at webdriver_demo.SA33_Pagefactory_InSelenium.quitBrowser(SA33_Pagefactory_InSelenium.java:44)
at webdriver_demo.SA33_Pagefactory_InSelenium.quitBrowser(SA33_Pagefactory_InSelenium.java:44)
at webdriver_demo.SA33_Pagefactory_InSelenium.quitBrowser(SA33_Pagefactory_InSelenium.java:44)
at webdriver_demo.SA33_Pagefactory_InSelenium.quitBrowser(SA33_Pagefactory_InSelenium.java:44)
at webdriver_demo.SA33_Pagefactory_InSelenium.quitBrowser(SA33_Pagefactory_InSelenium.java:44)
at webdriver_demo.SA33_Pagefactory_InSelenium.quitBrowser(SA33_Pagefactory_InSelenium.java:44)
at webdriver_demo.SA33_Pagefactory_InSelenium.quitBrowser(SA33_Pagefactory_InSelenium.java:44)
at webdriver_demo.SA33_Pagefactory_InSelenium.quitBrowser(SA33_Pagefactory_InSelenium.java:44)
at webdriver_demo.SA33_Pagefactory_InSelenium.quitBrowser(SA33_Pagefactory_InSelenium.java:44)
at webdriver_demo.SA33_Pagefactory_InSelenium.quitBrowser(SA33_Pagefactory_InSelenium.java:44)
at webdriver_demo.SA33_Pagefactory_InSelenium.quitBrowser(SA33_Pagefactory_InSelenium.java:44)
at webdriver_demo.SA33_Pagefactory_InSelenium.quitBrowser(SA33_Pagefactory_InSelenium.java:44)
at webdriver_demo.SA33_Pagefactory_InSelenium.quitBrowser(SA33_Pagefactory_InSelenium.java:44)
at webdriver_demo.SA33_Pagefactory_InSelenium.quitBrowser(SA33_Pagefactory_InSelenium.java:44)
at webdriver_demo.SA33_Pagefactory_InSelenium.quitBrowser(SA33_Pagefactory_InSelenium.java:44)
at webdriver_demo.SA33_Pagefactory_InSelenium.quitBrowser(SA33_Pagefactory_InSelenium.java:44)
at webdriver_demo.SA33_Pagefactory_InSelenium.quitBrowser(SA33_Pagefactory_InSelenium.java:44)
at webdriver_demo.SA33_Pagefactory_InSelenium.quitBrowser(SA33_Pagefactory_InSelenium.java:44)
at webdriver_demo.SA33_Pagefactory_InSelenium.quitBrowser(SA33_Pagefactory_InSelenium.java:44)
at webdriver_demo.SA33_Pagefactory_InSelenium.quitBrowser(SA33_Pagefactory_InSelenium.java:44)
at webdriver_demo.SA33_Pagefactory_InSelenium.quitBrowser(SA33_Pagefactory_InSelenium.java:44)
at webdriver_demo.SA33_Pagefactory_InSelenium.quitBrowser(SA33_Pagefactory_InSelenium.java:44)
at webdriver_demo.SA33_Pagefactory_InSelenium.quitBrowser(SA33_Pagefactory_InSelenium.java:44)
at webdriver_demo.SA33_Pagefactory_InSelenium.quitBrowser(SA33_Pagefactory_InSelenium.java:44)
at webdriver_demo.SA33_Pagefactory_InSelenium.quitBrowser(SA33_Pagefactory_InSelenium.java:44)
at webdriver_demo.SA33_Pagefactory_InSelenium.quitBrowser(SA33_Pagefactory_InSelenium.java:44)
at webdriver_demo.SA33_Pagefactory_InSelenium.quitBrowser(SA33_Pagefactory_InSelenium.java:44)
at webdriver_demo.SA33_Pagefactory_InSelenium.quitBrowser(SA33_Pagefactory_InSelenium.java:44)
at webdriver_demo.SA33_Pagefactory_InSelenium.quitBrowser(SA33_Pagefactory_InSelenium.java:44)
at webdriver_demo.SA33_Pagefactory_InSelenium.quitBrowser(SA33_Pagefactory_InSelenium.java:44)
at webdriver_demo.SA33_Pagefactory_InSelenium.quitBrowser(SA33_Pagefactory_InSelenium.java:44)
at webdriver_demo.SA33_Pagefactory_InSelenium.quitBrowser(SA33_Pagefactory_InSelenium.java:44)
at webdriver_demo.SA33_Pagefactory_InSelenium.quitBrowser(SA33_Pagefactory_InSelenium.java:44)
at webdriver_demo.SA33_Pagefactory_InSelenium.quitBrowser(SA33_Pagefactory_InSelenium.java:44)
at webdriver_demo.SA33_Pagefactory_InSelenium.quitBrowser(SA33_Pagefactory_InSelenium.java:44)
at webdriver_demo.SA33_Pagefactory_InSelenium.quitBrowser(SA33_Pagefactory_InSelenium.java:44)
at webdriver_demo.SA33_Pagefactory_InSelenium.quitBrowser(SA33_Pagefactory_InSelenium.java:44)
at webdriver_demo.SA33_Pagefactory_InSelenium.quitBrowser(SA33_Pagefactory_InSelenium.java:44)
at webdriver_demo.SA33_Pagefactory_InSelenium.quitBrowser(SA33_Pagefactory_InSelenium.java:44)
at webdriver_demo.SA33_Pagefactory_InSelenium.quitBrowser(SA33_Pagefactory_InSelenium.java:44)
at webdriver_demo.SA33_Pagefactory_InSelenium.quitBrowser(SA33_Pagefactory_InSelenium.java:44)
at webdriver_demo.SA33_Pagefactory_InSelenium.quitBrowser(SA33_Pagefactory_InSelenium.java:44)
at webdriver_demo.SA33_Pagefactory_InSelenium.quitBrowser(SA33_Pagefactory_InSelenium.java:44)
at webdriver_demo.SA33_Pagefactory_InSelenium.quitBrowser(SA33_Pagefactory_InSelenium.java:44)
at webdriver_demo.SA33_Pagefactory_InSelenium.quitBrowser(SA33_Pagefactory_InSelenium.java:44)
at webdriver_demo.SA33_Pagefactory_InSelenium.quitBrowser(SA33_Pagefactory_InSelenium.java:44)
at webdriver_demo.SA33_Pagefactory_InSelenium.quitBrowser(SA33_Pagefactory_InSelenium.java:44)
at webdriver_demo.SA33_Pagefactory_InSelenium.quitBrowser(SA33_Pagefactory_InSelenium.java:44)
at webdriver_demo.SA33_Pagefactory_InSelenium.quitBrowser(SA33_Pagefactory_InSelenium.java:44)
at webdriver_demo.SA33_Pagefactory_InSelenium.quitBrowser(SA33_Pagefactory_InSelenium.java:44)
at webdriver_demo.SA33_Pagefactory_InSelenium.quitBrowser(SA33_Pagefactory_InSelenium.java:44)
at webdriver_demo.SA33_Pagefactory_InSelenium.quitBrowser(SA33_Pagefactory_InSelenium.java:44)
at webdriver_demo.SA33_Pagefactory_InSelenium.quitBrowser(SA33_Pagefactory_InSelenium.java:44)
at webdriver_demo.SA33_Pagefactory_InSelenium.quitBrowser(SA33_Pagefactory_InSelenium.java:44)
at webdriver_demo.SA33_Pagefactory_InSelenium.quitBrowser(SA33_Pagefactory_InSelenium.java:44)
at webdriver_demo.SA33_Pagefactory_InSelenium.quitBrowser(SA33_Pagefactory_InSelenium.java:44)
at webdriver_demo.SA33_Pagefactory_InSelenium.quitBrowser(SA33_Pagefactory_InSelenium.java:44)
at webdriver_demo.SA33_Pagefactory_InSelenium.quitBrowser(SA33_Pagefactory_InSelenium.java:44)
at webdriver_demo.SA33_Pagefactory_InSelenium.quitBrowser(SA33_Pagefactory_InSelenium.java:44)
at webdriver_demo.SA33_Pagefactory_InSelenium.quitBrowser(SA33_Pagefactory_InSelenium.java:44)
at webdriver_demo.SA33_Pagefactory_InSelenium.quitBrowser(SA33_Pagefactory_InSelenium.java:44)
at webdriver_demo.SA33_Pagefactory_InSelenium.quitBrowser(SA33_Pagefactory_InSelenium.java:44)
at webdriver_demo.SA33_Pagefactory_InSelenium.quitBrowser(SA33_Pagefactory_InSelenium.java:44)
at webdriver_demo.SA33_Pagefactory_InSelenium.quitBrowser(SA33_Pagefactory_InSelenium.java:44)
at webdriver_demo.SA33_Pagefactory_InSelenium.quitBrowser(SA33_Pagefactory_InSelenium.java:44)
at webdriver_demo.SA33_Pagefactory_InSelenium.quitBrowser(SA33_Pagefactory_InSelenium.java:44)
at webdriver_demo.SA33_Pagefactory_InSelenium.quitBrowser(SA33_Pagefactory_InSelenium.java:44)
at webdriver_demo.SA33_Pagefactory_InSelenium.quitBrowser(SA33_Pagefactory_InSelenium.java:44)
at webdriver_demo.SA33_Pagefactory_InSelenium.quitBrowser(SA33_Pagefactory_InSelenium.java:44)
at webdriver_demo.SA33_Pagefactory_InSelenium.quitBrowser(SA33_Pagefactory_InSelenium.java:44)
at webdriver_demo.SA33_Pagefactory_InSelenium.quitBrowser(SA33_Pagefactory_InSelenium.java:44)
at webdriver_demo.SA33_Pagefactory_InSelenium.quitBrowser(SA33_Pagefactory_InSelenium.java:44)
at webdriver_demo.SA33_Pagefactory_InSelenium.quitBrowser(SA33_Pagefactory_InSelenium.java:44)
at webdriver_demo.SA33_Pagefactory_InSelenium.quitBrowser(SA33_Pagefactory_InSelenium.java:44)
at webdriver_demo.SA33_Pagefactory_InSelenium.quitBrowser(SA33_Pagefactory_InSelenium.java:44)
at webdriver_demo.SA33_Pagefactory_InSelenium.quitBrowser(SA33_Pagefactory_InSelenium.java:44)
at webdriver_demo.SA33_Pagefactory_InSelenium.quitBrowser(SA33_Pagefactory_InSelenium.java:44)
at webdriver_demo.SA33_Pagefactory_InSelenium.quitBrowser(SA33_Pagefactory_InSelenium.java:44)
at webdriver_demo.SA33_Pagefactory_InSelenium.quitBrowser(SA33_Pagefactory_InSelenium.java:44)
at webdriver_demo.SA33_Pagefactory_InSelenium.quitBrowser(SA33_Pagefactory_InSelenium.java:44)
at webdriver_demo.SA33_Pagefactory_InSelenium.quitBrowser(SA33_Pagefactory_InSelenium.java:44)
at webdriver_demo.SA33_Pagefactory_InSelenium.quitBrowser(SA33_Pagefactory_InSelenium.java:44)
at webdriver_demo.SA33_Pagefactory_InSelenium.quitBrowser(SA33_Pagefactory_InSelenium.java:44)
at webdriver_demo.SA33_Pagefactory_InSelenium.quitBrowser(SA33_Pagefactory_InSelenium.java:44)
at webdriver_demo.SA33_Pagefactory_InSelenium.quitBrowser(SA33_Pagefactory_InSelenium.java:44)
at webdriver_demo.SA33_Pagefactory_InSelenium.quitBrowser(SA33_Pagefactory_InSelenium.java:44)
at webdriver_demo.SA33_Pagefactory_InSelenium.quitBrowser(SA33_Pagefactory_InSelenium.java:44)
at webdriver_demo.SA33_Pagefactory_InSelenium.quitBrowser(SA33_Pagefactory_InSelenium.java:44)
at webdriver_demo.SA33_Pagefactory_InSelenium.quitBrowser(SA33_Pagefactory_InSelenium.java:44)
at webdriver_demo.SA33_Pagefactory_InSelenium.quitBrowser(SA33_Pagefactory_InSelenium.java:44)
at webdriver_demo.SA33_Pagefactory_InSelenium.quitBrowser(SA33_Pagefactory_InSelenium.java:44)
at webdriver_demo.SA33_Pagefactory_InSelenium.quitBrowser(SA33_Pagefactory_InSelenium.java:44)
at webdriver_demo.SA33_Pagefactory_InSelenium.quitBrowser(SA33_Pagefactory_InSelenium.java:44)
at webdriver_demo.SA33_Pagefactory_InSelenium.quitBrowser(SA33_Pagefactory_InSelenium.java:44)
at webdriver_demo.SA33_Pagefactory_InSelenium.quitBrowser(SA33_Pagefactory_InSelenium.java:44)
at webdriver_demo.SA33_Pagefactory_InSelenium.quitBrowser(SA33_Pagefactory_InSelenium.java:44)
at webdriver_demo.SA33_Pagefactory_InSelenium.quitBrowser(SA33_Pagefactory_InSelenium.java:44)
at webdriver_demo.SA33_Pagefactory_InSelenium.quitBrowser(SA33_Pagefactory_InSelenium.java:44)
at webdriver_demo.SA33_Pagefactory_InSelenium.quitBrowser(SA33_Pagefactory_InSelenium.java:44)
at webdriver_demo.SA33_Pagefactory_InSelenium.quitBrowser(SA33_Pagefactory_InSelenium.java:44)
at webdriver_demo.SA33_Pagefactory_InSelenium.quitBrowser(SA33_Pagefactory_InSelenium.java:44)
at webdriver_demo.SA33_Pagefactory_InSelenium.quitBrowser(SA33_Pagefactory_InSelenium.java:44)
at webdriver_demo.SA33_Pagefactory_InSelenium.quitBrowser(SA33_Pagefactory_InSelenium.java:44)
at webdriver_demo.SA33_Pagefactory_InSelenium.quitBrowser(SA33_Pagefactory_InSelenium.java:44)
at webdriver_demo.SA33_Pagefactory_InSelenium.quitBrowser(SA33_Pagefactory_InSelenium.java:44)
at webdriver_demo.SA33_Pagefactory_InSelenium.quitBrowser(SA33_Pagefactory_InSelenium.java:44)
at webdriver_demo.SA33_Pagefactory_InSelenium.quitBrowser(SA33_Pagefactory_InSelenium.java:44)
at webdriver_demo.SA33_Pagefactory_InSelenium.quitBrowser(SA33_Pagefactory_InSelenium.java:44)
at webdriver_demo.SA33_Pagefactory_InSelenium.quitBrowser(SA33_Pagefactory_InSelenium.java:44)
at webdriver_demo.SA33_Pagefactory_InSelenium.quitBrowser(SA33_Pagefactory_InSelenium.java:44)
at webdriver_demo.SA33_Pagefactory_InSelenium.quitBrowser(SA33_Pagefactory_InSelenium.java:44)
at webdriver_demo.SA33_Pagefactory_InSelenium.quitBrowser(SA33_Pagefactory_InSelenium.java:44)
at webdriver_demo.SA33_Pagefactory_InSelenium.quitBrowser(SA33_Pagefactory_InSelenium.java:44)
at webdriver_demo.SA33_Pagefactory_InSelenium.quitBrowser(SA33_Pagefactory_InSelenium.java:44)
at webdriver_demo.SA33_Pagefactory_InSelenium.quitBrowser(SA33_Pagefactory_InSelenium.java:44)
at webdriver_demo.SA33_Pagefactory_InSelenium.quitBrowser(SA33_Pagefactory_InSelenium.java:44)
at webdriver_demo.SA33_Pagefactory_InSelenium.quitBrowser(SA33_Pagefactory_InSelenium.java:44)
at webdriver_demo.SA33_Pagefactory_InSelenium.quitBrowser(SA33_Pagefactory_InSelenium.java:44)
at webdriver_demo.SA33_Pagefactory_InSelenium.quitBrowser(SA33_Pagefactory_InSelenium.java:44)
at webdriver_demo.SA33_Pagefactory_InSelenium.quitBrowser(SA33_Pagefactory_InSelenium.java:44)
at webdriver_demo.SA33_Pagefactory_InSelenium.quitBrowser(SA33_Pagefactory_InSelenium.java:44)
at webdriver_demo.SA33_Pagefactory_InSelenium.quitBrowser(SA33_Pagefactory_InSelenium.java:44)
at webdriver_demo.SA33_Pagefactory_InSelenium.quitBrowser(SA33_Pagefactory_InSelenium.java:44)
at webdriver_demo.SA33_Pagefactory_InSelenium.quitBrowser(SA33_Pagefactory_InSelenium.java:44)
at webdriver_demo.SA33_Pagefactory_InSelenium.quitBrowser(SA33_Pagefactory_InSelenium.java:44)
at webdriver_demo.SA33_Pagefactory_InSelenium.quitBrowser(SA33_Pagefactory_InSelenium.java:44)
at webdriver_demo.SA33_Pagefactory_InSelenium.quitBrowser(SA33_Pagefactory_InSelenium.java:44)
at webdriver_demo.SA33_Pagefactory_InSelenium.quitBrowser(SA33_Pagefactory_InSelenium.java:44)
at webdriver_demo.SA33_Pagefactory_InSelenium.quitBrowser(SA33_Pagefactory_InSelenium.java:44)
at webdriver_demo.SA33_Pagefactory_InSelenium.quitBrowser(SA33_Pagefactory_InSelenium.java:44)
at webdriver_demo.SA33_Pagefactory_InSelenium.quitBrowser(SA33_Pagefactory_InSelenium.java:44)
at webdriver_demo.SA33_Pagefactory_InSelenium.quitBrowser(SA33_Pagefactory_InSelenium.java:44)
at webdriver_demo.SA33_Pagefactory_InSelenium.quitBrowser(SA33_Pagefactory_InSelenium.java:44)
at webdriver_demo.SA33_Pagefactory_InSelenium.quitBrowser(SA33_Pagefactory_InSelenium.java:44)
at webdriver_demo.SA33_Pagefactory_InSelenium.quitBrowser(SA33_Pagefactory_InSelenium.java:44)
at webdriver_demo.SA33_Pagefactory_InSelenium.quitBrowser(SA33_Pagefactory_InSelenium.java:44)
at webdriver_demo.SA33_Pagefactory_InSelenium.quitBrowser(SA33_Pagefactory_InSelenium.java:44)
at webdriver_demo.SA33_Pagefactory_InSelenium.quitBrowser(SA33_Pagefactory_InSelenium.java:44)
at webdriver_demo.SA33_Pagefactory_InSelenium.quitBrowser(SA33_Pagefactory_InSelenium.java:44)
at webdriver_demo.SA33_Pagefactory_InSelenium.quitBrowser(SA33_Pagefactory_InSelenium.java:44)
at webdriver_demo.SA33_Pagefactory_InSelenium.quitBrowser(SA33_Pagefactory_InSelenium.java:44)
at webdriver_demo.SA33_Pagefactory_InSelenium.quitBrowser(SA33_Pagefactory_InSelenium.java:44)
at webdriver_demo.SA33_Pagefactory_InSelenium.quitBrowser(SA33_Pagefactory_InSelenium.java:44)
at webdriver_demo.SA33_Pagefactory_InSelenium.quitBrowser(SA33_Pagefactory_InSelenium.java:44)
at webdriver_demo.SA33_Pagefactory_InSelenium.quitBrowser(SA33_Pagefactory_InSelenium.java:44)
at webdriver_demo.SA33_Pagefactory_InSelenium.quitBrowser(SA33_Pagefactory_InSelenium.java:44)
at webdriver_demo.SA33_Pagefactory_InSelenium.quitBrowser(SA33_Pagefactory_InSelenium.java:44)
at webdriver_demo.SA33_Pagefactory_InSelenium.quitBrowser(SA33_Pagefactory_InSelenium.java:44)
at webdriver_demo.SA33_Pagefactory_InSelenium.quitBrowser(SA33_Pagefactory_InSelenium.java:44)
at webdriver_demo.SA33_Pagefactory_InSelenium.quitBrowser(SA33_Pagefactory_InSelenium.java:44)
at webdriver_demo.SA33_Pagefactory_InSelenium.quitBrowser(SA33_Pagefactory_InSelenium.java:44)
at webdriver_demo.SA33_Pagefactory_InSelenium.quitBrowser(SA33_Pagefactory_InSelenium.java:44)
at webdriver_demo.SA33_Pagefactory_InSelenium.quitBrowser(SA33_Pagefactory_InSelenium.java:44)
at webdriver_demo.SA33_Pagefactory_InSelenium.quitBrowser(SA33_Pagefactory_InSelenium.java:44)
at webdriver_demo.SA33_Pagefactory_InSelenium.quitBrowser(SA33_Pagefactory_InSelenium.java:44)
at webdriver_demo.SA33_Pagefactory_InSelenium.quitBrowser(SA33_Pagefactory_InSelenium.java:44)
at webdriver_demo.SA33_Pagefactory_InSelenium.quitBrowser(SA33_Pagefactory_InSelenium.java:44)
at webdriver_demo.SA33_Pagefactory_InSelenium.quitBrowser(SA33_Pagefactory_InSelenium.java:44)
at webdriver_demo.SA33_Pagefactory_InSelenium.quitBrowser(SA33_Pagefactory_InSelenium.java:44)
at webdriver_demo.SA33_Pagefactory_InSelenium.quitBrowser(SA33_Pagefactory_InSelenium.java:44)
at webdriver_demo.SA33_Pagefactory_InSelenium.quitBrowser(SA33_Pagefactory_InSelenium.java:44)
at webdriver_demo.SA33_Pagefactory_InSelenium.quitBrowser(SA33_Pagefactory_InSelenium.java:44)
at webdriver_demo.SA33_Pagefactory_InSelenium.quitBrowser(SA33_Pagefactory_InSelenium.java:44)
at webdriver_demo.SA33_Pagefactory_InSelenium.quitBrowser(SA33_Pagefactory_InSelenium.java:44)
at webdriver_demo.SA33_Pagefactory_InSelenium.quitBrowser(SA33_Pagefactory_InSelenium.java:44)
at webdriver_demo.SA33_Pagefactory_InSelenium.quitBrowser(SA33_Pagefactory_InSelenium.java:44)
at webdriver_demo.SA33_Pagefactory_InSelenium.quitBrowser(SA33_Pagefactory_InSelenium.java:44)
at webdriver_demo.SA33_Pagefactory_InSelenium.quitBrowser(SA33_Pagefactory_InSelenium.java:44)
at webdriver_demo.SA33_Pagefactory_InSelenium.quitBrowser(SA33_Pagefactory_InSelenium.java:44)
at webdriver_demo.SA33_Pagefactory_InSelenium.quitBrowser(SA33_Pagefactory_InSelenium.java:44)
at webdriver_demo.SA33_Pagefactory_InSelenium.quitBrowser(SA33_Pagefactory_InSelenium.java:44)
at webdriver_demo.SA33_Pagefactory_InSelenium.quitBrowser(SA33_Pagefactory_InSelenium.java:44)
at webdriver_demo.SA33_Pagefactory_InSelenium.quitBrowser(SA33_Pagefactory_InSelenium.java:44)
at webdriver_demo.SA33_Pagefactory_InSelenium.quitBrowser(SA33_Pagefactory_InSelenium.java:44)
at webdriver_demo.SA33_Pagefactory_InSelenium.quitBrowser(SA33_Pagefactory_InSelenium.java:44)
at webdriver_demo.SA33_Pagefactory_InSelenium.quitBrowser(SA33_Pagefactory_InSelenium.java:44)
at webdriver_demo.SA33_Pagefactory_InSelenium.quitBrowser(SA33_Pagefactory_InSelenium.java:44)
at webdriver_demo.SA33_Pagefactory_InSelenium.quitBrowser(SA33_Pagefactory_InSelenium.java:44)
at webdriver_demo.SA33_Pagefactory_InSelenium.quitBrowser(SA33_Pagefactory_InSelenium.java:44)
at webdriver_demo.SA33_Pagefactory_InSelenium.quitBrowser(SA33_Pagefactory_InSelenium.java:44)
at webdriver_demo.SA33_Pagefactory_InSelenium.quitBrowser(SA33_Pagefactory_InSelenium.java:44)
at webdriver_demo.SA33_Pagefactory_InSelenium.quitBrowser(SA33_Pagefactory_InSelenium.java:44)
at webdriver_demo.SA33_Pagefactory_InSelenium.quitBrowser(SA33_Pagefactory_InSelenium.java:44)
at webdriver_demo.SA33_Pagefactory_InSelenium.quitBrowser(SA33_Pagefactory_InSelenium.java:44)
at webdriver_demo.SA33_Pagefactory_InSelenium.quitBrowser(SA33_Pagefactory_InSelenium.java:44)
at webdriver_demo.SA33_Pagefactory_InSelenium.quitBrowser(SA33_Pagefactory_InSelenium.java:44)
at webdriver_demo.SA33_Pagefactory_InSelenium.quitBrowser(SA33_Pagefactory_InSelenium.java:44)
at webdriver_demo.SA33_Pagefactory_InSelenium.quitBrowser(SA33_Pagefactory_InSelenium.java:44)
at webdriver_demo.SA33_Pagefactory_InSelenium.quitBrowser(SA33_Pagefactory_InSelenium.java:44)
at webdriver_demo.SA33_Pagefactory_InSelenium.quitBrowser(SA33_Pagefactory_InSelenium.java:44)
at webdriver_demo.SA33_Pagefactory_InSelenium.quitBrowser(SA33_Pagefactory_InSelenium.java:44)
at webdriver_demo.SA33_Pagefactory_InSelenium.quitBrowser(SA33_Pagefactory_InSelenium.java:44)
at webdriver_demo.SA33_Pagefactory_InSelenium.quitBrowser(SA33_Pagefactory_InSelenium.java:44)
at webdriver_demo.SA33_Pagefactory_InSelenium.quitBrowser(SA33_Pagefactory_InSelenium.java:44)
at webdriver_demo.SA33_Pagefactory_InSelenium.quitBrowser(SA33_Pagefactory_InSelenium.java:44)
at webdriver_demo.SA33_Pagefactory_InSelenium.quitBrowser(SA33_Pagefactory_InSelenium.java:44)
at webdriver_demo.SA33_Pagefactory_InSelenium.quitBrowser(SA33_Pagefactory_InSelenium.java:44)
at webdriver_demo.SA33_Pagefactory_InSelenium.quitBrowser(SA33_Pagefactory_InSelenium.java:44)
at webdriver_demo.SA33_Pagefactory_InSelenium.quitBrowser(SA33_Pagefactory_InSelenium.java:44)
at webdriver_demo.SA33_Pagefactory_InSelenium.quitBrowser(SA33_Pagefactory_InSelenium.java:44)
at webdriver_demo.SA33_Pagefactory_InSelenium.quitBrowser(SA33_Pagefactory_InSelenium.java:44)
at webdriver_demo.SA33_Pagefactory_InSelenium.quitBrowser(SA33_Pagefactory_InSelenium.java:44)
at webdriver_demo.SA33_Pagefactory_InSelenium.quitBrowser(SA33_Pagefactory_InSelenium.java:44)
at webdriver_demo.SA33_Pagefactory_InSelenium.quitBrowser(SA33_Pagefactory_InSelenium.java:44)
at webdriver_demo.SA33_Pagefactory_InSelenium.quitBrowser(SA33_Pagefactory_InSelenium.java:44)
at webdriver_demo.SA33_Pagefactory_InSelenium.quitBrowser(SA33_Pagefactory_InSelenium.java:44)
at webdriver_demo.SA33_Pagefactory_InSelenium.quitBrowser(SA33_Pagefactory_InSelenium.java:44)
at webdriver_demo.SA33_Pagefactory_InSelenium.quitBrowser(SA33_Pagefactory_InSelenium.java:44)
at webdriver_demo.SA33_Pagefactory_InSelenium.quitBrowser(SA33_Pagefactory_InSelenium.java:44)
at webdriver_demo.SA33_Pagefactory_InSelenium.quitBrowser(SA33_Pagefactory_InSelenium.java:44)
at webdriver_demo.SA33_Pagefactory_InSelenium.quitBrowser(SA33_Pagefactory_InSelenium.java:44)
at webdriver_demo.SA33_Pagefactory_InSelenium.quitBrowser(SA33_Pagefactory_InSelenium.java:44)
at webdriver_demo.SA33_Pagefactory_InSelenium.quitBrowser(SA33_Pagefactory_InSelenium.java:44)
at webdriver_demo.SA33_Pagefactory_InSelenium.quitBrowser(SA33_Pagefactory_InSelenium.java:44)
at webdriver_demo.SA33_Pagefactory_InSelenium.quitBrowser(SA33_Pagefactory_InSelenium.java:44)
at webdriver_demo.SA33_Pagefactory_InSelenium.quitBrowser(SA33_Pagefactory_InSelenium.java:44)
at webdriver_demo.SA33_Pagefactory_InSelenium.quitBrowser(SA33_Pagefactory_InSelenium.java:44)
at webdriver_demo.SA33_Pagefactory_InSelenium.quitBrowser(SA33_Pagefactory_InSelenium.java:44)
at webdriver_demo.SA33_Pagefactory_InSelenium.quitBrowser(SA33_Pagefactory_InSelenium.java:44)
at webdriver_demo.SA33_Pagefactory_InSelenium.quitBrowser(SA33_Pagefactory_InSelenium.java:44)
at webdriver_demo.SA33_Pagefactory_InSelenium.quitBrowser(SA33_Pagefactory_InSelenium.java:44)
at webdriver_demo.SA33_Pagefactory_InSelenium.quitBrowser(SA33_Pagefactory_InSelenium.java:44)
at webdriver_demo.SA33_Pagefactory_InSelenium.quitBrowser(SA33_Pagefactory_InSelenium.java:44)
at webdriver_demo.SA33_Pagefactory_InSelenium.quitBrowser(SA33_Pagefactory_InSelenium.java:44)
at webdriver_demo.SA33_Pagefactory_InSelenium.quitBrowser(SA33_Pagefactory_InSelenium.java:44)
at webdriver_demo.SA33_Pagefactory_InSelenium.quitBrowser(SA33_Pagefactory_InSelenium.java:44)
at webdriver_demo.SA33_Pagefactory_InSelenium.quitBrowser(SA33_Pagefactory_InSelenium.java:44)
at webdriver_demo.SA33_Pagefactory_InSelenium.quitBrowser(SA33_Pagefactory_InSelenium.java:44)
at webdriver_demo.SA33_Pagefactory_InSelenium.quitBrowser(SA33_Pagefactory_InSelenium.java:44)
at webdriver_demo.SA33_Pagefactory_InSelenium.quitBrowser(SA33_Pagefactory_InSelenium.java:44)
at webdriver_demo.SA33_Pagefactory_InSelenium.quitBrowser(SA33_Pagefactory_InSelenium.java:44)
at webdriver_demo.SA33_Pagefactory_InSelenium.quitBrowser(SA33_Pagefactory_InSelenium.java:44)
at webdriver_demo.SA33_Pagefactory_InSelenium.quitBrowser(SA33_Pagefactory_InSelenium.java:44)
at webdriver_demo.SA33_Pagefactory_InSelenium.quitBrowser(SA33_Pagefactory_InSelenium.java:44)
at webdriver_demo.SA33_Pagefactory_InSelenium.quitBrowser(SA33_Pagefactory_InSelenium.java:44)
at webdriver_demo.SA33_Pagefactory_InSelenium.quitBrowser(SA33_Pagefactory_InSelenium.java:44)
at webdriver_demo.SA33_Pagefactory_InSelenium.quitBrowser(SA33_Pagefactory_InSelenium.java:44)
at webdriver_demo.SA33_Pagefactory_InSelenium.quitBrowser(SA33_Pagefactory_InSelenium.java:44)
at webdriver_demo.SA33_Pagefactory_InSelenium.quitBrowser(SA33_Pagefactory_InSelenium.java:44)
at webdriver_demo.SA33_Pagefactory_InSelenium.quitBrowser(SA33_Pagefactory_InSelenium.java:44)
at webdriver_demo.SA33_Pagefactory_InSelenium.quitBrowser(SA33_Pagefactory_InSelenium.java:44)
at webdriver_demo.SA33_Pagefactory_InSelenium.quitBrowser(SA33_Pagefactory_InSelenium.java:44)
at webdriver_demo.SA33_Pagefactory_InSelenium.quitBrowser(SA33_Pagefactory_InSelenium.java:44)
at webdriver_demo.SA33_Pagefactory_InSelenium.quitBrowser(SA33_Pagefactory_InSelenium.java:44)
at webdriver_demo.SA33_Pagefactory_InSelenium.quitBrowser(SA33_Pagefactory_InSelenium.java:44)
at webdriver_demo.SA33_Pagefactory_InSelenium.quitBrowser(SA33_Pagefactory_InSelenium.java:44)
at webdriver_demo.SA33_Pagefactory_InSelenium.quitBrowser(SA33_Pagefactory_InSelenium.java:44)
at webdriver_demo.SA33_Pagefactory_InSelenium.quitBrowser(SA33_Pagefactory_InSelenium.java:44)
at webdriver_demo.SA33_Pagefactory_InSelenium.quitBrowser(SA33_Pagefactory_InSelenium.java:44)
at webdriver_demo.SA33_Pagefactory_InSelenium.quitBrowser(SA33_Pagefactory_InSelenium.java:44)
at webdriver_demo.SA33_Pagefactory_InSelenium.quitBrowser(SA33_Pagefactory_InSelenium.java:44)
at webdriver_demo.SA33_Pagefactory_InSelenium.quitBrowser(SA33_Pagefactory_InSelenium.java:44)
at webdriver_demo.SA33_Pagefactory_InSelenium.quitBrowser(SA33_Pagefactory_InSelenium.java:44)
at webdriver_demo.SA33_Pagefactory_InSelenium.quitBrowser(SA33_Pagefactory_InSelenium.java:44)
at webdriver_demo.SA33_Pagefactory_InSelenium.quitBrowser(SA33_Pagefactory_InSelenium.java:44)
at webdriver_demo.SA33_Pagefactory_InSelenium.quitBrowser(SA33_Pagefactory_InSelenium.java:44)
at webdriver_demo.SA33_Pagefactory_InSelenium.quitBrowser(SA33_Pagefactory_InSelenium.java:44)
at webdriver_demo.SA33_Pagefactory_InSelenium.quitBrowser(SA33_Pagefactory_InSelenium.java:44)
at webdriver_demo.SA33_Pagefactory_InSelenium.quitBrowser(SA33_Pagefactory_InSelenium.java:44)
at webdriver_demo.SA33_Pagefactory_InSelenium.quitBrowser(SA33_Pagefactory_InSelenium.java:44)
at webdriver_demo.SA33_Pagefactory_InSelenium.quitBrowser(SA33_Pagefactory_InSelenium.java:44)
at webdriver_demo.SA33_Pagefactory_InSelenium.quitBrowser(SA33_Pagefactory_InSelenium.java:44)
at webdriver_demo.SA33_Pagefactory_InSelenium.quitBrowser(SA33_Pagefactory_InSelenium.java:44)
at webdriver_demo.SA33_Pagefactory_InSelenium.quitBrowser(SA33_Pagefactory_InSelenium.java:44)
at webdriver_demo.SA33_Pagefactory_InSelenium.quitBrowser(SA33_Pagefactory_InSelenium.java:44)
at webdriver_demo.SA33_Pagefactory_InSelenium.quitBrowser(SA33_Pagefactory_InSelenium.java:44)
at webdriver_demo.SA33_Pagefactory_InSelenium.quitBrowser(SA33_Pagefactory_InSelenium.java:44)
at webdriver_demo.SA33_Pagefactory_InSelenium.quitBrowser(SA33_Pagefactory_InSelenium.java:44)
at webdriver_demo.SA33_Pagefactory_InSelenium.quitBrowser(SA33_Pagefactory_InSelenium.java:44)
at webdriver_demo.SA33_Pagefactory_InSelenium.quitBrowser(SA33_Pagefactory_InSelenium.java:44)
at webdriver_demo.SA33_Pagefactory_InSelenium.quitBrowser(SA33_Pagefactory_InSelenium.java:44)
at webdriver_demo.SA33_Pagefactory_InSelenium.quitBrowser(SA33_Pagefactory_InSelenium.java:44)
at webdriver_demo.SA33_Pagefactory_InSelenium.quitBrowser(SA33_Pagefactory_InSelenium.java:44)
at webdriver_demo.SA33_Pagefactory_InSelenium.quitBrowser(SA33_Pagefactory_InSelenium.java:44)
at webdriver_demo.SA33_Pagefactory_InSelenium.quitBrowser(SA33_Pagefactory_InSelenium.java:44)
at webdriver_demo.SA33_Pagefactory_InSelenium.quitBrowser(SA33_Pagefactory_InSelenium.java:44)
at webdriver_demo.SA33_Pagefactory_InSelenium.quitBrowser(SA33_Pagefactory_InSelenium.java:44)
at webdriver_demo.SA33_Pagefactory_InSelenium.quitBrowser(SA33_Pagefactory_InSelenium.java:44)
at webdriver_demo.SA33_Pagefactory_InSelenium.quitBrowser(SA33_Pagefactory_InSelenium.java:44)
at webdriver_demo.SA33_Pagefactory_InSelenium.quitBrowser(SA33_Pagefactory_InSelenium.java:44)
at webdriver_demo.SA33_Pagefactory_InSelenium.quitBrowser(SA33_Pagefactory_InSelenium.java:44)
at webdriver_demo.SA33_Pagefactory_InSelenium.quitBrowser(SA33_Pagefactory_InSelenium.java:44)
at webdriver_demo.SA33_Pagefactory_InSelenium.quitBrowser(SA33_Pagefactory_InSelenium.java:44)
at webdriver_demo.SA33_Pagefactory_InSelenium.quitBrowser(SA33_Pagefactory_InSelenium.java:44)
at webdriver_demo.SA33_Pagefactory_InSelenium.quitBrowser(SA33_Pagefactory_InSelenium.java:44)
at webdriver_demo.SA33_Pagefactory_InSelenium.quitBrowser(SA33_Pagefactory_InSelenium.java:44)
at webdriver_demo.SA33_Pagefactory_InSelenium.quitBrowser(SA33_Pagefactory_InSelenium.java:44)
at webdriver_demo.SA33_Pagefactory_InSelenium.quitBrowser(SA33_Pagefactory_InSelenium.java:44)
at webdriver_demo.SA33_Pagefactory_InSelenium.quitBrowser(SA33_Pagefactory_InSelenium.java:44)
at webdriver_demo.SA33_Pagefactory_InSelenium.quitBrowser(SA33_Pagefactory_InSelenium.java:44)
at webdriver_demo.SA33_Pagefactory_InSelenium.quitBrowser(SA33_Pagefactory_InSelenium.java:44)
at webdriver_demo.SA33_Pagefactory_InSelenium.quitBrowser(SA33_Pagefactory_InSelenium.java:44)
at webdriver_demo.SA33_Pagefactory_InSelenium.quitBrowser(SA33_Pagefactory_InSelenium.java:44)
at webdriver_demo.SA33_Pagefactory_InSelenium.quitBrowser(SA33_Pagefactory_InSelenium.java:44)
at webdriver_demo.SA33_Pagefactory_InSelenium.quitBrowser(SA33_Pagefactory_InSelenium.java:44)
at webdriver_demo.SA33_Pagefactory_InSelenium.quitBrowser(SA33_Pagefactory_InSelenium.java:44)
at webdriver_demo.SA33_Pagefactory_InSelenium.quitBrowser(SA33_Pagefactory_InSelenium.java:44)
at webdriver_demo.SA33_Pagefactory_InSelenium.quitBrowser(SA33_Pagefactory_InSelenium.java:44)
at webdriver_demo.SA33_Pagefactory_InSelenium.quitBrowser(SA33_Pagefactory_InSelenium.java:44)
at webdriver_demo.SA33_Pagefactory_InSelenium.quitBrowser(SA33_Pagefactory_InSelenium.java:44)
at webdriver_demo.SA33_Pagefactory_InSelenium.quitBrowser(SA33_Pagefactory_InSelenium.java:44)
at webdriver_demo.SA33_Pagefactory_InSelenium.quitBrowser(SA33_Pagefactory_InSelenium.java:44)
at webdriver_demo.SA33_Pagefactory_InSelenium.quitBrowser(SA33_Pagefactory_InSelenium.java:44)
at webdriver_demo.SA33_Pagefactory_InSelenium.quitBrowser(SA33_Pagefactory_InSelenium.java:44)
at webdriver_demo.SA33_Pagefactory_InSelenium.quitBrowser(SA33_Pagefactory_InSelenium.java:44)
at webdriver_demo.SA33_Pagefactory_InSelenium.quitBrowser(SA33_Pagefactory_InSelenium.java:44)
at webdriver_demo.SA33_Pagefactory_InSelenium.quitBrowser(SA33_Pagefactory_InSelenium.java:44)
at webdriver_demo.SA33_Pagefactory_InSelenium.quitBrowser(SA33_Pagefactory_InSelenium.java:44)
at webdriver_demo.SA33_Pagefactory_InSelenium.quitBrowser(SA33_Pagefactory_InSelenium.java:44)
at webdriver_demo.SA33_Pagefactory_InSelenium.quitBrowser(SA33_Pagefactory_InSelenium.java:44)
at webdriver_demo.SA33_Pagefactory_InSelenium.quitBrowser(SA33_Pagefactory_InSelenium.java:44)
at webdriver_demo.SA33_Pagefactory_InSelenium.quitBrowser(SA33_Pagefactory_InSelenium.java:44)
at webdriver_demo.SA33_Pagefactory_InSelenium.quitBrowser(SA33_Pagefactory_InSelenium.java:44)
at webdriver_demo.SA33_Pagefactory_InSelenium.quitBrowser(SA33_Pagefactory_InSelenium.java:44)
at webdriver_demo.SA33_Pagefactory_InSelenium.quitBrowser(SA33_Pagefactory_InSelenium.java:44)
at webdriver_demo.SA33_Pagefactory_InSelenium.quitBrowser(SA33_Pagefactory_InSelenium.java:44)
at webdriver_demo.SA33_Pagefactory_InSelenium.quitBrowser(SA33_Pagefactory_InSelenium.java:44)
at webdriver_demo.SA33_Pagefactory_InSelenium.quitBrowser(SA33_Pagefactory_InSelenium.java:44)
at webdriver_demo.SA33_Pagefactory_InSelenium.quitBrowser(SA33_Pagefactory_InSelenium.java:44)
at webdriver_demo.SA33_Pagefactory_InSelenium.quitBrowser(SA33_Pagefactory_InSelenium.java:44)
at webdriver_demo.SA33_Pagefactory_InSelenium.quitBrowser(SA33_Pagefactory_InSelenium.java:44)
at webdriver_demo.SA33_Pagefactory_InSelenium.quitBrowser(SA33_Pagefactory_InSelenium.java:44)
at webdriver_demo.SA33_Pagefactory_InSelenium.quitBrowser(SA33_Pagefactory_InSelenium.java:44)
at webdriver_demo.SA33_Pagefactory_InSelenium.quitBrowser(SA33_Pagefactory_InSelenium.java:44)
at webdriver_demo.SA33_Pagefactory_InSelenium.quitBrowser(SA33_Pagefactory_InSelenium.java:44)
at webdriver_demo.SA33_Pagefactory_InSelenium.quitBrowser(SA33_Pagefactory_InSelenium.java:44)
at webdriver_demo.SA33_Pagefactory_InSelenium.quitBrowser(SA33_Pagefactory_InSelenium.java:44)
at webdriver_demo.SA33_Pagefactory_InSelenium.quitBrowser(SA33_Pagefactory_InSelenium.java:44)
at webdriver_demo.SA33_Pagefactory_InSelenium.quitBrowser(SA33_Pagefactory_InSelenium.java:44)
at webdriver_demo.SA33_Pagefactory_InSelenium.quitBrowser(SA33_Pagefactory_InSelenium.java:44)
at webdriver_demo.SA33_Pagefactory_InSelenium.quitBrowser(SA33_Pagefactory_InSelenium.java:44)
at webdriver_demo.SA33_Pagefactory_InSelenium.quitBrowser(SA33_Pagefactory_InSelenium.java:44)
at webdriver_demo.SA33_Pagefactory_InSelenium.quitBrowser(SA33_Pagefactory_InSelenium.java:44)
at webdriver_demo.SA33_Pagefactory_InSelenium.quitBrowser(SA33_Pagefactory_InSelenium.java:44)
at webdriver_demo.SA33_Pagefactory_InSelenium.quitBrowser(SA33_Pagefactory_InSelenium.java:44)
at webdriver_demo.SA33_Pagefactory_InSelenium.quitBrowser(SA33_Pagefactory_InSelenium.java:44)
at webdriver_demo.SA33_Pagefactory_InSelenium.quitBrowser(SA33_Pagefactory_InSelenium.java:44)
at webdriver_demo.SA33_Pagefactory_InSelenium.quitBrowser(SA33_Pagefactory_InSelenium.java:44)
at webdriver_demo.SA33_Pagefactory_InSelenium.quitBrowser(SA33_Pagefactory_InSelenium.java:44)
at webdriver_demo.SA33_Pagefactory_InSelenium.quitBrowser(SA33_Pagefactory_InSelenium.java:44)
at webdriver_demo.SA33_Pagefactory_InSelenium.quitBrowser(SA33_Pagefactory_InSelenium.java:44)
at webdriver_demo.SA33_Pagefactory_InSelenium.quitBrowser(SA33_Pagefactory_InSelenium.java:44)
at webdriver_demo.SA33_Pagefactory_InSelenium.quitBrowser(SA33_Pagefactory_InSelenium.java:44)
at webdriver_demo.SA33_Pagefactory_InSelenium.quitBrowser(SA33_Pagefactory_InSelenium.java:44)
at webdriver_demo.SA33_Pagefactory_InSelenium.quitBrowser(SA33_Pagefactory_InSelenium.java:44)
at webdriver_demo.SA33_Pagefactory_InSelenium.quitBrowser(SA33_Pagefactory_InSelenium.java:44)
at webdriver_demo.SA33_Pagefactory_InSelenium.quitBrowser(SA33_Pagefactory_InSelenium.java:44)
at webdriver_demo.SA33_Pagefactory_InSelenium.quitBrowser(SA33_Pagefactory_InSelenium.java:44)
at webdriver_demo.SA33_Pagefactory_InSelenium.quitBrowser(SA33_Pagefactory_InSelenium.java:44)
at webdriver_demo.SA33_Pagefactory_InSelenium.quitBrowser(SA33_Pagefactory_InSelenium.java:44)
at webdriver_demo.SA33_Pagefactory_InSelenium.quitBrowser(SA33_Pagefactory_InSelenium.java:44)
at webdriver_demo.SA33_Pagefactory_InSelenium.quitBrowser(SA33_Pagefactory_InSelenium.java:44)
at webdriver_demo.SA33_Pagefactory_InSelenium.quitBrowser(SA33_Pagefactory_InSelenium.java:44)
at webdriver_demo.SA33_Pagefactory_InSelenium.quitBrowser(SA33_Pagefactory_InSelenium.java:44)
at webdriver_demo.SA33_Pagefactory_InSelenium.quitBrowser(SA33_Pagefactory_InSelenium.java:44)
at webdriver_demo.SA33_Pagefactory_InSelenium.quitBrowser(SA33_Pagefactory_InSelenium.java:44)
at webdriver_demo.SA33_Pagefactory_InSelenium.quitBrowser(SA33_Pagefactory_InSelenium.java:44)
at webdriver_demo.SA33_Pagefactory_InSelenium.quitBrowser(SA33_Pagefactory_InSelenium.java:44)
at webdriver_demo.SA33_Pagefactory_InSelenium.quitBrowser(SA33_Pagefactory_InSelenium.java:44)
at webdriver_demo.SA33_Pagefactory_InSelenium.quitBrowser(SA33_Pagefactory_InSelenium.java:44)
at webdriver_demo.SA33_Pagefactory_InSelenium.quitBrowser(SA33_Pagefactory_InSelenium.java:44)
at webdriver_demo.SA33_Pagefactory_InSelenium.quitBrowser(SA33_Pagefactory_InSelenium.java:44)
at webdriver_demo.SA33_Pagefactory_InSelenium.quitBrowser(SA33_Pagefactory_InSelenium.java:44)
at webdriver_demo.SA33_Pagefactory_InSelenium.quitBrowser(SA33_Pagefactory_InSelenium.java:44)
at webdriver_demo.SA33_Pagefactory_InSelenium.quitBrowser(SA33_Pagefactory_InSelenium.java:44)
at webdriver_demo.SA33_Pagefactory_InSelenium.quitBrowser(SA33_Pagefactory_InSelenium.java:44)
at webdriver_demo.SA33_Pagefactory_InSelenium.quitBrowser(SA33_Pagefactory_InSelenium.java:44)
at webdriver_demo.SA33_Pagefactory_InSelenium.quitBrowser(SA33_Pagefactory_InSelenium.java:44)
at webdriver_demo.SA33_Pagefactory_InSelenium.quitBrowser(SA33_Pagefactory_InSelenium.java:44)
at webdriver_demo.SA33_Pagefactory_InSelenium.quitBrowser(SA33_Pagefactory_InSelenium.java:44)
at webdriver_demo.SA33_Pagefactory_InSelenium.quitBrowser(SA33_Pagefactory_InSelenium.java:44)
at webdriver_demo.SA33_Pagefactory_InSelenium.quitBrowser(SA33_Pagefactory_InSelenium.java:44)
at webdriver_demo.SA33_Pagefactory_InSelenium.quitBrowser(SA33_Pagefactory_InSelenium.java:44)
at webdriver_demo.SA33_Pagefactory_InSelenium.quitBrowser(SA33_Pagefactory_InSelenium.java:44)
at webdriver_demo.SA33_Pagefactory_InSelenium.quitBrowser(SA33_Pagefactory_InSelenium.java:44)
at webdriver_demo.SA33_Pagefactory_InSelenium.quitBrowser(SA33_Pagefactory_InSelenium.java:44)
at webdriver_demo.SA33_Pagefactory_InSelenium.quitBrowser(SA33_Pagefactory_InSelenium.java:44)
at webdriver_demo.SA33_Pagefactory_InSelenium.quitBrowser(SA33_Pagefactory_InSelenium.java:44)
at webdriver_demo.SA33_Pagefactory_InSelenium.quitBrowser(SA33_Pagefactory_InSelenium.java:44)
at webdriver_demo.SA33_Pagefactory_InSelenium.quitBrowser(SA33_Pagefactory_InSelenium.java:44)
at webdriver_demo.SA33_Pagefactory_InSelenium.quitBrowser(SA33_Pagefactory_InSelenium.java:44)
at webdriver_demo.SA33_Pagefactory_InSelenium.quitBrowser(SA33_Pagefactory_InSelenium.java:44)
at webdriver_demo.SA33_Pagefactory_InSelenium.quitBrowser(SA33_Pagefactory_InSelenium.java:44)
at webdriver_demo.SA33_Pagefactory_InSelenium.quitBrowser(SA33_Pagefactory_InSelenium.java:44)
at webdriver_demo.SA33_Pagefactory_InSelenium.quitBrowser(SA33_Pagefactory_InSelenium.java:44)
at webdriver_demo.SA33_Pagefactory_InSelenium.quitBrowser(SA33_Pagefactory_InSelenium.java:44)
at webdriver_demo.SA33_Pagefactory_InSelenium.quitBrowser(SA33_Pagefactory_InSelenium.java:44)
at webdriver_demo.SA33_Pagefactory_InSelenium.quitBrowser(SA33_Pagefactory_InSelenium.java:44)
at webdriver_demo.SA33_Pagefactory_InSelenium.quitBrowser(SA33_Pagefactory_InSelenium.java:44)
at webdriver_demo.SA33_Pagefactory_InSelenium.quitBrowser(SA33_Pagefactory_InSelenium.java:44)
at webdriver_demo.SA33_Pagefactory_InSelenium.quitBrowser(SA33_Pagefactory_InSelenium.java:44)
at webdriver_demo.SA33_Pagefactory_InSelenium.quitBrowser(SA33_Pagefactory_InSelenium.java:44)
at webdriver_demo.SA33_Pagefactory_InSelenium.quitBrowser(SA33_Pagefactory_InSelenium.java:44)
at webdriver_demo.SA33_Pagefactory_InSelenium.quitBrowser(SA33_Pagefactory_InSelenium.java:44)
at webdriver_demo.SA33_Pagefactory_InSelenium.quitBrowser(SA33_Pagefactory_InSelenium.java:44)
at webdriver_demo.SA33_Pagefactory_InSelenium.quitBrowser(SA33_Pagefactory_InSelenium.java:44)
at webdriver_demo.SA33_Pagefactory_InSelenium.quitBrowser(SA33_Pagefactory_InSelenium.java:44)
at webdriver_demo.SA33_Pagefactory_InSelenium.quitBrowser(SA33_Pagefactory_InSelenium.java:44)
at webdriver_demo.SA33_Pagefactory_InSelenium.quitBrowser(SA33_Pagefactory_InSelenium.java:44)
at webdriver_demo.SA33_Pagefactory_InSelenium.quitBrowser(SA33_Pagefactory_InSelenium.java:44)
at webdriver_demo.SA33_Pagefactory_InSelenium.quitBrowser(SA33_Pagefactory_InSelenium.java:44)
at webdriver_demo.SA33_Pagefactory_InSelenium.quitBrowser(SA33_Pagefactory_InSelenium.java:44)
at webdriver_demo.SA33_Pagefactory_InSelenium.quitBrowser(SA33_Pagefactory_InSelenium.java:44)
at webdriver_demo.SA33_Pagefactory_InSelenium.quitBrowser(SA33_Pagefactory_InSelenium.java:44)
at webdriver_demo.SA33_Pagefactory_InSelenium.quitBrowser(SA33_Pagefactory_InSelenium.java:44)
at webdriver_demo.SA33_Pagefactory_InSelenium.quitBrowser(SA33_Pagefactory_InSelenium.java:44)
at webdriver_demo.SA33_Pagefactory_InSelenium.quitBrowser(SA33_Pagefactory_InSelenium.java:44)
at webdriver_demo.SA33_Pagefactory_InSelenium.quitBrowser(SA33_Pagefactory_InSelenium.java:44)
at webdriver_demo.SA33_Pagefactory_InSelenium.quitBrowser(SA33_Pagefactory_InSelenium.java:44)
at webdriver_demo.SA33_Pagefactory_InSelenium.quitBrowser(SA33_Pagefactory_InSelenium.java:44)
at webdriver_demo.SA33_Pagefactory_InSelenium.quitBrowser(SA33_Pagefactory_InSelenium.java:44)
at webdriver_demo.SA33_Pagefactory_InSelenium.quitBrowser(SA33_Pagefactory_InSelenium.java:44)
at webdriver_demo.SA33_Pagefactory_InSelenium.quitBrowser(SA33_Pagefactory_InSelenium.java:44)
at webdriver_demo.SA33_Pagefactory_InSelenium.quitBrowser(SA33_Pagefactory_InSelenium.java:44)
at webdriver_demo.SA33_Pagefactory_InSelenium.quitBrowser(SA33_Pagefactory_InSelenium.java:44)
at webdriver_demo.SA33_Pagefactory_InSelenium.quitBrowser(SA33_Pagefactory_InSelenium.java:44)
at webdriver_demo.SA33_Pagefactory_InSelenium.quitBrowser(SA33_Pagefactory_InSelenium.java:44)
at webdriver_demo.SA33_Pagefactory_InSelenium.quitBrowser(SA33_Pagefactory_InSelenium.java:44)
at webdriver_demo.SA33_Pagefactory_InSelenium.quitBrowser(SA33_Pagefactory_InSelenium.java:44)
at webdriver_demo.SA33_Pagefactory_InSelenium.quitBrowser(SA33_Pagefactory_InSelenium.java:44)
at webdriver_demo.SA33_Pagefactory_InSelenium.quitBrowser(SA33_Pagefactory_InSelenium.java:44)
at webdriver_demo.SA33_Pagefactory_InSelenium.quitBrowser(SA33_Pagefactory_InSelenium.java:44)
at webdriver_demo.SA33_Pagefactory_InSelenium.quitBrowser(SA33_Pagefactory_InSelenium.java:44)
at webdriver_demo.SA33_Pagefactory_InSelenium.quitBrowser(SA33_Pagefactory_InSelenium.java:44)
at webdriver_demo.SA33_Pagefactory_InSelenium.quitBrowser(SA33_Pagefactory_InSelenium.java:44)
at webdriver_demo.SA33_Pagefactory_InSelenium.quitBrowser(SA33_Pagefactory_InSelenium.java:44)
at webdriver_demo.SA33_Pagefactory_InSelenium.quitBrowser(SA33_Pagefactory_InSelenium.java:44)
at webdriver_demo.SA33_Pagefactory_InSelenium.quitBrowser(SA33_Pagefactory_InSelenium.java:44)
at webdriver_demo.SA33_Pagefactory_InSelenium.quitBrowser(SA33_Pagefactory_InSelenium.java:44)
at webdriver_demo.SA33_Pagefactory_InSelenium.quitBrowser(SA33_Pagefactory_InSelenium.java:44)
at webdriver_demo.SA33_Pagefactory_InSelenium.quitBrowser(SA33_Pagefactory_InSelenium.java:44)
at webdriver_demo.SA33_Pagefactory_InSelenium.quitBrowser(SA33_Pagefactory_InSelenium.java:44)
at webdriver_demo.SA33_Pagefactory_InSelenium.quitBrowser(SA33_Pagefactory_InSelenium.java:44)
at webdriver_demo.SA33_Pagefactory_InSelenium.quitBrowser(SA33_Pagefactory_InSelenium.java:44)
at webdriver_demo.SA33_Pagefactory_InSelenium.quitBrowser(SA33_Pagefactory_InSelenium.java:44)
at webdriver_demo.SA33_Pagefactory_InSelenium.quitBrowser(SA33_Pagefactory_InSelenium.java:44)
at webdriver_demo.SA33_Pagefactory_InSelenium.quitBrowser(SA33_Pagefactory_InSelenium.java:44)
at webdriver_demo.SA33_Pagefactory_InSelenium.quitBrowser(SA33_Pagefactory_InSelenium.java:44)
at webdriver_demo.SA33_Pagefactory_InSelenium.quitBrowser(SA33_Pagefactory_InSelenium.java:44)
at webdriver_demo.SA33_Pagefactory_InSelenium.quitBrowser(SA33_Pagefactory_InSelenium.java:44)
at webdriver_demo.SA33_Pagefactory_InSelenium.quitBrowser(SA33_Pagefactory_InSelenium.java:44)
at webdriver_demo.SA33_Pagefactory_InSelenium.quitBrowser(SA33_Pagefactory_InSelenium.java:44)
at webdriver_demo.SA33_Pagefactory_InSelenium.quitBrowser(SA33_Pagefactory_InSelenium.java:44)
at webdriver_demo.SA33_Pagefactory_InSelenium.quitBrowser(SA33_Pagefactory_InSelenium.java:44)
at webdriver_demo.SA33_Pagefactory_InSelenium.quitBrowser(SA33_Pagefactory_InSelenium.java:44)
at webdriver_demo.SA33_Pagefactory_InSelenium.quitBrowser(SA33_Pagefactory_InSelenium.java:44)
at webdriver_demo.SA33_Pagefactory_InSelenium.quitBrowser(SA33_Pagefactory_InSelenium.java:44)
at webdriver_demo.SA33_Pagefactory_InSelenium.quitBrowser(SA33_Pagefactory_InSelenium.java:44)
at webdriver_demo.SA33_Pagefactory_InSelenium.quitBrowser(SA33_Pagefactory_InSelenium.java:44)
at webdriver_demo.SA33_Pagefactory_InSelenium.quitBrowser(SA33_Pagefactory_InSelenium.java:44)
at webdriver_demo.SA33_Pagefactory_InSelenium.quitBrowser(SA33_Pagefactory_InSelenium.java:44)
at webdriver_demo.SA33_Pagefactory_InSelenium.quitBrowser(SA33_Pagefactory_InSelenium.java:44)
at webdriver_demo.SA33_Pagefactory_InSelenium.quitBrowser(SA33_Pagefactory_InSelenium.java:44)
at webdriver_demo.SA33_Pagefactory_InSelenium.quitBrowser(SA33_Pagefactory_InSelenium.java:44)
at webdriver_demo.SA33_Pagefactory_InSelenium.quitBrowser(SA33_Pagefactory_InSelenium.java:44)
at webdriver_demo.SA33_Pagefactory_InSelenium.quitBrowser(SA33_Pagefactory_InSelenium.java:44)
at webdriver_demo.SA33_Pagefactory_InSelenium.quitBrowser(SA33_Pagefactory_InSelenium.java:44)
at webdriver_demo.SA33_Pagefactory_InSelenium.quitBrowser(SA33_Pagefactory_InSelenium.java:44)
at webdriver_demo.SA33_Pagefactory_InSelenium.quitBrowser(SA33_Pagefactory_InSelenium.java:44)
at webdriver_demo.SA33_Pagefactory_InSelenium.quitBrowser(SA33_Pagefactory_InSelenium.java:44)
at webdriver_demo.SA33_Pagefactory_InSelenium.quitBrowser(SA33_Pagefactory_InSelenium.java:44)
at webdriver_demo.SA33_Pagefactory_InSelenium.quitBrowser(SA33_Pagefactory_InSelenium.java:44)
at webdriver_demo.SA33_Pagefactory_InSelenium.quitBrowser(SA33_Pagefactory_InSelenium.java:44)
at webdriver_demo.SA33_Pagefactory_InSelenium.quitBrowser(SA33_Pagefactory_InSelenium.java:44)
at webdriver_demo.SA33_Pagefactory_InSelenium.quitBrowser(SA33_Pagefactory_InSelenium.java:44)
at webdriver_demo.SA33_Pagefactory_InSelenium.quitBrowser(SA33_Pagefactory_InSelenium.java:44)
at webdriver_demo.SA33_Pagefactory_InSelenium.quitBrowser(SA33_Pagefactory_InSelenium.java:44)
at webdriver_demo.SA33_Pagefactory_InSelenium.quitBrowser(SA33_Pagefactory_InSelenium.java:44)
at webdriver_demo.SA33_Pagefactory_InSelenium.quitBrowser(SA33_Pagefactory_InSelenium.java:44)
at webdriver_demo.SA33_Pagefactory_InSelenium.quitBrowser(SA33_Pagefactory_InSelenium.java:44)
at webdriver_demo.SA33_Pagefactory_InSelenium.quitBrowser(SA33_Pagefactory_InSelenium.java:44)
at webdriver_demo.SA33_Pagefactory_InSelenium.quitBrowser(SA33_Pagefactory_InSelenium.java:44)
at webdriver_demo.SA33_Pagefactory_InSelenium.quitBrowser(SA33_Pagefactory_InSelenium.java:44)
at webdriver_demo.SA33_Pagefactory_InSelenium.quitBrowser(SA33_Pagefactory_InSelenium.java:44)
at webdriver_demo.SA33_Pagefactory_InSelenium.quitBrowser(SA33_Pagefactory_InSelenium.java:44)
at webdriver_demo.SA33_Pagefactory_InSelenium.quitBrowser(SA33_Pagefactory_InSelenium.java:44)
at webdriver_demo.SA33_Pagefactory_InSelenium.quitBrowser(SA33_Pagefactory_InSelenium.java:44)
at webdriver_demo.SA33_Pagefactory_InSelenium.quitBrowser(SA33_Pagefactory_InSelenium.java:44)
at webdriver_demo.SA33_Pagefactory_InSelenium.quitBrowser(SA33_Pagefactory_InSelenium.java:44)
at webdriver_demo.SA33_Pagefactory_InSelenium.quitBrowser(SA33_Pagefactory_InSelenium.java:44)
at webdriver_demo.SA33_Pagefactory_InSelenium.quitBrowser(SA33_Pagefactory_InSelenium.java:44)
at webdriver_demo.SA33_Pagefactory_InSelenium.quitBrowser(SA33_Pagefactory_InSelenium.java:44)
at webdriver_demo.SA33_Pagefactory_InSelenium.quitBrowser(SA33_Pagefactory_InSelenium.java:44)
at webdriver_demo.SA33_Pagefactory_InSelenium.quitBrowser(SA33_Pagefactory_InSelenium.java:44)
at webdriver_demo.SA33_Pagefactory_InSelenium.quitBrowser(SA33_Pagefactory_InSelenium.java:44)
at webdriver_demo.SA33_Pagefactory_InSelenium.quitBrowser(SA33_Pagefactory_InSelenium.java:44)
at webdriver_demo.SA33_Pagefactory_InSelenium.quitBrowser(SA33_Pagefactory_InSelenium.java:44)
at webdriver_demo.SA33_Pagefactory_InSelenium.quitBrowser(SA33_Pagefactory_InSelenium.java:44)
at webdriver_demo.SA33_Pagefactory_InSelenium.quitBrowser(SA33_Pagefactory_InSelenium.java:44)
at webdriver_demo.SA33_Pagefactory_InSelenium.quitBrowser(SA33_Pagefactory_InSelenium.java:44)
at webdriver_demo.SA33_Pagefactory_InSelenium.quitBrowser(SA33_Pagefactory_InSelenium.java:44)
at webdriver_demo.SA33_Pagefactory_InSelenium.quitBrowser(SA33_Pagefactory_InSelenium.java:44)
at webdriver_demo.SA33_Pagefactory_InSelenium.quitBrowser(SA33_Pagefactory_InSelenium.java:44)
at webdriver_demo.SA33_Pagefactory_InSelenium.quitBrowser(SA33_Pagefactory_InSelenium.java:44)
at webdriver_demo.SA33_Pagefactory_InSelenium.quitBrowser(SA33_Pagefactory_InSelenium.java:44)
at webdriver_demo.SA33_Pagefactory_InSelenium.quitBrowser(SA33_Pagefactory_InSelenium.java:44)
at webdriver_demo.SA33_Pagefactory_InSelenium.quitBrowser(SA33_Pagefactory_InSelenium.java:44)
at webdriver_demo.SA33_Pagefactory_InSelenium.quitBrowser(SA33_Pagefactory_InSelenium.java:44)
at webdriver_demo.SA33_Pagefactory_InSelenium.quitBrowser(SA33_Pagefactory_InSelenium.java:44)
at webdriver_demo.SA33_Pagefactory_InSelenium.quitBrowser(SA33_Pagefactory_InSelenium.java:44)
at webdriver_demo.SA33_Pagefactory_InSelenium.quitBrowser(SA33_Pagefactory_InSelenium.java:44)
at webdriver_demo.SA33_Pagefactory_InSelenium.quitBrowser(SA33_Pagefactory_InSelenium.java:44)
at webdriver_demo.SA33_Pagefactory_InSelenium.quitBrowser(SA33_Pagefactory_InSelenium.java:44)
at webdriver_demo.SA33_Pagefactory_InSelenium.quitBrowser(SA33_Pagefactory_InSelenium.java:44)
at webdriver_demo.SA33_Pagefactory_InSelenium.quitBrowser(SA33_Pagefactory_InSelenium.java:44)
at webdriver_demo.SA33_Pagefactory_InSelenium.quitBrowser(SA33_Pagefactory_InSelenium.java:44)
at webdriver_demo.SA33_Pagefactory_InSelenium.quitBrowser(SA33_Pagefactory_InSelenium.java:44)
at webdriver_demo.SA33_Pagefactory_InSelenium.quitBrowser(SA33_Pagefactory_InSelenium.java:44)
at webdriver_demo.SA33_Pagefactory_InSelenium.quitBrowser(SA33_Pagefactory_InSelenium.java:44)
]]>
    </failure>
  </testcase> <!-- @AfterMethod quitBrowser -->
  <testcase classname="webdriver_demo.SA33_Pagefactory_InSelenium" name="loginTest" time="50.232"/>
</testsuite> <!-- Default test -->
