<?xml version="1.0" encoding="UTF-8"?>
<!-- Generated by org.testng.reporters.JUnitXMLReporter -->
<testsuite ignored="0" hostname="Nitins-MacBook-Pro.local" failures="0" tests="3" name="Default test" time="68.911" errors="0" timestamp="2026-04-27T22:00:54 IST">
  <testcase classname="tests.FlightBookingTest" name="TC_01" time="2.092"/>
  <testcase classname="tests.FlightBookingTest" name="TC_02" time="9.787"/>
  <testcase classname="tests.FlightBookingTest" name="TC_03" time="0.965"/>
</testsuite> <!-- Default test -->
