<?xml version="1.0" encoding="UTF-8"?>
<testng-results ignored="0" total="1" passed="1" failed="0" skipped="0">
  <reporter-output>
  </reporter-output>
  <suite started-at="2026-03-06T21:11:19 IST" name="Default suite" finished-at="2026-03-06T21:12:27 IST" duration-ms="68027">
    <groups>
    </groups>
    <test started-at="2026-03-06T21:11:19 IST" name="Default test" finished-at="2026-03-06T21:12:27 IST" duration-ms="68027">
      <class name="webdriver_demo.SA33_Pagefactory_InSelenium">
        <test-method is-config="true" signature="setBrowser()[pri:0, instance:webdriver_demo.SA33_Pagefactory_InSelenium@31c88ec8]" started-at="2026-03-06T21:11:19 IST" name="setBrowser" finished-at="2026-03-06T21:11:36 IST" duration-ms="17659" status="PASS">
          <reporter-output>
          </reporter-output>
        </test-method> <!-- setBrowser -->
        <test-method signature="loginTest()[pri:0, instance:webdriver_demo.SA33_Pagefactory_InSelenium@31c88ec8]" started-at="2026-03-06T21:11:36 IST" name="loginTest" finished-at="2026-03-06T21:12:26 IST" duration-ms="50232" status="PASS">
          <reporter-output>
          </reporter-output>
        </test-method> <!-- loginTest -->
        <test-method is-config="true" signature="quitBrowser()[pri:0, instance:webdriver_demo.SA33_Pagefactory_InSelenium@31c88ec8]" started-at="2026-03-06T21:12:26 IST" name="quitBrowser" finished-at="2026-03-06T21:12:26 IST" duration-ms="10" status="FAIL">
          <exception class="java.lang.StackOverflowError">
            <full-stacktrace>
              <![CDATA[java.lang.StackOverflowError
at webdriver_demo.SA33_Pagefactory_InSelenium.quitBrowser(SA33_Pagefactory_InSelenium.java:44)
at webdriver_demo.SA33_Pagefactory_InSelenium.quitBrowser(SA33_Pagefactory_InSelenium.java:44)
at webdriver_demo.SA33_Pagefactory_InSelenium.quitBrowser(SA33_Pagefactory_InSelenium.java:44)
at webdriver_demo.SA33_Pagefactory_InSelenium.quitBrowser(SA33_Pagefactory_InSelenium.java:44)
at webdriver_demo.SA33_Pagefactory_InSelenium.quitBrowser(SA33_Pagefactory_InSelenium.java:44)
at webdriver_demo.SA33_Pagefactory_InSelenium.quitBrowser(SA33_Pagefactory_InSelenium.java:44)
at webdriver_demo.SA33_Pagefactory_InSelenium.quitBrowser(SA33_Pagefactory_InSelenium.java:44)
at webdriver_demo.SA33_Pagefactory_InSelenium.quitBrowser(SA33_Pagefactory_InSelenium.java:44)
at webdriver_demo.SA33_Pagefactory_InSelenium.quitBrowser(SA33_Pagefactory_InSelenium.java:44)
at webdriver_demo.SA33_Pagefactory_InSelenium.quitBrowser(SA33_Pagefactory_InSelenium.java:44)
at webdriver_demo.SA33_Pagefactory_InSelenium.quitBrowser(SA33_Pagefactory_InSelenium.java:44)
at webdriver_demo.SA33_Pagefactory_InSelenium.quitBrowser(SA33_Pagefactory_InSelenium.java:44)
at webdriver_demo.SA33_Pagefactory_InSelenium.quitBrowser(SA33_Pagefactory_InSelenium.java:44)
at webdriver_demo.SA33_Pagefactory_InSelenium.quitBrowser(SA33_Pagefactory_InSelenium.java:44)
at webdriver_demo.SA33_Pagefactory_InSelenium.quitBrowser(SA33_Pagefactory_InSelenium.java:44)
at webdriver_demo.SA33_Pagefactory_InSelenium.quitBrowser(SA33_Pagefactory_InSelenium.java:44)
at webdriver_demo.SA33_Pagefactory_InSelenium.quitBrowser(SA33_Pagefactory_InSelenium.java:44)
at webdriver_demo.SA33_Pagefactory_InSelenium.quitBrowser(SA33_Pagefactory_InSelenium.java:44)
at webdriver_demo.SA33_Pagefactory_InSelenium.quitBrowser(SA33_Pagefactory_InSelenium.java:44)
at webdriver_demo.SA33_Pagefactory_InSelenium.quitBrowser(SA33_Pagefactory_InSelenium.java:44)
at webdriver_demo.SA33_Pagefactory_InSelenium.quitBrowser(SA33_Pagefactory_InSelenium.java:44)
at webdriver_demo.SA33_Pagefactory_InSelenium.quitBrowser(SA33_Pagefactory_InSelenium.java:44)
at webdriver_demo.SA33_Pagefactory_InSelenium.quitBrowser(SA33_Pagefactory_InSelenium.java:44)
at webdriver_demo.SA33_Pagefactory_InSelenium.quitBrowser(SA33_Pagefactory_InSelenium.java:44)
at webdriver_demo.SA33_Pagefactory_InSelenium.quitBrowser(SA33_Pagefactory_InSelenium.java:44)
at webdriver_demo.SA33_Pagefactory_InSelenium.quitBrowser(SA33_Pagefactory_InSelenium.java:44)
at webdriver_demo.SA33_Pagefactory_InSelenium.quitBrowser(SA33_Pagefactory_InSelenium.java:44)
at webdriver_demo.SA33_Pagefactory_InSelenium.quitBrowser(SA33_Pagefactory_InSelenium.java:44)
at webdriver_demo.SA33_Pagefactory_InSelenium.quitBrowser(SA33_Pagefactory_InSelenium.java:44)
at webdriver_demo.SA33_Pagefactory_InSelenium.quitBrowser(SA33_Pagefactory_InSelenium.java:44)
at webdriver_demo.SA33_Pagefactory_InSelenium.quitBrowser(SA33_Pagefactory_InSelenium.java:44)
at webdriver_demo.SA33_Pagefactory_InSelenium.quitBrowser(SA33_Pagefactory_InSelenium.java:44)
at webdriver_demo.SA33_Pagefactory_InSelenium.quitBrowser(SA33_Pagefactory_InSelenium.java:44)
at webdriver_demo.SA33_Pagefactory_InSelenium.quitBrowser(SA33_Pagefactory_InSelenium.java:44)
at webdriver_demo.SA33_Pagefactory_InSelenium.quitBrowser(SA33_Pagefactory_InSelenium.java:44)
at webdriver_demo.SA33_Pagefactory_InSelenium.quitBrowser(SA33_Pagefactory_InSelenium.java:44)
at webdriver_demo.SA33_Pagefactory_InSelenium.quitBrowser(SA33_Pagefactory_InSelenium.java:44)
at webdriver_demo.SA33_Pagefactory_InSelenium.quitBrowser(SA33_Pagefactory_InSelenium.java:44)
at webdriver_demo.SA33_Pagefactory_InSelenium.quitBrowser(SA33_Pagefactory_InSelenium.java:44)
at webdriver_demo.SA33_Pagefactory_InSelenium.quitBrowser(SA33_Pagefactory_InSelenium.java:44)
at webdriver_demo.SA33_Pagefactory_InSelenium.quitBrowser(SA33_Pagefactory_InSelenium.java:44)
at webdriver_demo.SA33_Pagefactory_InSelenium.quitBrowser(SA33_Pagefactory_InSelenium.java:44)
at webdriver_demo.SA33_Pagefactory_InSelenium.quitBrowser(SA33_Pagefactory_InSelenium.java:44)
at webdriver_demo.SA33_Pagefactory_InSelenium.quitBrowser(SA33_Pagefactory_InSelenium.java:44)
at webdriver_demo.SA33_Pagefactory_InSelenium.quitBrowser(SA33_Pagefactory_InSelenium.java:44)
at webdriver_demo.SA33_Pagefactory_InSelenium.quitBrowser(SA33_Pagefactory_InSelenium.java:44)
at webdriver_demo.SA33_Pagefactory_InSelenium.quitBrowser(SA33_Pagefactory_InSelenium.java:44)
at webdriver_demo.SA33_Pagefactory_InSelenium.quitBrowser(SA33_Pagefactory_InSelenium.java:44)
at webdriver_demo.SA33_Pagefactory_InSelenium.quitBrowser(SA33_Pagefactory_InSelenium.java:44)
at webdriver_demo.SA33_Pagefactory_InSelenium.quitBrowser(SA33_Pagefactory_InSelenium.java:44)
at webdriver_demo.SA33_Pagefactory_InSelenium.quitBrowser(SA33_Pagefactory_InSelenium.java:44)
at webdriver_demo.SA33_Pagefactory_InSelenium.quitBrowser(SA33_Pagefactory_InSelenium.java:44)
at webdriver_demo.SA33_Pagefactory_InSelenium.quitBrowser(SA33_Pagefactory_InSelenium.java:44)
at webdriver_demo.SA33_Pagefactory_InSelenium.quitBrowser(SA33_Pagefactory_InSelenium.java:44)
at webdriver_demo.SA33_Pagefactory_InSelenium.quitBrowser(SA33_Pagefactory_InSelenium.java:44)
at webdriver_demo.SA33_Pagefactory_InSelenium.quitBrowser(SA33_Pagefactory_InSelenium.java:44)
at webdriver_demo.SA33_Pagefactory_InSelenium.quitBrowser(SA33_Pagefactory_InSelenium.java:44)
at webdriver_demo.SA33_Pagefactory_InSelenium.quitBrowser(SA33_Pagefactory_InSelenium.java:44)
at webdriver_demo.SA33_Pagefactory_InSelenium.quitBrowser(SA33_Pagefactory_InSelenium.java:44)
at webdriver_demo.SA33_Pagefactory_InSelenium.quitBrowser(SA33_Pagefactory_InSelenium.java:44)
at webdriver_demo.SA33_Pagefactory_InSelenium.quitBrowser(SA33_Pagefactory_InSelenium.java:44)
at webdriver_demo.SA33_Pagefactory_InSelenium.quitBrowser(SA33_Pagefactory_InSelenium.java:44)
at webdriver_demo.SA33_Pagefactory_InSelenium.quitBrowser(SA33_Pagefactory_InSelenium.java:44)
at webdriver_demo.SA33_Pagefactory_InSelenium.quitBrowser(SA33_Pagefactory_InSelenium.java:44)
at webdriver_demo.SA33_Pagefactory_InSelenium.quitBrowser(SA33_Pagefactory_InSelenium.java:44)
at webdriver_demo.SA33_Pagefactory_InSelenium.quitBrowser(SA33_Pagefactory_InSelenium.java:44)
at webdriver_demo.SA33_Pagefactory_InSelenium.quitBrowser(SA33_Pagefactory_InSelenium.java:44)
at webdriver_demo.SA33_Pagefactory_InSelenium.quitBrowser(SA33_Pagefactory_InSelenium.java:44)
at webdriver_demo.SA33_Pagefactory_InSelenium.quitBrowser(SA33_Pagefactory_InSelenium.java:44)
at webdriver_demo.SA33_Pagefactory_InSelenium.quitBrowser(SA33_Pagefactory_InSelenium.java:44)
at webdriver_demo.SA33_Pagefactory_InSelenium.quitBrowser(SA33_Pagefactory_InSelenium.java:44)
at webdriver_demo.SA33_Pagefactory_InSelenium.quitBrowser(SA33_Pagefactory_InSelenium.java:44)
at webdriver_demo.SA33_Pagefactory_InSelenium.quitBrowser(SA33_Pagefactory_InSelenium.java:44)
at webdriver_demo.SA33_Pagefactory_InSelenium.quitBrowser(SA33_Pagefactory_InSelenium.java:44)
at webdriver_demo.SA33_Pagefactory_InSelenium.quitBrowser(SA33_Pagefactory_InSelenium.java:44)
at webdriver_demo.SA33_Pagefactory_InSelenium.quitBrowser(SA33_Pagefactory_InSelenium.java:44)
at webdriver_demo.SA33_Pagefactory_InSelenium.quitBrowser(SA33_Pagefactory_InSelenium.java:44)
at webdriver_demo.SA33_Pagefactory_InSelenium.quitBrowser(SA33_Pagefactory_InSelenium.java:44)
at webdriver_demo.SA33_Pagefactory_InSelenium.quitBrowser(SA33_Pagefactory_InSelenium.java:44)
at webdriver_demo.SA33_Pagefactory_InSelenium.quitBrowser(SA33_Pagefactory_InSelenium.java:44)
at webdriver_demo.SA33_Pagefactory_InSelenium.quitBrowser(SA33_Pagefactory_InSelenium.java:44)
at webdriver_demo.SA33_Pagefactory_InSelenium.quitBrowser(SA33_Pagefactory_InSelenium.java:44)
at webdriver_demo.SA33_Pagefactory_InSelenium.quitBrowser(SA33_Pagefactory_InSelenium.java:44)
at webdriver_demo.SA33_Pagefactory_InSelenium.quitBrowser(SA33_Pagefactory_InSelenium.java:44)
at webdriver_demo.SA33_Pagefactory_InSelenium.quitBrowser(SA33_Pagefactory_InSelenium.java:44)
at webdriver_demo.SA33_Pagefactory_InSelenium.quitBrowser(SA33_Pagefactory_InSelenium.java:44)
at webdriver_demo.SA33_Pagefactory_InSelenium.quitBrowser(SA33_Pagefactory_InSelenium.java:44)
at webdriver_demo.SA33_Pagefactory_InSelenium.quitBrowser(SA33_Pagefactory_InSelenium.java:44)
at webdriver_demo.SA33_Pagefactory_InSelenium.quitBrowser(SA33_Pagefactory_InSelenium.java:44)
at webdriver_demo.SA33_Pagefactory_InSelenium.quitBrowser(SA33_Pagefactory_InSelenium.java:44)
at webdriver_demo.SA33_Pagefactory_InSelenium.quitBrowser(SA33_Pagefactory_InSelenium.java:44)
at webdriver_demo.SA33_Pagefactory_InSelenium.quitBrowser(SA33_Pagefactory_InSelenium.java:44)
at webdriver_demo.SA33_Pagefactory_InSelenium.quitBrowser(SA33_Pagefactory_InSelenium.java:44)
at webdriver_demo.SA33_Pagefactory_InSelenium.quitBrowser(SA33_Pagefactory_InSelenium.java:44)
at webdriver_demo.SA33_Pagefactory_InSelenium.quitBrowser(SA33_Pagefactory_InSelenium.java:44)
at webdriver_demo.SA33_Pagefactory_InSelenium.quitBrowser(SA33_Pagefactory_InSelenium.java:44)
at webdriver_demo.SA33_Pagefactory_InSelenium.quitBrowser(SA33_Pagefactory_InSelenium.java:44)
at webdriver_demo.SA33_Pagefactory_InSelenium.quitBrowser(SA33_Pagefactory_InSelenium.java:44)
at webdriver_demo.SA33_Pagefactory_InSelenium.quitBrowser(SA33_Pagefactory_InSelenium.java:44)
at webdriver_demo.SA33_Pagefactory_InSelenium.quitBrowser(SA33_Pagefactory_InSelenium.java:44)
at webdriver_demo.SA33_Pagefactory_InSelenium.quitBrowser(SA33_Pagefactory_InSelenium.java:44)
at webdriver_demo.SA33_Pagefactory_InSelenium.quitBrowser(SA33_Pagefactory_InSelenium.java:44)
at webdriver_demo.SA33_Pagefactory_InSelenium.quitBrowser(SA33_Pagefactory_InSelenium.java:44)
at webdriver_demo.SA33_Pagefactory_InSelenium.quitBrowser(SA33_Pagefactory_InSelenium.java:44)
at webdriver_demo.SA33_Pagefactory_InSelenium.quitBrowser(SA33_Pagefactory_InSelenium.java:44)
at webdriver_demo.SA33_Pagefactory_InSelenium.quitBrowser(SA33_Pagefactory_InSelenium.java:44)
at webdriver_demo.SA33_Pagefactory_InSelenium.quitBrowser(SA33_Pagefactory_InSelenium.java:44)
at webdriver_demo.SA33_Pagefactory_InSelenium.quitBrowser(SA33_Pagefactory_InSelenium.java:44)
at webdriver_demo.SA33_Pagefactory_InSelenium.quitBrowser(SA33_Pagefactory_InSelenium.java:44)
at webdriver_demo.SA33_Pagefactory_InSelenium.quitBrowser(SA33_Pagefactory_InSelenium.java:44)
at webdriver_demo.SA33_Pagefactory_InSelenium.quitBrowser(SA33_Pagefactory_InSelenium.java:44)
at webdriver_demo.SA33_Pagefactory_InSelenium.quitBrowser(SA33_Pagefactory_InSelenium.java:44)
at webdriver_demo.SA33_Pagefactory_InSelenium.quitBrowser(SA33_Pagefactory_InSelenium.java:44)
at webdriver_demo.SA33_Pagefactory_InSelenium.quitBrowser(SA33_Pagefactory_InSelenium.java:44)
at webdriver_demo.SA33_Pagefactory_InSelenium.quitBrowser(SA33_Pagefactory_InSelenium.java:44)
at webdriver_demo.SA33_Pagefactory_InSelenium.quitBrowser(SA33_Pagefactory_InSelenium.java:44)
at webdriver_demo.SA33_Pagefactory_InSelenium.quitBrowser(SA33_Pagefactory_InSelenium.java:44)
at webdriver_demo.SA33_Pagefactory_InSelenium.quitBrowser(SA33_Pagefactory_InSelenium.java:44)
at webdriver_demo.SA33_Pagefactory_InSelenium.quitBrowser(SA33_Pagefactory_InSelenium.java:44)
at webdriver_demo.SA33_Pagefactory_InSelenium.quitBrowser(SA33_Pagefactory_InSelenium.java:44)
at webdriver_demo.SA33_Pagefactory_InSelenium.quitBrowser(SA33_Pagefactory_InSelenium.java:44)
at webdriver_demo.SA33_Pagefactory_InSelenium.quitBrowser(SA33_Pagefactory_InSelenium.java:44)
at webdriver_demo.SA33_Pagefactory_InSelenium.quitBrowser(SA33_Pagefactory_InSelenium.java:44)
at webdriver_demo.SA33_Pagefactory_InSelenium.quitBrowser(SA33_Pagefactory_InSelenium.java:44)
at webdriver_demo.SA33_Pagefactory_InSelenium.quitBrowser(SA33_Pagefactory_InSelenium.java:44)
at webdriver_demo.SA33_Pagefactory_InSelenium.quitBrowser(SA33_Pagefactory_InSelenium.java:44)
at webdriver_demo.SA33_Pagefactory_InSelenium.quitBrowser(SA33_Pagefactory_InSelenium.java:44)
at webdriver_demo.SA33_Pagefactory_InSelenium.quitBrowser(SA33_Pagefactory_InSelenium.java:44)
at webdriver_demo.SA33_Pagefactory_InSelenium.quitBrowser(SA33_Pagefactory_InSelenium.java:44)
at webdriver_demo.SA33_Pagefactory_InSelenium.quitBrowser(SA33_Pagefactory_InSelenium.java:44)
at webdriver_demo.SA33_Pagefactory_InSelenium.quitBrowser(SA33_Pagefactory_InSelenium.java:44)
at webdriver_demo.SA33_Pagefactory_InSelenium.quitBrowser(SA33_Pagefactory_InSelenium.java:44)
at webdriver_demo.SA33_Pagefactory_InSelenium.quitBrowser(SA33_Pagefactory_InSelenium.java:44)
at webdriver_demo.SA33_Pagefactory_InSelenium.quitBrowser(SA33_Pagefactory_InSelenium.java:44)
at webdriver_demo.SA33_Pagefactory_InSelenium.quitBrowser(SA33_Pagefactory_InSelenium.java:44)
at webdriver_demo.SA33_Pagefactory_InSelenium.quitBrowser(SA33_Pagefactory_InSelenium.java:44)
at webdriver_demo.SA33_Pagefactory_InSelenium.quitBrowser(SA33_Pagefactory_InSelenium.java:44)
at webdriver_demo.SA33_Pagefactory_InSelenium.quitBrowser(SA33_Pagefactory_InSelenium.java:44)
at webdriver_demo.SA33_Pagefactory_InSelenium.quitBrowser(SA33_Pagefactory_InSelenium.java:44)
at webdriver_demo.SA33_Pagefactory_InSelenium.quitBrowser(SA33_Pagefactory_InSelenium.java:44)
at webdriver_demo.SA33_Pagefactory_InSelenium.quitBrowser(SA33_Pagefactory_InSelenium.java:44)
at webdriver_demo.SA33_Pagefactory_InSelenium.quitBrowser(SA33_Pagefactory_InSelenium.java:44)
at webdriver_demo.SA33_Pagefactory_InSelenium.quitBrowser(SA33_Pagefactory_InSelenium.java:44)
at webdriver_demo.SA33_Pagefactory_InSelenium.quitBrowser(SA33_Pagefactory_InSelenium.java:44)
at webdriver_demo.SA33_Pagefactory_InSelenium.quitBrowser(SA33_Pagefactory_InSelenium.java:44)
at webdriver_demo.SA33_Pagefactory_InSelenium.quitBrowser(SA33_Pagefactory_InSelenium.java:44)
at webdriver_demo.SA33_Pagefactory_InSelenium.quitBrowser(SA33_Pagefactory_InSelenium.java:44)
at webdriver_demo.SA33_Pagefactory_InSelenium.quitBrowser(SA33_Pagefactory_InSelenium.java:44)
at webdriver_demo.SA33_Pagefactory_InSelenium.quitBrowser(SA33_Pagefactory_InSelenium.java:44)
at webdriver_demo.SA33_Pagefactory_InSelenium.quitBrowser(SA33_Pagefactory_InSelenium.java:44)
at webdriver_demo.SA33_Pagefactory_InSelenium.quitBrowser(SA33_Pagefactory_InSelenium.java:44)
at webdriver_demo.SA33_Pagefactory_InSelenium.quitBrowser(SA33_Pagefactory_InSelenium.java:44)
at webdriver_demo.SA33_Pagefactory_InSelenium.quitBrowser(SA33_Pagefactory_InSelenium.java:44)
at webdriver_demo.SA33_Pagefactory_InSelenium.quitBrowser(SA33_Pagefactory_InSelenium.java:44)
at webdriver_demo.SA33_Pagefactory_InSelenium.quitBrowser(SA33_Pagefactory_InSelenium.java:44)
at webdriver_demo.SA33_Pagefactory_InSelenium.quitBrowser(SA33_Pagefactory_InSelenium.java:44)
at webdriver_demo.SA33_Pagefactory_InSelenium.quitBrowser(SA33_Pagefactory_InSelenium.java:44)
at webdriver_demo.SA33_Pagefactory_InSelenium.quitBrowser(SA33_Pagefactory_InSelenium.java:44)
at webdriver_demo.SA33_Pagefactory_InSelenium.quitBrowser(SA33_Pagefactory_InSelenium.java:44)
at webdriver_demo.SA33_Pagefactory_InSelenium.quitBrowser(SA33_Pagefactory_InSelenium.java:44)
at webdriver_demo.SA33_Pagefactory_InSelenium.quitBrowser(SA33_Pagefactory_InSelenium.java:44)
at webdriver_demo.SA33_Pagefactory_InSelenium.quitBrowser(SA33_Pagefactory_InSelenium.java:44)
at webdriver_demo.SA33_Pagefactory_InSelenium.quitBrowser(SA33_Pagefactory_InSelenium.java:44)
at webdriver_demo.SA33_Pagefactory_InSelenium.quitBrowser(SA33_Pagefactory_InSelenium.java:44)
at webdriver_demo.SA33_Pagefactory_InSelenium.quitBrowser(SA33_Pagefactory_InSelenium.java:44)
at webdriver_demo.SA33_Pagefactory_InSelenium.quitBrowser(SA33_Pagefactory_InSelenium.java:44)
at webdriver_demo.SA33_Pagefactory_InSelenium.quitBrowser(SA33_Pagefactory_InSelenium.java:44)
at webdriver_demo.SA33_Pagefactory_InSelenium.quitBrowser(SA33_Pagefactory_InSelenium.java:44)
at webdriver_demo.SA33_Pagefactory_InSelenium.quitBrowser(SA33_Pagefactory_InSelenium.java:44)
at webdriver_demo.SA33_Pagefactory_InSelenium.quitBrowser(SA33_Pagefactory_InSelenium.java:44)
at webdriver_demo.SA33_Pagefactory_InSelenium.quitBrowser(SA33_Pagefactory_InSelenium.java:44)
at webdriver_demo.SA33_Pagefactory_InSelenium.quitBrowser(SA33_Pagefactory_InSelenium.java:44)
at webdriver_demo.SA33_Pagefactory_InSelenium.quitBrowser(SA33_Pagefactory_InSelenium.java:44)
at webdriver_demo.SA33_Pagefactory_InSelenium.quitBrowser(SA33_Pagefactory_InSelenium.java:44)
at webdriver_demo.SA33_Pagefactory_InSelenium.quitBrowser(SA33_Pagefactory_InSelenium.java:44)
at webdriver_demo.SA33_Pagefactory_InSelenium.quitBrowser(SA33_Pagefactory_InSelenium.java:44)
at webdriver_demo.SA33_Pagefactory_InSelenium.quitBrowser(SA33_Pagefactory_InSelenium.java:44)
at webdriver_demo.SA33_Pagefactory_InSelenium.quitBrowser(SA33_Pagefactory_InSelenium.java:44)
at webdriver_demo.SA33_Pagefactory_InSelenium.quitBrowser(SA33_Pagefactory_InSelenium.java:44)
at webdriver_demo.SA33_Pagefactory_InSelenium.quitBrowser(SA33_Pagefactory_InSelenium.java:44)
at webdriver_demo.SA33_Pagefactory_InSelenium.quitBrowser(SA33_Pagefactory_InSelenium.java:44)
at webdriver_demo.SA33_Pagefactory_InSelenium.quitBrowser(SA33_Pagefactory_InSelenium.java:44)
at webdriver_demo.SA33_Pagefactory_InSelenium.quitBrowser(SA33_Pagefactory_InSelenium.java:44)
at webdriver_demo.SA33_Pagefactory_InSelenium.quitBrowser(SA33_Pagefactory_InSelenium.java:44)
at webdriver_demo.SA33_Pagefactory_InSelenium.quitBrowser(SA33_Pagefactory_InSelenium.java:44)
at webdriver_demo.SA33_Pagefactory_InSelenium.quitBrowser(SA33_Pagefactory_InSelenium.java:44)
at webdriver_demo.SA33_Pagefactory_InSelenium.quitBrowser(SA33_Pagefactory_InSelenium.java:44)
at webdriver_demo.SA33_Pagefactory_InSelenium.quitBrowser(SA33_Pagefactory_InSelenium.java:44)
at webdriver_demo.SA33_Pagefactory_InSelenium.quitBrowser(SA33_Pagefactory_InSelenium.java:44)
at webdriver_demo.SA33_Pagefactory_InSelenium.quitBrowser(SA33_Pagefactory_InSelenium.java:44)
at webdriver_demo.SA33_Pagefactory_InSelenium.quitBrowser(SA33_Pagefactory_InSelenium.java:44)
at webdriver_demo.SA33_Pagefactory_InSelenium.quitBrowser(SA33_Pagefactory_InSelenium.java:44)
at webdriver_demo.SA33_Pagefactory_InSelenium.quitBrowser(SA33_Pagefactory_InSelenium.java:44)
at webdriver_demo.SA33_Pagefactory_InSelenium.quitBrowser(SA33_Pagefactory_InSelenium.java:44)
at webdriver_demo.SA33_Pagefactory_InSelenium.quitBrowser(SA33_Pagefactory_InSelenium.java:44)
at webdriver_demo.SA33_Pagefactory_InSelenium.quitBrowser(SA33_Pagefactory_InSelenium.java:44)
at webdriver_demo.SA33_Pagefactory_InSelenium.quitBrowser(SA33_Pagefactory_InSelenium.java:44)
at webdriver_demo.SA33_Pagefactory_InSelenium.quitBrowser(SA33_Pagefactory_InSelenium.java:44)
at webdriver_demo.SA33_Pagefactory_InSelenium.quitBrowser(SA33_Pagefactory_InSelenium.java:44)
at webdriver_demo.SA33_Pagefactory_InSelenium.quitBrowser(SA33_Pagefactory_InSelenium.java:44)
at webdriver_demo.SA33_Pagefactory_InSelenium.quitBrowser(SA33_Pagefactory_InSelenium.java:44)
at webdriver_demo.SA33_Pagefactory_InSelenium.quitBrowser(SA33_Pagefactory_InSelenium.java:44)
at webdriver_demo.SA33_Pagefactory_InSelenium.quitBrowser(SA33_Pagefactory_InSelenium.java:44)
at webdriver_demo.SA33_Pagefactory_InSelenium.quitBrowser(SA33_Pagefactory_InSelenium.java:44)
at webdriver_demo.SA33_Pagefactory_InSelenium.quitBrowser(SA33_Pagefactory_InSelenium.java:44)
at webdriver_demo.SA33_Pagefactory_InSelenium.quitBrowser(SA33_Pagefactory_InSelenium.java:44)
at webdriver_demo.SA33_Pagefactory_InSelenium.quitBrowser(SA33_Pagefactory_InSelenium.java:44)
at webdriver_demo.SA33_Pagefactory_InSelenium.quitBrowser(SA33_Pagefactory_InSelenium.java:44)
at webdriver_demo.SA33_Pagefactory_InSelenium.quitBrowser(SA33_Pagefactory_InSelenium.java:44)
at webdriver_demo.SA33_Pagefactory_InSelenium.quitBrowser(SA33_Pagefactory_InSelenium.java:44)
at webdriver_demo.SA33_Pagefactory_InSelenium.quitBrowser(SA33_Pagefactory_InSelenium.java:44)
at webdriver_demo.SA33_Pagefactory_InSelenium.quitBrowser(SA33_Pagefactory_InSelenium.java:44)
at webdriver_demo.SA33_Pagefactory_InSelenium.quitBrowser(SA33_Pagefactory_InSelenium.java:44)
at webdriver_demo.SA33_Pagefactory_InSelenium.quitBrowser(SA33_Pagefactory_InSelenium.java:44)
at webdriver_demo.SA33_Pagefactory_InSelenium.quitBrowser(SA33_Pagefactory_InSelenium.java:44)
at webdriver_demo.SA33_Pagefactory_InSelenium.quitBrowser(SA33_Pagefactory_InSelenium.java:44)
at webdriver_demo.SA33_Pagefactory_InSelenium.quitBrowser(SA33_Pagefactory_InSelenium.java:44)
at webdriver_demo.SA33_Pagefactory_InSelenium.quitBrowser(SA33_Pagefactory_InSelenium.java:44)
at webdriver_demo.SA33_Pagefactory_InSelenium.quitBrowser(SA33_Pagefactory_InSelenium.java:44)
at webdriver_demo.SA33_Pagefactory_InSelenium.quitBrowser(SA33_Pagefactory_InSelenium.java:44)
at webdriver_demo.SA33_Pagefactory_InSelenium.quitBrowser(SA33_Pagefactory_InSelenium.java:44)
at webdriver_demo.SA33_Pagefactory_InSelenium.quitBrowser(SA33_Pagefactory_InSelenium.java:44)
at webdriver_demo.SA33_Pagefactory_InSelenium.quitBrowser(SA33_Pagefactory_InSelenium.java:44)
at webdriver_demo.SA33_Pagefactory_InSelenium.quitBrowser(SA33_Pagefactory_InSelenium.java:44)
at webdriver_demo.SA33_Pagefactory_InSelenium.quitBrowser(SA33_Pagefactory_InSelenium.java:44)
at webdriver_demo.SA33_Pagefactory_InSelenium.quitBrowser(SA33_Pagefactory_InSelenium.java:44)
at webdriver_demo.SA33_Pagefactory_InSelenium.quitBrowser(SA33_Pagefactory_InSelenium.java:44)
at webdriver_demo.SA33_Pagefactory_InSelenium.quitBrowser(SA33_Pagefactory_InSelenium.java:44)
at webdriver_demo.SA33_Pagefactory_InSelenium.quitBrowser(SA33_Pagefactory_InSelenium.java:44)
at webdriver_demo.SA33_Pagefactory_InSelenium.quitBrowser(SA33_Pagefactory_InSelenium.java:44)
at webdriver_demo.SA33_Pagefactory_InSelenium.quitBrowser(SA33_Pagefactory_InSelenium.java:44)
at webdriver_demo.SA33_Pagefactory_InSelenium.quitBrowser(SA33_Pagefactory_InSelenium.java:44)
at webdriver_demo.SA33_Pagefactory_InSelenium.quitBrowser(SA33_Pagefactory_InSelenium.java:44)
at webdriver_demo.SA33_Pagefactory_InSelenium.quitBrowser(SA33_Pagefactory_InSelenium.java:44)
at webdriver_demo.SA33_Pagefactory_InSelenium.quitBrowser(SA33_Pagefactory_InSelenium.java:44)
at webdriver_demo.SA33_Pagefactory_InSelenium.quitBrowser(SA33_Pagefactory_InSelenium.java:44)
at webdriver_demo.SA33_Pagefactory_InSelenium.quitBrowser(SA33_Pagefactory_InSelenium.java:44)
at webdriver_demo.SA33_Pagefactory_InSelenium.quitBrowser(SA33_Pagefactory_InSelenium.java:44)
at webdriver_demo.SA33_Pagefactory_InSelenium.quitBrowser(SA33_Pagefactory_InSelenium.java:44)
at webdriver_demo.SA33_Pagefactory_InSelenium.quitBrowser(SA33_Pagefactory_InSelenium.java:44)
at webdriver_demo.SA33_Pagefactory_InSelenium.quitBrowser(SA33_Pagefactory_InSelenium.java:44)
at webdriver_demo.SA33_Pagefactory_InSelenium.quitBrowser(SA33_Pagefactory_InSelenium.java:44)
at webdriver_demo.SA33_Pagefactory_InSelenium.quitBrowser(SA33_Pagefactory_InSelenium.java:44)
at webdriver_demo.SA33_Pagefactory_InSelenium.quitBrowser(SA33_Pagefactory_InSelenium.java:44)
at webdriver_demo.SA33_Pagefactory_InSelenium.quitBrowser(SA33_Pagefactory_InSelenium.java:44)
at webdriver_demo.SA33_Pagefactory_InSelenium.quitBrowser(SA33_Pagefactory_InSelenium.java:44)
at webdriver_demo.SA33_Pagefactory_InSelenium.quitBrowser(SA33_Pagefactory_InSelenium.java:44)
at webdriver_demo.SA33_Pagefactory_InSelenium.quitBrowser(SA33_Pagefactory_InSelenium.java:44)
at webdriver_demo.SA33_Pagefactory_InSelenium.quitBrowser(SA33_Pagefactory_InSelenium.java:44)
at webdriver_demo.SA33_Pagefactory_InSelenium.quitBrowser(SA33_Pagefactory_InSelenium.java:44)
at webdriver_demo.SA33_Pagefactory_InSelenium.quitBrowser(SA33_Pagefactory_InSelenium.java:44)
at webdriver_demo.SA33_Pagefactory_InSelenium.quitBrowser(SA33_Pagefactory_InSelenium.java:44)
at webdriver_demo.SA33_Pagefactory_InSelenium.quitBrowser(SA33_Pagefactory_InSelenium.java:44)
at webdriver_demo.SA33_Pagefactory_InSelenium.quitBrowser(SA33_Pagefactory_InSelenium.java:44)
at webdriver_demo.SA33_Pagefactory_InSelenium.quitBrowser(SA33_Pagefactory_InSelenium.java:44)
at webdriver_demo.SA33_Pagefactory_InSelenium.quitBrowser(SA33_Pagefactory_InSelenium.java:44)
at webdriver_demo.SA33_Pagefactory_InSelenium.quitBrowser(SA33_Pagefactory_InSelenium.java:44)
at webdriver_demo.SA33_Pagefactory_InSelenium.quitBrowser(SA33_Pagefactory_InSelenium.java:44)
at webdriver_demo.SA33_Pagefactory_InSelenium.quitBrowser(SA33_Pagefactory_InSelenium.java:44)
at webdriver_demo.SA33_Pagefactory_InSelenium.quitBrowser(SA33_Pagefactory_InSelenium.java:44)
at webdriver_demo.SA33_Pagefactory_InSelenium.quitBrowser(SA33_Pagefactory_InSelenium.java:44)
at webdriver_demo.SA33_Pagefactory_InSelenium.quitBrowser(SA33_Pagefactory_InSelenium.java:44)
at webdriver_demo.SA33_Pagefactory_InSelenium.quitBrowser(SA33_Pagefactory_InSelenium.java:44)
at webdriver_demo.SA33_Pagefactory_InSelenium.quitBrowser(SA33_Pagefactory_InSelenium.java:44)
at webdriver_demo.SA33_Pagefactory_InSelenium.quitBrowser(SA33_Pagefactory_InSelenium.java:44)
at webdriver_demo.SA33_Pagefactory_InSelenium.quitBrowser(SA33_Pagefactory_InSelenium.java:44)
at webdriver_demo.SA33_Pagefactory_InSelenium.quitBrowser(SA33_Pagefactory_InSelenium.java:44)
at webdriver_demo.SA33_Pagefactory_InSelenium.quitBrowser(SA33_Pagefactory_InSelenium.java:44)
at webdriver_demo.SA33_Pagefactory_InSelenium.quitBrowser(SA33_Pagefactory_InSelenium.java:44)
at webdriver_demo.SA33_Pagefactory_InSelenium.quitBrowser(SA33_Pagefactory_InSelenium.java:44)
at webdriver_demo.SA33_Pagefactory_InSelenium.quitBrowser(SA33_Pagefactory_InSelenium.java:44)
at webdriver_demo.SA33_Pagefactory_InSelenium.quitBrowser(SA33_Pagefactory_InSelenium.java:44)
at webdriver_demo.SA33_Pagefactory_InSelenium.quitBrowser(SA33_Pagefactory_InSelenium.java:44)
at webdriver_demo.SA33_Pagefactory_InSelenium.quitBrowser(SA33_Pagefactory_InSelenium.java:44)
at webdriver_demo.SA33_Pagefactory_InSelenium.quitBrowser(SA33_Pagefactory_InSelenium.java:44)
at webdriver_demo.SA33_Pagefactory_InSelenium.quitBrowser(SA33_Pagefactory_InSelenium.java:44)
at webdriver_demo.SA33_Pagefactory_InSelenium.quitBrowser(SA33_Pagefactory_InSelenium.java:44)
at webdriver_demo.SA33_Pagefactory_InSelenium.quitBrowser(SA33_Pagefactory_InSelenium.java:44)
at webdriver_demo.SA33_Pagefactory_InSelenium.quitBrowser(SA33_Pagefactory_InSelenium.java:44)
at webdriver_demo.SA33_Pagefactory_InSelenium.quitBrowser(SA33_Pagefactory_InSelenium.java:44)
at webdriver_demo.SA33_Pagefactory_InSelenium.quitBrowser(SA33_Pagefactory_InSelenium.java:44)
at webdriver_demo.SA33_Pagefactory_InSelenium.quitBrowser(SA33_Pagefactory_InSelenium.java:44)
at webdriver_demo.SA33_Pagefactory_InSelenium.quitBrowser(SA33_Pagefactory_InSelenium.java:44)
at webdriver_demo.SA33_Pagefactory_InSelenium.quitBrowser(SA33_Pagefactory_InSelenium.java:44)
at webdriver_demo.SA33_Pagefactory_InSelenium.quitBrowser(SA33_Pagefactory_InSelenium.java:44)
at webdriver_demo.SA33_Pagefactory_InSelenium.quitBrowser(SA33_Pagefactory_InSelenium.java:44)
at webdriver_demo.SA33_Pagefactory_InSelenium.quitBrowser(SA33_Pagefactory_InSelenium.java:44)
at webdriver_demo.SA33_Pagefactory_InSelenium.quitBrowser(SA33_Pagefactory_InSelenium.java:44)
at webdriver_demo.SA33_Pagefactory_InSelenium.quitBrowser(SA33_Pagefactory_InSelenium.java:44)
at webdriver_demo.SA33_Pagefactory_InSelenium.quitBrowser(SA33_Pagefactory_InSelenium.java:44)
at webdriver_demo.SA33_Pagefactory_InSelenium.quitBrowser(SA33_Pagefactory_InSelenium.java:44)
at webdriver_demo.SA33_Pagefactory_InSelenium.quitBrowser(SA33_Pagefactory_InSelenium.java:44)
at webdriver_demo.SA33_Pagefactory_InSelenium.quitBrowser(SA33_Pagefactory_InSelenium.java:44)
at webdriver_demo.SA33_Pagefactory_InSelenium.quitBrowser(SA33_Pagefactory_InSelenium.java:44)
at webdriver_demo.SA33_Pagefactory_InSelenium.quitBrowser(SA33_Pagefactory_InSelenium.java:44)
at webdriver_demo.SA33_Pagefactory_InSelenium.quitBrowser(SA33_Pagefactory_InSelenium.java:44)
at webdriver_demo.SA33_Pagefactory_InSelenium.quitBrowser(SA33_Pagefactory_InSelenium.java:44)
at webdriver_demo.SA33_Pagefactory_InSelenium.quitBrowser(SA33_Pagefactory_InSelenium.java:44)
at webdriver_demo.SA33_Pagefactory_InSelenium.quitBrowser(SA33_Pagefactory_InSelenium.java:44)
at webdriver_demo.SA33_Pagefactory_InSelenium.quitBrowser(SA33_Pagefactory_InSelenium.java:44)
at webdriver_demo.SA33_Pagefactory_InSelenium.quitBrowser(SA33_Pagefactory_InSelenium.java:44)
at webdriver_demo.SA33_Pagefactory_InSelenium.quitBrowser(SA33_Pagefactory_InSelenium.java:44)
at webdriver_demo.SA33_Pagefactory_InSelenium.quitBrowser(SA33_Pagefactory_InSelenium.java:44)
at webdriver_demo.SA33_Pagefactory_InSelenium.quitBrowser(SA33_Pagefactory_InSelenium.java:44)
at webdriver_demo.SA33_Pagefactory_InSelenium.quitBrowser(SA33_Pagefactory_InSelenium.java:44)
at webdriver_demo.SA33_Pagefactory_InSelenium.quitBrowser(SA33_Pagefactory_InSelenium.java:44)
at webdriver_demo.SA33_Pagefactory_InSelenium.quitBrowser(SA33_Pagefactory_InSelenium.java:44)
at webdriver_demo.SA33_Pagefactory_InSelenium.quitBrowser(SA33_Pagefactory_InSelenium.java:44)
at webdriver_demo.SA33_Pagefactory_InSelenium.quitBrowser(SA33_Pagefactory_InSelenium.java:44)
at webdriver_demo.SA33_Pagefactory_InSelenium.quitBrowser(SA33_Pagefactory_InSelenium.java:44)
at webdriver_demo.SA33_Pagefactory_InSelenium.quitBrowser(SA33_Pagefactory_InSelenium.java:44)
at webdriver_demo.SA33_Pagefactory_InSelenium.quitBrowser(SA33_Pagefactory_InSelenium.java:44)
at webdriver_demo.SA33_Pagefactory_InSelenium.quitBrowser(SA33_Pagefactory_InSelenium.java:44)
at webdriver_demo.SA33_Pagefactory_InSelenium.quitBrowser(SA33_Pagefactory_InSelenium.java:44)
at webdriver_demo.SA33_Pagefactory_InSelenium.quitBrowser(SA33_Pagefactory_InSelenium.java:44)
at webdriver_demo.SA33_Pagefactory_InSelenium.quitBrowser(SA33_Pagefactory_InSelenium.java:44)
at webdriver_demo.SA33_Pagefactory_InSelenium.quitBrowser(SA33_Pagefactory_InSelenium.java:44)
at webdriver_demo.SA33_Pagefactory_InSelenium.quitBrowser(SA33_Pagefactory_InSelenium.java:44)
at webdriver_demo.SA33_Pagefactory_InSelenium.quitBrowser(SA33_Pagefactory_InSelenium.java:44)
at webdriver_demo.SA33_Pagefactory_InSelenium.quitBrowser(SA33_Pagefactory_InSelenium.java:44)
at webdriver_demo.SA33_Pagefactory_InSelenium.quitBrowser(SA33_Pagefactory_InSelenium.java:44)
at webdriver_demo.SA33_Pagefactory_InSelenium.quitBrowser(SA33_Pagefactory_InSelenium.java:44)
at webdriver_demo.SA33_Pagefactory_InSelenium.quitBrowser(SA33_Pagefactory_InSelenium.java:44)
at webdriver_demo.SA33_Pagefactory_InSelenium.quitBrowser(SA33_Pagefactory_InSelenium.java:44)
at webdriver_demo.SA33_Pagefactory_InSelenium.quitBrowser(SA33_Pagefactory_InSelenium.java:44)
at webdriver_demo.SA33_Pagefactory_InSelenium.quitBrowser(SA33_Pagefactory_InSelenium.java:44)
at webdriver_demo.SA33_Pagefactory_InSelenium.quitBrowser(SA33_Pagefactory_InSelenium.java:44)
at webdriver_demo.SA33_Pagefactory_InSelenium.quitBrowser(SA33_Pagefactory_InSelenium.java:44)
at webdriver_demo.SA33_Pagefactory_InSelenium.quitBrowser(SA33_Pagefactory_InSelenium.java:44)
at webdriver_demo.SA33_Pagefactory_InSelenium.quitBrowser(SA33_Pagefactory_InSelenium.java:44)
at webdriver_demo.SA33_Pagefactory_InSelenium.quitBrowser(SA33_Pagefactory_InSelenium.java:44)
at webdriver_demo.SA33_Pagefactory_InSelenium.quitBrowser(SA33_Pagefactory_InSelenium.java:44)
at webdriver_demo.SA33_Pagefactory_InSelenium.quitBrowser(SA33_Pagefactory_InSelenium.java:44)
at webdriver_demo.SA33_Pagefactory_InSelenium.quitBrowser(SA33_Pagefactory_InSelenium.java:44)
at webdriver_demo.SA33_Pagefactory_InSelenium.quitBrowser(SA33_Pagefactory_InSelenium.java:44)
at webdriver_demo.SA33_Pagefactory_InSelenium.quitBrowser(SA33_Pagefactory_InSelenium.java:44)
at webdriver_demo.SA33_Pagefactory_InSelenium.quitBrowser(SA33_Pagefactory_InSelenium.java:44)
at webdriver_demo.SA33_Pagefactory_InSelenium.quitBrowser(SA33_Pagefactory_InSelenium.java:44)
at webdriver_demo.SA33_Pagefactory_InSelenium.quitBrowser(SA33_Pagefactory_InSelenium.java:44)
at webdriver_demo.SA33_Pagefactory_InSelenium.quitBrowser(SA33_Pagefactory_InSelenium.java:44)
at webdriver_demo.SA33_Pagefactory_InSelenium.quitBrowser(SA33_Pagefactory_InSelenium.java:44)
at webdriver_demo.SA33_Pagefactory_InSelenium.quitBrowser(SA33_Pagefactory_InSelenium.java:44)
at webdriver_demo.SA33_Pagefactory_InSelenium.quitBrowser(SA33_Pagefactory_InSelenium.java:44)
at webdriver_demo.SA33_Pagefactory_InSelenium.quitBrowser(SA33_Pagefactory_InSelenium.java:44)
at webdriver_demo.SA33_Pagefactory_InSelenium.quitBrowser(SA33_Pagefactory_InSelenium.java:44)
at webdriver_demo.SA33_Pagefactory_InSelenium.quitBrowser(SA33_Pagefactory_InSelenium.java:44)
at webdriver_demo.SA33_Pagefactory_InSelenium.quitBrowser(SA33_Pagefactory_InSelenium.java:44)
at webdriver_demo.SA33_Pagefactory_InSelenium.quitBrowser(SA33_Pagefactory_InSelenium.java:44)
at webdriver_demo.SA33_Pagefactory_InSelenium.quitBrowser(SA33_Pagefactory_InSelenium.java:44)
at webdriver_demo.SA33_Pagefactory_InSelenium.quitBrowser(SA33_Pagefactory_InSelenium.java:44)
at webdriver_demo.SA33_Pagefactory_InSelenium.quitBrowser(SA33_Pagefactory_InSelenium.java:44)
at webdriver_demo.SA33_Pagefactory_InSelenium.quitBrowser(SA33_Pagefactory_InSelenium.java:44)
at webdriver_demo.SA33_Pagefactory_InSelenium.quitBrowser(SA33_Pagefactory_InSelenium.java:44)
at webdriver_demo.SA33_Pagefactory_InSelenium.quitBrowser(SA33_Pagefactory_InSelenium.java:44)
at webdriver_demo.SA33_Pagefactory_InSelenium.quitBrowser(SA33_Pagefactory_InSelenium.java:44)
at webdriver_demo.SA33_Pagefactory_InSelenium.quitBrowser(SA33_Pagefactory_InSelenium.java:44)
at webdriver_demo.SA33_Pagefactory_InSelenium.quitBrowser(SA33_Pagefactory_InSelenium.java:44)
at webdriver_demo.SA33_Pagefactory_InSelenium.quitBrowser(SA33_Pagefactory_InSelenium.java:44)
at webdriver_demo.SA33_Pagefactory_InSelenium.quitBrowser(SA33_Pagefactory_InSelenium.java:44)
at webdriver_demo.SA33_Pagefactory_InSelenium.quitBrowser(SA33_Pagefactory_InSelenium.java:44)
at webdriver_demo.SA33_Pagefactory_InSelenium.quitBrowser(SA33_Pagefactory_InSelenium.java:44)
at webdriver_demo.SA33_Pagefactory_InSelenium.quitBrowser(SA33_Pagefactory_InSelenium.java:44)
at webdriver_demo.SA33_Pagefactory_InSelenium.quitBrowser(SA33_Pagefactory_InSelenium.java:44)
at webdriver_demo.SA33_Pagefactory_InSelenium.quitBrowser(SA33_Pagefactory_InSelenium.java:44)
at webdriver_demo.SA33_Pagefactory_InSelenium.quitBrowser(SA33_Pagefactory_InSelenium.java:44)
at webdriver_demo.SA33_Pagefactory_InSelenium.quitBrowser(SA33_Pagefactory_InSelenium.java:44)
at webdriver_demo.SA33_Pagefactory_InSelenium.quitBrowser(SA33_Pagefactory_InSelenium.java:44)
at webdriver_demo.SA33_Pagefactory_InSelenium.quitBrowser(SA33_Pagefactory_InSelenium.java:44)
at webdriver_demo.SA33_Pagefactory_InSelenium.quitBrowser(SA33_Pagefactory_InSelenium.java:44)
at webdriver_demo.SA33_Pagefactory_InSelenium.quitBrowser(SA33_Pagefactory_InSelenium.java:44)
at webdriver_demo.SA33_Pagefactory_InSelenium.quitBrowser(SA33_Pagefactory_InSelenium.java:44)
at webdriver_demo.SA33_Pagefactory_InSelenium.quitBrowser(SA33_Pagefactory_InSelenium.java:44)
at webdriver_demo.SA33_Pagefactory_InSelenium.quitBrowser(SA33_Pagefactory_InSelenium.java:44)
at webdriver_demo.SA33_Pagefactory_InSelenium.quitBrowser(SA33_Pagefactory_InSelenium.java:44)
at webdriver_demo.SA33_Pagefactory_InSelenium.quitBrowser(SA33_Pagefactory_InSelenium.java:44)
at webdriver_demo.SA33_Pagefactory_InSelenium.quitBrowser(SA33_Pagefactory_InSelenium.java:44)
at webdriver_demo.SA33_Pagefactory_InSelenium.quitBrowser(SA33_Pagefactory_InSelenium.java:44)
at webdriver_demo.SA33_Pagefactory_InSelenium.quitBrowser(SA33_Pagefactory_InSelenium.java:44)
at webdriver_demo.SA33_Pagefactory_InSelenium.quitBrowser(SA33_Pagefactory_InSelenium.java:44)
at webdriver_demo.SA33_Pagefactory_InSelenium.quitBrowser(SA33_Pagefactory_InSelenium.java:44)
at webdriver_demo.SA33_Pagefactory_InSelenium.quitBrowser(SA33_Pagefactory_InSelenium.java:44)
at webdriver_demo.SA33_Pagefactory_InSelenium.quitBrowser(SA33_Pagefactory_InSelenium.java:44)
at webdriver_demo.SA33_Pagefactory_InSelenium.quitBrowser(SA33_Pagefactory_InSelenium.java:44)
at webdriver_demo.SA33_Pagefactory_InSelenium.quitBrowser(SA33_Pagefactory_InSelenium.java:44)
at webdriver_demo.SA33_Pagefactory_InSelenium.quitBrowser(SA33_Pagefactory_InSelenium.java:44)
at webdriver_demo.SA33_Pagefactory_InSelenium.quitBrowser(SA33_Pagefactory_InSelenium.java:44)
at webdriver_demo.SA33_Pagefactory_InSelenium.quitBrowser(SA33_Pagefactory_InSelenium.java:44)
at webdriver_demo.SA33_Pagefactory_InSelenium.quitBrowser(SA33_Pagefactory_InSelenium.java:44)
at webdriver_demo.SA33_Pagefactory_InSelenium.quitBrowser(SA33_Pagefactory_InSelenium.java:44)
at webdriver_demo.SA33_Pagefactory_InSelenium.quitBrowser(SA33_Pagefactory_InSelenium.java:44)
at webdriver_demo.SA33_Pagefactory_InSelenium.quitBrowser(SA33_Pagefactory_InSelenium.java:44)
at webdriver_demo.SA33_Pagefactory_InSelenium.quitBrowser(SA33_Pagefactory_InSelenium.java:44)
at webdriver_demo.SA33_Pagefactory_InSelenium.quitBrowser(SA33_Pagefactory_InSelenium.java:44)
at webdriver_demo.SA33_Pagefactory_InSelenium.quitBrowser(SA33_Pagefactory_InSelenium.java:44)
at webdriver_demo.SA33_Pagefactory_InSelenium.quitBrowser(SA33_Pagefactory_InSelenium.java:44)
at webdriver_demo.SA33_Pagefactory_InSelenium.quitBrowser(SA33_Pagefactory_InSelenium.java:44)
at webdriver_demo.SA33_Pagefactory_InSelenium.quitBrowser(SA33_Pagefactory_InSelenium.java:44)
at webdriver_demo.SA33_Pagefactory_InSelenium.quitBrowser(SA33_Pagefactory_InSelenium.java:44)
at webdriver_demo.SA33_Pagefactory_InSelenium.quitBrowser(SA33_Pagefactory_InSelenium.java:44)
at webdriver_demo.SA33_Pagefactory_InSelenium.quitBrowser(SA33_Pagefactory_InSelenium.java:44)
at webdriver_demo.SA33_Pagefactory_InSelenium.quitBrowser(SA33_Pagefactory_InSelenium.java:44)
at webdriver_demo.SA33_Pagefactory_InSelenium.quitBrowser(SA33_Pagefactory_InSelenium.java:44)
at webdriver_demo.SA33_Pagefactory_InSelenium.quitBrowser(SA33_Pagefactory_InSelenium.java:44)
at webdriver_demo.SA33_Pagefactory_InSelenium.quitBrowser(SA33_Pagefactory_InSelenium.java:44)
at webdriver_demo.SA33_Pagefactory_InSelenium.quitBrowser(SA33_Pagefactory_InSelenium.java:44)
at webdriver_demo.SA33_Pagefactory_InSelenium.quitBrowser(SA33_Pagefactory_InSelenium.java:44)
at webdriver_demo.SA33_Pagefactory_InSelenium.quitBrowser(SA33_Pagefactory_InSelenium.java:44)
at webdriver_demo.SA33_Pagefactory_InSelenium.quitBrowser(SA33_Pagefactory_InSelenium.java:44)
at webdriver_demo.SA33_Pagefactory_InSelenium.quitBrowser(SA33_Pagefactory_InSelenium.java:44)
at webdriver_demo.SA33_Pagefactory_InSelenium.quitBrowser(SA33_Pagefactory_InSelenium.java:44)
at webdriver_demo.SA33_Pagefactory_InSelenium.quitBrowser(SA33_Pagefactory_InSelenium.java:44)
at webdriver_demo.SA33_Pagefactory_InSelenium.quitBrowser(SA33_Pagefactory_InSelenium.java:44)
at webdriver_demo.SA33_Pagefactory_InSelenium.quitBrowser(SA33_Pagefactory_InSelenium.java:44)
at webdriver_demo.SA33_Pagefactory_InSelenium.quitBrowser(SA33_Pagefactory_InSelenium.java:44)
at webdriver_demo.SA33_Pagefactory_InSelenium.quitBrowser(SA33_Pagefactory_InSelenium.java:44)
at webdriver_demo.SA33_Pagefactory_InSelenium.quitBrowser(SA33_Pagefactory_InSelenium.java:44)
at webdriver_demo.SA33_Pagefactory_InSelenium.quitBrowser(SA33_Pagefactory_InSelenium.java:44)
at webdriver_demo.SA33_Pagefactory_InSelenium.quitBrowser(SA33_Pagefactory_InSelenium.java:44)
at webdriver_demo.SA33_Pagefactory_InSelenium.quitBrowser(SA33_Pagefactory_InSelenium.java:44)
at webdriver_demo.SA33_Pagefactory_InSelenium.quitBrowser(SA33_Pagefactory_InSelenium.java:44)
at webdriver_demo.SA33_Pagefactory_InSelenium.quitBrowser(SA33_Pagefactory_InSelenium.java:44)
at webdriver_demo.SA33_Pagefactory_InSelenium.quitBrowser(SA33_Pagefactory_InSelenium.java:44)
at webdriver_demo.SA33_Pagefactory_InSelenium.quitBrowser(SA33_Pagefactory_InSelenium.java:44)
at webdriver_demo.SA33_Pagefactory_InSelenium.quitBrowser(SA33_Pagefactory_InSelenium.java:44)
at webdriver_demo.SA33_Pagefactory_InSelenium.quitBrowser(SA33_Pagefactory_InSelenium.java:44)
at webdriver_demo.SA33_Pagefactory_InSelenium.quitBrowser(SA33_Pagefactory_InSelenium.java:44)
at webdriver_demo.SA33_Pagefactory_InSelenium.quitBrowser(SA33_Pagefactory_InSelenium.java:44)
at webdriver_demo.SA33_Pagefactory_InSelenium.quitBrowser(SA33_Pagefactory_InSelenium.java:44)
at webdriver_demo.SA33_Pagefactory_InSelenium.quitBrowser(SA33_Pagefactory_InSelenium.java:44)
at webdriver_demo.SA33_Pagefactory_InSelenium.quitBrowser(SA33_Pagefactory_InSelenium.java:44)
at webdriver_demo.SA33_Pagefactory_InSelenium.quitBrowser(SA33_Pagefactory_InSelenium.java:44)
at webdriver_demo.SA33_Pagefactory_InSelenium.quitBrowser(SA33_Pagefactory_InSelenium.java:44)
at webdriver_demo.SA33_Pagefactory_InSelenium.quitBrowser(SA33_Pagefactory_InSelenium.java:44)
at webdriver_demo.SA33_Pagefactory_InSelenium.quitBrowser(SA33_Pagefactory_InSelenium.java:44)
at webdriver_demo.SA33_Pagefactory_InSelenium.quitBrowser(SA33_Pagefactory_InSelenium.java:44)
at webdriver_demo.SA33_Pagefactory_InSelenium.quitBrowser(SA33_Pagefactory_InSelenium.java:44)
at webdriver_demo.SA33_Pagefactory_InSelenium.quitBrowser(SA33_Pagefactory_InSelenium.java:44)
at webdriver_demo.SA33_Pagefactory_InSelenium.quitBrowser(SA33_Pagefactory_InSelenium.java:44)
at webdriver_demo.SA33_Pagefactory_InSelenium.quitBrowser(SA33_Pagefactory_InSelenium.java:44)
at webdriver_demo.SA33_Pagefactory_InSelenium.quitBrowser(SA33_Pagefactory_InSelenium.java:44)
at webdriver_demo.SA33_Pagefactory_InSelenium.quitBrowser(SA33_Pagefactory_InSelenium.java:44)
at webdriver_demo.SA33_Pagefactory_InSelenium.quitBrowser(SA33_Pagefactory_InSelenium.java:44)
at webdriver_demo.SA33_Pagefactory_InSelenium.quitBrowser(SA33_Pagefactory_InSelenium.java:44)
at webdriver_demo.SA33_Pagefactory_InSelenium.quitBrowser(SA33_Pagefactory_InSelenium.java:44)
at webdriver_demo.SA33_Pagefactory_InSelenium.quitBrowser(SA33_Pagefactory_InSelenium.java:44)
at webdriver_demo.SA33_Pagefactory_InSelenium.quitBrowser(SA33_Pagefactory_InSelenium.java:44)
at webdriver_demo.SA33_Pagefactory_InSelenium.quitBrowser(SA33_Pagefactory_InSelenium.java:44)
at webdriver_demo.SA33_Pagefactory_InSelenium.quitBrowser(SA33_Pagefactory_InSelenium.java:44)
at webdriver_demo.SA33_Pagefactory_InSelenium.quitBrowser(SA33_Pagefactory_InSelenium.java:44)
at webdriver_demo.SA33_Pagefactory_InSelenium.quitBrowser(SA33_Pagefactory_InSelenium.java:44)
at webdriver_demo.SA33_Pagefactory_InSelenium.quitBrowser(SA33_Pagefactory_InSelenium.java:44)
at webdriver_demo.SA33_Pagefactory_InSelenium.quitBrowser(SA33_Pagefactory_InSelenium.java:44)
at webdriver_demo.SA33_Pagefactory_InSelenium.quitBrowser(SA33_Pagefactory_InSelenium.java:44)
at webdriver_demo.SA33_Pagefactory_InSelenium.quitBrowser(SA33_Pagefactory_InSelenium.java:44)
at webdriver_demo.SA33_Pagefactory_InSelenium.quitBrowser(SA33_Pagefactory_InSelenium.java:44)
at webdriver_demo.SA33_Pagefactory_InSelenium.quitBrowser(SA33_Pagefactory_InSelenium.java:44)
at webdriver_demo.SA33_Pagefactory_InSelenium.quitBrowser(SA33_Pagefactory_InSelenium.java:44)
at webdriver_demo.SA33_Pagefactory_InSelenium.quitBrowser(SA33_Pagefactory_InSelenium.java:44)
at webdriver_demo.SA33_Pagefactory_InSelenium.quitBrowser(SA33_Pagefactory_InSelenium.java:44)
at webdriver_demo.SA33_Pagefactory_InSelenium.quitBrowser(SA33_Pagefactory_InSelenium.java:44)
at webdriver_demo.SA33_Pagefactory_InSelenium.quitBrowser(SA33_Pagefactory_InSelenium.java:44)
at webdriver_demo.SA33_Pagefactory_InSelenium.quitBrowser(SA33_Pagefactory_InSelenium.java:44)
at webdriver_demo.SA33_Pagefactory_InSelenium.quitBrowser(SA33_Pagefactory_InSelenium.java:44)
at webdriver_demo.SA33_Pagefactory_InSelenium.quitBrowser(SA33_Pagefactory_InSelenium.java:44)
at webdriver_demo.SA33_Pagefactory_InSelenium.quitBrowser(SA33_Pagefactory_InSelenium.java:44)
at webdriver_demo.SA33_Pagefactory_InSelenium.quitBrowser(SA33_Pagefactory_InSelenium.java:44)
at webdriver_demo.SA33_Pagefactory_InSelenium.quitBrowser(SA33_Pagefactory_InSelenium.java:44)
at webdriver_demo.SA33_Pagefactory_InSelenium.quitBrowser(SA33_Pagefactory_InSelenium.java:44)
at webdriver_demo.SA33_Pagefactory_InSelenium.quitBrowser(SA33_Pagefactory_InSelenium.java:44)
at webdriver_demo.SA33_Pagefactory_InSelenium.quitBrowser(SA33_Pagefactory_InSelenium.java:44)
at webdriver_demo.SA33_Pagefactory_InSelenium.quitBrowser(SA33_Pagefactory_InSelenium.java:44)
at webdriver_demo.SA33_Pagefactory_InSelenium.quitBrowser(SA33_Pagefactory_InSelenium.java:44)
at webdriver_demo.SA33_Pagefactory_InSelenium.quitBrowser(SA33_Pagefactory_InSelenium.java:44)
at webdriver_demo.SA33_Pagefactory_InSelenium.quitBrowser(SA33_Pagefactory_InSelenium.java:44)
at webdriver_demo.SA33_Pagefactory_InSelenium.quitBrowser(SA33_Pagefactory_InSelenium.java:44)
at webdriver_demo.SA33_Pagefactory_InSelenium.quitBrowser(SA33_Pagefactory_InSelenium.java:44)
at webdriver_demo.SA33_Pagefactory_InSelenium.quitBrowser(SA33_Pagefactory_InSelenium.java:44)
at webdriver_demo.SA33_Pagefactory_InSelenium.quitBrowser(SA33_Pagefactory_InSelenium.java:44)
at webdriver_demo.SA33_Pagefactory_InSelenium.quitBrowser(SA33_Pagefactory_InSelenium.java:44)
at webdriver_demo.SA33_Pagefactory_InSelenium.quitBrowser(SA33_Pagefactory_InSelenium.java:44)
at webdriver_demo.SA33_Pagefactory_InSelenium.quitBrowser(SA33_Pagefactory_InSelenium.java:44)
at webdriver_demo.SA33_Pagefactory_InSelenium.quitBrowser(SA33_Pagefactory_InSelenium.java:44)
at webdriver_demo.SA33_Pagefactory_InSelenium.quitBrowser(SA33_Pagefactory_InSelenium.java:44)
at webdriver_demo.SA33_Pagefactory_InSelenium.quitBrowser(SA33_Pagefactory_InSelenium.java:44)
at webdriver_demo.SA33_Pagefactory_InSelenium.quitBrowser(SA33_Pagefactory_InSelenium.java:44)
at webdriver_demo.SA33_Pagefactory_InSelenium.quitBrowser(SA33_Pagefactory_InSelenium.java:44)
at webdriver_demo.SA33_Pagefactory_InSelenium.quitBrowser(SA33_Pagefactory_InSelenium.java:44)
at webdriver_demo.SA33_Pagefactory_InSelenium.quitBrowser(SA33_Pagefactory_InSelenium.java:44)
at webdriver_demo.SA33_Pagefactory_InSelenium.quitBrowser(SA33_Pagefactory_InSelenium.java:44)
at webdriver_demo.SA33_Pagefactory_InSelenium.quitBrowser(SA33_Pagefactory_InSelenium.java:44)
at webdriver_demo.SA33_Pagefactory_InSelenium.quitBrowser(SA33_Pagefactory_InSelenium.java:44)
at webdriver_demo.SA33_Pagefactory_InSelenium.quitBrowser(SA33_Pagefactory_InSelenium.java:44)
at webdriver_demo.SA33_Pagefactory_InSelenium.quitBrowser(SA33_Pagefactory_InSelenium.java:44)
at webdriver_demo.SA33_Pagefactory_InSelenium.quitBrowser(SA33_Pagefactory_InSelenium.java:44)
at webdriver_demo.SA33_Pagefactory_InSelenium.quitBrowser(SA33_Pagefactory_InSelenium.java:44)
at webdriver_demo.SA33_Pagefactory_InSelenium.quitBrowser(SA33_Pagefactory_InSelenium.java:44)
at webdriver_demo.SA33_Pagefactory_InSelenium.quitBrowser(SA33_Pagefactory_InSelenium.java:44)
at webdriver_demo.SA33_Pagefactory_InSelenium.quitBrowser(SA33_Pagefactory_InSelenium.java:44)
at webdriver_demo.SA33_Pagefactory_InSelenium.quitBrowser(SA33_Pagefactory_InSelenium.java:44)
at webdriver_demo.SA33_Pagefactory_InSelenium.quitBrowser(SA33_Pagefactory_InSelenium.java:44)
at webdriver_demo.SA33_Pagefactory_InSelenium.quitBrowser(SA33_Pagefactory_InSelenium.java:44)
at webdriver_demo.SA33_Pagefactory_InSelenium.quitBrowser(SA33_Pagefactory_InSelenium.java:44)
at webdriver_demo.SA33_Pagefactory_InSelenium.quitBrowser(SA33_Pagefactory_InSelenium.java:44)
at webdriver_demo.SA33_Pagefactory_InSelenium.quitBrowser(SA33_Pagefactory_InSelenium.java:44)
at webdriver_demo.SA33_Pagefactory_InSelenium.quitBrowser(SA33_Pagefactory_InSelenium.java:44)
at webdriver_demo.SA33_Pagefactory_InSelenium.quitBrowser(SA33_Pagefactory_InSelenium.java:44)
at webdriver_demo.SA33_Pagefactory_InSelenium.quitBrowser(SA33_Pagefactory_InSelenium.java:44)
at webdriver_demo.SA33_Pagefactory_InSelenium.quitBrowser(SA33_Pagefactory_InSelenium.java:44)
at webdriver_demo.SA33_Pagefactory_InSelenium.quitBrowser(SA33_Pagefactory_InSelenium.java:44)
at webdriver_demo.SA33_Pagefactory_InSelenium.quitBrowser(SA33_Pagefactory_InSelenium.java:44)
at webdriver_demo.SA33_Pagefactory_InSelenium.quitBrowser(SA33_Pagefactory_InSelenium.java:44)
at webdriver_demo.SA33_Pagefactory_InSelenium.quitBrowser(SA33_Pagefactory_InSelenium.java:44)
at webdriver_demo.SA33_Pagefactory_InSelenium.quitBrowser(SA33_Pagefactory_InSelenium.java:44)
at webdriver_demo.SA33_Pagefactory_InSelenium.quitBrowser(SA33_Pagefactory_InSelenium.java:44)
at webdriver_demo.SA33_Pagefactory_InSelenium.quitBrowser(SA33_Pagefactory_InSelenium.java:44)
at webdriver_demo.SA33_Pagefactory_InSelenium.quitBrowser(SA33_Pagefactory_InSelenium.java:44)
at webdriver_demo.SA33_Pagefactory_InSelenium.quitBrowser(SA33_Pagefactory_InSelenium.java:44)
at webdriver_demo.SA33_Pagefactory_InSelenium.quitBrowser(SA33_Pagefactory_InSelenium.java:44)
at webdriver_demo.SA33_Pagefactory_InSelenium.quitBrowser(SA33_Pagefactory_InSelenium.java:44)
at webdriver_demo.SA33_Pagefactory_InSelenium.quitBrowser(SA33_Pagefactory_InSelenium.java:44)
at webdriver_demo.SA33_Pagefactory_InSelenium.quitBrowser(SA33_Pagefactory_InSelenium.java:44)
at webdriver_demo.SA33_Pagefactory_InSelenium.quitBrowser(SA33_Pagefactory_InSelenium.java:44)
at webdriver_demo.SA33_Pagefactory_InSelenium.quitBrowser(SA33_Pagefactory_InSelenium.java:44)
at webdriver_demo.SA33_Pagefactory_InSelenium.quitBrowser(SA33_Pagefactory_InSelenium.java:44)
at webdriver_demo.SA33_Pagefactory_InSelenium.quitBrowser(SA33_Pagefactory_InSelenium.java:44)
at webdriver_demo.SA33_Pagefactory_InSelenium.quitBrowser(SA33_Pagefactory_InSelenium.java:44)
at webdriver_demo.SA33_Pagefactory_InSelenium.quitBrowser(SA33_Pagefactory_InSelenium.java:44)
at webdriver_demo.SA33_Pagefactory_InSelenium.quitBrowser(SA33_Pagefactory_InSelenium.java:44)
at webdriver_demo.SA33_Pagefactory_InSelenium.quitBrowser(SA33_Pagefactory_InSelenium.java:44)
at webdriver_demo.SA33_Pagefactory_InSelenium.quitBrowser(SA33_Pagefactory_InSelenium.java:44)
at webdriver_demo.SA33_Pagefactory_InSelenium.quitBrowser(SA33_Pagefactory_InSelenium.java:44)
at webdriver_demo.SA33_Pagefactory_InSelenium.quitBrowser(SA33_Pagefactory_InSelenium.java:44)
at webdriver_demo.SA33_Pagefactory_InSelenium.quitBrowser(SA33_Pagefactory_InSelenium.java:44)
at webdriver_demo.SA33_Pagefactory_InSelenium.quitBrowser(SA33_Pagefactory_InSelenium.java:44)
at webdriver_demo.SA33_Pagefactory_InSelenium.quitBrowser(SA33_Pagefactory_InSelenium.java:44)
at webdriver_demo.SA33_Pagefactory_InSelenium.quitBrowser(SA33_Pagefactory_InSelenium.java:44)
at webdriver_demo.SA33_Pagefactory_InSelenium.quitBrowser(SA33_Pagefactory_InSelenium.java:44)
at webdriver_demo.SA33_Pagefactory_InSelenium.quitBrowser(SA33_Pagefactory_InSelenium.java:44)
at webdriver_demo.SA33_Pagefactory_InSelenium.quitBrowser(SA33_Pagefactory_InSelenium.java:44)
at webdriver_demo.SA33_Pagefactory_InSelenium.quitBrowser(SA33_Pagefactory_InSelenium.java:44)
at webdriver_demo.SA33_Pagefactory_InSelenium.quitBrowser(SA33_Pagefactory_InSelenium.java:44)
at webdriver_demo.SA33_Pagefactory_InSelenium.quitBrowser(SA33_Pagefactory_InSelenium.java:44)
at webdriver_demo.SA33_Pagefactory_InSelenium.quitBrowser(SA33_Pagefactory_InSelenium.java:44)
at webdriver_demo.SA33_Pagefactory_InSelenium.quitBrowser(SA33_Pagefactory_InSelenium.java:44)
at webdriver_demo.SA33_Pagefactory_InSelenium.quitBrowser(SA33_Pagefactory_InSelenium.java:44)
at webdriver_demo.SA33_Pagefactory_InSelenium.quitBrowser(SA33_Pagefactory_InSelenium.java:44)
at webdriver_demo.SA33_Pagefactory_InSelenium.quitBrowser(SA33_Pagefactory_InSelenium.java:44)
at webdriver_demo.SA33_Pagefactory_InSelenium.quitBrowser(SA33_Pagefactory_InSelenium.java:44)
at webdriver_demo.SA33_Pagefactory_InSelenium.quitBrowser(SA33_Pagefactory_InSelenium.java:44)
at webdriver_demo.SA33_Pagefactory_InSelenium.quitBrowser(SA33_Pagefactory_InSelenium.java:44)
at webdriver_demo.SA33_Pagefactory_InSelenium.quitBrowser(SA33_Pagefactory_InSelenium.java:44)
at webdriver_demo.SA33_Pagefactory_InSelenium.quitBrowser(SA33_Pagefactory_InSelenium.java:44)
at webdriver_demo.SA33_Pagefactory_InSelenium.quitBrowser(SA33_Pagefactory_InSelenium.java:44)
at webdriver_demo.SA33_Pagefactory_InSelenium.quitBrowser(SA33_Pagefactory_InSelenium.java:44)
at webdriver_demo.SA33_Pagefactory_InSelenium.quitBrowser(SA33_Pagefactory_InSelenium.java:44)
at webdriver_demo.SA33_Pagefactory_InSelenium.quitBrowser(SA33_Pagefactory_InSelenium.java:44)
at webdriver_demo.SA33_Pagefactory_InSelenium.quitBrowser(SA33_Pagefactory_InSelenium.java:44)
at webdriver_demo.SA33_Pagefactory_InSelenium.quitBrowser(SA33_Pagefactory_InSelenium.java:44)
at webdriver_demo.SA33_Pagefactory_InSelenium.quitBrowser(SA33_Pagefactory_InSelenium.java:44)
at webdriver_demo.SA33_Pagefactory_InSelenium.quitBrowser(SA33_Pagefactory_InSelenium.java:44)
at webdriver_demo.SA33_Pagefactory_InSelenium.quitBrowser(SA33_Pagefactory_InSelenium.java:44)
at webdriver_demo.SA33_Pagefactory_InSelenium.quitBrowser(SA33_Pagefactory_InSelenium.java:44)
at webdriver_demo.SA33_Pagefactory_InSelenium.quitBrowser(SA33_Pagefactory_InSelenium.java:44)
at webdriver_demo.SA33_Pagefactory_InSelenium.quitBrowser(SA33_Pagefactory_InSelenium.java:44)
at webdriver_demo.SA33_Pagefactory_InSelenium.quitBrowser(SA33_Pagefactory_InSelenium.java:44)
at webdriver_demo.SA33_Pagefactory_InSelenium.quitBrowser(SA33_Pagefactory_InSelenium.java:44)
at webdriver_demo.SA33_Pagefactory_InSelenium.quitBrowser(SA33_Pagefactory_InSelenium.java:44)
at webdriver_demo.SA33_Pagefactory_InSelenium.quitBrowser(SA33_Pagefactory_InSelenium.java:44)
at webdriver_demo.SA33_Pagefactory_InSelenium.quitBrowser(SA33_Pagefactory_InSelenium.java:44)
at webdriver_demo.SA33_Pagefactory_InSelenium.quitBrowser(SA33_Pagefactory_InSelenium.java:44)
at webdriver_demo.SA33_Pagefactory_InSelenium.quitBrowser(SA33_Pagefactory_InSelenium.java:44)
at webdriver_demo.SA33_Pagefactory_InSelenium.quitBrowser(SA33_Pagefactory_InSelenium.java:44)
at webdriver_demo.SA33_Pagefactory_InSelenium.quitBrowser(SA33_Pagefactory_InSelenium.java:44)
at webdriver_demo.SA33_Pagefactory_InSelenium.quitBrowser(SA33_Pagefactory_InSelenium.java:44)
at webdriver_demo.SA33_Pagefactory_InSelenium.quitBrowser(SA33_Pagefactory_InSelenium.java:44)
at webdriver_demo.SA33_Pagefactory_InSelenium.quitBrowser(SA33_Pagefactory_InSelenium.java:44)
at webdriver_demo.SA33_Pagefactory_InSelenium.quitBrowser(SA33_Pagefactory_InSelenium.java:44)
at webdriver_demo.SA33_Pagefactory_InSelenium.quitBrowser(SA33_Pagefactory_InSelenium.java:44)
at webdriver_demo.SA33_Pagefactory_InSelenium.quitBrowser(SA33_Pagefactory_InSelenium.java:44)
at webdriver_demo.SA33_Pagefactory_InSelenium.quitBrowser(SA33_Pagefactory_InSelenium.java:44)
at webdriver_demo.SA33_Pagefactory_InSelenium.quitBrowser(SA33_Pagefactory_InSelenium.java:44)
at webdriver_demo.SA33_Pagefactory_InSelenium.quitBrowser(SA33_Pagefactory_InSelenium.java:44)
at webdriver_demo.SA33_Pagefactory_InSelenium.quitBrowser(SA33_Pagefactory_InSelenium.java:44)
at webdriver_demo.SA33_Pagefactory_InSelenium.quitBrowser(SA33_Pagefactory_InSelenium.java:44)
at webdriver_demo.SA33_Pagefactory_InSelenium.quitBrowser(SA33_Pagefactory_InSelenium.java:44)
at webdriver_demo.SA33_Pagefactory_InSelenium.quitBrowser(SA33_Pagefactory_InSelenium.java:44)
at webdriver_demo.SA33_Pagefactory_InSelenium.quitBrowser(SA33_Pagefactory_InSelenium.java:44)
at webdriver_demo.SA33_Pagefactory_InSelenium.quitBrowser(SA33_Pagefactory_InSelenium.java:44)
at webdriver_demo.SA33_Pagefactory_InSelenium.quitBrowser(SA33_Pagefactory_InSelenium.java:44)
at webdriver_demo.SA33_Pagefactory_InSelenium.quitBrowser(SA33_Pagefactory_InSelenium.java:44)
at webdriver_demo.SA33_Pagefactory_InSelenium.quitBrowser(SA33_Pagefactory_InSelenium.java:44)
at webdriver_demo.SA33_Pagefactory_InSelenium.quitBrowser(SA33_Pagefactory_InSelenium.java:44)
at webdriver_demo.SA33_Pagefactory_InSelenium.quitBrowser(SA33_Pagefactory_InSelenium.java:44)
at webdriver_demo.SA33_Pagefactory_InSelenium.quitBrowser(SA33_Pagefactory_InSelenium.java:44)
at webdriver_demo.SA33_Pagefactory_InSelenium.quitBrowser(SA33_Pagefactory_InSelenium.java:44)
at webdriver_demo.SA33_Pagefactory_InSelenium.quitBrowser(SA33_Pagefactory_InSelenium.java:44)
at webdriver_demo.SA33_Pagefactory_InSelenium.quitBrowser(SA33_Pagefactory_InSelenium.java:44)
at webdriver_demo.SA33_Pagefactory_InSelenium.quitBrowser(SA33_Pagefactory_InSelenium.java:44)
at webdriver_demo.SA33_Pagefactory_InSelenium.quitBrowser(SA33_Pagefactory_InSelenium.java:44)
at webdriver_demo.SA33_Pagefactory_InSelenium.quitBrowser(SA33_Pagefactory_InSelenium.java:44)
at webdriver_demo.SA33_Pagefactory_InSelenium.quitBrowser(SA33_Pagefactory_InSelenium.java:44)
at webdriver_demo.SA33_Pagefactory_InSelenium.quitBrowser(SA33_Pagefactory_InSelenium.java:44)
at webdriver_demo.SA33_Pagefactory_InSelenium.quitBrowser(SA33_Pagefactory_InSelenium.java:44)
at webdriver_demo.SA33_Pagefactory_InSelenium.quitBrowser(SA33_Pagefactory_InSelenium.java:44)
at webdriver_demo.SA33_Pagefactory_InSelenium.quitBrowser(SA33_Pagefactory_InSelenium.java:44)
at webdriver_demo.SA33_Pagefactory_InSelenium.quitBrowser(SA33_Pagefactory_InSelenium.java:44)
at webdriver_demo.SA33_Pagefactory_InSelenium.quitBrowser(SA33_Pagefactory_InSelenium.java:44)
at webdriver_demo.SA33_Pagefactory_InSelenium.quitBrowser(SA33_Pagefactory_InSelenium.java:44)
at webdriver_demo.SA33_Pagefactory_InSelenium.quitBrowser(SA33_Pagefactory_InSelenium.java:44)
at webdriver_demo.SA33_Pagefactory_InSelenium.quitBrowser(SA33_Pagefactory_InSelenium.java:44)
at webdriver_demo.SA33_Pagefactory_InSelenium.quitBrowser(SA33_Pagefactory_InSelenium.java:44)
at webdriver_demo.SA33_Pagefactory_InSelenium.quitBrowser(SA33_Pagefactory_InSelenium.java:44)
at webdriver_demo.SA33_Pagefactory_InSelenium.quitBrowser(SA33_Pagefactory_InSelenium.java:44)
at webdriver_demo.SA33_Pagefactory_InSelenium.quitBrowser(SA33_Pagefactory_InSelenium.java:44)
at webdriver_demo.SA33_Pagefactory_InSelenium.quitBrowser(SA33_Pagefactory_InSelenium.java:44)
at webdriver_demo.SA33_Pagefactory_InSelenium.quitBrowser(SA33_Pagefactory_InSelenium.java:44)
at webdriver_demo.SA33_Pagefactory_InSelenium.quitBrowser(SA33_Pagefactory_InSelenium.java:44)
at webdriver_demo.SA33_Pagefactory_InSelenium.quitBrowser(SA33_Pagefactory_InSelenium.java:44)
at webdriver_demo.SA33_Pagefactory_InSelenium.quitBrowser(SA33_Pagefactory_InSelenium.java:44)
at webdriver_demo.SA33_Pagefactory_InSelenium.quitBrowser(SA33_Pagefactory_InSelenium.java:44)
at webdriver_demo.SA33_Pagefactory_InSelenium.quitBrowser(SA33_Pagefactory_InSelenium.java:44)
at webdriver_demo.SA33_Pagefactory_InSelenium.quitBrowser(SA33_Pagefactory_InSelenium.java:44)
at webdriver_demo.SA33_Pagefactory_InSelenium.quitBrowser(SA33_Pagefactory_InSelenium.java:44)
at webdriver_demo.SA33_Pagefactory_InSelenium.quitBrowser(SA33_Pagefactory_InSelenium.java:44)
at webdriver_demo.SA33_Pagefactory_InSelenium.quitBrowser(SA33_Pagefactory_InSelenium.java:44)
at webdriver_demo.SA33_Pagefactory_InSelenium.quitBrowser(SA33_Pagefactory_InSelenium.java:44)
at webdriver_demo.SA33_Pagefactory_InSelenium.quitBrowser(SA33_Pagefactory_InSelenium.java:44)
at webdriver_demo.SA33_Pagefactory_InSelenium.quitBrowser(SA33_Pagefactory_InSelenium.java:44)
at webdriver_demo.SA33_Pagefactory_InSelenium.quitBrowser(SA33_Pagefactory_InSelenium.java:44)
at webdriver_demo.SA33_Pagefactory_InSelenium.quitBrowser(SA33_Pagefactory_InSelenium.java:44)
at webdriver_demo.SA33_Pagefactory_InSelenium.quitBrowser(SA33_Pagefactory_InSelenium.java:44)
at webdriver_demo.SA33_Pagefactory_InSelenium.quitBrowser(SA33_Pagefactory_InSelenium.java:44)
at webdriver_demo.SA33_Pagefactory_InSelenium.quitBrowser(SA33_Pagefactory_InSelenium.java:44)
at webdriver_demo.SA33_Pagefactory_InSelenium.quitBrowser(SA33_Pagefactory_InSelenium.java:44)
at webdriver_demo.SA33_Pagefactory_InSelenium.quitBrowser(SA33_Pagefactory_InSelenium.java:44)
at webdriver_demo.SA33_Pagefactory_InSelenium.quitBrowser(SA33_Pagefactory_InSelenium.java:44)
at webdriver_demo.SA33_Pagefactory_InSelenium.quitBrowser(SA33_Pagefactory_InSelenium.java:44)
at webdriver_demo.SA33_Pagefactory_InSelenium.quitBrowser(SA33_Pagefactory_InSelenium.java:44)
at webdriver_demo.SA33_Pagefactory_InSelenium.quitBrowser(SA33_Pagefactory_InSelenium.java:44)
at webdriver_demo.SA33_Pagefactory_InSelenium.quitBrowser(SA33_Pagefactory_InSelenium.java:44)
at webdriver_demo.SA33_Pagefactory_InSelenium.quitBrowser(SA33_Pagefactory_InSelenium.java:44)
at webdriver_demo.SA33_Pagefactory_InSelenium.quitBrowser(SA33_Pagefactory_InSelenium.java:44)
at webdriver_demo.SA33_Pagefactory_InSelenium.quitBrowser(SA33_Pagefactory_InSelenium.java:44)
at webdriver_demo.SA33_Pagefactory_InSelenium.quitBrowser(SA33_Pagefactory_InSelenium.java:44)
at webdriver_demo.SA33_Pagefactory_InSelenium.quitBrowser(SA33_Pagefactory_InSelenium.java:44)
at webdriver_demo.SA33_Pagefactory_InSelenium.quitBrowser(SA33_Pagefactory_InSelenium.java:44)
at webdriver_demo.SA33_Pagefactory_InSelenium.quitBrowser(SA33_Pagefactory_InSelenium.java:44)
at webdriver_demo.SA33_Pagefactory_InSelenium.quitBrowser(SA33_Pagefactory_InSelenium.java:44)
at webdriver_demo.SA33_Pagefactory_InSelenium.quitBrowser(SA33_Pagefactory_InSelenium.java:44)
at webdriver_demo.SA33_Pagefactory_InSelenium.quitBrowser(SA33_Pagefactory_InSelenium.java:44)
at webdriver_demo.SA33_Pagefactory_InSelenium.quitBrowser(SA33_Pagefactory_InSelenium.java:44)
at webdriver_demo.SA33_Pagefactory_InSelenium.quitBrowser(SA33_Pagefactory_InSelenium.java:44)
at webdriver_demo.SA33_Pagefactory_InSelenium.quitBrowser(SA33_Pagefactory_InSelenium.java:44)
at webdriver_demo.SA33_Pagefactory_InSelenium.quitBrowser(SA33_Pagefactory_InSelenium.java:44)
at webdriver_demo.SA33_Pagefactory_InSelenium.quitBrowser(SA33_Pagefactory_InSelenium.java:44)
at webdriver_demo.SA33_Pagefactory_InSelenium.quitBrowser(SA33_Pagefactory_InSelenium.java:44)
at webdriver_demo.SA33_Pagefactory_InSelenium.quitBrowser(SA33_Pagefactory_InSelenium.java:44)
at webdriver_demo.SA33_Pagefactory_InSelenium.quitBrowser(SA33_Pagefactory_InSelenium.java:44)
at webdriver_demo.SA33_Pagefactory_InSelenium.quitBrowser(SA33_Pagefactory_InSelenium.java:44)
at webdriver_demo.SA33_Pagefactory_InSelenium.quitBrowser(SA33_Pagefactory_InSelenium.java:44)
at webdriver_demo.SA33_Pagefactory_InSelenium.quitBrowser(SA33_Pagefactory_InSelenium.java:44)
at webdriver_demo.SA33_Pagefactory_InSelenium.quitBrowser(SA33_Pagefactory_InSelenium.java:44)
at webdriver_demo.SA33_Pagefactory_InSelenium.quitBrowser(SA33_Pagefactory_InSelenium.java:44)
at webdriver_demo.SA33_Pagefactory_InSelenium.quitBrowser(SA33_Pagefactory_InSelenium.java:44)
at webdriver_demo.SA33_Pagefactory_InSelenium.quitBrowser(SA33_Pagefactory_InSelenium.java:44)
at webdriver_demo.SA33_Pagefactory_InSelenium.quitBrowser(SA33_Pagefactory_InSelenium.java:44)
at webdriver_demo.SA33_Pagefactory_InSelenium.quitBrowser(SA33_Pagefactory_InSelenium.java:44)
at webdriver_demo.SA33_Pagefactory_InSelenium.quitBrowser(SA33_Pagefactory_InSelenium.java:44)
at webdriver_demo.SA33_Pagefactory_InSelenium.quitBrowser(SA33_Pagefactory_InSelenium.java:44)
at webdriver_demo.SA33_Pagefactory_InSelenium.quitBrowser(SA33_Pagefactory_InSelenium.java:44)
at webdriver_demo.SA33_Pagefactory_InSelenium.quitBrowser(SA33_Pagefactory_InSelenium.java:44)
at webdriver_demo.SA33_Pagefactory_InSelenium.quitBrowser(SA33_Pagefactory_InSelenium.java:44)
at webdriver_demo.SA33_Pagefactory_InSelenium.quitBrowser(SA33_Pagefactory_InSelenium.java:44)
at webdriver_demo.SA33_Pagefactory_InSelenium.quitBrowser(SA33_Pagefactory_InSelenium.java:44)
at webdriver_demo.SA33_Pagefactory_InSelenium.quitBrowser(SA33_Pagefactory_InSelenium.java:44)
at webdriver_demo.SA33_Pagefactory_InSelenium.quitBrowser(SA33_Pagefactory_InSelenium.java:44)
at webdriver_demo.SA33_Pagefactory_InSelenium.quitBrowser(SA33_Pagefactory_InSelenium.java:44)
at webdriver_demo.SA33_Pagefactory_InSelenium.quitBrowser(SA33_Pagefactory_InSelenium.java:44)
at webdriver_demo.SA33_Pagefactory_InSelenium.quitBrowser(SA33_Pagefactory_InSelenium.java:44)
at webdriver_demo.SA33_Pagefactory_InSelenium.quitBrowser(SA33_Pagefactory_InSelenium.java:44)
at webdriver_demo.SA33_Pagefactory_InSelenium.quitBrowser(SA33_Pagefactory_InSelenium.java:44)
at webdriver_demo.SA33_Pagefactory_InSelenium.quitBrowser(SA33_Pagefactory_InSelenium.java:44)
at webdriver_demo.SA33_Pagefactory_InSelenium.quitBrowser(SA33_Pagefactory_InSelenium.java:44)
at webdriver_demo.SA33_Pagefactory_InSelenium.quitBrowser(SA33_Pagefactory_InSelenium.java:44)
at webdriver_demo.SA33_Pagefactory_InSelenium.quitBrowser(SA33_Pagefactory_InSelenium.java:44)
at webdriver_demo.SA33_Pagefactory_InSelenium.quitBrowser(SA33_Pagefactory_InSelenium.java:44)
at webdriver_demo.SA33_Pagefactory_InSelenium.quitBrowser(SA33_Pagefactory_InSelenium.java:44)
at webdriver_demo.SA33_Pagefactory_InSelenium.quitBrowser(SA33_Pagefactory_InSelenium.java:44)
at webdriver_demo.SA33_Pagefactory_InSelenium.quitBrowser(SA33_Pagefactory_InSelenium.java:44)
at webdriver_demo.SA33_Pagefactory_InSelenium.quitBrowser(SA33_Pagefactory_InSelenium.java:44)
at webdriver_demo.SA33_Pagefactory_InSelenium.quitBrowser(SA33_Pagefactory_InSelenium.java:44)
at webdriver_demo.SA33_Pagefactory_InSelenium.quitBrowser(SA33_Pagefactory_InSelenium.java:44)
at webdriver_demo.SA33_Pagefactory_InSelenium.quitBrowser(SA33_Pagefactory_InSelenium.java:44)
at webdriver_demo.SA33_Pagefactory_InSelenium.quitBrowser(SA33_Pagefactory_InSelenium.java:44)
at webdriver_demo.SA33_Pagefactory_InSelenium.quitBrowser(SA33_Pagefactory_InSelenium.java:44)
at webdriver_demo.SA33_Pagefactory_InSelenium.quitBrowser(SA33_Pagefactory_InSelenium.java:44)
at webdriver_demo.SA33_Pagefactory_InSelenium.quitBrowser(SA33_Pagefactory_InSelenium.java:44)
at webdriver_demo.SA33_Pagefactory_InSelenium.quitBrowser(SA33_Pagefactory_InSelenium.java:44)
at webdriver_demo.SA33_Pagefactory_InSelenium.quitBrowser(SA33_Pagefactory_InSelenium.java:44)
at webdriver_demo.SA33_Pagefactory_InSelenium.quitBrowser(SA33_Pagefactory_InSelenium.java:44)
at webdriver_demo.SA33_Pagefactory_InSelenium.quitBrowser(SA33_Pagefactory_InSelenium.java:44)
at webdriver_demo.SA33_Pagefactory_InSelenium.quitBrowser(SA33_Pagefactory_InSelenium.java:44)
at webdriver_demo.SA33_Pagefactory_InSelenium.quitBrowser(SA33_Pagefactory_InSelenium.java:44)
at webdriver_demo.SA33_Pagefactory_InSelenium.quitBrowser(SA33_Pagefactory_InSelenium.java:44)
at webdriver_demo.SA33_Pagefactory_InSelenium.quitBrowser(SA33_Pagefactory_InSelenium.java:44)
at webdriver_demo.SA33_Pagefactory_InSelenium.quitBrowser(SA33_Pagefactory_InSelenium.java:44)
at webdriver_demo.SA33_Pagefactory_InSelenium.quitBrowser(SA33_Pagefactory_InSelenium.java:44)
at webdriver_demo.SA33_Pagefactory_InSelenium.quitBrowser(SA33_Pagefactory_InSelenium.java:44)
at webdriver_demo.SA33_Pagefactory_InSelenium.quitBrowser(SA33_Pagefactory_InSelenium.java:44)
at webdriver_demo.SA33_Pagefactory_InSelenium.quitBrowser(SA33_Pagefactory_InSelenium.java:44)
at webdriver_demo.SA33_Pagefactory_InSelenium.quitBrowser(SA33_Pagefactory_InSelenium.java:44)
at webdriver_demo.SA33_Pagefactory_InSelenium.quitBrowser(SA33_Pagefactory_InSelenium.java:44)
at webdriver_demo.SA33_Pagefactory_InSelenium.quitBrowser(SA33_Pagefactory_InSelenium.java:44)
at webdriver_demo.SA33_Pagefactory_InSelenium.quitBrowser(SA33_Pagefactory_InSelenium.java:44)
at webdriver_demo.SA33_Pagefactory_InSelenium.quitBrowser(SA33_Pagefactory_InSelenium.java:44)
at webdriver_demo.SA33_Pagefactory_InSelenium.quitBrowser(SA33_Pagefactory_InSelenium.java:44)
at webdriver_demo.SA33_Pagefactory_InSelenium.quitBrowser(SA33_Pagefactory_InSelenium.java:44)
at webdriver_demo.SA33_Pagefactory_InSelenium.quitBrowser(SA33_Pagefactory_InSelenium.java:44)
at webdriver_demo.SA33_Pagefactory_InSelenium.quitBrowser(SA33_Pagefactory_InSelenium.java:44)
at webdriver_demo.SA33_Pagefactory_InSelenium.quitBrowser(SA33_Pagefactory_InSelenium.java:44)
at webdriver_demo.SA33_Pagefactory_InSelenium.quitBrowser(SA33_Pagefactory_InSelenium.java:44)
at webdriver_demo.SA33_Pagefactory_InSelenium.quitBrowser(SA33_Pagefactory_InSelenium.java:44)
at webdriver_demo.SA33_Pagefactory_InSelenium.quitBrowser(SA33_Pagefactory_InSelenium.java:44)
at webdriver_demo.SA33_Pagefactory_InSelenium.quitBrowser(SA33_Pagefactory_InSelenium.java:44)
at webdriver_demo.SA33_Pagefactory_InSelenium.quitBrowser(SA33_Pagefactory_InSelenium.java:44)
at webdriver_demo.SA33_Pagefactory_InSelenium.quitBrowser(SA33_Pagefactory_InSelenium.java:44)
at webdriver_demo.SA33_Pagefactory_InSelenium.quitBrowser(SA33_Pagefactory_InSelenium.java:44)
at webdriver_demo.SA33_Pagefactory_InSelenium.quitBrowser(SA33_Pagefactory_InSelenium.java:44)
at webdriver_demo.SA33_Pagefactory_InSelenium.quitBrowser(SA33_Pagefactory_InSelenium.java:44)
at webdriver_demo.SA33_Pagefactory_InSelenium.quitBrowser(SA33_Pagefactory_InSelenium.java:44)
at webdriver_demo.SA33_Pagefactory_InSelenium.quitBrowser(SA33_Pagefactory_InSelenium.java:44)
at webdriver_demo.SA33_Pagefactory_InSelenium.quitBrowser(SA33_Pagefactory_InSelenium.java:44)
at webdriver_demo.SA33_Pagefactory_InSelenium.quitBrowser(SA33_Pagefactory_InSelenium.java:44)
at webdriver_demo.SA33_Pagefactory_InSelenium.quitBrowser(SA33_Pagefactory_InSelenium.java:44)
at webdriver_demo.SA33_Pagefactory_InSelenium.quitBrowser(SA33_Pagefactory_InSelenium.java:44)
at webdriver_demo.SA33_Pagefactory_InSelenium.quitBrowser(SA33_Pagefactory_InSelenium.java:44)
at webdriver_demo.SA33_Pagefactory_InSelenium.quitBrowser(SA33_Pagefactory_InSelenium.java:44)
at webdriver_demo.SA33_Pagefactory_InSelenium.quitBrowser(SA33_Pagefactory_InSelenium.java:44)
at webdriver_demo.SA33_Pagefactory_InSelenium.quitBrowser(SA33_Pagefactory_InSelenium.java:44)
at webdriver_demo.SA33_Pagefactory_InSelenium.quitBrowser(SA33_Pagefactory_InSelenium.java:44)
at webdriver_demo.SA33_Pagefactory_InSelenium.quitBrowser(SA33_Pagefactory_InSelenium.java:44)
at webdriver_demo.SA33_Pagefactory_InSelenium.quitBrowser(SA33_Pagefactory_InSelenium.java:44)
at webdriver_demo.SA33_Pagefactory_InSelenium.quitBrowser(SA33_Pagefactory_InSelenium.java:44)
at webdriver_demo.SA33_Pagefactory_InSelenium.quitBrowser(SA33_Pagefactory_InSelenium.java:44)
at webdriver_demo.SA33_Pagefactory_InSelenium.quitBrowser(SA33_Pagefactory_InSelenium.java:44)
at webdriver_demo.SA33_Pagefactory_InSelenium.quitBrowser(SA33_Pagefactory_InSelenium.java:44)
at webdriver_demo.SA33_Pagefactory_InSelenium.quitBrowser(SA33_Pagefactory_InSelenium.java:44)
at webdriver_demo.SA33_Pagefactory_InSelenium.quitBrowser(SA33_Pagefactory_InSelenium.java:44)
at webdriver_demo.SA33_Pagefactory_InSelenium.quitBrowser(SA33_Pagefactory_InSelenium.java:44)
at webdriver_demo.SA33_Pagefactory_InSelenium.quitBrowser(SA33_Pagefactory_InSelenium.java:44)
at webdriver_demo.SA33_Pagefactory_InSelenium.quitBrowser(SA33_Pagefactory_InSelenium.java:44)
at webdriver_demo.SA33_Pagefactory_InSelenium.quitBrowser(SA33_Pagefactory_InSelenium.java:44)
at webdriver_demo.SA33_Pagefactory_InSelenium.quitBrowser(SA33_Pagefactory_InSelenium.java:44)
at webdriver_demo.SA33_Pagefactory_InSelenium.quitBrowser(SA33_Pagefactory_InSelenium.java:44)
at webdriver_demo.SA33_Pagefactory_InSelenium.quitBrowser(SA33_Pagefactory_InSelenium.java:44)
at webdriver_demo.SA33_Pagefactory_InSelenium.quitBrowser(SA33_Pagefactory_InSelenium.java:44)
at webdriver_demo.SA33_Pagefactory_InSelenium.quitBrowser(SA33_Pagefactory_InSelenium.java:44)
at webdriver_demo.SA33_Pagefactory_InSelenium.quitBrowser(SA33_Pagefactory_InSelenium.java:44)
at webdriver_demo.SA33_Pagefactory_InSelenium.quitBrowser(SA33_Pagefactory_InSelenium.java:44)
at webdriver_demo.SA33_Pagefactory_InSelenium.quitBrowser(SA33_Pagefactory_InSelenium.java:44)
at webdriver_demo.SA33_Pagefactory_InSelenium.quitBrowser(SA33_Pagefactory_InSelenium.java:44)
at webdriver_demo.SA33_Pagefactory_InSelenium.quitBrowser(SA33_Pagefactory_InSelenium.java:44)
at webdriver_demo.SA33_Pagefactory_InSelenium.quitBrowser(SA33_Pagefactory_InSelenium.java:44)
at webdriver_demo.SA33_Pagefactory_InSelenium.quitBrowser(SA33_Pagefactory_InSelenium.java:44)
at webdriver_demo.SA33_Pagefactory_InSelenium.quitBrowser(SA33_Pagefactory_InSelenium.java:44)
at webdriver_demo.SA33_Pagefactory_InSelenium.quitBrowser(SA33_Pagefactory_InSelenium.java:44)
at webdriver_demo.SA33_Pagefactory_InSelenium.quitBrowser(SA33_Pagefactory_InSelenium.java:44)
at webdriver_demo.SA33_Pagefactory_InSelenium.quitBrowser(SA33_Pagefactory_InSelenium.java:44)
at webdriver_demo.SA33_Pagefactory_InSelenium.quitBrowser(SA33_Pagefactory_InSelenium.java:44)
at webdriver_demo.SA33_Pagefactory_InSelenium.quitBrowser(SA33_Pagefactory_InSelenium.java:44)
at webdriver_demo.SA33_Pagefactory_InSelenium.quitBrowser(SA33_Pagefactory_InSelenium.java:44)
at webdriver_demo.SA33_Pagefactory_InSelenium.quitBrowser(SA33_Pagefactory_InSelenium.java:44)
at webdriver_demo.SA33_Pagefactory_InSelenium.quitBrowser(SA33_Pagefactory_InSelenium.java:44)
at webdriver_demo.SA33_Pagefactory_InSelenium.quitBrowser(SA33_Pagefactory_InSelenium.java:44)
at webdriver_demo.SA33_Pagefactory_InSelenium.quitBrowser(SA33_Pagefactory_InSelenium.java:44)
at webdriver_demo.SA33_Pagefactory_InSelenium.quitBrowser(SA33_Pagefactory_InSelenium.java:44)
at webdriver_demo.SA33_Pagefactory_InSelenium.quitBrowser(SA33_Pagefactory_InSelenium.java:44)
at webdriver_demo.SA33_Pagefactory_InSelenium.quitBrowser(SA33_Pagefactory_InSelenium.java:44)
at webdriver_demo.SA33_Pagefactory_InSelenium.quitBrowser(SA33_Pagefactory_InSelenium.java:44)
at webdriver_demo.SA33_Pagefactory_InSelenium.quitBrowser(SA33_Pagefactory_InSelenium.java:44)
at webdriver_demo.SA33_Pagefactory_InSelenium.quitBrowser(SA33_Pagefactory_InSelenium.java:44)
at webdriver_demo.SA33_Pagefactory_InSelenium.quitBrowser(SA33_Pagefactory_InSelenium.java:44)
at webdriver_demo.SA33_Pagefactory_InSelenium.quitBrowser(SA33_Pagefactory_InSelenium.java:44)
at webdriver_demo.SA33_Pagefactory_InSelenium.quitBrowser(SA33_Pagefactory_InSelenium.java:44)
at webdriver_demo.SA33_Pagefactory_InSelenium.quitBrowser(SA33_Pagefactory_InSelenium.java:44)
at webdriver_demo.SA33_Pagefactory_InSelenium.quitBrowser(SA33_Pagefactory_InSelenium.java:44)
at webdriver_demo.SA33_Pagefactory_InSelenium.quitBrowser(SA33_Pagefactory_InSelenium.java:44)
at webdriver_demo.SA33_Pagefactory_InSelenium.quitBrowser(SA33_Pagefactory_InSelenium.java:44)
at webdriver_demo.SA33_Pagefactory_InSelenium.quitBrowser(SA33_Pagefactory_InSelenium.java:44)
at webdriver_demo.SA33_Pagefactory_InSelenium.quitBrowser(SA33_Pagefactory_InSelenium.java:44)
at webdriver_demo.SA33_Pagefactory_InSelenium.quitBrowser(SA33_Pagefactory_InSelenium.java:44)
at webdriver_demo.SA33_Pagefactory_InSelenium.quitBrowser(SA33_Pagefactory_InSelenium.java:44)
at webdriver_demo.SA33_Pagefactory_InSelenium.quitBrowser(SA33_Pagefactory_InSelenium.java:44)
at webdriver_demo.SA33_Pagefactory_InSelenium.quitBrowser(SA33_Pagefactory_InSelenium.java:44)
at webdriver_demo.SA33_Pagefactory_InSelenium.quitBrowser(SA33_Pagefactory_InSelenium.java:44)
at webdriver_demo.SA33_Pagefactory_InSelenium.quitBrowser(SA33_Pagefactory_InSelenium.java:44)
at webdriver_demo.SA33_Pagefactory_InSelenium.quitBrowser(SA33_Pagefactory_InSelenium.java:44)
at webdriver_demo.SA33_Pagefactory_InSelenium.quitBrowser(SA33_Pagefactory_InSelenium.java:44)
at webdriver_demo.SA33_Pagefactory_InSelenium.quitBrowser(SA33_Pagefactory_InSelenium.java:44)
at webdriver_demo.SA33_Pagefactory_InSelenium.quitBrowser(SA33_Pagefactory_InSelenium.java:44)
at webdriver_demo.SA33_Pagefactory_InSelenium.quitBrowser(SA33_Pagefactory_InSelenium.java:44)
at webdriver_demo.SA33_Pagefactory_InSelenium.quitBrowser(SA33_Pagefactory_InSelenium.java:44)
at webdriver_demo.SA33_Pagefactory_InSelenium.quitBrowser(SA33_Pagefactory_InSelenium.java:44)
at webdriver_demo.SA33_Pagefactory_InSelenium.quitBrowser(SA33_Pagefactory_InSelenium.java:44)
at webdriver_demo.SA33_Pagefactory_InSelenium.quitBrowser(SA33_Pagefactory_InSelenium.java:44)
at webdriver_demo.SA33_Pagefactory_InSelenium.quitBrowser(SA33_Pagefactory_InSelenium.java:44)
at webdriver_demo.SA33_Pagefactory_InSelenium.quitBrowser(SA33_Pagefactory_InSelenium.java:44)
at webdriver_demo.SA33_Pagefactory_InSelenium.quitBrowser(SA33_Pagefactory_InSelenium.java:44)
at webdriver_demo.SA33_Pagefactory_InSelenium.quitBrowser(SA33_Pagefactory_InSelenium.java:44)
at webdriver_demo.SA33_Pagefactory_InSelenium.quitBrowser(SA33_Pagefactory_InSelenium.java:44)
at webdriver_demo.SA33_Pagefactory_InSelenium.quitBrowser(SA33_Pagefactory_InSelenium.java:44)
at webdriver_demo.SA33_Pagefactory_InSelenium.quitBrowser(SA33_Pagefactory_InSelenium.java:44)
at webdriver_demo.SA33_Pagefactory_InSelenium.quitBrowser(SA33_Pagefactory_InSelenium.java:44)
at webdriver_demo.SA33_Pagefactory_InSelenium.quitBrowser(SA33_Pagefactory_InSelenium.java:44)
at webdriver_demo.SA33_Pagefactory_InSelenium.quitBrowser(SA33_Pagefactory_InSelenium.java:44)
at webdriver_demo.SA33_Pagefactory_InSelenium.quitBrowser(SA33_Pagefactory_InSelenium.java:44)
at webdriver_demo.SA33_Pagefactory_InSelenium.quitBrowser(SA33_Pagefactory_InSelenium.java:44)
at webdriver_demo.SA33_Pagefactory_InSelenium.quitBrowser(SA33_Pagefactory_InSelenium.java:44)
at webdriver_demo.SA33_Pagefactory_InSelenium.quitBrowser(SA33_Pagefactory_InSelenium.java:44)
at webdriver_demo.SA33_Pagefactory_InSelenium.quitBrowser(SA33_Pagefactory_InSelenium.java:44)
at webdriver_demo.SA33_Pagefactory_InSelenium.quitBrowser(SA33_Pagefactory_InSelenium.java:44)
at webdriver_demo.SA33_Pagefactory_InSelenium.quitBrowser(SA33_Pagefactory_InSelenium.java:44)
at webdriver_demo.SA33_Pagefactory_InSelenium.quitBrowser(SA33_Pagefactory_InSelenium.java:44)
at webdriver_demo.SA33_Pagefactory_InSelenium.quitBrowser(SA33_Pagefactory_InSelenium.java:44)
at webdriver_demo.SA33_Pagefactory_InSelenium.quitBrowser(SA33_Pagefactory_InSelenium.java:44)
at webdriver_demo.SA33_Pagefactory_InSelenium.quitBrowser(SA33_Pagefactory_InSelenium.java:44)
at webdriver_demo.SA33_Pagefactory_InSelenium.quitBrowser(SA33_Pagefactory_InSelenium.java:44)
at webdriver_demo.SA33_Pagefactory_InSelenium.quitBrowser(SA33_Pagefactory_InSelenium.java:44)
at webdriver_demo.SA33_Pagefactory_InSelenium.quitBrowser(SA33_Pagefactory_InSelenium.java:44)
at webdriver_demo.SA33_Pagefactory_InSelenium.quitBrowser(SA33_Pagefactory_InSelenium.java:44)
at webdriver_demo.SA33_Pagefactory_InSelenium.quitBrowser(SA33_Pagefactory_InSelenium.java:44)
at webdriver_demo.SA33_Pagefactory_InSelenium.quitBrowser(SA33_Pagefactory_InSelenium.java:44)
at webdriver_demo.SA33_Pagefactory_InSelenium.quitBrowser(SA33_Pagefactory_InSelenium.java:44)
at webdriver_demo.SA33_Pagefactory_InSelenium.quitBrowser(SA33_Pagefactory_InSelenium.java:44)
at webdriver_demo.SA33_Pagefactory_InSelenium.quitBrowser(SA33_Pagefactory_InSelenium.java:44)
at webdriver_demo.SA33_Pagefactory_InSelenium.quitBrowser(SA33_Pagefactory_InSelenium.java:44)
at webdriver_demo.SA33_Pagefactory_InSelenium.quitBrowser(SA33_Pagefactory_InSelenium.java:44)
at webdriver_demo.SA33_Pagefactory_InSelenium.quitBrowser(SA33_Pagefactory_InSelenium.java:44)
at webdriver_demo.SA33_Pagefactory_InSelenium.quitBrowser(SA33_Pagefactory_InSelenium.java:44)
at webdriver_demo.SA33_Pagefactory_InSelenium.quitBrowser(SA33_Pagefactory_InSelenium.java:44)
at webdriver_demo.SA33_Pagefactory_InSelenium.quitBrowser(SA33_Pagefactory_InSelenium.java:44)
at webdriver_demo.SA33_Pagefactory_InSelenium.quitBrowser(SA33_Pagefactory_InSelenium.java:44)
at webdriver_demo.SA33_Pagefactory_InSelenium.quitBrowser(SA33_Pagefactory_InSelenium.java:44)
at webdriver_demo.SA33_Pagefactory_InSelenium.quitBrowser(SA33_Pagefactory_InSelenium.java:44)
at webdriver_demo.SA33_Pagefactory_InSelenium.quitBrowser(SA33_Pagefactory_InSelenium.java:44)
at webdriver_demo.SA33_Pagefactory_InSelenium.quitBrowser(SA33_Pagefactory_InSelenium.java:44)
at webdriver_demo.SA33_Pagefactory_InSelenium.quitBrowser(SA33_Pagefactory_InSelenium.java:44)
at webdriver_demo.SA33_Pagefactory_InSelenium.quitBrowser(SA33_Pagefactory_InSelenium.java:44)
at webdriver_demo.SA33_Pagefactory_InSelenium.quitBrowser(SA33_Pagefactory_InSelenium.java:44)
at webdriver_demo.SA33_Pagefactory_InSelenium.quitBrowser(SA33_Pagefactory_InSelenium.java:44)
at webdriver_demo.SA33_Pagefactory_InSelenium.quitBrowser(SA33_Pagefactory_InSelenium.java:44)
at webdriver_demo.SA33_Pagefactory_InSelenium.quitBrowser(SA33_Pagefactory_InSelenium.java:44)
at webdriver_demo.SA33_Pagefactory_InSelenium.quitBrowser(SA33_Pagefactory_InSelenium.java:44)
at webdriver_demo.SA33_Pagefactory_InSelenium.quitBrowser(SA33_Pagefactory_InSelenium.java:44)
at webdriver_demo.SA33_Pagefactory_InSelenium.quitBrowser(SA33_Pagefactory_InSelenium.java:44)
at webdriver_demo.SA33_Pagefactory_InSelenium.quitBrowser(SA33_Pagefactory_InSelenium.java:44)
at webdriver_demo.SA33_Pagefactory_InSelenium.quitBrowser(SA33_Pagefactory_InSelenium.java:44)
at webdriver_demo.SA33_Pagefactory_InSelenium.quitBrowser(SA33_Pagefactory_InSelenium.java:44)
at webdriver_demo.SA33_Pagefactory_InSelenium.quitBrowser(SA33_Pagefactory_InSelenium.java:44)
at webdriver_demo.SA33_Pagefactory_InSelenium.quitBrowser(SA33_Pagefactory_InSelenium.java:44)
at webdriver_demo.SA33_Pagefactory_InSelenium.quitBrowser(SA33_Pagefactory_InSelenium.java:44)
at webdriver_demo.SA33_Pagefactory_InSelenium.quitBrowser(SA33_Pagefactory_InSelenium.java:44)
at webdriver_demo.SA33_Pagefactory_InSelenium.quitBrowser(SA33_Pagefactory_InSelenium.java:44)
at webdriver_demo.SA33_Pagefactory_InSelenium.quitBrowser(SA33_Pagefactory_InSelenium.java:44)
at webdriver_demo.SA33_Pagefactory_InSelenium.quitBrowser(SA33_Pagefactory_InSelenium.java:44)
at webdriver_demo.SA33_Pagefactory_InSelenium.quitBrowser(SA33_Pagefactory_InSelenium.java:44)
at webdriver_demo.SA33_Pagefactory_InSelenium.quitBrowser(SA33_Pagefactory_InSelenium.java:44)
at webdriver_demo.SA33_Pagefactory_InSelenium.quitBrowser(SA33_Pagefactory_InSelenium.java:44)
at webdriver_demo.SA33_Pagefactory_InSelenium.quitBrowser(SA33_Pagefactory_InSelenium.java:44)
at webdriver_demo.SA33_Pagefactory_InSelenium.quitBrowser(SA33_Pagefactory_InSelenium.java:44)
at webdriver_demo.SA33_Pagefactory_InSelenium.quitBrowser(SA33_Pagefactory_InSelenium.java:44)
at webdriver_demo.SA33_Pagefactory_InSelenium.quitBrowser(SA33_Pagefactory_InSelenium.java:44)
at webdriver_demo.SA33_Pagefactory_InSelenium.quitBrowser(SA33_Pagefactory_InSelenium.java:44)
at webdriver_demo.SA33_Pagefactory_InSelenium.quitBrowser(SA33_Pagefactory_InSelenium.java:44)
at webdriver_demo.SA33_Pagefactory_InSelenium.quitBrowser(SA33_Pagefactory_InSelenium.java:44)
at webdriver_demo.SA33_Pagefactory_InSelenium.quitBrowser(SA33_Pagefactory_InSelenium.java:44)
at webdriver_demo.SA33_Pagefactory_InSelenium.quitBrowser(SA33_Pagefactory_InSelenium.java:44)
at webdriver_demo.SA33_Pagefactory_InSelenium.quitBrowser(SA33_Pagefactory_InSelenium.java:44)
at webdriver_demo.SA33_Pagefactory_InSelenium.quitBrowser(SA33_Pagefactory_InSelenium.java:44)
at webdriver_demo.SA33_Pagefactory_InSelenium.quitBrowser(SA33_Pagefactory_InSelenium.java:44)
at webdriver_demo.SA33_Pagefactory_InSelenium.quitBrowser(SA33_Pagefactory_InSelenium.java:44)
at webdriver_demo.SA33_Pagefactory_InSelenium.quitBrowser(SA33_Pagefactory_InSelenium.java:44)
at webdriver_demo.SA33_Pagefactory_InSelenium.quitBrowser(SA33_Pagefactory_InSelenium.java:44)
at webdriver_demo.SA33_Pagefactory_InSelenium.quitBrowser(SA33_Pagefactory_InSelenium.java:44)
at webdriver_demo.SA33_Pagefactory_InSelenium.quitBrowser(SA33_Pagefactory_InSelenium.java:44)
at webdriver_demo.SA33_Pagefactory_InSelenium.quitBrowser(SA33_Pagefactory_InSelenium.java:44)
at webdriver_demo.SA33_Pagefactory_InSelenium.quitBrowser(SA33_Pagefactory_InSelenium.java:44)
at webdriver_demo.SA33_Pagefactory_InSelenium.quitBrowser(SA33_Pagefactory_InSelenium.java:44)
at webdriver_demo.SA33_Pagefactory_InSelenium.quitBrowser(SA33_Pagefactory_InSelenium.java:44)
at webdriver_demo.SA33_Pagefactory_InSelenium.quitBrowser(SA33_Pagefactory_InSelenium.java:44)
at webdriver_demo.SA33_Pagefactory_InSelenium.quitBrowser(SA33_Pagefactory_InSelenium.java:44)
at webdriver_demo.SA33_Pagefactory_InSelenium.quitBrowser(SA33_Pagefactory_InSelenium.java:44)
at webdriver_demo.SA33_Pagefactory_InSelenium.quitBrowser(SA33_Pagefactory_InSelenium.java:44)
at webdriver_demo.SA33_Pagefactory_InSelenium.quitBrowser(SA33_Pagefactory_InSelenium.java:44)
at webdriver_demo.SA33_Pagefactory_InSelenium.quitBrowser(SA33_Pagefactory_InSelenium.java:44)
at webdriver_demo.SA33_Pagefactory_InSelenium.quitBrowser(SA33_Pagefactory_InSelenium.java:44)
at webdriver_demo.SA33_Pagefactory_InSelenium.quitBrowser(SA33_Pagefactory_InSelenium.java:44)
at webdriver_demo.SA33_Pagefactory_InSelenium.quitBrowser(SA33_Pagefactory_InSelenium.java:44)
at webdriver_demo.SA33_Pagefactory_InSelenium.quitBrowser(SA33_Pagefactory_InSelenium.java:44)
at webdriver_demo.SA33_Pagefactory_InSelenium.quitBrowser(SA33_Pagefactory_InSelenium.java:44)
at webdriver_demo.SA33_Pagefactory_InSelenium.quitBrowser(SA33_Pagefactory_InSelenium.java:44)
at webdriver_demo.SA33_Pagefactory_InSelenium.quitBrowser(SA33_Pagefactory_InSelenium.java:44)
at webdriver_demo.SA33_Pagefactory_InSelenium.quitBrowser(SA33_Pagefactory_InSelenium.java:44)
at webdriver_demo.SA33_Pagefactory_InSelenium.quitBrowser(SA33_Pagefactory_InSelenium.java:44)
at webdriver_demo.SA33_Pagefactory_InSelenium.quitBrowser(SA33_Pagefactory_InSelenium.java:44)
at webdriver_demo.SA33_Pagefactory_InSelenium.quitBrowser(SA33_Pagefactory_InSelenium.java:44)
at webdriver_demo.SA33_Pagefactory_InSelenium.quitBrowser(SA33_Pagefactory_InSelenium.java:44)
at webdriver_demo.SA33_Pagefactory_InSelenium.quitBrowser(SA33_Pagefactory_InSelenium.java:44)
at webdriver_demo.SA33_Pagefactory_InSelenium.quitBrowser(SA33_Pagefactory_InSelenium.java:44)
at webdriver_demo.SA33_Pagefactory_InSelenium.quitBrowser(SA33_Pagefactory_InSelenium.java:44)
at webdriver_demo.SA33_Pagefactory_InSelenium.quitBrowser(SA33_Pagefactory_InSelenium.java:44)
at webdriver_demo.SA33_Pagefactory_InSelenium.quitBrowser(SA33_Pagefactory_InSelenium.java:44)
at webdriver_demo.SA33_Pagefactory_InSelenium.quitBrowser(SA33_Pagefactory_InSelenium.java:44)
at webdriver_demo.SA33_Pagefactory_InSelenium.quitBrowser(SA33_Pagefactory_InSelenium.java:44)
at webdriver_demo.SA33_Pagefactory_InSelenium.quitBrowser(SA33_Pagefactory_InSelenium.java:44)
at webdriver_demo.SA33_Pagefactory_InSelenium.quitBrowser(SA33_Pagefactory_InSelenium.java:44)
at webdriver_demo.SA33_Pagefactory_InSelenium.quitBrowser(SA33_Pagefactory_InSelenium.java:44)
at webdriver_demo.SA33_Pagefactory_InSelenium.quitBrowser(SA33_Pagefactory_InSelenium.java:44)
at webdriver_demo.SA33_Pagefactory_InSelenium.quitBrowser(SA33_Pagefactory_InSelenium.java:44)
at webdriver_demo.SA33_Pagefactory_InSelenium.quitBrowser(SA33_Pagefactory_InSelenium.java:44)
at webdriver_demo.SA33_Pagefactory_InSelenium.quitBrowser(SA33_Pagefactory_InSelenium.java:44)
at webdriver_demo.SA33_Pagefactory_InSelenium.quitBrowser(SA33_Pagefactory_InSelenium.java:44)
at webdriver_demo.SA33_Pagefactory_InSelenium.quitBrowser(SA33_Pagefactory_InSelenium.java:44)
at webdriver_demo.SA33_Pagefactory_InSelenium.quitBrowser(SA33_Pagefactory_InSelenium.java:44)
at webdriver_demo.SA33_Pagefactory_InSelenium.quitBrowser(SA33_Pagefactory_InSelenium.java:44)
at webdriver_demo.SA33_Pagefactory_InSelenium.quitBrowser(SA33_Pagefactory_InSelenium.java:44)
at webdriver_demo.SA33_Pagefactory_InSelenium.quitBrowser(SA33_Pagefactory_InSelenium.java:44)
at webdriver_demo.SA33_Pagefactory_InSelenium.quitBrowser(SA33_Pagefactory_InSelenium.java:44)
at webdriver_demo.SA33_Pagefactory_InSelenium.quitBrowser(SA33_Pagefactory_InSelenium.java:44)
at webdriver_demo.SA33_Pagefactory_InSelenium.quitBrowser(SA33_Pagefactory_InSelenium.java:44)
at webdriver_demo.SA33_Pagefactory_InSelenium.quitBrowser(SA33_Pagefactory_InSelenium.java:44)
at webdriver_demo.SA33_Pagefactory_InSelenium.quitBrowser(SA33_Pagefactory_InSelenium.java:44)
at webdriver_demo.SA33_Pagefactory_InSelenium.quitBrowser(SA33_Pagefactory_InSelenium.java:44)
at webdriver_demo.SA33_Pagefactory_InSelenium.quitBrowser(SA33_Pagefactory_InSelenium.java:44)
at webdriver_demo.SA33_Pagefactory_InSelenium.quitBrowser(SA33_Pagefactory_InSelenium.java:44)
at webdriver_demo.SA33_Pagefactory_InSelenium.quitBrowser(SA33_Pagefactory_InSelenium.java:44)
at webdriver_demo.SA33_Pagefactory_InSelenium.quitBrowser(SA33_Pagefactory_InSelenium.java:44)
at webdriver_demo.SA33_Pagefactory_InSelenium.quitBrowser(SA33_Pagefactory_InSelenium.java:44)
at webdriver_demo.SA33_Pagefactory_InSelenium.quitBrowser(SA33_Pagefactory_InSelenium.java:44)
at webdriver_demo.SA33_Pagefactory_InSelenium.quitBrowser(SA33_Pagefactory_InSelenium.java:44)
at webdriver_demo.SA33_Pagefactory_InSelenium.quitBrowser(SA33_Pagefactory_InSelenium.java:44)
at webdriver_demo.SA33_Pagefactory_InSelenium.quitBrowser(SA33_Pagefactory_InSelenium.java:44)
at webdriver_demo.SA33_Pagefactory_InSelenium.quitBrowser(SA33_Pagefactory_InSelenium.java:44)
at webdriver_demo.SA33_Pagefactory_InSelenium.quitBrowser(SA33_Pagefactory_InSelenium.java:44)
at webdriver_demo.SA33_Pagefactory_InSelenium.quitBrowser(SA33_Pagefactory_InSelenium.java:44)
at webdriver_demo.SA33_Pagefactory_InSelenium.quitBrowser(SA33_Pagefactory_InSelenium.java:44)
at webdriver_demo.SA33_Pagefactory_InSelenium.quitBrowser(SA33_Pagefactory_InSelenium.java:44)
at webdriver_demo.SA33_Pagefactory_InSelenium.quitBrowser(SA33_Pagefactory_InSelenium.java:44)
at webdriver_demo.SA33_Pagefactory_InSelenium.quitBrowser(SA33_Pagefactory_InSelenium.java:44)
at webdriver_demo.SA33_Pagefactory_InSelenium.quitBrowser(SA33_Pagefactory_InSelenium.java:44)
at webdriver_demo.SA33_Pagefactory_InSelenium.quitBrowser(SA33_Pagefactory_InSelenium.java:44)
at webdriver_demo.SA33_Pagefactory_InSelenium.quitBrowser(SA33_Pagefactory_InSelenium.java:44)
at webdriver_demo.SA33_Pagefactory_InSelenium.quitBrowser(SA33_Pagefactory_InSelenium.java:44)
at webdriver_demo.SA33_Pagefactory_InSelenium.quitBrowser(SA33_Pagefactory_InSelenium.java:44)
at webdriver_demo.SA33_Pagefactory_InSelenium.quitBrowser(SA33_Pagefactory_InSelenium.java:44)
at webdriver_demo.SA33_Pagefactory_InSelenium.quitBrowser(SA33_Pagefactory_InSelenium.java:44)
at webdriver_demo.SA33_Pagefactory_InSelenium.quitBrowser(SA33_Pagefactory_InSelenium.java:44)
at webdriver_demo.SA33_Pagefactory_InSelenium.quitBrowser(SA33_Pagefactory_InSelenium.java:44)
at webdriver_demo.SA33_Pagefactory_InSelenium.quitBrowser(SA33_Pagefactory_InSelenium.java:44)
at webdriver_demo.SA33_Pagefactory_InSelenium.quitBrowser(SA33_Pagefactory_InSelenium.java:44)
at webdriver_demo.SA33_Pagefactory_InSelenium.quitBrowser(SA33_Pagefactory_InSelenium.java:44)
at webdriver_demo.SA33_Pagefactory_InSelenium.quitBrowser(SA33_Pagefactory_InSelenium.java:44)
at webdriver_demo.SA33_Pagefactory_InSelenium.quitBrowser(SA33_Pagefactory_InSelenium.java:44)
at webdriver_demo.SA33_Pagefactory_InSelenium.quitBrowser(SA33_Pagefactory_InSelenium.java:44)
at webdriver_demo.SA33_Pagefactory_InSelenium.quitBrowser(SA33_Pagefactory_InSelenium.java:44)
at webdriver_demo.SA33_Pagefactory_InSelenium.quitBrowser(SA33_Pagefactory_InSelenium.java:44)
at webdriver_demo.SA33_Pagefactory_InSelenium.quitBrowser(SA33_Pagefactory_InSelenium.java:44)
at webdriver_demo.SA33_Pagefactory_InSelenium.quitBrowser(SA33_Pagefactory_InSelenium.java:44)
at webdriver_demo.SA33_Pagefactory_InSelenium.quitBrowser(SA33_Pagefactory_InSelenium.java:44)
at webdriver_demo.SA33_Pagefactory_InSelenium.quitBrowser(SA33_Pagefactory_InSelenium.java:44)
at webdriver_demo.SA33_Pagefactory_InSelenium.quitBrowser(SA33_Pagefactory_InSelenium.java:44)
at webdriver_demo.SA33_Pagefactory_InSelenium.quitBrowser(SA33_Pagefactory_InSelenium.java:44)
at webdriver_demo.SA33_Pagefactory_InSelenium.quitBrowser(SA33_Pagefactory_InSelenium.java:44)
at webdriver_demo.SA33_Pagefactory_InSelenium.quitBrowser(SA33_Pagefactory_InSelenium.java:44)
at webdriver_demo.SA33_Pagefactory_InSelenium.quitBrowser(SA33_Pagefactory_InSelenium.java:44)
at webdriver_demo.SA33_Pagefactory_InSelenium.quitBrowser(SA33_Pagefactory_InSelenium.java:44)
at webdriver_demo.SA33_Pagefactory_InSelenium.quitBrowser(SA33_Pagefactory_InSelenium.java:44)
at webdriver_demo.SA33_Pagefactory_InSelenium.quitBrowser(SA33_Pagefactory_InSelenium.java:44)
at webdriver_demo.SA33_Pagefactory_InSelenium.quitBrowser(SA33_Pagefactory_InSelenium.java:44)
at webdriver_demo.SA33_Pagefactory_InSelenium.quitBrowser(SA33_Pagefactory_InSelenium.java:44)
at webdriver_demo.SA33_Pagefactory_InSelenium.quitBrowser(SA33_Pagefactory_InSelenium.java:44)
at webdriver_demo.SA33_Pagefactory_InSelenium.quitBrowser(SA33_Pagefactory_InSelenium.java:44)
at webdriver_demo.SA33_Pagefactory_InSelenium.quitBrowser(SA33_Pagefactory_InSelenium.java:44)
at webdriver_demo.SA33_Pagefactory_InSelenium.quitBrowser(SA33_Pagefactory_InSelenium.java:44)
at webdriver_demo.SA33_Pagefactory_InSelenium.quitBrowser(SA33_Pagefactory_InSelenium.java:44)
at webdriver_demo.SA33_Pagefactory_InSelenium.quitBrowser(SA33_Pagefactory_InSelenium.java:44)
at webdriver_demo.SA33_Pagefactory_InSelenium.quitBrowser(SA33_Pagefactory_InSelenium.java:44)
at webdriver_demo.SA33_Pagefactory_InSelenium.quitBrowser(SA33_Pagefactory_InSelenium.java:44)
at webdriver_demo.SA33_Pagefactory_InSelenium.quitBrowser(SA33_Pagefactory_InSelenium.java:44)
at webdriver_demo.SA33_Pagefactory_InSelenium.quitBrowser(SA33_Pagefactory_InSelenium.java:44)
at webdriver_demo.SA33_Pagefactory_InSelenium.quitBrowser(SA33_Pagefactory_InSelenium.java:44)
at webdriver_demo.SA33_Pagefactory_InSelenium.quitBrowser(SA33_Pagefactory_InSelenium.java:44)
at webdriver_demo.SA33_Pagefactory_InSelenium.quitBrowser(SA33_Pagefactory_InSelenium.java:44)
at webdriver_demo.SA33_Pagefactory_InSelenium.quitBrowser(SA33_Pagefactory_InSelenium.java:44)
at webdriver_demo.SA33_Pagefactory_InSelenium.quitBrowser(SA33_Pagefactory_InSelenium.java:44)
at webdriver_demo.SA33_Pagefactory_InSelenium.quitBrowser(SA33_Pagefactory_InSelenium.java:44)
at webdriver_demo.SA33_Pagefactory_InSelenium.quitBrowser(SA33_Pagefactory_InSelenium.java:44)
at webdriver_demo.SA33_Pagefactory_InSelenium.quitBrowser(SA33_Pagefactory_InSelenium.java:44)
at webdriver_demo.SA33_Pagefactory_InSelenium.quitBrowser(SA33_Pagefactory_InSelenium.java:44)
at webdriver_demo.SA33_Pagefactory_InSelenium.quitBrowser(SA33_Pagefactory_InSelenium.java:44)
at webdriver_demo.SA33_Pagefactory_InSelenium.quitBrowser(SA33_Pagefactory_InSelenium.java:44)
at webdriver_demo.SA33_Pagefactory_InSelenium.quitBrowser(SA33_Pagefactory_InSelenium.java:44)
at webdriver_demo.SA33_Pagefactory_InSelenium.quitBrowser(SA33_Pagefactory_InSelenium.java:44)
at webdriver_demo.SA33_Pagefactory_InSelenium.quitBrowser(SA33_Pagefactory_InSelenium.java:44)
at webdriver_demo.SA33_Pagefactory_InSelenium.quitBrowser(SA33_Pagefactory_InSelenium.java:44)
at webdriver_demo.SA33_Pagefactory_InSelenium.quitBrowser(SA33_Pagefactory_InSelenium.java:44)
at webdriver_demo.SA33_Pagefactory_InSelenium.quitBrowser(SA33_Pagefactory_InSelenium.java:44)
at webdriver_demo.SA33_Pagefactory_InSelenium.quitBrowser(SA33_Pagefactory_InSelenium.java:44)
at webdriver_demo.SA33_Pagefactory_InSelenium.quitBrowser(SA33_Pagefactory_InSelenium.java:44)
at webdriver_demo.SA33_Pagefactory_InSelenium.quitBrowser(SA33_Pagefactory_InSelenium.java:44)
at webdriver_demo.SA33_Pagefactory_InSelenium.quitBrowser(SA33_Pagefactory_InSelenium.java:44)
at webdriver_demo.SA33_Pagefactory_InSelenium.quitBrowser(SA33_Pagefactory_InSelenium.java:44)
at webdriver_demo.SA33_Pagefactory_InSelenium.quitBrowser(SA33_Pagefactory_InSelenium.java:44)
at webdriver_demo.SA33_Pagefactory_InSelenium.quitBrowser(SA33_Pagefactory_InSelenium.java:44)
at webdriver_demo.SA33_Pagefactory_InSelenium.quitBrowser(SA33_Pagefactory_InSelenium.java:44)
at webdriver_demo.SA33_Pagefactory_InSelenium.quitBrowser(SA33_Pagefactory_InSelenium.java:44)
at webdriver_demo.SA33_Pagefactory_InSelenium.quitBrowser(SA33_Pagefactory_InSelenium.java:44)
at webdriver_demo.SA33_Pagefactory_InSelenium.quitBrowser(SA33_Pagefactory_InSelenium.java:44)
at webdriver_demo.SA33_Pagefactory_InSelenium.quitBrowser(SA33_Pagefactory_InSelenium.java:44)
at webdriver_demo.SA33_Pagefactory_InSelenium.quitBrowser(SA33_Pagefactory_InSelenium.java:44)
at webdriver_demo.SA33_Pagefactory_InSelenium.quitBrowser(SA33_Pagefactory_InSelenium.java:44)
at webdriver_demo.SA33_Pagefactory_InSelenium.quitBrowser(SA33_Pagefactory_InSelenium.java:44)
at webdriver_demo.SA33_Pagefactory_InSelenium.quitBrowser(SA33_Pagefactory_InSelenium.java:44)
at webdriver_demo.SA33_Pagefactory_InSelenium.quitBrowser(SA33_Pagefactory_InSelenium.java:44)
]]>
            </full-stacktrace>
          </exception> <!-- java.lang.StackOverflowError -->
          <reporter-output>
          </reporter-output>
        </test-method> <!-- quitBrowser -->
      </class> <!-- webdriver_demo.SA33_Pagefactory_InSelenium -->
    </test> <!-- Default test -->
  </suite> <!-- Default suite -->
</testng-results>
